[09-13-2022][05.04.01] New Synch Log File Created!
[08:07:23] Player (Frank, 76561199004385675)(<7680.255371, 72.015587, 8773.303711>) requested data for lock!
[08:07:23] Player (Frank, 76561199004385675)(<7695.473633, 72.137520, 8781.058594>) requested data for lock!
[08:07:23] Player (Frank, 76561199004385675)(<7683.026855, 83.966080, 8745.771484>) requested data for lock!
[08:07:23] Player (Frank, 76561199004385675)(<7676.849121, 79.988235, 8765.539063>) requested data for lock!
[08:07:23] Player (Frank, 76561199004385675)(<7678.140625, 80.001579, 8768.454102>) requested data for lock!
[08:07:23] Player (Frank, 76561199004385675)(<7681.709473, 80.001579, 8772.617188>) requested data for lock!
[08:07:23] Player (Frank, 76561199004385675)(<7681.902832, 75.988075, 8771.813477>) requested data for lock!
[08:07:23] Player (Frank, 76561199004385675)(<7674.046875, 78.006523, 8772.409180>) requested data for lock!
[08:07:23] Player (Frank, 76561199004385675)(<7675.137695, 80.001572, 8768.735352>) requested data for lock!
[08:07:23] Player (Frank, 76561199004385675)(<7676.613770, 80.001572, 8769.009766>) requested data for lock!
[08:07:23] Player (Frank, 76561199004385675)(<7676.165527, 83.987900, 8767.415039>) requested data for lock!
[08:07:23] Player (Frank, 76561199004385675)(<7654.759277, 79.972855, 8758.021484>) requested data for lock!
[08:30:24] Player (Frank, 76561199004385675)(<7683.026855, 83.966080, 8745.771484>) requested data for lock!
[08:30:33] Player (Frank, 76561199004385675)(<7680.255371, 72.015587, 8773.303711>) requested data for lock!
[08:30:37] Player (Frank, 76561199004385675)(<7695.473633, 72.137520, 8781.058594>) requested data for lock!
[08:35:34] Player (Frank, 76561199004385675)(<7654.759277, 79.972855, 8758.021484>) requested data for lock!
[08:35:36] Player (Frank, 76561199004385675)(<7676.849121, 79.988235, 8765.539063>) requested data for lock!
[08:35:37] Player (Frank, 76561199004385675)(<7678.140625, 80.001579, 8768.454102>) requested data for lock!
[08:35:37] Player (Frank, 76561199004385675)(<7681.709473, 80.001579, 8772.617188>) requested data for lock!
[08:35:37] Player (Frank, 76561199004385675)(<7681.902832, 75.988075, 8771.813477>) requested data for lock!
[08:35:38] Player (Frank, 76561199004385675)(<7674.046875, 78.006523, 8772.409180>) requested data for lock!
[08:35:39] Player (Frank, 76561199004385675)(<7675.137695, 80.001572, 8768.735352>) requested data for lock!
[08:35:40] Player (Frank, 76561199004385675)(<7676.613770, 80.001572, 8769.009766>) requested data for lock!
[08:35:43] Player (Frank, 76561199004385675)(<7676.165527, 83.987900, 8767.415039>) requested data for lock!
[09:12:34] Player (Frank, 76561199004385675)(<7680.255371, 72.015587, 8773.303711>) requested data for lock!
[09:12:34] Player (Frank, 76561199004385675)(<7695.473633, 72.137520, 8781.058594>) requested data for lock!
[09:12:34] Player (Frank, 76561199004385675)(<7683.026855, 83.966080, 8745.771484>) requested data for lock!
[09:12:34] Player (Frank, 76561199004385675)(<7676.849121, 79.988235, 8765.539063>) requested data for lock!
[09:12:34] Player (Frank, 76561199004385675)(<7678.140625, 80.001579, 8768.454102>) requested data for lock!
[09:12:34] Player (Frank, 76561199004385675)(<7681.709473, 80.001579, 8772.617188>) requested data for lock!
[09:12:34] Player (Frank, 76561199004385675)(<7681.902832, 75.988075, 8771.813477>) requested data for lock!
[09:12:34] Player (Frank, 76561199004385675)(<7674.046875, 78.006523, 8772.409180>) requested data for lock!
[09:12:34] Player (Frank, 76561199004385675)(<7675.137695, 80.001572, 8768.735352>) requested data for lock!
[09:12:34] Player (Frank, 76561199004385675)(<7676.613770, 80.001572, 8769.009766>) requested data for lock!
[09:12:34] Player (Frank, 76561199004385675)(<7676.165527, 83.987900, 8767.415039>) requested data for lock!
[09:12:34] Player (Frank, 76561199004385675)(<7654.759277, 79.972855, 8758.021484>) requested data for lock!
[10:18:12] Player (Frank, 76561199004385675)(<7680.255371, 72.015587, 8773.303711>) requested data for lock!
[10:18:12] Player (Frank, 76561199004385675)(<7695.473633, 72.137520, 8781.058594>) requested data for lock!
[10:18:12] Player (Frank, 76561199004385675)(<7683.026855, 83.966080, 8745.771484>) requested data for lock!
[10:18:12] Player (Frank, 76561199004385675)(<7676.165527, 83.987900, 8767.415039>) requested data for lock!
[10:18:12] Player (Frank, 76561199004385675)(<7681.902832, 75.988075, 8771.813477>) requested data for lock!
[10:18:12] Player (Frank, 76561199004385675)(<7681.709473, 80.001579, 8772.617188>) requested data for lock!
[10:18:12] Player (Frank, 76561199004385675)(<7676.849121, 79.988235, 8765.539063>) requested data for lock!
[10:18:12] Player (Frank, 76561199004385675)(<7678.140625, 80.001579, 8768.454102>) requested data for lock!
[10:18:12] Player (Frank, 76561199004385675)(<7674.046875, 78.006523, 8772.409180>) requested data for lock!
[10:18:12] Player (Frank, 76561199004385675)(<7654.759277, 79.972855, 8758.021484>) requested data for lock!
[10:18:12] Player (Frank, 76561199004385675)(<7675.137695, 80.001572, 8768.735352>) requested data for lock!
[10:18:12] Player (Frank, 76561199004385675)(<7676.613770, 80.001572, 8769.009766>) requested data for lock!
[10:32:13] Player (MRLeok, 76561198829305873)(<7680.255371, 72.015587, 8773.303711>) requested data for lock!
[10:32:13] Player (MRLeok, 76561198829305873)(<7695.473633, 72.137520, 8781.058594>) requested data for lock!
[10:32:13] Player (MRLeok, 76561198829305873)(<7683.026855, 83.966080, 8745.771484>) requested data for lock!
[10:32:13] Player (MRLeok, 76561198829305873)(<7674.046875, 78.006523, 8772.409180>) requested data for lock!
[10:32:13] Player (MRLeok, 76561198829305873)(<7654.759277, 79.972855, 8758.021484>) requested data for lock!
[10:32:13] Player (MRLeok, 76561198829305873)(<7675.137695, 80.001572, 8768.735352>) requested data for lock!
[10:32:13] Player (MRLeok, 76561198829305873)(<7676.613770, 80.001572, 8769.009766>) requested data for lock!
[10:32:13] Player (MRLeok, 76561198829305873)(<7676.165527, 83.987900, 8767.415039>) requested data for lock!
[10:32:13] Player (MRLeok, 76561198829305873)(<7681.902832, 75.988075, 8771.813477>) requested data for lock!
[10:32:13] Player (MRLeok, 76561198829305873)(<7681.709473, 80.001579, 8772.617188>) requested data for lock!
[10:32:13] Player (MRLeok, 76561198829305873)(<7676.849121, 79.988235, 8765.539063>) requested data for lock!
[10:32:13] Player (MRLeok, 76561198829305873)(<7678.140625, 80.001579, 8768.454102>) requested data for lock!
[10:37:51] Player (MRLeok, 76561198829305873)(<7678.140625, 80.001579, 8768.454102>) requested data for lock!
[09-13-2022][11.07.05] Log file reloaded ( Server Restart )
[12:31:39] Player (MRLeok, 76561198829305873)(<7680.255371, 72.015587, 8773.303711>) requested data for lock!
[12:31:39] Player (MRLeok, 76561198829305873)(<7695.473633, 72.137520, 8781.058594>) requested data for lock!
[12:31:39] Player (MRLeok, 76561198829305873)(<7683.026855, 83.966080, 8745.771484>) requested data for lock!
[12:31:39] Player (MRLeok, 76561198829305873)(<7676.849121, 79.988235, 8765.539063>) requested data for lock!
[12:31:39] Player (MRLeok, 76561198829305873)(<7675.137695, 80.001572, 8768.735352>) requested data for lock!
[12:31:39] Player (MRLeok, 76561198829305873)(<7681.709473, 80.001579, 8772.617188>) requested data for lock!
[12:31:39] Player (MRLeok, 76561198829305873)(<7681.902832, 75.988075, 8771.813477>) requested data for lock!
[12:31:39] Player (MRLeok, 76561198829305873)(<7674.046875, 78.006523, 8772.409180>) requested data for lock!
[12:31:39] Player (MRLeok, 76561198829305873)(<7676.613770, 80.001572, 8769.009766>) requested data for lock!
[12:31:39] Player (MRLeok, 76561198829305873)(<7678.140625, 80.001579, 8768.454102>) requested data for lock!
[12:31:39] Player (MRLeok, 76561198829305873)(<7676.165527, 83.987900, 8767.415039>) requested data for lock!
[12:31:39] Player (MRLeok, 76561198829305873)(<7654.759277, 79.972855, 8758.021484>) requested data for lock!
[12:37:25] Player (Survivor, 76561199004385675)(<7680.255371, 72.015587, 8773.303711>) requested data for lock!
[12:37:25] Player (Survivor, 76561199004385675)(<7695.473633, 72.137520, 8781.058594>) requested data for lock!
[12:37:25] Player (Survivor, 76561199004385675)(<7683.026855, 83.966080, 8745.771484>) requested data for lock!
[12:37:25] Player (Survivor, 76561199004385675)(<7676.849121, 79.988235, 8765.539063>) requested data for lock!
[12:37:25] Player (Survivor, 76561199004385675)(<7675.137695, 80.001572, 8768.735352>) requested data for lock!
[12:37:25] Player (Survivor, 76561199004385675)(<7681.709473, 80.001579, 8772.617188>) requested data for lock!
[12:37:25] Player (Survivor, 76561199004385675)(<7681.902832, 75.988075, 8771.813477>) requested data for lock!
[12:37:25] Player (Survivor, 76561199004385675)(<7674.046875, 78.006523, 8772.409180>) requested data for lock!
[12:37:25] Player (Survivor, 76561199004385675)(<7676.613770, 80.001572, 8769.009766>) requested data for lock!
[12:37:25] Player (Survivor, 76561199004385675)(<7678.140625, 80.001579, 8768.454102>) requested data for lock!
[12:37:25] Player (Survivor, 76561199004385675)(<7676.165527, 83.987900, 8767.415039>) requested data for lock!
[12:37:25] Player (Survivor, 76561199004385675)(<7654.759277, 79.972855, 8758.021484>) requested data for lock!
[12:41:34] Player (MRLeok, 76561198829305873)(<7683.026855, 83.966080, 8745.771484>) requested data for lock!
[12:41:38] Player (MRLeok, 76561198829305873)(<7680.255371, 72.015587, 8773.303711>) requested data for lock!
[12:41:39] Player (MRLeok, 76561198829305873)(<7695.473633, 72.137520, 8781.058594>) requested data for lock!
[12:44:09] Player (MRLeok, 76561198829305873)(<7654.759277, 79.972855, 8758.021484>) requested data for lock!
[12:44:10] Player (MRLeok, 76561198829305873)(<7676.849121, 79.988235, 8765.539063>) requested data for lock!
[12:44:10] Player (MRLeok, 76561198829305873)(<7675.137695, 80.001572, 8768.735352>) requested data for lock!
[12:44:11] Player (MRLeok, 76561198829305873)(<7676.613770, 80.001572, 8769.009766>) requested data for lock!
[12:44:13] Player (MRLeok, 76561198829305873)(<7678.140625, 80.001579, 8768.454102>) requested data for lock!
[12:44:13] Player (MRLeok, 76561198829305873)(<7676.165527, 83.987900, 8767.415039>) requested data for lock!
[12:44:14] Player (MRLeok, 76561198829305873)(<7681.709473, 80.001579, 8772.617188>) requested data for lock!
[12:44:14] Player (MRLeok, 76561198829305873)(<7681.902832, 75.988075, 8771.813477>) requested data for lock!
[12:44:14] Player (MRLeok, 76561198829305873)(<7674.046875, 78.006523, 8772.409180>) requested data for lock!
[12:55:56] Player (weisted, 76561198963375867)(<7661.620605, 10.065259, 5743.938965>) requested data for lock!
[12:55:57] Player (weisted, 76561198963375867)(<7662.363281, 8.976425, 5750.038574>) requested data for lock!
[13:01:02] Player (weisted, 76561198963375867)(<7683.068359, 11.242933, 5747.628906>) requested data for lock!
[13:01:02] Player (weisted, 76561198963375867)(<7683.447266, 11.242525, 5735.629883>) requested data for lock!
[13:01:02] Player (weisted, 76561198963375867)(<7685.389648, 10.064847, 5744.467285>) requested data for lock!
[13:01:02] Player (weisted, 76561198963375867)(<7685.414551, 11.242929, 5739.559082>) requested data for lock!
[13:01:03] Player (weisted, 76561198963375867)(<7689.023438, 14.242929, 5742.030762>) requested data for lock!
[13:01:03] Player (weisted, 76561198963375867)(<7691.411621, 14.460941, 5739.756836>) requested data for lock!
[13:01:04] Player (weisted, 76561198963375867)(<7693.318848, 14.071611, 5773.753418>) requested data for lock!
[13:01:04] Player (weisted, 76561198963375867)(<7693.700684, 11.240681, 5741.929688>) requested data for lock!
[13:01:05] Player (weisted, 76561198963375867)(<7698.786133, 10.026342, 5745.388184>) requested data for lock!
[13:01:05] Player (weisted, 76561198963375867)(<7702.713867, 14.460730, 5756.341309>) requested data for lock!
[13:01:05] Player (weisted, 76561198963375867)(<7703.081543, 14.460941, 5744.566895>) requested data for lock!
[13:01:06] Player (weisted, 76561198963375867)(<7705.879883, 10.027159, 5751.533691>) requested data for lock!
[13:01:06] Player (weisted, 76561198963375867)(<7705.694824, 11.241705, 5742.292969>) requested data for lock!
[13:01:07] Player (weisted, 76561198963375867)(<7709.200195, 14.460329, 5740.092285>) requested data for lock!
[13:01:07] Player (weisted, 76561198963375867)(<7711.676758, 13.064227, 5757.290039>) requested data for lock!
[13:01:07] Player (weisted, 76561198963375867)(<7711.676758, 16.282442, 5757.290039>) requested data for lock!
[13:01:07] Player (weisted, 76561198963375867)(<7711.328613, 11.241493, 5754.259277>) requested data for lock!
[13:01:08] Player (weisted, 76561198963375867)(<7714.426758, 14.460321, 5758.039551>) requested data for lock!
[13:01:08] Player (weisted, 76561198963375867)(<7714.900879, 14.460533, 5750.724121>) requested data for lock!
[13:01:08] Player (weisted, 76561198963375867)(<7715.110352, 11.241293, 5750.946289>) requested data for lock!
[13:01:08] Player (weisted, 76561198963375867)(<7715.203125, 11.241089, 5740.285156>) requested data for lock!
[13:01:08] Player (weisted, 76561198963375867)(<7716.231445, 12.100084, 5773.678223>) requested data for lock!
[13:01:08] Player (weisted, 76561198963375867)(<7718.428711, 14.459305, 5754.732910>) requested data for lock!
[13:01:08] Player (weisted, 76561198963375867)(<7718.253418, 11.241493, 5760.514160>) requested data for lock!
[13:01:08] Player (weisted, 76561198963375867)(<7718.648926, 11.241293, 5754.739258>) requested data for lock!
[13:01:09] Player (weisted, 76561198963375867)(<7718.352051, 10.051284, 5744.640625>) requested data for lock!
[13:09:45] Player (Survivor, 76561199004385675)(<7695.473633, 72.137520, 8781.058594>) requested data for lock!
[13:09:45] Player (MRLeok, 76561198829305873)(<7695.473633, 72.137520, 8781.058594>) requested data for lock!
[13:09:45] Player (Survivor, 76561199004385675)(<7683.026855, 83.966080, 8745.771484>) requested data for lock!
[13:09:45] Player (MRLeok, 76561198829305873)(<7683.026855, 83.966080, 8745.771484>) requested data for lock!
[13:09:46] Player (Survivor, 76561199004385675)(<7680.255371, 72.015587, 8773.303711>) requested data for lock!
[13:09:46] Player (MRLeok, 76561198829305873)(<7680.255371, 72.015587, 8773.303711>) requested data for lock!
[13:10:05] Player (Survivor, 76561199004385675)(<7681.709473, 80.001579, 8772.617188>) requested data for lock!
[13:10:05] Player (Survivor, 76561199004385675)(<7681.902832, 75.988075, 8771.813477>) requested data for lock!
[13:10:06] Player (Survivor, 76561199004385675)(<7678.140625, 80.001579, 8768.454102>) requested data for lock!
[13:10:06] Player (Survivor, 76561199004385675)(<7676.165527, 83.987900, 8767.415039>) requested data for lock!
[13:10:07] Player (Survivor, 76561199004385675)(<7676.849121, 79.988235, 8765.539063>) requested data for lock!
[13:10:07] Player (MRLeok, 76561198829305873)(<7681.709473, 80.001579, 8772.617188>) requested data for lock!
[13:10:07] Player (MRLeok, 76561198829305873)(<7681.902832, 75.988075, 8771.813477>) requested data for lock!
[13:10:08] Player (MRLeok, 76561198829305873)(<7676.613770, 80.001572, 8769.009766>) requested data for lock!
[13:10:09] Player (Survivor, 76561199004385675)(<7674.046875, 78.006523, 8772.409180>) requested data for lock!
[13:10:09] Player (Survivor, 76561199004385675)(<7676.613770, 80.001572, 8769.009766>) requested data for lock!
[13:10:09] Player (MRLeok, 76561198829305873)(<7678.140625, 80.001579, 8768.454102>) requested data for lock!
[13:10:09] Player (MRLeok, 76561198829305873)(<7676.165527, 83.987900, 8767.415039>) requested data for lock!
[13:10:10] Player (MRLeok, 76561198829305873)(<7676.849121, 79.988235, 8765.539063>) requested data for lock!
[13:10:10] Player (MRLeok, 76561198829305873)(<7675.137695, 80.001572, 8768.735352>) requested data for lock!
[13:10:10] Player (Survivor, 76561199004385675)(<7675.137695, 80.001572, 8768.735352>) requested data for lock!
[13:10:10] Player (Survivor, 76561199004385675)(<7654.759277, 79.972855, 8758.021484>) requested data for lock!
[13:10:10] Player (MRLeok, 76561198829305873)(<7674.046875, 78.006523, 8772.409180>) requested data for lock!
[13:10:10] Player (MRLeok, 76561198829305873)(<7654.759277, 79.972855, 8758.021484>) requested data for lock!
[13:10:45] Player (Survivor, 76561199004385675)(<7683.026855, 83.966080, 8745.771484>) requested data for lock!
[13:10:45] Player (Survivor, 76561199004385675)(<7680.255371, 72.015587, 8773.303711>) requested data for lock!
[13:10:45] Player (Survivor, 76561199004385675)(<7695.473633, 72.137520, 8781.058594>) requested data for lock!
[13:13:53] Player (Survivor, 76561199004385675)(<7695.473633, 72.137520, 8781.058594>) requested data for lock!
[13:13:54] Player (Survivor, 76561199004385675)(<7680.255371, 72.015587, 8773.303711>) requested data for lock!
[13:13:54] Player (Survivor, 76561199004385675)(<7683.026855, 83.966080, 8745.771484>) requested data for lock!
[13:14:17] Player (Survivor, 76561199004385675)(<7676.849121, 79.988235, 8765.539063>) requested data for lock!
[13:14:17] Player (Survivor, 76561199004385675)(<7675.137695, 80.001572, 8768.735352>) requested data for lock!
[13:14:17] Player (Survivor, 76561199004385675)(<7681.709473, 80.001579, 8772.617188>) requested data for lock!
[13:14:17] Player (Survivor, 76561199004385675)(<7681.902832, 75.988075, 8771.813477>) requested data for lock!
[13:14:17] Player (Survivor, 76561199004385675)(<7676.613770, 80.001572, 8769.009766>) requested data for lock!
[13:14:19] Player (Survivor, 76561199004385675)(<7678.140625, 80.001579, 8768.454102>) requested data for lock!
[13:14:19] Player (Survivor, 76561199004385675)(<7676.165527, 83.987900, 8767.415039>) requested data for lock!
[13:14:19] Player (Survivor, 76561199004385675)(<7674.046875, 78.006523, 8772.409180>) requested data for lock!
[13:14:19] Player (Survivor, 76561199004385675)(<7654.759277, 79.972855, 8758.021484>) requested data for lock!
[13:30:31] Player (Frank, 76561199004385675)(<7683.026855, 83.966080, 8745.771484>) requested data for lock!
[13:30:31] Player (Frank, 76561199004385675)(<7680.255371, 72.015587, 8773.303711>) requested data for lock!
[13:30:31] Player (Frank, 76561199004385675)(<7695.473633, 72.137520, 8781.058594>) requested data for lock!
[13:30:31] Player (Frank, 76561199004385675)(<7654.759277, 79.972855, 8758.021484>) requested data for lock!
[13:30:31] Player (Frank, 76561199004385675)(<7681.709473, 80.001579, 8772.617188>) requested data for lock!
[13:30:31] Player (Frank, 76561199004385675)(<7681.902832, 75.988075, 8771.813477>) requested data for lock!
[13:30:31] Player (Frank, 76561199004385675)(<7676.613770, 80.001572, 8769.009766>) requested data for lock!
[13:30:31] Player (Frank, 76561199004385675)(<7678.140625, 80.001579, 8768.454102>) requested data for lock!
[13:30:31] Player (Frank, 76561199004385675)(<7676.165527, 83.987900, 8767.415039>) requested data for lock!
[13:30:31] Player (Frank, 76561199004385675)(<7674.046875, 78.006523, 8772.409180>) requested data for lock!
[13:30:31] Player (Frank, 76561199004385675)(<7676.849121, 79.988235, 8765.539063>) requested data for lock!
[13:30:31] Player (Frank, 76561199004385675)(<7675.137695, 80.001572, 8768.735352>) requested data for lock!
[13:49:44] Player (weisted, 76561198963375867)(<7683.026855, 83.966080, 8745.771484>) requested data for lock!
[13:50:31] Player (weisted, 76561198963375867)(<7680.255371, 72.015587, 8773.303711>) requested data for lock!
[13:50:34] Player (weisted, 76561198963375867)(<7695.473633, 72.137520, 8781.058594>) requested data for lock!
[14:02:24] Player (weisted, 76561198963375867)(<7683.026855, 83.966080, 8745.771484>) requested data for lock!
[14:02:25] Player (weisted, 76561198963375867)(<7680.255371, 72.015587, 8773.303711>) requested data for lock!
[14:02:25] Player (weisted, 76561198963375867)(<7695.473633, 72.137520, 8781.058594>) requested data for lock!
[14:08:41] Player (Frank, 76561199004385675)(<7695.473633, 72.137520, 8781.058594>) requested data for lock!
[14:08:41] Player (MRLeok, 76561198829305873)(<7695.473633, 72.137520, 8781.058594>) requested data for lock!
[14:08:42] Player (Frank, 76561199004385675)(<7680.255371, 72.015587, 8773.303711>) requested data for lock!
[14:08:42] Player (MRLeok, 76561198829305873)(<7680.255371, 72.015587, 8773.303711>) requested data for lock!
[14:08:42] Player (Frank, 76561199004385675)(<7683.026855, 83.966080, 8745.771484>) requested data for lock!
[14:08:42] Player (MRLeok, 76561198829305873)(<7683.026855, 83.966080, 8745.771484>) requested data for lock!
[14:09:54] Player (Frank, 76561199004385675)(<7695.473633, 72.137520, 8781.058594>) requested data for lock!
[14:09:54] Player (MRLeok, 76561198829305873)(<7695.473633, 72.137520, 8781.058594>) requested data for lock!
[14:09:55] Player (Frank, 76561199004385675)(<7680.255371, 72.015587, 8773.303711>) requested data for lock!
[14:09:55] Player (MRLeok, 76561198829305873)(<7680.255371, 72.015587, 8773.303711>) requested data for lock!
[14:09:59] Player (Frank, 76561199004385675)(<7683.026855, 83.966080, 8745.771484>) requested data for lock!
[14:09:59] Player (MRLeok, 76561198829305873)(<7683.026855, 83.966080, 8745.771484>) requested data for lock!
[14:13:02] Player (Frank, 76561199004385675)(<7680.255371, 72.015587, 8773.303711>) requested data for lock!
[14:13:02] Player (MRLeok, 76561198829305873)(<7680.255371, 72.015587, 8773.303711>) requested data for lock!
[14:13:02] Player (Frank, 76561199004385675)(<7683.026855, 83.966080, 8745.771484>) requested data for lock!
[14:13:02] Player (MRLeok, 76561198829305873)(<7683.026855, 83.966080, 8745.771484>) requested data for lock!
[14:13:03] Player (MRLeok, 76561198829305873)(<7695.473633, 72.137520, 8781.058594>) requested data for lock!
[14:13:03] Player (Frank, 76561199004385675)(<7695.473633, 72.137520, 8781.058594>) requested data for lock!
[14:13:21] Player (MRLeok, 76561198829305873)(<7654.759277, 79.972855, 8758.021484>) requested data for lock!
[14:13:21] Player (Frank, 76561199004385675)(<7654.759277, 79.972855, 8758.021484>) requested data for lock!
[14:13:22] Player (MRLeok, 76561198829305873)(<7675.137695, 80.001572, 8768.735352>) requested data for lock!
[14:13:22] Player (Frank, 76561199004385675)(<7675.137695, 80.001572, 8768.735352>) requested data for lock!
[14:13:23] Player (MRLeok, 76561198829305873)(<7676.849121, 79.988235, 8765.539063>) requested data for lock!
[14:13:23] Player (Frank, 76561199004385675)(<7676.849121, 79.988235, 8765.539063>) requested data for lock!
[14:13:24] Player (MRLeok, 76561198829305873)(<7676.613770, 80.001572, 8769.009766>) requested data for lock!
[14:13:24] Player (Frank, 76561199004385675)(<7676.613770, 80.001572, 8769.009766>) requested data for lock!
[14:13:25] Player (MRLeok, 76561198829305873)(<7676.165527, 83.987900, 8767.415039>) requested data for lock!
[14:13:25] Player (MRLeok, 76561198829305873)(<7674.046875, 78.006523, 8772.409180>) requested data for lock!
[14:13:25] Player (MRLeok, 76561198829305873)(<7681.709473, 80.001579, 8772.617188>) requested data for lock!
[14:13:25] Player (MRLeok, 76561198829305873)(<7681.902832, 75.988075, 8771.813477>) requested data for lock!
[14:13:25] Player (Frank, 76561199004385675)(<7678.140625, 80.001579, 8768.454102>) requested data for lock!
[14:13:25] Player (Frank, 76561199004385675)(<7676.165527, 83.987900, 8767.415039>) requested data for lock!
[14:13:26] Player (Frank, 76561199004385675)(<7674.046875, 78.006523, 8772.409180>) requested data for lock!
[14:13:26] Player (Frank, 76561199004385675)(<7681.709473, 80.001579, 8772.617188>) requested data for lock!
[14:13:26] Player (Frank, 76561199004385675)(<7681.902832, 75.988075, 8771.813477>) requested data for lock!
[14:13:26] Player (MRLeok, 76561198829305873)(<7678.140625, 80.001579, 8768.454102>) requested data for lock!
[14:13:50] Player (Frank, 76561199004385675)(<7676.849121, 79.988235, 8765.539063>) requested data for lock!
[14:13:51] Player (MRLeok, 76561198829305873)(<7675.137695, 80.001572, 8768.735352>) requested data for lock!
[14:13:51] Player (Frank, 76561199004385675)(<7675.137695, 80.001572, 8768.735352>) requested data for lock!
[14:13:51] Player (MRLeok, 76561198829305873)(<7676.849121, 79.988235, 8765.539063>) requested data for lock!
[14:13:52] Player (Frank, 76561199004385675)(<7654.759277, 79.972855, 8758.021484>) requested data for lock!
[14:13:52] Player (Frank, 76561199004385675)(<7681.709473, 80.001579, 8772.617188>) requested data for lock!
[14:13:52] Player (Frank, 76561199004385675)(<7681.902832, 75.988075, 8771.813477>) requested data for lock!
[14:13:52] Player (MRLeok, 76561198829305873)(<7654.759277, 79.972855, 8758.021484>) requested data for lock!
[14:13:52] Player (MRLeok, 76561198829305873)(<7681.709473, 80.001579, 8772.617188>) requested data for lock!
[14:13:52] Player (MRLeok, 76561198829305873)(<7681.902832, 75.988075, 8771.813477>) requested data for lock!
[14:13:52] Player (Frank, 76561199004385675)(<7676.613770, 80.001572, 8769.009766>) requested data for lock!
[14:13:52] Player (MRLeok, 76561198829305873)(<7676.613770, 80.001572, 8769.009766>) requested data for lock!
[14:13:53] Player (Frank, 76561199004385675)(<7678.140625, 80.001579, 8768.454102>) requested data for lock!
[14:13:53] Player (Frank, 76561199004385675)(<7676.165527, 83.987900, 8767.415039>) requested data for lock!
[14:13:53] Player (Frank, 76561199004385675)(<7674.046875, 78.006523, 8772.409180>) requested data for lock!
[14:13:53] Player (MRLeok, 76561198829305873)(<7678.140625, 80.001579, 8768.454102>) requested data for lock!
[14:13:53] Player (MRLeok, 76561198829305873)(<7676.165527, 83.987900, 8767.415039>) requested data for lock!
[14:13:53] Player (MRLeok, 76561198829305873)(<7674.046875, 78.006523, 8772.409180>) requested data for lock!
[14:43:21] Player (Frank, 76561199004385675)(<7683.026855, 83.966080, 8745.771484>) requested data for lock!
[14:43:21] Player (Frank, 76561199004385675)(<7680.255371, 72.015587, 8773.303711>) requested data for lock!
[14:43:21] Player (Frank, 76561199004385675)(<7695.473633, 72.137520, 8781.058594>) requested data for lock!
[14:43:21] Player (Frank, 76561199004385675)(<7675.137695, 80.001572, 8768.735352>) requested data for lock!
[14:43:21] Player (Frank, 76561199004385675)(<7674.046875, 78.006523, 8772.409180>) requested data for lock!
[14:43:21] Player (Frank, 76561199004385675)(<7654.759277, 79.972855, 8758.021484>) requested data for lock!
[14:43:21] Player (Frank, 76561199004385675)(<7676.849121, 79.988235, 8765.539063>) requested data for lock!
[14:43:21] Player (Frank, 76561199004385675)(<7681.709473, 80.001579, 8772.617188>) requested data for lock!
[14:43:21] Player (Frank, 76561199004385675)(<7681.902832, 75.988075, 8771.813477>) requested data for lock!
[14:43:21] Player (Frank, 76561199004385675)(<7676.613770, 80.001572, 8769.009766>) requested data for lock!
[14:43:21] Player (Frank, 76561199004385675)(<7678.140625, 80.001579, 8768.454102>) requested data for lock!
[14:43:21] Player (Frank, 76561199004385675)(<7676.165527, 83.987900, 8767.415039>) requested data for lock!
[14:46:23] Player (weisted, 76561198963375867)(<7683.026855, 83.966080, 8745.771484>) requested data for lock!
[14:46:29] Player (weisted, 76561198963375867)(<7680.255371, 72.015587, 8773.303711>) requested data for lock!
[14:46:31] Player (weisted, 76561198963375867)(<7695.473633, 72.137520, 8781.058594>) requested data for lock!
[14:47:09] Player (weisted, 76561198963375867)(<7676.165527, 83.987900, 8767.415039>) requested data for lock!
[14:49:14] Player (weisted, 76561198963375867)(<7676.165527, 83.987900, 8767.415039>) requested data for lock!
[14:59:31] Player (MRLeok, 76561198829305873)(<7683.026855, 83.966080, 8745.771484>) requested data for lock!
[14:59:31] Player (MRLeok, 76561198829305873)(<7680.255371, 72.015587, 8773.303711>) requested data for lock!
[14:59:31] Player (MRLeok, 76561198829305873)(<7695.473633, 72.137520, 8781.058594>) requested data for lock!
[14:59:31] Player (MRLeok, 76561198829305873)(<7675.137695, 80.001572, 8768.735352>) requested data for lock!
[14:59:31] Player (MRLeok, 76561198829305873)(<7681.709473, 80.001579, 8772.617188>) requested data for lock!
[14:59:31] Player (MRLeok, 76561198829305873)(<7681.902832, 75.988075, 8771.813477>) requested data for lock!
[14:59:31] Player (MRLeok, 76561198829305873)(<7674.046875, 78.006523, 8772.409180>) requested data for lock!
[14:59:31] Player (MRLeok, 76561198829305873)(<7654.759277, 79.972855, 8758.021484>) requested data for lock!
[14:59:31] Player (MRLeok, 76561198829305873)(<7676.849121, 79.988235, 8765.539063>) requested data for lock!
[14:59:31] Player (MRLeok, 76561198829305873)(<7676.613770, 80.001572, 8769.009766>) requested data for lock!
[14:59:31] Player (MRLeok, 76561198829305873)(<7678.140625, 80.001579, 8768.454102>) requested data for lock!
[14:59:31] Player (MRLeok, 76561198829305873)(<7676.165527, 83.987900, 8767.415039>) requested data for lock!
[15:00:54] Player (weisted, 76561198963375867)(<7683.026855, 83.966080, 8745.771484>) requested data for lock!
[15:01:02] Player (weisted, 76561198963375867)(<7680.255371, 72.015587, 8773.303711>) requested data for lock!
[15:01:09] Player (weisted, 76561198963375867)(<7695.473633, 72.137520, 8781.058594>) requested data for lock!
[15:54:18] Player (Frank, 76561199004385675)(<7680.255371, 72.015587, 8773.303711>) requested data for lock!
[15:54:18] Player (Frank, 76561199004385675)(<7695.473633, 72.137520, 8781.058594>) requested data for lock!
[15:54:18] Player (Frank, 76561199004385675)(<7683.026855, 83.966080, 8745.771484>) requested data for lock!
[15:54:18] Player (Frank, 76561199004385675)(<7675.137695, 80.001572, 8768.735352>) requested data for lock!
[15:54:18] Player (Frank, 76561199004385675)(<7681.709473, 80.001579, 8772.617188>) requested data for lock!
[15:54:18] Player (Frank, 76561199004385675)(<7681.902832, 75.988075, 8771.813477>) requested data for lock!
[15:54:18] Player (Frank, 76561199004385675)(<7674.046875, 78.006523, 8772.409180>) requested data for lock!
[15:54:18] Player (Frank, 76561199004385675)(<7654.759277, 79.972855, 8758.021484>) requested data for lock!
[15:54:18] Player (Frank, 76561199004385675)(<7676.849121, 79.988235, 8765.539063>) requested data for lock!
[15:54:18] Player (Frank, 76561199004385675)(<7676.613770, 80.001572, 8769.009766>) requested data for lock!
[15:54:18] Player (Frank, 76561199004385675)(<7678.140625, 80.001579, 8768.454102>) requested data for lock!
[15:54:18] Player (Frank, 76561199004385675)(<7676.165527, 83.987900, 8767.415039>) requested data for lock!
[16:02:50] Player (JakusMallius, 76561198067006084)(<7693.318848, 14.071611, 5773.753418>) requested data for lock!
[16:02:50] Player (JakusMallius, 76561198067006084)(<7718.352051, 10.051284, 5744.640625>) requested data for lock!
[16:02:50] Player (JakusMallius, 76561198067006084)(<7683.068359, 11.242933, 5747.628906>) requested data for lock!
[16:02:50] Player (JakusMallius, 76561198067006084)(<7662.363281, 8.976425, 5750.038574>) requested data for lock!
[16:02:50] Player (JakusMallius, 76561198067006084)(<7718.428711, 14.459305, 5754.732910>) requested data for lock!
[16:02:50] Player (JakusMallius, 76561198067006084)(<7718.648926, 11.241293, 5754.739258>) requested data for lock!
[16:02:50] Player (JakusMallius, 76561198067006084)(<7711.676758, 13.064227, 5757.290039>) requested data for lock!
[16:02:50] Player (JakusMallius, 76561198067006084)(<7716.231445, 12.100084, 5773.678223>) requested data for lock!
[16:02:50] Player (JakusMallius, 76561198067006084)(<7661.620605, 10.065259, 5743.938965>) requested data for lock!
[16:02:50] Player (JakusMallius, 76561198067006084)(<7715.203125, 11.241089, 5740.285156>) requested data for lock!
[16:02:50] Player (JakusMallius, 76561198067006084)(<7685.414551, 11.242929, 5739.559082>) requested data for lock!
[16:02:50] Player (JakusMallius, 76561198067006084)(<7691.411621, 14.460941, 5739.756836>) requested data for lock!
[16:02:50] Player (JakusMallius, 76561198067006084)(<7685.389648, 10.064847, 5744.467285>) requested data for lock!
[16:02:50] Player (JakusMallius, 76561198067006084)(<7689.023438, 14.242929, 5742.030762>) requested data for lock!
[16:02:50] Player (JakusMallius, 76561198067006084)(<7683.447266, 11.242525, 5735.629883>) requested data for lock!
[16:02:50] Player (JakusMallius, 76561198067006084)(<7693.700684, 11.240681, 5741.929688>) requested data for lock!
[16:02:50] Player (JakusMallius, 76561198067006084)(<7703.081543, 14.460941, 5744.566895>) requested data for lock!
[16:02:50] Player (JakusMallius, 76561198067006084)(<7711.676758, 16.282442, 5757.290039>) requested data for lock!
[16:02:50] Player (JakusMallius, 76561198067006084)(<7702.713867, 14.460730, 5756.341309>) requested data for lock!
[16:02:50] Player (JakusMallius, 76561198067006084)(<7718.253418, 11.241493, 5760.514160>) requested data for lock!
[16:02:50] Player (JakusMallius, 76561198067006084)(<7714.426758, 14.460321, 5758.039551>) requested data for lock!
[16:02:50] Player (JakusMallius, 76561198067006084)(<7705.879883, 10.027159, 5751.533691>) requested data for lock!
[16:02:50] Player (JakusMallius, 76561198067006084)(<7715.110352, 11.241293, 5750.946289>) requested data for lock!
[16:02:50] Player (JakusMallius, 76561198067006084)(<7714.900879, 14.460533, 5750.724121>) requested data for lock!
[16:02:50] Player (JakusMallius, 76561198067006084)(<7711.328613, 11.241493, 5754.259277>) requested data for lock!
[16:02:50] Player (JakusMallius, 76561198067006084)(<7705.694824, 11.241705, 5742.292969>) requested data for lock!
[16:02:50] Player (JakusMallius, 76561198067006084)(<7698.786133, 10.026342, 5745.388184>) requested data for lock!
[16:02:50] Player (JakusMallius, 76561198067006084)(<7709.200195, 14.460329, 5740.092285>) requested data for lock!
[16:02:50] Player (JakusMallius, 76561198067006084)(<7691.737793, 13.314800, 5742.585449>) requested data for lock!
[16:02:50] Player (JakusMallius, 76561198067006084)(<7685.394531, 10.095829, 5735.137207>) requested data for lock!
[16:02:50] Player (JakusMallius, 76561198067006084)(<7685.410645, 10.816349, 5735.210449>) requested data for lock!
[16:02:50] Player (JakusMallius, 76561198067006084)(<7694.773438, 13.271531, 5742.550781>) requested data for lock!
[16:02:51] Player (JakusMallius, 76561198067006084)(<7720.623047, 10.097129, 5748.136719>) requested data for lock!
[16:02:52] Player (JakusMallius, 76561198067006084)(<7720.912598, 10.051270, 5741.343750>) requested data for lock!
[16:02:52] Player (JakusMallius, 76561198067006084)(<7715.562500, 10.097129, 5747.966797>) requested data for lock!
[16:02:52] Player (JakusMallius, 76561198067006084)(<7719.535645, 10.094641, 5737.418945>) requested data for lock!
[16:02:53] Player (JakusMallius, 76561198067006084)(<7717.141113, 10.094646, 5737.346680>) requested data for lock!
[16:02:53] Player (JakusMallius, 76561198067006084)(<7720.900391, 10.051270, 5740.673340>) requested data for lock!
[16:02:53] Player (JakusMallius, 76561198067006084)(<7721.246582, 10.096925, 5739.351074>) requested data for lock!
[16:02:53] Player (JakusMallius, 76561198067006084)(<7720.982910, 10.050047, 5737.982422>) requested data for lock!
[16:02:53] Player (JakusMallius, 76561198067006084)(<7720.990723, 10.049141, 5737.335938>) requested data for lock!
[16:02:53] Player (JakusMallius, 76561198067006084)(<7695.898926, 13.271531, 5742.437012>) requested data for lock!
[16:02:53] Player (JakusMallius, 76561198067006084)(<7697.197754, 13.268526, 5742.450684>) requested data for lock!
[16:02:53] Player (JakusMallius, 76561198067006084)(<7697.863770, 13.269459, 5742.461914>) requested data for lock!
[16:02:53] Player (JakusMallius, 76561198067006084)(<7696.561523, 13.271531, 5742.445801>) requested data for lock!
[16:02:54] Player (JakusMallius, 76561198067006084)(<7702.797852, 13.271327, 5743.583984>) requested data for lock!
[16:02:54] Player (JakusMallius, 76561198067006084)(<7697.417969, 13.314333, 5747.804688>) requested data for lock!
[16:02:54] Player (JakusMallius, 76561198067006084)(<7702.793945, 13.271327, 5746.936523>) requested data for lock!
[16:14:37] Player (Frank, 76561199004385675)(<7695.473633, 72.137520, 8781.058594>) requested data for lock!
[16:14:37] Player (Frank, 76561199004385675)(<7680.255371, 72.015587, 8773.303711>) requested data for lock!
[16:14:38] Player (Frank, 76561199004385675)(<7683.026855, 83.966080, 8745.771484>) requested data for lock!
[16:15:00] Player (Frank, 76561199004385675)(<7675.137695, 80.001572, 8768.735352>) requested data for lock!
[16:15:00] Player (Frank, 76561199004385675)(<7681.709473, 80.001579, 8772.617188>) requested data for lock!
[16:15:00] Player (Frank, 76561199004385675)(<7681.902832, 75.988075, 8771.813477>) requested data for lock!
[16:15:00] Player (Frank, 76561199004385675)(<7674.046875, 78.006523, 8772.409180>) requested data for lock!
[16:15:02] Player (Frank, 76561199004385675)(<7676.849121, 79.988235, 8765.539063>) requested data for lock!
[16:15:03] Player (Frank, 76561199004385675)(<7676.613770, 80.001572, 8769.009766>) requested data for lock!
[16:15:05] Player (Frank, 76561199004385675)(<7678.140625, 80.001579, 8768.454102>) requested data for lock!
[16:15:05] Player (Frank, 76561199004385675)(<7676.165527, 83.987900, 8767.415039>) requested data for lock!
[16:15:05] Player (Frank, 76561199004385675)(<7654.759277, 79.972855, 8758.021484>) requested data for lock!
[16:22:59] Player (Frank, 76561199004385675)(<7683.026855, 83.966080, 8745.771484>) requested data for lock!
[16:23:03] Player (Frank, 76561199004385675)(<7680.255371, 72.015587, 8773.303711>) requested data for lock!
[16:23:04] Player (Frank, 76561199004385675)(<7695.473633, 72.137520, 8781.058594>) requested data for lock!
[16:25:12] Player (Frank, 76561199004385675)(<7654.759277, 79.972855, 8758.021484>) requested data for lock!
[16:25:14] Player (Frank, 76561199004385675)(<7675.137695, 80.001572, 8768.735352>) requested data for lock!
[16:25:17] Player (Frank, 76561199004385675)(<7676.849121, 79.988235, 8765.539063>) requested data for lock!
[16:25:18] Player (Frank, 76561199004385675)(<7676.613770, 80.001572, 8769.009766>) requested data for lock!
[16:25:20] Player (Frank, 76561199004385675)(<7678.140625, 80.001579, 8768.454102>) requested data for lock!
[16:25:20] Player (Frank, 76561199004385675)(<7676.165527, 83.987900, 8767.415039>) requested data for lock!
[16:25:20] Player (Frank, 76561199004385675)(<7681.709473, 80.001579, 8772.617188>) requested data for lock!
[16:25:20] Player (Frank, 76561199004385675)(<7681.902832, 75.988075, 8771.813477>) requested data for lock!
[16:25:20] Player (Frank, 76561199004385675)(<7674.046875, 78.006523, 8772.409180>) requested data for lock!
[09-13-2022][17.10.15] Log file reloaded ( Server Restart )
[17:13:08] Player (JakusMallius, 76561198067006084)(<7680.255371, 72.015587, 8773.303711>) requested data for lock!
[17:13:09] Player (JakusMallius, 76561198067006084)(<7683.026855, 83.966080, 8745.771484>) requested data for lock!
[17:13:09] Player (JakusMallius, 76561198067006084)(<7695.473633, 72.137520, 8781.058594>) requested data for lock!
[17:16:09] Player (JakusMallius, 76561198067006084)(<7693.318848, 14.071611, 5773.753418>) requested data for lock!
[17:16:09] Player (JakusMallius, 76561198067006084)(<7662.363281, 8.976425, 5750.038574>) requested data for lock!
[17:16:09] Player (JakusMallius, 76561198067006084)(<7716.231445, 12.100084, 5773.678223>) requested data for lock!
[17:16:10] Player (JakusMallius, 76561198067006084)(<7661.620605, 10.065259, 5743.938965>) requested data for lock!
[17:16:10] Player (JakusMallius, 76561198067006084)(<7683.068359, 11.242933, 5747.628906>) requested data for lock!
[17:16:10] Player (JakusMallius, 76561198067006084)(<7702.713867, 14.460730, 5756.341309>) requested data for lock!
[17:16:11] Player (JakusMallius, 76561198067006084)(<7711.676758, 16.282442, 5757.290039>) requested data for lock!
[17:16:11] Player (JakusMallius, 76561198067006084)(<7718.253418, 11.241493, 5760.514160>) requested data for lock!
[17:16:11] Player (JakusMallius, 76561198067006084)(<7711.676758, 13.064227, 5757.290039>) requested data for lock!
[17:16:11] Player (JakusMallius, 76561198067006084)(<7685.389648, 10.064847, 5744.467285>) requested data for lock!
[17:16:11] Player (JakusMallius, 76561198067006084)(<7714.426758, 14.460321, 5758.039551>) requested data for lock!
[17:16:11] Player (JakusMallius, 76561198067006084)(<7705.879883, 10.027159, 5751.533691>) requested data for lock!
[17:16:11] Player (JakusMallius, 76561198067006084)(<7711.328613, 11.241493, 5754.259277>) requested data for lock!
[17:16:11] Player (JakusMallius, 76561198067006084)(<7689.023438, 14.242929, 5742.030762>) requested data for lock!
[17:16:12] Player (JakusMallius, 76561198067006084)(<7718.428711, 14.459305, 5754.732910>) requested data for lock!
[17:16:12] Player (JakusMallius, 76561198067006084)(<7698.786133, 10.026342, 5745.388184>) requested data for lock!
[17:16:12] Player (JakusMallius, 76561198067006084)(<7718.648926, 11.241293, 5754.739258>) requested data for lock!
[17:16:12] Player (JakusMallius, 76561198067006084)(<7685.414551, 11.242929, 5739.559082>) requested data for lock!
[17:16:12] Player (JakusMallius, 76561198067006084)(<7715.110352, 11.241293, 5750.946289>) requested data for lock!
[17:16:12] Player (JakusMallius, 76561198067006084)(<7714.900879, 14.460533, 5750.724121>) requested data for lock!
[17:16:12] Player (JakusMallius, 76561198067006084)(<7703.081543, 14.460941, 5744.566895>) requested data for lock!
[17:16:12] Player (JakusMallius, 76561198067006084)(<7693.700684, 11.240681, 5741.929688>) requested data for lock!
[17:16:12] Player (JakusMallius, 76561198067006084)(<7691.411621, 14.460941, 5739.756836>) requested data for lock!
[17:16:12] Player (JakusMallius, 76561198067006084)(<7683.447266, 11.242525, 5735.629883>) requested data for lock!
[17:16:12] Player (JakusMallius, 76561198067006084)(<7705.694824, 11.241705, 5742.292969>) requested data for lock!
[17:16:13] Player (JakusMallius, 76561198067006084)(<7709.200195, 14.460329, 5740.092285>) requested data for lock!
[17:16:13] Player (JakusMallius, 76561198067006084)(<7718.352051, 10.051284, 5744.640625>) requested data for lock!
[17:16:13] Player (JakusMallius, 76561198067006084)(<7715.203125, 11.241089, 5740.285156>) requested data for lock!
[17:17:41] Player (JakusMallius, 76561198067006084)(<7720.900391, 10.051270, 5740.673340>) requested data for lock!
[17:17:41] Player (JakusMallius, 76561198067006084)(<7720.912598, 10.051270, 5741.343750>) requested data for lock!
[17:17:41] Player (JakusMallius, 76561198067006084)(<7721.246582, 10.096925, 5739.351074>) requested data for lock!
[17:17:41] Player (JakusMallius, 76561198067006084)(<7697.417969, 13.314333, 5747.804688>) requested data for lock!
[17:17:41] Player (JakusMallius, 76561198067006084)(<7697.197754, 13.268526, 5742.450684>) requested data for lock!
[17:17:42] Player (JakusMallius, 76561198067006084)(<7695.898926, 13.271531, 5742.437012>) requested data for lock!
[17:17:42] Player (JakusMallius, 76561198067006084)(<7697.863770, 13.269459, 5742.461914>) requested data for lock!
[17:17:42] Player (JakusMallius, 76561198067006084)(<7696.561523, 13.271531, 5742.445801>) requested data for lock!
[17:17:42] Player (JakusMallius, 76561198067006084)(<7702.797852, 13.271327, 5743.583984>) requested data for lock!
[17:17:43] Player (JakusMallius, 76561198067006084)(<7702.793945, 13.271327, 5746.936523>) requested data for lock!
[17:17:43] Player (JakusMallius, 76561198067006084)(<7694.773438, 13.271531, 5742.550781>) requested data for lock!
[17:17:43] Player (JakusMallius, 76561198067006084)(<7691.737793, 13.314800, 5742.585449>) requested data for lock!
[17:17:44] Player (JakusMallius, 76561198067006084)(<7715.562500, 10.097129, 5747.966797>) requested data for lock!
[17:17:44] Player (JakusMallius, 76561198067006084)(<7720.623047, 10.097129, 5748.136719>) requested data for lock!
[17:17:44] Player (JakusMallius, 76561198067006084)(<7717.141113, 10.094646, 5737.346680>) requested data for lock!
[17:17:44] Player (JakusMallius, 76561198067006084)(<7719.535645, 10.094641, 5737.418945>) requested data for lock!
[17:17:44] Player (JakusMallius, 76561198067006084)(<7720.982910, 10.050047, 5737.982422>) requested data for lock!
[17:17:44] Player (JakusMallius, 76561198067006084)(<7720.990723, 10.049141, 5737.335938>) requested data for lock!
[17:17:44] Player (JakusMallius, 76561198067006084)(<7685.394531, 10.095829, 5735.137207>) requested data for lock!
[17:17:44] Player (JakusMallius, 76561198067006084)(<7685.410645, 10.816349, 5735.210449>) requested data for lock!
[18:03:40] Player (MRLeok, 76561198829305873)(<7683.026855, 83.966080, 8745.771484>) requested data for lock!
[18:03:40] Player (MRLeok, 76561198829305873)(<7680.255371, 72.015587, 8773.303711>) requested data for lock!
[18:03:40] Player (MRLeok, 76561198829305873)(<7695.473633, 72.137520, 8781.058594>) requested data for lock!
[18:03:40] Player (MRLeok, 76561198829305873)(<7676.849121, 79.988235, 8765.539063>) requested data for lock!
[18:03:40] Player (MRLeok, 76561198829305873)(<7676.165527, 83.987900, 8767.415039>) requested data for lock!
[18:03:40] Player (MRLeok, 76561198829305873)(<7675.137695, 80.001572, 8768.735352>) requested data for lock!
[18:03:40] Player (MRLeok, 76561198829305873)(<7674.046875, 78.006523, 8772.409180>) requested data for lock!
[18:03:40] Player (MRLeok, 76561198829305873)(<7654.759277, 79.972855, 8758.021484>) requested data for lock!
[18:03:40] Player (MRLeok, 76561198829305873)(<7676.613770, 80.001572, 8769.009766>) requested data for lock!
[18:03:40] Player (MRLeok, 76561198829305873)(<7678.140625, 80.001579, 8768.454102>) requested data for lock!
[18:03:40] Player (MRLeok, 76561198829305873)(<7681.709473, 80.001579, 8772.617188>) requested data for lock!
[18:03:40] Player (MRLeok, 76561198829305873)(<7681.902832, 75.988075, 8771.813477>) requested data for lock!
[18:05:33] Player (Frank, 76561199004385675)(<7683.026855, 83.966080, 8745.771484>) requested data for lock!
[18:05:33] Player (Frank, 76561199004385675)(<7680.255371, 72.015587, 8773.303711>) requested data for lock!
[18:05:33] Player (Frank, 76561199004385675)(<7695.473633, 72.137520, 8781.058594>) requested data for lock!
[18:05:33] Player (Frank, 76561199004385675)(<7676.849121, 79.988235, 8765.539063>) requested data for lock!
[18:05:33] Player (Frank, 76561199004385675)(<7676.165527, 83.987900, 8767.415039>) requested data for lock!
[18:05:33] Player (Frank, 76561199004385675)(<7675.137695, 80.001572, 8768.735352>) requested data for lock!
[18:05:33] Player (Frank, 76561199004385675)(<7674.046875, 78.006523, 8772.409180>) requested data for lock!
[18:05:33] Player (Frank, 76561199004385675)(<7654.759277, 79.972855, 8758.021484>) requested data for lock!
[18:05:33] Player (Frank, 76561199004385675)(<7676.613770, 80.001572, 8769.009766>) requested data for lock!
[18:05:33] Player (Frank, 76561199004385675)(<7678.140625, 80.001579, 8768.454102>) requested data for lock!
[18:05:33] Player (Frank, 76561199004385675)(<7681.709473, 80.001579, 8772.617188>) requested data for lock!
[18:05:33] Player (Frank, 76561199004385675)(<7681.902832, 75.988075, 8771.813477>) requested data for lock!
[18:33:12] Player (Frank, 76561199004385675)(<7695.473633, 72.137520, 8781.058594>) requested data for lock!
[18:33:12] Player (MRLeok, 76561198829305873)(<7695.473633, 72.137520, 8781.058594>) requested data for lock!
[18:33:13] Player (Frank, 76561199004385675)(<7680.255371, 72.015587, 8773.303711>) requested data for lock!
[18:33:13] Player (MRLeok, 76561198829305873)(<7680.255371, 72.015587, 8773.303711>) requested data for lock!
[18:33:14] Player (Frank, 76561199004385675)(<7683.026855, 83.966080, 8745.771484>) requested data for lock!
[18:33:14] Player (MRLeok, 76561198829305873)(<7683.026855, 83.966080, 8745.771484>) requested data for lock!
[18:52:56] Player (Frank, 76561199004385675)(<7680.255371, 72.015587, 8773.303711>) requested data for lock!
[18:52:56] Player (MRLeok, 76561198829305873)(<7680.255371, 72.015587, 8773.303711>) requested data for lock!
[18:52:57] Player (MRLeok, 76561198829305873)(<7683.026855, 83.966080, 8745.771484>) requested data for lock!
[18:52:57] Player (Frank, 76561199004385675)(<7683.026855, 83.966080, 8745.771484>) requested data for lock!
[18:52:57] Player (MRLeok, 76561198829305873)(<7695.473633, 72.137520, 8781.058594>) requested data for lock!
[18:52:57] Player (Frank, 76561199004385675)(<7695.473633, 72.137520, 8781.058594>) requested data for lock!
[18:53:15] Player (Frank, 76561199004385675)(<7654.759277, 79.972855, 8758.021484>) requested data for lock!
[18:53:15] Player (MRLeok, 76561198829305873)(<7654.759277, 79.972855, 8758.021484>) requested data for lock!
[18:53:16] Player (Frank, 76561199004385675)(<7676.849121, 79.988235, 8765.539063>) requested data for lock!
[18:53:16] Player (Frank, 76561199004385675)(<7676.165527, 83.987900, 8767.415039>) requested data for lock!
[18:53:16] Player (MRLeok, 76561198829305873)(<7676.849121, 79.988235, 8765.539063>) requested data for lock!
[18:53:16] Player (MRLeok, 76561198829305873)(<7676.165527, 83.987900, 8767.415039>) requested data for lock!
[18:53:16] Player (MRLeok, 76561198829305873)(<7675.137695, 80.001572, 8768.735352>) requested data for lock!
[18:53:16] Player (Frank, 76561199004385675)(<7675.137695, 80.001572, 8768.735352>) requested data for lock!
[18:53:18] Player (MRLeok, 76561198829305873)(<7674.046875, 78.006523, 8772.409180>) requested data for lock!
[18:53:18] Player (Frank, 76561199004385675)(<7674.046875, 78.006523, 8772.409180>) requested data for lock!
[18:53:18] Player (MRLeok, 76561198829305873)(<7676.613770, 80.001572, 8769.009766>) requested data for lock!
[18:53:18] Player (Frank, 76561199004385675)(<7676.613770, 80.001572, 8769.009766>) requested data for lock!
[18:53:19] Player (MRLeok, 76561198829305873)(<7678.140625, 80.001579, 8768.454102>) requested data for lock!
[18:53:19] Player (Frank, 76561199004385675)(<7678.140625, 80.001579, 8768.454102>) requested data for lock!
[18:53:20] Player (MRLeok, 76561198829305873)(<7681.709473, 80.001579, 8772.617188>) requested data for lock!
[18:53:20] Player (MRLeok, 76561198829305873)(<7681.902832, 75.988075, 8771.813477>) requested data for lock!
[18:53:20] Player (Frank, 76561199004385675)(<7681.709473, 80.001579, 8772.617188>) requested data for lock!
[18:53:20] Player (Frank, 76561199004385675)(<7681.902832, 75.988075, 8771.813477>) requested data for lock!
[18:54:08] Player (Frank, 76561199004385675)(<7693.318848, 14.071611, 5773.753418>) requested data for lock!
[18:54:08] Player (MRLeok, 76561198829305873)(<7716.231445, 12.100084, 5773.678223>) requested data for lock!
[18:54:08] Player (MRLeok, 76561198829305873)(<7693.318848, 14.071611, 5773.753418>) requested data for lock!
[18:54:08] Player (Frank, 76561199004385675)(<7716.231445, 12.100084, 5773.678223>) requested data for lock!
[18:54:08] Player (Frank, 76561199004385675)(<7718.253418, 11.241493, 5760.514160>) requested data for lock!
[18:54:08] Player (MRLeok, 76561198829305873)(<7718.253418, 11.241493, 5760.514160>) requested data for lock!
[18:54:08] Player (MRLeok, 76561198829305873)(<7714.426758, 14.460321, 5758.039551>) requested data for lock!
[18:54:08] Player (MRLeok, 76561198829305873)(<7711.676758, 16.282442, 5757.290039>) requested data for lock!
[18:54:08] Player (MRLeok, 76561198829305873)(<7711.676758, 13.064227, 5757.290039>) requested data for lock!
[18:54:08] Player (MRLeok, 76561198829305873)(<7702.713867, 14.460730, 5756.341309>) requested data for lock!
[18:54:08] Player (MRLeok, 76561198829305873)(<7711.328613, 11.241493, 5754.259277>) requested data for lock!
[18:54:08] Player (MRLeok, 76561198829305873)(<7718.648926, 11.241293, 5754.739258>) requested data for lock!
[18:54:08] Player (MRLeok, 76561198829305873)(<7718.428711, 14.459305, 5754.732910>) requested data for lock!
[18:54:08] Player (Frank, 76561199004385675)(<7711.676758, 16.282442, 5757.290039>) requested data for lock!
[18:54:08] Player (Frank, 76561199004385675)(<7714.426758, 14.460321, 5758.039551>) requested data for lock!
[18:54:08] Player (Frank, 76561199004385675)(<7711.676758, 13.064227, 5757.290039>) requested data for lock!
[18:54:08] Player (Frank, 76561199004385675)(<7702.713867, 14.460730, 5756.341309>) requested data for lock!
[18:54:08] Player (MRLeok, 76561198829305873)(<7662.363281, 8.976425, 5750.038574>) requested data for lock!
[18:54:08] Player (Frank, 76561199004385675)(<7662.363281, 8.976425, 5750.038574>) requested data for lock!
[18:54:08] Player (MRLeok, 76561198829305873)(<7715.110352, 11.241293, 5750.946289>) requested data for lock!
[18:54:09] Player (Frank, 76561199004385675)(<7715.110352, 11.241293, 5750.946289>) requested data for lock!
[18:54:09] Player (Frank, 76561199004385675)(<7683.068359, 11.242933, 5747.628906>) requested data for lock!
[18:54:09] Player (MRLeok, 76561198829305873)(<7705.879883, 10.027159, 5751.533691>) requested data for lock!
[18:54:09] Player (MRLeok, 76561198829305873)(<7714.900879, 14.460533, 5750.724121>) requested data for lock!
[18:54:09] Player (Frank, 76561199004385675)(<7705.879883, 10.027159, 5751.533691>) requested data for lock!
[18:54:09] Player (Frank, 76561199004385675)(<7711.328613, 11.241493, 5754.259277>) requested data for lock!
[18:54:09] Player (Frank, 76561199004385675)(<7714.900879, 14.460533, 5750.724121>) requested data for lock!
[18:54:09] Player (Frank, 76561199004385675)(<7718.648926, 11.241293, 5754.739258>) requested data for lock!
[18:54:09] Player (Frank, 76561199004385675)(<7718.428711, 14.459305, 5754.732910>) requested data for lock!
[18:54:09] Player (MRLeok, 76561198829305873)(<7683.068359, 11.242933, 5747.628906>) requested data for lock!
[18:54:09] Player (MRLeok, 76561198829305873)(<7698.786133, 10.026342, 5745.388184>) requested data for lock!
[18:54:09] Player (Frank, 76561199004385675)(<7698.786133, 10.026342, 5745.388184>) requested data for lock!
[18:54:09] Player (MRLeok, 76561198829305873)(<7685.389648, 10.064847, 5744.467285>) requested data for lock!
[18:54:09] Player (Frank, 76561199004385675)(<7685.389648, 10.064847, 5744.467285>) requested data for lock!
[18:54:09] Player (MRLeok, 76561198829305873)(<7661.620605, 10.065259, 5743.938965>) requested data for lock!
[18:54:09] Player (MRLeok, 76561198829305873)(<7718.352051, 10.051284, 5744.640625>) requested data for lock!
[18:54:09] Player (Frank, 76561199004385675)(<7718.352051, 10.051284, 5744.640625>) requested data for lock!
[18:54:09] Player (MRLeok, 76561198829305873)(<7703.081543, 14.460941, 5744.566895>) requested data for lock!
[18:54:09] Player (MRLeok, 76561198829305873)(<7689.023438, 14.242929, 5742.030762>) requested data for lock!
[18:54:09] Player (MRLeok, 76561198829305873)(<7693.700684, 11.240681, 5741.929688>) requested data for lock!
[18:54:09] Player (Frank, 76561199004385675)(<7703.081543, 14.460941, 5744.566895>) requested data for lock!
[18:54:09] Player (Frank, 76561199004385675)(<7661.620605, 10.065259, 5743.938965>) requested data for lock!
[18:54:09] Player (MRLeok, 76561198829305873)(<7705.694824, 11.241705, 5742.292969>) requested data for lock!
[18:54:09] Player (Frank, 76561199004385675)(<7689.023438, 14.242929, 5742.030762>) requested data for lock!
[18:54:09] Player (Frank, 76561199004385675)(<7693.700684, 11.240681, 5741.929688>) requested data for lock!
[18:54:09] Player (MRLeok, 76561198829305873)(<7709.200195, 14.460329, 5740.092285>) requested data for lock!
[18:54:09] Player (Frank, 76561199004385675)(<7705.694824, 11.241705, 5742.292969>) requested data for lock!
[18:54:09] Player (MRLeok, 76561198829305873)(<7715.203125, 11.241089, 5740.285156>) requested data for lock!
[18:54:09] Player (Frank, 76561199004385675)(<7709.200195, 14.460329, 5740.092285>) requested data for lock!
[18:54:09] Player (Frank, 76561199004385675)(<7715.203125, 11.241089, 5740.285156>) requested data for lock!
[18:54:10] Player (MRLeok, 76561198829305873)(<7685.414551, 11.242929, 5739.559082>) requested data for lock!
[18:54:10] Player (MRLeok, 76561198829305873)(<7691.411621, 14.460941, 5739.756836>) requested data for lock!
[18:54:10] Player (Frank, 76561199004385675)(<7685.414551, 11.242929, 5739.559082>) requested data for lock!
[18:54:10] Player (Frank, 76561199004385675)(<7691.411621, 14.460941, 5739.756836>) requested data for lock!
[18:54:10] Player (MRLeok, 76561198829305873)(<7683.447266, 11.242525, 5735.629883>) requested data for lock!
[18:54:10] Player (Frank, 76561199004385675)(<7683.447266, 11.242525, 5735.629883>) requested data for lock!
[18:55:37] Player (Frank, 76561199004385675)(<7683.026855, 83.966080, 8745.771484>) requested data for lock!
[18:55:37] Player (Frank, 76561199004385675)(<7680.255371, 72.015587, 8773.303711>) requested data for lock!
[18:55:38] Player (Frank, 76561199004385675)(<7695.473633, 72.137520, 8781.058594>) requested data for lock!
[18:56:07] Player (Frank, 76561199004385675)(<7654.759277, 79.972855, 8758.021484>) requested data for lock!
[18:56:08] Player (Frank, 76561199004385675)(<7676.849121, 79.988235, 8765.539063>) requested data for lock!
[18:56:08] Player (Frank, 76561199004385675)(<7676.165527, 83.987900, 8767.415039>) requested data for lock!
[18:56:08] Player (Frank, 76561199004385675)(<7675.137695, 80.001572, 8768.735352>) requested data for lock!
[18:56:09] Player (Frank, 76561199004385675)(<7676.613770, 80.001572, 8769.009766>) requested data for lock!
[18:56:10] Player (Frank, 76561199004385675)(<7678.140625, 80.001579, 8768.454102>) requested data for lock!
[18:56:10] Player (Frank, 76561199004385675)(<7674.046875, 78.006523, 8772.409180>) requested data for lock!
[18:56:10] Player (Frank, 76561199004385675)(<7681.709473, 80.001579, 8772.617188>) requested data for lock!
[18:56:10] Player (Frank, 76561199004385675)(<7681.902832, 75.988075, 8771.813477>) requested data for lock!
[09-13-2022][19.01.07] Log file reloaded ( Server Restart )
[19:02:09] Player (MRLeok, 76561198829305873)(<7709.200195, 14.460329, 5740.092285>) requested data for lock!
[19:02:09] Player (MRLeok, 76561198829305873)(<7683.447266, 11.242525, 5735.629883>) requested data for lock!
[19:02:09] Player (MRLeok, 76561198829305873)(<7685.414551, 11.242929, 5739.559082>) requested data for lock!
[19:02:09] Player (MRLeok, 76561198829305873)(<7685.389648, 10.064847, 5744.467285>) requested data for lock!
[19:02:09] Player (MRLeok, 76561198829305873)(<7689.023438, 14.242929, 5742.030762>) requested data for lock!
[19:02:09] Player (MRLeok, 76561198829305873)(<7683.068359, 11.242933, 5747.628906>) requested data for lock!
[19:02:09] Player (MRLeok, 76561198829305873)(<7662.363281, 8.976425, 5750.038574>) requested data for lock!
[19:02:09] Player (MRLeok, 76561198829305873)(<7711.328613, 11.241493, 5754.259277>) requested data for lock!
[19:02:09] Player (MRLeok, 76561198829305873)(<7711.676758, 13.064227, 5757.290039>) requested data for lock!
[19:02:09] Player (MRLeok, 76561198829305873)(<7711.676758, 16.282442, 5757.290039>) requested data for lock!
[19:02:09] Player (MRLeok, 76561198829305873)(<7705.879883, 10.027159, 5751.533691>) requested data for lock!
[19:02:09] Player (MRLeok, 76561198829305873)(<7702.713867, 14.460730, 5756.341309>) requested data for lock!
[19:02:09] Player (MRLeok, 76561198829305873)(<7661.620605, 10.065259, 5743.938965>) requested data for lock!
[19:02:09] Player (MRLeok, 76561198829305873)(<7716.231445, 12.100084, 5773.678223>) requested data for lock!
[19:02:09] Player (MRLeok, 76561198829305873)(<7718.253418, 11.241493, 5760.514160>) requested data for lock!
[19:02:10] Player (MRLeok, 76561198829305873)(<7714.426758, 14.460321, 5758.039551>) requested data for lock!
[19:02:10] Player (MRLeok, 76561198829305873)(<7693.318848, 14.071611, 5773.753418>) requested data for lock!
[19:02:10] Player (MRLeok, 76561198829305873)(<7691.411621, 14.460941, 5739.756836>) requested data for lock!
[19:02:10] Player (MRLeok, 76561198829305873)(<7715.203125, 11.241089, 5740.285156>) requested data for lock!
[19:02:10] Player (MRLeok, 76561198829305873)(<7705.694824, 11.241705, 5742.292969>) requested data for lock!
[19:02:10] Player (MRLeok, 76561198829305873)(<7703.081543, 14.460941, 5744.566895>) requested data for lock!
[19:02:10] Player (MRLeok, 76561198829305873)(<7698.786133, 10.026342, 5745.388184>) requested data for lock!
[19:02:10] Player (MRLeok, 76561198829305873)(<7693.700684, 11.240681, 5741.929688>) requested data for lock!
[19:02:10] Player (MRLeok, 76561198829305873)(<7714.900879, 14.460533, 5750.724121>) requested data for lock!
[19:02:10] Player (MRLeok, 76561198829305873)(<7715.110352, 11.241293, 5750.946289>) requested data for lock!
[19:02:10] Player (MRLeok, 76561198829305873)(<7718.352051, 10.051284, 5744.640625>) requested data for lock!
[19:02:10] Player (MRLeok, 76561198829305873)(<7718.648926, 11.241293, 5754.739258>) requested data for lock!
[19:02:10] Player (MRLeok, 76561198829305873)(<7718.428711, 14.459305, 5754.732910>) requested data for lock!
[19:44:29] Player (THE STITTIES, 76561199206265093)(<7709.200195, 14.460329, 5740.092285>) requested data for lock!
[19:44:29] Player (THE STITTIES, 76561199206265093)(<7683.447266, 11.242525, 5735.629883>) requested data for lock!
[19:44:29] Player (THE STITTIES, 76561199206265093)(<7685.414551, 11.242929, 5739.559082>) requested data for lock!
[19:44:29] Player (THE STITTIES, 76561199206265093)(<7685.389648, 10.064847, 5744.467285>) requested data for lock!
[19:44:29] Player (THE STITTIES, 76561199206265093)(<7689.023438, 14.242929, 5742.030762>) requested data for lock!
[19:44:29] Player (THE STITTIES, 76561199206265093)(<7683.068359, 11.242933, 5747.628906>) requested data for lock!
[19:44:29] Player (THE STITTIES, 76561199206265093)(<7711.328613, 11.241493, 5754.259277>) requested data for lock!
[19:44:29] Player (THE STITTIES, 76561199206265093)(<7711.676758, 13.064227, 5757.290039>) requested data for lock!
[19:44:29] Player (THE STITTIES, 76561199206265093)(<7711.676758, 16.282442, 5757.290039>) requested data for lock!
[19:44:29] Player (THE STITTIES, 76561199206265093)(<7705.879883, 10.027159, 5751.533691>) requested data for lock!
[19:44:29] Player (THE STITTIES, 76561199206265093)(<7702.713867, 14.460730, 5756.341309>) requested data for lock!
[19:44:29] Player (THE STITTIES, 76561199206265093)(<7661.620605, 10.065259, 5743.938965>) requested data for lock!
[19:44:29] Player (THE STITTIES, 76561199206265093)(<7718.253418, 11.241493, 5760.514160>) requested data for lock!
[19:44:29] Player (THE STITTIES, 76561199206265093)(<7714.426758, 14.460321, 5758.039551>) requested data for lock!
[19:44:29] Player (THE STITTIES, 76561199206265093)(<7693.318848, 14.071611, 5773.753418>) requested data for lock!
[19:44:29] Player (THE STITTIES, 76561199206265093)(<7691.411621, 14.460941, 5739.756836>) requested data for lock!
[19:44:29] Player (THE STITTIES, 76561199206265093)(<7716.231445, 12.100084, 5773.678223>) requested data for lock!
[19:44:29] Player (THE STITTIES, 76561199206265093)(<7662.363281, 8.976425, 5750.038574>) requested data for lock!
[19:44:29] Player (THE STITTIES, 76561199206265093)(<7715.203125, 11.241089, 5740.285156>) requested data for lock!
[19:44:29] Player (THE STITTIES, 76561199206265093)(<7705.694824, 11.241705, 5742.292969>) requested data for lock!
[19:44:29] Player (THE STITTIES, 76561199206265093)(<7703.081543, 14.460941, 5744.566895>) requested data for lock!
[19:44:29] Player (THE STITTIES, 76561199206265093)(<7698.786133, 10.026342, 5745.388184>) requested data for lock!
[19:44:29] Player (THE STITTIES, 76561199206265093)(<7693.700684, 11.240681, 5741.929688>) requested data for lock!
[19:44:29] Player (THE STITTIES, 76561199206265093)(<7714.900879, 14.460533, 5750.724121>) requested data for lock!
[19:44:29] Player (THE STITTIES, 76561199206265093)(<7715.110352, 11.241293, 5750.946289>) requested data for lock!
[19:44:29] Player (THE STITTIES, 76561199206265093)(<7718.352051, 10.051284, 5744.640625>) requested data for lock!
[19:44:29] Player (THE STITTIES, 76561199206265093)(<7718.648926, 11.241293, 5754.739258>) requested data for lock!
[19:44:29] Player (THE STITTIES, 76561199206265093)(<7718.428711, 14.459305, 5754.732910>) requested data for lock!
[19:44:29] Player (THE STITTIES, 76561199206265093)(<7697.197754, 13.268526, 5742.450684>) requested data for lock!
[19:44:29] Player (THE STITTIES, 76561199206265093)(<7695.898926, 13.271531, 5742.437012>) requested data for lock!
[19:44:29] Player (THE STITTIES, 76561199206265093)(<7696.561523, 13.271531, 5742.445801>) requested data for lock!
[19:44:29] Player (THE STITTIES, 76561199206265093)(<7694.773438, 13.271531, 5742.550781>) requested data for lock!
[19:44:30] Player (THE STITTIES, 76561199206265093)(<7697.417969, 13.314333, 5747.804688>) requested data for lock!
[19:44:31] Player (THE STITTIES, 76561199206265093)(<7702.793945, 13.271327, 5746.936523>) requested data for lock!
[19:44:32] Player (THE STITTIES, 76561199206265093)(<7715.562500, 10.097129, 5747.966797>) requested data for lock!
[19:44:32] Player (THE STITTIES, 76561199206265093)(<7720.623047, 10.097129, 5748.136719>) requested data for lock!
[19:44:32] Player (THE STITTIES, 76561199206265093)(<7717.141113, 10.094646, 5737.346680>) requested data for lock!
[19:44:33] Player (THE STITTIES, 76561199206265093)(<7720.982910, 10.050047, 5737.982422>) requested data for lock!
[19:44:33] Player (THE STITTIES, 76561199206265093)(<7721.246582, 10.096925, 5739.351074>) requested data for lock!
[19:44:33] Player (THE STITTIES, 76561199206265093)(<7719.535645, 10.094641, 5737.418945>) requested data for lock!
[19:44:33] Player (THE STITTIES, 76561199206265093)(<7720.900391, 10.051270, 5740.673340>) requested data for lock!
[19:44:33] Player (THE STITTIES, 76561199206265093)(<7720.990723, 10.049141, 5737.335938>) requested data for lock!
[19:44:33] Player (THE STITTIES, 76561199206265093)(<7720.912598, 10.051270, 5741.343750>) requested data for lock!
[19:44:33] Player (THE STITTIES, 76561199206265093)(<7697.863770, 13.269459, 5742.461914>) requested data for lock!
[19:44:33] Player (THE STITTIES, 76561199206265093)(<7702.797852, 13.271327, 5743.583984>) requested data for lock!
[19:44:34] Player (THE STITTIES, 76561199206265093)(<7691.737793, 13.314800, 5742.585449>) requested data for lock!
[19:44:34] Player (THE STITTIES, 76561199206265093)(<7685.394531, 10.095829, 5735.137207>) requested data for lock!
[19:44:34] Player (THE STITTIES, 76561199206265093)(<7685.410645, 10.816349, 5735.210449>) requested data for lock!
[19:45:39] Player (THE STITTIES, 76561199206265093)(<7683.447266, 11.242525, 5735.629883>) requested data for lock!
[09-13-2022][20.35.12] Log file reloaded ( Server Restart )
[09-13-2022][20.36.46] Log file reloaded ( Server Restart )
[09-13-2022][20.43.26] Log file reloaded ( Server Restart )
[20:47:50] Player (BeefySTi, 76561198095923512)(<7718.352051, 10.051284, 5744.640625>) requested data for lock!
[20:47:50] Player (BeefySTi, 76561198095923512)(<7715.203125, 11.241089, 5740.285156>) requested data for lock!
[20:47:50] Player (BeefySTi, 76561198095923512)(<7703.081543, 14.460941, 5744.566895>) requested data for lock!
[20:47:50] Player (BeefySTi, 76561198095923512)(<7705.694824, 11.241705, 5742.292969>) requested data for lock!
[20:47:50] Player (BeefySTi, 76561198095923512)(<7714.900879, 14.460533, 5750.724121>) requested data for lock!
[20:47:50] Player (BeefySTi, 76561198095923512)(<7714.426758, 14.460321, 5758.039551>) requested data for lock!
[20:47:50] Player (BeefySTi, 76561198095923512)(<7718.648926, 11.241293, 5754.739258>) requested data for lock!
[20:47:50] Player (BeefySTi, 76561198095923512)(<7711.676758, 13.064227, 5757.290039>) requested data for lock!
[20:47:50] Player (BeefySTi, 76561198095923512)(<7711.676758, 16.282442, 5757.290039>) requested data for lock!
[20:47:50] Player (BeefySTi, 76561198095923512)(<7715.110352, 11.241293, 5750.946289>) requested data for lock!
[20:47:50] Player (BeefySTi, 76561198095923512)(<7661.620605, 10.065259, 5743.938965>) requested data for lock!
[20:47:51] Player (BeefySTi, 76561198095923512)(<7716.231445, 12.100084, 5773.678223>) requested data for lock!
[20:47:51] Player (BeefySTi, 76561198095923512)(<7693.318848, 14.071611, 5773.753418>) requested data for lock!
[20:47:51] Player (BeefySTi, 76561198095923512)(<7718.253418, 11.241493, 5760.514160>) requested data for lock!
[20:47:51] Player (BeefySTi, 76561198095923512)(<7662.363281, 8.976425, 5750.038574>) requested data for lock!
[20:47:51] Player (BeefySTi, 76561198095923512)(<7683.068359, 11.242933, 5747.628906>) requested data for lock!
[20:47:51] Player (BeefySTi, 76561198095923512)(<7685.389648, 10.064847, 5744.467285>) requested data for lock!
[20:47:51] Player (BeefySTi, 76561198095923512)(<7689.023438, 14.242929, 5742.030762>) requested data for lock!
[20:47:52] Player (BeefySTi, 76561198095923512)(<7685.414551, 11.242929, 5739.559082>) requested data for lock!
[20:47:52] Player (BeefySTi, 76561198095923512)(<7711.328613, 11.241493, 5754.259277>) requested data for lock!
[20:47:52] Player (BeefySTi, 76561198095923512)(<7691.411621, 14.460941, 5739.756836>) requested data for lock!
[20:47:52] Player (BeefySTi, 76561198095923512)(<7718.428711, 14.459305, 5754.732910>) requested data for lock!
[20:47:52] Player (BeefySTi, 76561198095923512)(<7709.200195, 14.460329, 5740.092285>) requested data for lock!
[20:47:52] Player (BeefySTi, 76561198095923512)(<7702.713867, 14.460730, 5756.341309>) requested data for lock!
[20:47:52] Player (BeefySTi, 76561198095923512)(<7705.879883, 10.027159, 5751.533691>) requested data for lock!
[20:47:52] Player (BeefySTi, 76561198095923512)(<7698.786133, 10.026342, 5745.388184>) requested data for lock!
[20:47:52] Player (BeefySTi, 76561198095923512)(<7693.700684, 11.240681, 5741.929688>) requested data for lock!
[20:47:53] Player (BeefySTi, 76561198095923512)(<7683.447266, 11.242525, 5735.629883>) requested data for lock!
[20:47:53] Player (BeefySTi, 76561198095923512)(<7695.898926, 13.271531, 5742.437012>) requested data for lock!
[20:47:54] Player (BeefySTi, 76561198095923512)(<7715.562500, 10.097129, 5747.966797>) requested data for lock!
[20:47:55] Player (BeefySTi, 76561198095923512)(<7720.982910, 10.050047, 5737.982422>) requested data for lock!
[20:47:55] Player (BeefySTi, 76561198095923512)(<7719.535645, 10.094641, 5737.418945>) requested data for lock!
[20:47:55] Player (BeefySTi, 76561198095923512)(<7721.246582, 10.096925, 5739.351074>) requested data for lock!
[20:47:55] Player (BeefySTi, 76561198095923512)(<7720.990723, 10.049141, 5737.335938>) requested data for lock!
[20:47:55] Player (BeefySTi, 76561198095923512)(<7720.623047, 10.097129, 5748.136719>) requested data for lock!
[20:47:56] Player (BeefySTi, 76561198095923512)(<7717.141113, 10.094646, 5737.346680>) requested data for lock!
[20:47:56] Player (BeefySTi, 76561198095923512)(<7720.900391, 10.051270, 5740.673340>) requested data for lock!
[20:47:56] Player (BeefySTi, 76561198095923512)(<7720.912598, 10.051270, 5741.343750>) requested data for lock!
[20:47:56] Player (BeefySTi, 76561198095923512)(<7691.737793, 13.314800, 5742.585449>) requested data for lock!
[20:47:56] Player (BeefySTi, 76561198095923512)(<7697.417969, 13.314333, 5747.804688>) requested data for lock!
[20:47:56] Player (BeefySTi, 76561198095923512)(<7697.197754, 13.268526, 5742.450684>) requested data for lock!
[20:47:56] Player (BeefySTi, 76561198095923512)(<7694.773438, 13.271531, 5742.550781>) requested data for lock!
[20:47:56] Player (BeefySTi, 76561198095923512)(<7696.561523, 13.271531, 5742.445801>) requested data for lock!
[20:47:57] Player (BeefySTi, 76561198095923512)(<7685.394531, 10.095829, 5735.137207>) requested data for lock!
[20:47:57] Player (BeefySTi, 76561198095923512)(<7685.410645, 10.816349, 5735.210449>) requested data for lock!
[20:47:57] Player (BeefySTi, 76561198095923512)(<7697.863770, 13.269459, 5742.461914>) requested data for lock!
[20:47:57] Player (BeefySTi, 76561198095923512)(<7702.793945, 13.271327, 5746.936523>) requested data for lock!
[20:47:57] Player (BeefySTi, 76561198095923512)(<7702.797852, 13.271327, 5743.583984>) requested data for lock!
[21:14:33] Player (BeefySTi, 76561198095923512)(<7718.352051, 10.051284, 5744.640625>) requested data for lock!
[21:14:33] Player (BeefySTi, 76561198095923512)(<7715.203125, 11.241089, 5740.285156>) requested data for lock!
[21:14:34] Player (BeefySTi, 76561198095923512)(<7703.081543, 14.460941, 5744.566895>) requested data for lock!
[21:14:34] Player (BeefySTi, 76561198095923512)(<7705.694824, 11.241705, 5742.292969>) requested data for lock!
[21:14:34] Player (BeefySTi, 76561198095923512)(<7714.900879, 14.460533, 5750.724121>) requested data for lock!
[21:14:35] Player (BeefySTi, 76561198095923512)(<7714.426758, 14.460321, 5758.039551>) requested data for lock!
[21:14:35] Player (BeefySTi, 76561198095923512)(<7718.648926, 11.241293, 5754.739258>) requested data for lock!
[21:14:35] Player (BeefySTi, 76561198095923512)(<7711.676758, 13.064227, 5757.290039>) requested data for lock!
[21:14:35] Player (BeefySTi, 76561198095923512)(<7711.676758, 16.282442, 5757.290039>) requested data for lock!
[21:14:35] Player (BeefySTi, 76561198095923512)(<7715.110352, 11.241293, 5750.946289>) requested data for lock!
[21:14:35] Player (BeefySTi, 76561198095923512)(<7661.620605, 10.065259, 5743.938965>) requested data for lock!
[21:14:35] Player (BeefySTi, 76561198095923512)(<7716.231445, 12.100084, 5773.678223>) requested data for lock!
[21:14:36] Player (BeefySTi, 76561198095923512)(<7693.318848, 14.071611, 5773.753418>) requested data for lock!
[21:14:36] Player (BeefySTi, 76561198095923512)(<7718.253418, 11.241493, 5760.514160>) requested data for lock!
[21:14:37] Player (BeefySTi, 76561198095923512)(<7662.363281, 8.976425, 5750.038574>) requested data for lock!
[21:14:37] Player (BeefySTi, 76561198095923512)(<7683.068359, 11.242933, 5747.628906>) requested data for lock!
[21:14:37] Player (BeefySTi, 76561198095923512)(<7685.389648, 10.064847, 5744.467285>) requested data for lock!
[21:14:37] Player (BeefySTi, 76561198095923512)(<7689.023438, 14.242929, 5742.030762>) requested data for lock!
[21:14:38] Player (BeefySTi, 76561198095923512)(<7685.414551, 11.242929, 5739.559082>) requested data for lock!
[21:14:38] Player (BeefySTi, 76561198095923512)(<7711.328613, 11.241493, 5754.259277>) requested data for lock!
[21:14:38] Player (BeefySTi, 76561198095923512)(<7691.411621, 14.460941, 5739.756836>) requested data for lock!
[21:14:38] Player (BeefySTi, 76561198095923512)(<7718.428711, 14.459305, 5754.732910>) requested data for lock!
[21:14:38] Player (BeefySTi, 76561198095923512)(<7709.200195, 14.460329, 5740.092285>) requested data for lock!
[21:14:39] Player (BeefySTi, 76561198095923512)(<7702.713867, 14.460730, 5756.341309>) requested data for lock!
[21:14:39] Player (BeefySTi, 76561198095923512)(<7705.879883, 10.027159, 5751.533691>) requested data for lock!
[21:14:39] Player (BeefySTi, 76561198095923512)(<7698.786133, 10.026342, 5745.388184>) requested data for lock!
[21:14:39] Player (BeefySTi, 76561198095923512)(<7693.700684, 11.240681, 5741.929688>) requested data for lock!
[21:14:40] Player (BeefySTi, 76561198095923512)(<7683.447266, 11.242525, 5735.629883>) requested data for lock!
[21:14:40] Player (BeefySTi, 76561198095923512)(<7691.737793, 13.314800, 5742.585449>) requested data for lock!
[21:14:41] Player (BeefySTi, 76561198095923512)(<7697.417969, 13.314333, 5747.804688>) requested data for lock!
[21:14:42] Player (BeefySTi, 76561198095923512)(<7697.197754, 13.268526, 5742.450684>) requested data for lock!
[21:14:42] Player (BeefySTi, 76561198095923512)(<7694.773438, 13.271531, 5742.550781>) requested data for lock!
[21:14:42] Player (BeefySTi, 76561198095923512)(<7696.561523, 13.271531, 5742.445801>) requested data for lock!
[21:14:42] Player (BeefySTi, 76561198095923512)(<7685.394531, 10.095829, 5735.137207>) requested data for lock!
[21:14:42] Player (BeefySTi, 76561198095923512)(<7685.410645, 10.816349, 5735.210449>) requested data for lock!
[21:14:42] Player (BeefySTi, 76561198095923512)(<7697.863770, 13.269459, 5742.461914>) requested data for lock!
[21:14:43] Player (BeefySTi, 76561198095923512)(<7702.793945, 13.271327, 5746.936523>) requested data for lock!
[21:14:43] Player (BeefySTi, 76561198095923512)(<7702.797852, 13.271327, 5743.583984>) requested data for lock!
[21:14:43] Player (BeefySTi, 76561198095923512)(<7695.898926, 13.271531, 5742.437012>) requested data for lock!
[21:14:45] Player (BeefySTi, 76561198095923512)(<7715.562500, 10.097129, 5747.966797>) requested data for lock!
[21:14:46] Player (BeefySTi, 76561198095923512)(<7720.982910, 10.050047, 5737.982422>) requested data for lock!
[21:14:46] Player (BeefySTi, 76561198095923512)(<7719.535645, 10.094641, 5737.418945>) requested data for lock!
[21:14:46] Player (BeefySTi, 76561198095923512)(<7721.246582, 10.096925, 5739.351074>) requested data for lock!
[21:14:46] Player (BeefySTi, 76561198095923512)(<7720.990723, 10.049141, 5737.335938>) requested data for lock!
[21:14:46] Player (BeefySTi, 76561198095923512)(<7720.623047, 10.097129, 5748.136719>) requested data for lock!
[21:14:47] Player (BeefySTi, 76561198095923512)(<7717.141113, 10.094646, 5737.346680>) requested data for lock!
[21:14:47] Player (BeefySTi, 76561198095923512)(<7720.900391, 10.051270, 5740.673340>) requested data for lock!
[21:14:47] Player (BeefySTi, 76561198095923512)(<7720.912598, 10.051270, 5741.343750>) requested data for lock!
