[09-12-2022][05.04.13] New Synch Log File Created!
[07:08:33] Player (Frank, 76561199004385675)(<7695.473633, 72.137520, 8781.058594>) requested data for lock!
[07:08:33] Player (Frank, 76561199004385675)(<7680.255371, 72.015587, 8773.303711>) requested data for lock!
[07:08:33] Player (Frank, 76561199004385675)(<7683.026855, 83.966080, 8745.771484>) requested data for lock!
[07:08:33] Player (Frank, 76561199004385675)(<7675.137695, 80.001572, 8768.735352>) requested data for lock!
[07:08:33] Player (Frank, 76561199004385675)(<7676.165527, 83.987900, 8767.415039>) requested data for lock!
[07:08:33] Player (Frank, 76561199004385675)(<7674.046875, 78.006523, 8772.409180>) requested data for lock!
[07:08:33] Player (Frank, 76561199004385675)(<7681.709473, 80.001579, 8772.617188>) requested data for lock!
[07:08:33] Player (Frank, 76561199004385675)(<7681.902832, 75.988075, 8771.813477>) requested data for lock!
[07:08:33] Player (Frank, 76561199004385675)(<7676.849121, 79.988235, 8765.539063>) requested data for lock!
[07:08:33] Player (Frank, 76561199004385675)(<7676.613770, 80.001572, 8769.009766>) requested data for lock!
[07:56:46] Player (Frank, 76561199004385675)(<7680.255371, 72.015587, 8773.303711>) requested data for lock!
[07:56:46] Player (Frank, 76561199004385675)(<7683.026855, 83.966080, 8745.771484>) requested data for lock!
[07:56:47] Player (Frank, 76561199004385675)(<7695.473633, 72.137520, 8781.058594>) requested data for lock!
[07:58:38] Player (Frank, 76561199004385675)(<7675.137695, 80.001572, 8768.735352>) requested data for lock!
[07:58:39] Player (Frank, 76561199004385675)(<7676.165527, 83.987900, 8767.415039>) requested data for lock!
[07:58:40] Player (Frank, 76561199004385675)(<7676.849121, 79.988235, 8765.539063>) requested data for lock!
[07:58:40] Player (Frank, 76561199004385675)(<7681.709473, 80.001579, 8772.617188>) requested data for lock!
[07:58:40] Player (Frank, 76561199004385675)(<7681.902832, 75.988075, 8771.813477>) requested data for lock!
[07:58:40] Player (Frank, 76561199004385675)(<7676.613770, 80.001572, 8769.009766>) requested data for lock!
[07:58:41] Player (Frank, 76561199004385675)(<7674.046875, 78.006523, 8772.409180>) requested data for lock!
[08:17:46] Player (Frank, 76561199004385675)(<7683.026855, 83.966080, 8745.771484>) requested data for lock!
[08:17:46] Player (Frank, 76561199004385675)(<7680.255371, 72.015587, 8773.303711>) requested data for lock!
[08:17:46] Player (Frank, 76561199004385675)(<7695.473633, 72.137520, 8781.058594>) requested data for lock!
[08:17:46] Player (Frank, 76561199004385675)(<7675.137695, 80.001572, 8768.735352>) requested data for lock!
[08:17:46] Player (Frank, 76561199004385675)(<7676.165527, 83.987900, 8767.415039>) requested data for lock!
[08:17:46] Player (Frank, 76561199004385675)(<7676.849121, 79.988235, 8765.539063>) requested data for lock!
[08:17:46] Player (Frank, 76561199004385675)(<7681.709473, 80.001579, 8772.617188>) requested data for lock!
[08:17:46] Player (Frank, 76561199004385675)(<7681.902832, 75.988075, 8771.813477>) requested data for lock!
[08:17:46] Player (Frank, 76561199004385675)(<7676.613770, 80.001572, 8769.009766>) requested data for lock!
[08:17:46] Player (Frank, 76561199004385675)(<7674.046875, 78.006523, 8772.409180>) requested data for lock!
[08:56:45] Player (Frank, 76561199004385675)(<7680.255371, 72.015587, 8773.303711>) requested data for lock!
[08:56:45] Player (Frank, 76561199004385675)(<7683.026855, 83.966080, 8745.771484>) requested data for lock!
[08:56:46] Player (Frank, 76561199004385675)(<7695.473633, 72.137520, 8781.058594>) requested data for lock!
[08:59:28] Player (Frank, 76561199004385675)(<7675.137695, 80.001572, 8768.735352>) requested data for lock!
[08:59:30] Player (Frank, 76561199004385675)(<7676.165527, 83.987900, 8767.415039>) requested data for lock!
[08:59:30] Player (Frank, 76561199004385675)(<7676.849121, 79.988235, 8765.539063>) requested data for lock!
[08:59:30] Player (Frank, 76561199004385675)(<7676.613770, 80.001572, 8769.009766>) requested data for lock!
[08:59:32] Player (Frank, 76561199004385675)(<7674.046875, 78.006523, 8772.409180>) requested data for lock!
[08:59:32] Player (Frank, 76561199004385675)(<7681.709473, 80.001579, 8772.617188>) requested data for lock!
[08:59:32] Player (Frank, 76561199004385675)(<7681.902832, 75.988075, 8771.813477>) requested data for lock!
[09-12-2022][09.58.15] Log file reloaded ( Server Restart )
[10:12:12] Player (Frank, 76561199004385675)(<7683.026855, 83.966080, 8745.771484>) requested data for lock!
[10:12:12] Player (Frank, 76561199004385675)(<7680.255371, 72.015587, 8773.303711>) requested data for lock!
[10:12:12] Player (Frank, 76561199004385675)(<7695.473633, 72.137520, 8781.058594>) requested data for lock!
[10:12:12] Player (Frank, 76561199004385675)(<7674.046875, 78.006523, 8772.409180>) requested data for lock!
[10:12:12] Player (Frank, 76561199004385675)(<7675.137695, 80.001572, 8768.735352>) requested data for lock!
[10:12:12] Player (Frank, 76561199004385675)(<7676.613770, 80.001572, 8769.009766>) requested data for lock!
[10:12:12] Player (Frank, 76561199004385675)(<7681.902832, 75.988075, 8771.813477>) requested data for lock!
[10:12:12] Player (Frank, 76561199004385675)(<7681.709473, 80.001579, 8772.617188>) requested data for lock!
[10:12:12] Player (Frank, 76561199004385675)(<7676.849121, 79.988235, 8765.539063>) requested data for lock!
[10:12:12] Player (Frank, 76561199004385675)(<7676.165527, 83.987900, 8767.415039>) requested data for lock!
[11:03:02] Player (MRLeok, 76561198829305873)(<7683.026855, 83.966080, 8745.771484>) requested data for lock!
[11:03:02] Player (MRLeok, 76561198829305873)(<7695.473633, 72.137520, 8781.058594>) requested data for lock!
[11:03:02] Player (MRLeok, 76561198829305873)(<7680.255371, 72.015587, 8773.303711>) requested data for lock!
[11:03:02] Player (MRLeok, 76561198829305873)(<7676.165527, 83.987900, 8767.415039>) requested data for lock!
[11:03:02] Player (MRLeok, 76561198829305873)(<7676.849121, 79.988235, 8765.539063>) requested data for lock!
[11:03:02] Player (MRLeok, 76561198829305873)(<7674.046875, 78.006523, 8772.409180>) requested data for lock!
[11:03:02] Player (MRLeok, 76561198829305873)(<7676.613770, 80.001572, 8769.009766>) requested data for lock!
[11:03:02] Player (MRLeok, 76561198829305873)(<7675.137695, 80.001572, 8768.735352>) requested data for lock!
[11:03:02] Player (MRLeok, 76561198829305873)(<7681.902832, 75.988075, 8771.813477>) requested data for lock!
[11:03:02] Player (MRLeok, 76561198829305873)(<7681.709473, 80.001579, 8772.617188>) requested data for lock!
[11:15:11] Player (Frank, 76561199004385675)(<7695.473633, 72.137520, 8781.058594>) requested data for lock!
[11:15:15] Player (Frank, 76561199004385675)(<7680.255371, 72.015587, 8773.303711>) requested data for lock!
[11:15:22] Player (Frank, 76561199004385675)(<7683.026855, 83.966080, 8745.771484>) requested data for lock!
[11:17:28] Player (Frank, 76561199004385675)(<7675.137695, 80.001572, 8768.735352>) requested data for lock!
[11:17:39] Player (Frank, 76561199004385675)(<7681.709473, 80.001579, 8772.617188>) requested data for lock!
[11:18:46] Player (DuckMilk101, 76561198990795659)(<7715.203125, 11.241089, 5740.285156>) requested data for lock!
[11:18:46] Player (DuckMilk101, 76561198990795659)(<7698.786133, 10.026342, 5745.388184>) requested data for lock!
[11:18:46] Player (DuckMilk101, 76561198990795659)(<7705.879883, 10.027159, 5751.533691>) requested data for lock!
[11:18:46] Player (DuckMilk101, 76561198990795659)(<7718.352051, 10.051284, 5744.640625>) requested data for lock!
[11:18:46] Player (DuckMilk101, 76561198990795659)(<7711.676758, 13.064227, 5757.290039>) requested data for lock!
[11:18:46] Player (DuckMilk101, 76561198990795659)(<7715.110352, 11.241293, 5750.946289>) requested data for lock!
[11:18:46] Player (DuckMilk101, 76561198990795659)(<7714.426758, 14.460321, 5758.039551>) requested data for lock!
[11:18:46] Player (DuckMilk101, 76561198990795659)(<7718.648926, 11.241293, 5754.739258>) requested data for lock!
[11:18:46] Player (DuckMilk101, 76561198990795659)(<7716.231445, 12.100084, 5773.678223>) requested data for lock!
[11:18:46] Player (DuckMilk101, 76561198990795659)(<7718.253418, 11.241493, 5760.514160>) requested data for lock!
[11:18:46] Player (DuckMilk101, 76561198990795659)(<7702.713867, 14.460730, 5756.341309>) requested data for lock!
[11:18:47] Player (DuckMilk101, 76561198990795659)(<7711.328613, 11.241493, 5754.259277>) requested data for lock!
[11:18:47] Player (DuckMilk101, 76561198990795659)(<7711.676758, 16.282442, 5757.290039>) requested data for lock!
[11:18:47] Player (DuckMilk101, 76561198990795659)(<7718.428711, 14.459305, 5754.732910>) requested data for lock!
[11:18:47] Player (DuckMilk101, 76561198990795659)(<7714.900879, 14.460533, 5750.724121>) requested data for lock!
[11:18:47] Player (DuckMilk101, 76561198990795659)(<7709.200195, 14.460329, 5740.092285>) requested data for lock!
[11:18:47] Player (DuckMilk101, 76561198990795659)(<7705.694824, 11.241705, 5742.292969>) requested data for lock!
[11:18:47] Player (DuckMilk101, 76561198990795659)(<7703.081543, 14.460941, 5744.566895>) requested data for lock!
[11:18:47] Player (DuckMilk101, 76561198990795659)(<7662.363281, 8.976425, 5750.038574>) requested data for lock!
[11:18:47] Player (DuckMilk101, 76561198990795659)(<7661.620605, 10.065259, 5743.938965>) requested data for lock!
[11:18:47] Player (DuckMilk101, 76561198990795659)(<7683.447266, 11.242525, 5735.629883>) requested data for lock!
[11:18:47] Player (DuckMilk101, 76561198990795659)(<7685.414551, 11.242929, 5739.559082>) requested data for lock!
[11:18:47] Player (DuckMilk101, 76561198990795659)(<7683.068359, 11.242933, 5747.628906>) requested data for lock!
[11:18:47] Player (DuckMilk101, 76561198990795659)(<7685.389648, 10.064847, 5744.467285>) requested data for lock!
[11:18:48] Player (DuckMilk101, 76561198990795659)(<7693.318848, 14.071611, 5773.753418>) requested data for lock!
[11:18:48] Player (DuckMilk101, 76561198990795659)(<7691.411621, 14.460941, 5739.756836>) requested data for lock!
[11:18:48] Player (DuckMilk101, 76561198990795659)(<7693.700684, 11.240681, 5741.929688>) requested data for lock!
[11:18:48] Player (DuckMilk101, 76561198990795659)(<7689.023438, 14.242929, 5742.030762>) requested data for lock!
[11:23:53] Player (Frank, 76561199004385675)(<7681.902832, 75.988075, 8771.813477>) requested data for lock!
[11:23:54] Player (Frank, 76561199004385675)(<7681.709473, 80.001579, 8772.617188>) requested data for lock!
[11:23:55] Player (Frank, 76561199004385675)(<7676.165527, 83.987900, 8767.415039>) requested data for lock!
[11:23:56] Player (Frank, 76561199004385675)(<7676.849121, 79.988235, 8765.539063>) requested data for lock!
[11:23:57] Player (Frank, 76561199004385675)(<7676.613770, 80.001572, 8769.009766>) requested data for lock!
[11:23:59] Player (Frank, 76561199004385675)(<7675.137695, 80.001572, 8768.735352>) requested data for lock!
[11:23:59] Player (Frank, 76561199004385675)(<7674.046875, 78.006523, 8772.409180>) requested data for lock!
[11:25:35] Player (MRLeok, 76561198829305873)(<7683.026855, 83.966080, 8745.771484>) requested data for lock!
[11:25:35] Player (MRLeok, 76561198829305873)(<7680.255371, 72.015587, 8773.303711>) requested data for lock!
[11:25:35] Player (MRLeok, 76561198829305873)(<7695.473633, 72.137520, 8781.058594>) requested data for lock!
[11:26:55] Player (MRLeok, 76561198829305873)(<7681.902832, 75.988075, 8771.813477>) requested data for lock!
[11:26:55] Player (MRLeok, 76561198829305873)(<7681.709473, 80.001579, 8772.617188>) requested data for lock!
[11:26:56] Player (MRLeok, 76561198829305873)(<7676.165527, 83.987900, 8767.415039>) requested data for lock!
[11:26:57] Player (MRLeok, 76561198829305873)(<7676.849121, 79.988235, 8765.539063>) requested data for lock!
[11:26:57] Player (MRLeok, 76561198829305873)(<7676.613770, 80.001572, 8769.009766>) requested data for lock!
[11:26:58] Player (MRLeok, 76561198829305873)(<7675.137695, 80.001572, 8768.735352>) requested data for lock!
[11:26:58] Player (MRLeok, 76561198829305873)(<7674.046875, 78.006523, 8772.409180>) requested data for lock!
[11:46:32] Player (Alzbob, 76561198303394031)(<7715.203125, 11.241089, 5740.285156>) requested data for lock!
[11:46:32] Player (Alzbob, 76561198303394031)(<7698.786133, 10.026342, 5745.388184>) requested data for lock!
[11:46:32] Player (Alzbob, 76561198303394031)(<7705.879883, 10.027159, 5751.533691>) requested data for lock!
[11:46:32] Player (Alzbob, 76561198303394031)(<7718.352051, 10.051284, 5744.640625>) requested data for lock!
[11:46:32] Player (Alzbob, 76561198303394031)(<7711.676758, 13.064227, 5757.290039>) requested data for lock!
[11:46:32] Player (Alzbob, 76561198303394031)(<7715.110352, 11.241293, 5750.946289>) requested data for lock!
[11:46:32] Player (Alzbob, 76561198303394031)(<7714.426758, 14.460321, 5758.039551>) requested data for lock!
[11:46:32] Player (Alzbob, 76561198303394031)(<7718.648926, 11.241293, 5754.739258>) requested data for lock!
[11:46:33] Player (Alzbob, 76561198303394031)(<7716.231445, 12.100084, 5773.678223>) requested data for lock!
[11:46:33] Player (Alzbob, 76561198303394031)(<7718.253418, 11.241493, 5760.514160>) requested data for lock!
[11:46:33] Player (Alzbob, 76561198303394031)(<7702.713867, 14.460730, 5756.341309>) requested data for lock!
[11:46:33] Player (Alzbob, 76561198303394031)(<7711.328613, 11.241493, 5754.259277>) requested data for lock!
[11:46:33] Player (Alzbob, 76561198303394031)(<7711.676758, 16.282442, 5757.290039>) requested data for lock!
[11:46:33] Player (Alzbob, 76561198303394031)(<7718.428711, 14.459305, 5754.732910>) requested data for lock!
[11:46:33] Player (Alzbob, 76561198303394031)(<7714.900879, 14.460533, 5750.724121>) requested data for lock!
[11:46:33] Player (Alzbob, 76561198303394031)(<7709.200195, 14.460329, 5740.092285>) requested data for lock!
[11:46:33] Player (Alzbob, 76561198303394031)(<7705.694824, 11.241705, 5742.292969>) requested data for lock!
[11:46:33] Player (Alzbob, 76561198303394031)(<7703.081543, 14.460941, 5744.566895>) requested data for lock!
[11:46:33] Player (Alzbob, 76561198303394031)(<7662.363281, 8.976425, 5750.038574>) requested data for lock!
[11:46:33] Player (Alzbob, 76561198303394031)(<7661.620605, 10.065259, 5743.938965>) requested data for lock!
[11:46:33] Player (Alzbob, 76561198303394031)(<7683.447266, 11.242525, 5735.629883>) requested data for lock!
[11:46:33] Player (Alzbob, 76561198303394031)(<7685.414551, 11.242929, 5739.559082>) requested data for lock!
[11:46:33] Player (Alzbob, 76561198303394031)(<7683.068359, 11.242933, 5747.628906>) requested data for lock!
[11:46:33] Player (Alzbob, 76561198303394031)(<7685.389648, 10.064847, 5744.467285>) requested data for lock!
[11:46:34] Player (Alzbob, 76561198303394031)(<7693.318848, 14.071611, 5773.753418>) requested data for lock!
[11:46:34] Player (Alzbob, 76561198303394031)(<7691.411621, 14.460941, 5739.756836>) requested data for lock!
[11:46:34] Player (Alzbob, 76561198303394031)(<7693.700684, 11.240681, 5741.929688>) requested data for lock!
[11:46:34] Player (Alzbob, 76561198303394031)(<7689.023438, 14.242929, 5742.030762>) requested data for lock!
[11:46:35] Player (Alzbob, 76561198303394031)(<7694.773438, 13.271531, 5742.550781>) requested data for lock!
[11:46:35] Player (Alzbob, 76561198303394031)(<7697.197754, 13.268526, 5742.450684>) requested data for lock!
[11:46:35] Player (Alzbob, 76561198303394031)(<7696.561523, 13.271531, 5742.445801>) requested data for lock!
[11:46:35] Player (Alzbob, 76561198303394031)(<7695.898926, 13.271531, 5742.437012>) requested data for lock!
[11:46:35] Player (Alzbob, 76561198303394031)(<7697.863770, 13.269459, 5742.461914>) requested data for lock!
[11:46:35] Player (Alzbob, 76561198303394031)(<7697.417969, 13.314333, 5747.804688>) requested data for lock!
[11:46:36] Player (Alzbob, 76561198303394031)(<7685.394531, 10.095829, 5735.137207>) requested data for lock!
[11:46:36] Player (Alzbob, 76561198303394031)(<7685.410645, 10.816349, 5735.210449>) requested data for lock!
[11:46:36] Player (Alzbob, 76561198303394031)(<7691.737793, 13.314800, 5742.585449>) requested data for lock!
[11:46:37] Player (Alzbob, 76561198303394031)(<7702.793945, 13.271327, 5746.936523>) requested data for lock!
[11:46:38] Player (Alzbob, 76561198303394031)(<7702.797852, 13.271327, 5743.583984>) requested data for lock!
[11:46:39] Player (Alzbob, 76561198303394031)(<7720.623047, 10.097129, 5748.136719>) requested data for lock!
[11:46:39] Player (Alzbob, 76561198303394031)(<7715.562500, 10.097129, 5747.966797>) requested data for lock!
[11:46:40] Player (Alzbob, 76561198303394031)(<7720.982910, 10.050047, 5737.982422>) requested data for lock!
[11:46:40] Player (Alzbob, 76561198303394031)(<7717.141113, 10.094646, 5737.346680>) requested data for lock!
[11:46:40] Player (Alzbob, 76561198303394031)(<7720.990723, 10.049141, 5737.335938>) requested data for lock!
[11:46:40] Player (Alzbob, 76561198303394031)(<7719.535645, 10.094641, 5737.418945>) requested data for lock!
[11:46:40] Player (Alzbob, 76561198303394031)(<7720.912598, 10.051270, 5741.343750>) requested data for lock!
[11:46:40] Player (Alzbob, 76561198303394031)(<7720.900391, 10.051270, 5740.673340>) requested data for lock!
[11:46:40] Player (Alzbob, 76561198303394031)(<7721.246582, 10.096925, 5739.351074>) requested data for lock!
[11:53:20] Player (Frank, 76561199004385675)(<7683.026855, 83.966080, 8745.771484>) requested data for lock!
[11:53:37] Player (Frank, 76561199004385675)(<7680.255371, 72.015587, 8773.303711>) requested data for lock!
[11:53:39] Player (Frank, 76561199004385675)(<7695.473633, 72.137520, 8781.058594>) requested data for lock!
[11:55:05] Player (MRLeok, 76561198829305873)(<7683.026855, 83.966080, 8745.771484>) requested data for lock!
[11:55:10] Player (MRLeok, 76561198829305873)(<7680.255371, 72.015587, 8773.303711>) requested data for lock!
[11:55:11] Player (MRLeok, 76561198829305873)(<7695.473633, 72.137520, 8781.058594>) requested data for lock!
[11:57:28] Player (Frank, 76561199004385675)(<7676.613770, 80.001572, 8769.009766>) requested data for lock!
[11:57:30] Player (Frank, 76561199004385675)(<7675.137695, 80.001572, 8768.735352>) requested data for lock!
[11:57:31] Player (Frank, 76561199004385675)(<7676.165527, 83.987900, 8767.415039>) requested data for lock!
[11:57:32] Player (Frank, 76561199004385675)(<7676.849121, 79.988235, 8765.539063>) requested data for lock!
[11:57:33] Player (Frank, 76561199004385675)(<7681.902832, 75.988075, 8771.813477>) requested data for lock!
[11:57:33] Player (Frank, 76561199004385675)(<7681.709473, 80.001579, 8772.617188>) requested data for lock!
[11:57:33] Player (Frank, 76561199004385675)(<7674.046875, 78.006523, 8772.409180>) requested data for lock!
[12:21:16] Player (Frank, 76561199004385675)(<7680.255371, 72.015587, 8773.303711>) requested data for lock!
[12:21:16] Player (Frank, 76561199004385675)(<7695.473633, 72.137520, 8781.058594>) requested data for lock!
[12:21:16] Player (Frank, 76561199004385675)(<7683.026855, 83.966080, 8745.771484>) requested data for lock!
[12:21:16] Player (Frank, 76561199004385675)(<7676.613770, 80.001572, 8769.009766>) requested data for lock!
[12:21:16] Player (Frank, 76561199004385675)(<7675.137695, 80.001572, 8768.735352>) requested data for lock!
[12:21:16] Player (Frank, 76561199004385675)(<7676.165527, 83.987900, 8767.415039>) requested data for lock!
[12:21:16] Player (Frank, 76561199004385675)(<7676.849121, 79.988235, 8765.539063>) requested data for lock!
[12:21:16] Player (Frank, 76561199004385675)(<7681.902832, 75.988075, 8771.813477>) requested data for lock!
[12:21:16] Player (Frank, 76561199004385675)(<7681.709473, 80.001579, 8772.617188>) requested data for lock!
[12:21:16] Player (Frank, 76561199004385675)(<7674.046875, 78.006523, 8772.409180>) requested data for lock!
[14:21:13] Player (Frank, 76561199004385675)(<7680.255371, 72.015587, 8773.303711>) requested data for lock!
[14:21:13] Player (Frank, 76561199004385675)(<7683.026855, 83.966080, 8745.771484>) requested data for lock!
[14:21:14] Player (Frank, 76561199004385675)(<7695.473633, 72.137520, 8781.058594>) requested data for lock!
[14:23:03] Player (Frank, 76561199004385675)(<7676.849121, 79.988235, 8765.539063>) requested data for lock!
[14:23:05] Player (Frank, 76561199004385675)(<7676.613770, 80.001572, 8769.009766>) requested data for lock!
[14:23:06] Player (Frank, 76561199004385675)(<7675.137695, 80.001572, 8768.735352>) requested data for lock!
[14:23:06] Player (Frank, 76561199004385675)(<7676.165527, 83.987900, 8767.415039>) requested data for lock!
[14:23:06] Player (Frank, 76561199004385675)(<7681.902832, 75.988075, 8771.813477>) requested data for lock!
[14:23:06] Player (Frank, 76561199004385675)(<7681.709473, 80.001579, 8772.617188>) requested data for lock!
[14:23:06] Player (Frank, 76561199004385675)(<7674.046875, 78.006523, 8772.409180>) requested data for lock!
[14:28:04] Player (MRLeok, 76561198829305873)(<7680.255371, 72.015587, 8773.303711>) requested data for lock!
[14:28:04] Player (MRLeok, 76561198829305873)(<7683.026855, 83.966080, 8745.771484>) requested data for lock!
[14:31:13] Player (MRLeok, 76561198829305873)(<7680.255371, 72.015587, 8773.303711>) requested data for lock!
[14:31:14] Player (MRLeok, 76561198829305873)(<7683.026855, 83.966080, 8745.771484>) requested data for lock!
[14:31:16] Player (MRLeok, 76561198829305873)(<7695.473633, 72.137520, 8781.058594>) requested data for lock!
[14:31:29] Player (Frank, 76561199004385675)(<7654.759277, 79.972855, 8758.021484>) requested data for lock!
[14:31:29] Player (MRLeok, 76561198829305873)(<7654.759277, 79.972855, 8758.021484>) requested data for lock!
[14:33:40] Player (MRLeok, 76561198829305873)(<7654.759277, 79.972855, 8758.021484>) requested data for lock!
[14:33:45] Player (MRLeok, 76561198829305873)(<7676.613770, 80.001572, 8769.009766>) requested data for lock!
[14:33:47] Player (MRLeok, 76561198829305873)(<7675.137695, 80.001572, 8768.735352>) requested data for lock!
[14:33:47] Player (MRLeok, 76561198829305873)(<7676.165527, 83.987900, 8767.415039>) requested data for lock!
[14:33:48] Player (MRLeok, 76561198829305873)(<7676.849121, 79.988235, 8765.539063>) requested data for lock!
[14:33:50] Player (MRLeok, 76561198829305873)(<7674.046875, 78.006523, 8772.409180>) requested data for lock!
[14:33:50] Player (MRLeok, 76561198829305873)(<7681.902832, 75.988075, 8771.813477>) requested data for lock!
[14:33:51] Player (MRLeok, 76561198829305873)(<7681.709473, 80.001579, 8772.617188>) requested data for lock!
[14:38:12] Player (Frank, 76561199004385675)(<7676.849121, 79.988235, 8765.539063>) requested data for lock!
[14:38:12] Player (MRLeok, 76561198829305873)(<7676.849121, 79.988235, 8765.539063>) requested data for lock!
[15:05:38] Player (R3V0FD3V, 76561198893350931)(<7661.620605, 10.065259, 5743.938965>) requested data for lock!
[15:05:39] Player (R3V0FD3V, 76561198893350931)(<7662.363281, 8.976425, 5750.038574>) requested data for lock!
[15:05:42] Player (R3V0FD3V, 76561198893350931)(<7683.068359, 11.242933, 5747.628906>) requested data for lock!
[15:05:42] Player (R3V0FD3V, 76561198893350931)(<7683.447266, 11.242525, 5735.629883>) requested data for lock!
[15:05:43] Player (R3V0FD3V, 76561198893350931)(<7685.389648, 10.064847, 5744.467285>) requested data for lock!
[15:05:43] Player (R3V0FD3V, 76561198893350931)(<7685.414551, 11.242929, 5739.559082>) requested data for lock!
[15:05:43] Player (R3V0FD3V, 76561198893350931)(<7689.023438, 14.242929, 5742.030762>) requested data for lock!
[15:05:44] Player (R3V0FD3V, 76561198893350931)(<7691.411621, 14.460941, 5739.756836>) requested data for lock!
[15:05:44] Player (R3V0FD3V, 76561198893350931)(<7693.318848, 14.071611, 5773.753418>) requested data for lock!
[15:05:44] Player (R3V0FD3V, 76561198893350931)(<7693.700684, 11.240681, 5741.929688>) requested data for lock!
[15:05:44] Player (R3V0FD3V, 76561198893350931)(<7698.786133, 10.026342, 5745.388184>) requested data for lock!
[15:05:46] Player (R3V0FD3V, 76561198893350931)(<7702.713867, 14.460730, 5756.341309>) requested data for lock!
[15:05:46] Player (R3V0FD3V, 76561198893350931)(<7703.081543, 14.460941, 5744.566895>) requested data for lock!
[15:05:46] Player (R3V0FD3V, 76561198893350931)(<7705.879883, 10.027159, 5751.533691>) requested data for lock!
[15:05:46] Player (R3V0FD3V, 76561198893350931)(<7705.694824, 11.241705, 5742.292969>) requested data for lock!
[15:05:46] Player (R3V0FD3V, 76561198893350931)(<7709.200195, 14.460329, 5740.092285>) requested data for lock!
[15:05:47] Player (R3V0FD3V, 76561198893350931)(<7711.676758, 13.064227, 5757.290039>) requested data for lock!
[15:05:47] Player (R3V0FD3V, 76561198893350931)(<7711.676758, 16.282442, 5757.290039>) requested data for lock!
[15:05:47] Player (R3V0FD3V, 76561198893350931)(<7711.328613, 11.241493, 5754.259277>) requested data for lock!
[15:05:47] Player (R3V0FD3V, 76561198893350931)(<7714.426758, 14.460321, 5758.039551>) requested data for lock!
[15:05:47] Player (R3V0FD3V, 76561198893350931)(<7714.900879, 14.460533, 5750.724121>) requested data for lock!
[15:05:47] Player (R3V0FD3V, 76561198893350931)(<7715.110352, 11.241293, 5750.946289>) requested data for lock!
[15:05:47] Player (R3V0FD3V, 76561198893350931)(<7715.203125, 11.241089, 5740.285156>) requested data for lock!
[15:05:47] Player (R3V0FD3V, 76561198893350931)(<7716.231445, 12.100084, 5773.678223>) requested data for lock!
[15:05:47] Player (R3V0FD3V, 76561198893350931)(<7718.253418, 11.241493, 5760.514160>) requested data for lock!
[15:05:47] Player (R3V0FD3V, 76561198893350931)(<7718.428711, 14.459305, 5754.732910>) requested data for lock!
[15:05:47] Player (R3V0FD3V, 76561198893350931)(<7718.648926, 11.241293, 5754.739258>) requested data for lock!
[15:05:48] Player (R3V0FD3V, 76561198893350931)(<7718.352051, 10.051284, 5744.640625>) requested data for lock!
[15:06:18] Player (JakusMallius, 76561198067006084)(<7715.203125, 11.241089, 5740.285156>) requested data for lock!
[15:06:18] Player (JakusMallius, 76561198067006084)(<7698.786133, 10.026342, 5745.388184>) requested data for lock!
[15:06:18] Player (JakusMallius, 76561198067006084)(<7705.879883, 10.027159, 5751.533691>) requested data for lock!
[15:06:18] Player (JakusMallius, 76561198067006084)(<7718.352051, 10.051284, 5744.640625>) requested data for lock!
[15:06:18] Player (JakusMallius, 76561198067006084)(<7711.676758, 13.064227, 5757.290039>) requested data for lock!
[15:06:18] Player (JakusMallius, 76561198067006084)(<7715.110352, 11.241293, 5750.946289>) requested data for lock!
[15:06:18] Player (JakusMallius, 76561198067006084)(<7714.426758, 14.460321, 5758.039551>) requested data for lock!
[15:06:18] Player (JakusMallius, 76561198067006084)(<7718.648926, 11.241293, 5754.739258>) requested data for lock!
[15:06:18] Player (JakusMallius, 76561198067006084)(<7716.231445, 12.100084, 5773.678223>) requested data for lock!
[15:06:18] Player (JakusMallius, 76561198067006084)(<7718.253418, 11.241493, 5760.514160>) requested data for lock!
[15:06:18] Player (JakusMallius, 76561198067006084)(<7702.713867, 14.460730, 5756.341309>) requested data for lock!
[15:06:18] Player (JakusMallius, 76561198067006084)(<7711.328613, 11.241493, 5754.259277>) requested data for lock!
[15:06:18] Player (JakusMallius, 76561198067006084)(<7711.676758, 16.282442, 5757.290039>) requested data for lock!
[15:06:18] Player (JakusMallius, 76561198067006084)(<7718.428711, 14.459305, 5754.732910>) requested data for lock!
[15:06:18] Player (JakusMallius, 76561198067006084)(<7714.900879, 14.460533, 5750.724121>) requested data for lock!
[15:06:18] Player (JakusMallius, 76561198067006084)(<7709.200195, 14.460329, 5740.092285>) requested data for lock!
[15:06:18] Player (JakusMallius, 76561198067006084)(<7705.694824, 11.241705, 5742.292969>) requested data for lock!
[15:06:18] Player (JakusMallius, 76561198067006084)(<7703.081543, 14.460941, 5744.566895>) requested data for lock!
[15:06:18] Player (JakusMallius, 76561198067006084)(<7662.363281, 8.976425, 5750.038574>) requested data for lock!
[15:06:18] Player (JakusMallius, 76561198067006084)(<7661.620605, 10.065259, 5743.938965>) requested data for lock!
[15:06:18] Player (JakusMallius, 76561198067006084)(<7683.447266, 11.242525, 5735.629883>) requested data for lock!
[15:06:18] Player (JakusMallius, 76561198067006084)(<7685.414551, 11.242929, 5739.559082>) requested data for lock!
[15:06:18] Player (JakusMallius, 76561198067006084)(<7683.068359, 11.242933, 5747.628906>) requested data for lock!
[15:06:18] Player (JakusMallius, 76561198067006084)(<7685.389648, 10.064847, 5744.467285>) requested data for lock!
[15:06:18] Player (JakusMallius, 76561198067006084)(<7693.318848, 14.071611, 5773.753418>) requested data for lock!
[15:06:18] Player (JakusMallius, 76561198067006084)(<7691.411621, 14.460941, 5739.756836>) requested data for lock!
[15:06:18] Player (JakusMallius, 76561198067006084)(<7693.700684, 11.240681, 5741.929688>) requested data for lock!
[15:06:18] Player (JakusMallius, 76561198067006084)(<7689.023438, 14.242929, 5742.030762>) requested data for lock!
[15:06:18] Player (JakusMallius, 76561198067006084)(<7694.773438, 13.271531, 5742.550781>) requested data for lock!
[15:06:18] Player (JakusMallius, 76561198067006084)(<7697.197754, 13.268526, 5742.450684>) requested data for lock!
[15:06:18] Player (JakusMallius, 76561198067006084)(<7696.561523, 13.271531, 5742.445801>) requested data for lock!
[15:06:18] Player (JakusMallius, 76561198067006084)(<7695.898926, 13.271531, 5742.437012>) requested data for lock!
[15:06:18] Player (JakusMallius, 76561198067006084)(<7697.863770, 13.269459, 5742.461914>) requested data for lock!
[15:06:18] Player (JakusMallius, 76561198067006084)(<7697.417969, 13.314333, 5747.804688>) requested data for lock!
[15:06:18] Player (JakusMallius, 76561198067006084)(<7685.394531, 10.095829, 5735.137207>) requested data for lock!
[15:06:18] Player (JakusMallius, 76561198067006084)(<7685.410645, 10.816349, 5735.210449>) requested data for lock!
[15:06:18] Player (JakusMallius, 76561198067006084)(<7691.737793, 13.314800, 5742.585449>) requested data for lock!
[15:06:18] Player (JakusMallius, 76561198067006084)(<7702.793945, 13.271327, 5746.936523>) requested data for lock!
[15:06:18] Player (JakusMallius, 76561198067006084)(<7702.797852, 13.271327, 5743.583984>) requested data for lock!
[15:06:18] Player (JakusMallius, 76561198067006084)(<7720.623047, 10.097129, 5748.136719>) requested data for lock!
[15:06:18] Player (JakusMallius, 76561198067006084)(<7715.562500, 10.097129, 5747.966797>) requested data for lock!
[15:06:19] Player (JakusMallius, 76561198067006084)(<7720.982910, 10.050047, 5737.982422>) requested data for lock!
[15:06:19] Player (JakusMallius, 76561198067006084)(<7717.141113, 10.094646, 5737.346680>) requested data for lock!
[15:06:19] Player (JakusMallius, 76561198067006084)(<7720.990723, 10.049141, 5737.335938>) requested data for lock!
[15:06:19] Player (JakusMallius, 76561198067006084)(<7719.535645, 10.094641, 5737.418945>) requested data for lock!
[15:06:19] Player (JakusMallius, 76561198067006084)(<7720.912598, 10.051270, 5741.343750>) requested data for lock!
[15:06:19] Player (JakusMallius, 76561198067006084)(<7720.900391, 10.051270, 5740.673340>) requested data for lock!
[15:06:19] Player (JakusMallius, 76561198067006084)(<7721.246582, 10.096925, 5739.351074>) requested data for lock!
[15:07:25] Player (MRLeok, 76561198829305873)(<7654.759277, 79.972855, 8758.021484>) requested data for lock!
[15:07:27] Player (MRLeok, 76561198829305873)(<7676.613770, 80.001572, 8769.009766>) requested data for lock!
[15:07:29] Player (MRLeok, 76561198829305873)(<7675.137695, 80.001572, 8768.735352>) requested data for lock!
[15:07:30] Player (MRLeok, 76561198829305873)(<7676.165527, 83.987900, 8767.415039>) requested data for lock!
[15:07:31] Player (MRLeok, 76561198829305873)(<7676.849121, 79.988235, 8765.539063>) requested data for lock!
[15:07:32] Player (MRLeok, 76561198829305873)(<7681.902832, 75.988075, 8771.813477>) requested data for lock!
[15:07:33] Player (MRLeok, 76561198829305873)(<7674.046875, 78.006523, 8772.409180>) requested data for lock!
[15:07:33] Player (MRLeok, 76561198829305873)(<7681.709473, 80.001579, 8772.617188>) requested data for lock!
[15:09:32] Player (Alzbob, 76561198303394031)(<7715.203125, 11.241089, 5740.285156>) requested data for lock!
[15:09:32] Player (Alzbob, 76561198303394031)(<7698.786133, 10.026342, 5745.388184>) requested data for lock!
[15:09:32] Player (Alzbob, 76561198303394031)(<7705.879883, 10.027159, 5751.533691>) requested data for lock!
[15:09:32] Player (Alzbob, 76561198303394031)(<7718.352051, 10.051284, 5744.640625>) requested data for lock!
[15:09:33] Player (Alzbob, 76561198303394031)(<7711.676758, 13.064227, 5757.290039>) requested data for lock!
[15:09:33] Player (Alzbob, 76561198303394031)(<7715.110352, 11.241293, 5750.946289>) requested data for lock!
[15:09:33] Player (Alzbob, 76561198303394031)(<7714.426758, 14.460321, 5758.039551>) requested data for lock!
[15:09:33] Player (Alzbob, 76561198303394031)(<7718.648926, 11.241293, 5754.739258>) requested data for lock!
[15:09:33] Player (Alzbob, 76561198303394031)(<7716.231445, 12.100084, 5773.678223>) requested data for lock!
[15:09:33] Player (Alzbob, 76561198303394031)(<7718.253418, 11.241493, 5760.514160>) requested data for lock!
[15:09:33] Player (Alzbob, 76561198303394031)(<7702.713867, 14.460730, 5756.341309>) requested data for lock!
[15:09:33] Player (Alzbob, 76561198303394031)(<7711.328613, 11.241493, 5754.259277>) requested data for lock!
[15:09:33] Player (Alzbob, 76561198303394031)(<7711.676758, 16.282442, 5757.290039>) requested data for lock!
[15:09:33] Player (Alzbob, 76561198303394031)(<7718.428711, 14.459305, 5754.732910>) requested data for lock!
[15:09:33] Player (Alzbob, 76561198303394031)(<7714.900879, 14.460533, 5750.724121>) requested data for lock!
[15:09:33] Player (Alzbob, 76561198303394031)(<7709.200195, 14.460329, 5740.092285>) requested data for lock!
[15:09:33] Player (Alzbob, 76561198303394031)(<7705.694824, 11.241705, 5742.292969>) requested data for lock!
[15:09:33] Player (Alzbob, 76561198303394031)(<7703.081543, 14.460941, 5744.566895>) requested data for lock!
[15:09:34] Player (Alzbob, 76561198303394031)(<7662.363281, 8.976425, 5750.038574>) requested data for lock!
[15:09:34] Player (Alzbob, 76561198303394031)(<7661.620605, 10.065259, 5743.938965>) requested data for lock!
[15:09:34] Player (Alzbob, 76561198303394031)(<7683.447266, 11.242525, 5735.629883>) requested data for lock!
[15:09:34] Player (Alzbob, 76561198303394031)(<7685.414551, 11.242929, 5739.559082>) requested data for lock!
[15:09:34] Player (Alzbob, 76561198303394031)(<7683.068359, 11.242933, 5747.628906>) requested data for lock!
[15:09:34] Player (Alzbob, 76561198303394031)(<7685.389648, 10.064847, 5744.467285>) requested data for lock!
[15:09:35] Player (Alzbob, 76561198303394031)(<7693.318848, 14.071611, 5773.753418>) requested data for lock!
[15:09:35] Player (Alzbob, 76561198303394031)(<7691.411621, 14.460941, 5739.756836>) requested data for lock!
[15:09:35] Player (Alzbob, 76561198303394031)(<7693.700684, 11.240681, 5741.929688>) requested data for lock!
[15:09:35] Player (Alzbob, 76561198303394031)(<7689.023438, 14.242929, 5742.030762>) requested data for lock!
[15:17:07] Player (R3V0FD3V, 76561198893350931)(<7715.203125, 11.241089, 5740.285156>) requested data for lock!
[15:17:08] Player (R3V0FD3V, 76561198893350931)(<7698.786133, 10.026342, 5745.388184>) requested data for lock!
[15:17:14] Player (R3V0FD3V, 76561198893350931)(<7705.879883, 10.027159, 5751.533691>) requested data for lock!
[15:17:15] Player (R3V0FD3V, 76561198893350931)(<7718.352051, 10.051284, 5744.640625>) requested data for lock!
[15:17:17] Player (R3V0FD3V, 76561198893350931)(<7711.676758, 13.064227, 5757.290039>) requested data for lock!
[15:18:09] Player (R3V0FD3V, 76561198893350931)(<7715.203125, 11.241089, 5740.285156>) requested data for lock!
[15:18:09] Player (R3V0FD3V, 76561198893350931)(<7698.786133, 10.026342, 5745.388184>) requested data for lock!
[15:18:09] Player (R3V0FD3V, 76561198893350931)(<7705.879883, 10.027159, 5751.533691>) requested data for lock!
[15:18:09] Player (R3V0FD3V, 76561198893350931)(<7718.352051, 10.051284, 5744.640625>) requested data for lock!
[15:18:09] Player (R3V0FD3V, 76561198893350931)(<7711.676758, 13.064227, 5757.290039>) requested data for lock!
[15:18:09] Player (R3V0FD3V, 76561198893350931)(<7715.110352, 11.241293, 5750.946289>) requested data for lock!
[15:18:09] Player (R3V0FD3V, 76561198893350931)(<7714.426758, 14.460321, 5758.039551>) requested data for lock!
[15:18:09] Player (R3V0FD3V, 76561198893350931)(<7718.648926, 11.241293, 5754.739258>) requested data for lock!
[15:18:09] Player (R3V0FD3V, 76561198893350931)(<7716.231445, 12.100084, 5773.678223>) requested data for lock!
[15:18:09] Player (R3V0FD3V, 76561198893350931)(<7718.253418, 11.241493, 5760.514160>) requested data for lock!
[15:18:09] Player (R3V0FD3V, 76561198893350931)(<7702.713867, 14.460730, 5756.341309>) requested data for lock!
[15:18:09] Player (R3V0FD3V, 76561198893350931)(<7711.328613, 11.241493, 5754.259277>) requested data for lock!
[15:18:09] Player (R3V0FD3V, 76561198893350931)(<7711.676758, 16.282442, 5757.290039>) requested data for lock!
[15:18:09] Player (R3V0FD3V, 76561198893350931)(<7718.428711, 14.459305, 5754.732910>) requested data for lock!
[15:18:09] Player (R3V0FD3V, 76561198893350931)(<7714.900879, 14.460533, 5750.724121>) requested data for lock!
[15:18:09] Player (R3V0FD3V, 76561198893350931)(<7709.200195, 14.460329, 5740.092285>) requested data for lock!
[15:18:09] Player (R3V0FD3V, 76561198893350931)(<7705.694824, 11.241705, 5742.292969>) requested data for lock!
[15:18:09] Player (R3V0FD3V, 76561198893350931)(<7703.081543, 14.460941, 5744.566895>) requested data for lock!
[15:18:10] Player (R3V0FD3V, 76561198893350931)(<7662.363281, 8.976425, 5750.038574>) requested data for lock!
[15:18:10] Player (R3V0FD3V, 76561198893350931)(<7661.620605, 10.065259, 5743.938965>) requested data for lock!
[15:18:10] Player (R3V0FD3V, 76561198893350931)(<7683.447266, 11.242525, 5735.629883>) requested data for lock!
[15:18:10] Player (R3V0FD3V, 76561198893350931)(<7685.414551, 11.242929, 5739.559082>) requested data for lock!
[15:18:10] Player (R3V0FD3V, 76561198893350931)(<7683.068359, 11.242933, 5747.628906>) requested data for lock!
[15:18:10] Player (R3V0FD3V, 76561198893350931)(<7685.389648, 10.064847, 5744.467285>) requested data for lock!
[15:18:10] Player (R3V0FD3V, 76561198893350931)(<7693.318848, 14.071611, 5773.753418>) requested data for lock!
[15:18:11] Player (R3V0FD3V, 76561198893350931)(<7691.411621, 14.460941, 5739.756836>) requested data for lock!
[15:18:11] Player (R3V0FD3V, 76561198893350931)(<7693.700684, 11.240681, 5741.929688>) requested data for lock!
[15:18:11] Player (R3V0FD3V, 76561198893350931)(<7689.023438, 14.242929, 5742.030762>) requested data for lock!
[15:27:59] Player (R3V0FD3V, 76561198893350931)(<7715.203125, 11.241089, 5740.285156>) requested data for lock!
[15:28:00] Player (R3V0FD3V, 76561198893350931)(<7698.786133, 10.026342, 5745.388184>) requested data for lock!
[15:28:00] Player (R3V0FD3V, 76561198893350931)(<7705.879883, 10.027159, 5751.533691>) requested data for lock!
[15:28:00] Player (R3V0FD3V, 76561198893350931)(<7718.352051, 10.051284, 5744.640625>) requested data for lock!
[15:28:00] Player (R3V0FD3V, 76561198893350931)(<7711.676758, 13.064227, 5757.290039>) requested data for lock!
[15:28:00] Player (R3V0FD3V, 76561198893350931)(<7715.110352, 11.241293, 5750.946289>) requested data for lock!
[15:28:00] Player (R3V0FD3V, 76561198893350931)(<7714.426758, 14.460321, 5758.039551>) requested data for lock!
[15:28:00] Player (R3V0FD3V, 76561198893350931)(<7718.648926, 11.241293, 5754.739258>) requested data for lock!
[15:28:00] Player (R3V0FD3V, 76561198893350931)(<7716.231445, 12.100084, 5773.678223>) requested data for lock!
[15:28:00] Player (R3V0FD3V, 76561198893350931)(<7718.253418, 11.241493, 5760.514160>) requested data for lock!
[15:28:00] Player (R3V0FD3V, 76561198893350931)(<7702.713867, 14.460730, 5756.341309>) requested data for lock!
[15:28:00] Player (R3V0FD3V, 76561198893350931)(<7711.328613, 11.241493, 5754.259277>) requested data for lock!
[15:28:00] Player (R3V0FD3V, 76561198893350931)(<7711.676758, 16.282442, 5757.290039>) requested data for lock!
[15:28:00] Player (R3V0FD3V, 76561198893350931)(<7718.428711, 14.459305, 5754.732910>) requested data for lock!
[15:28:00] Player (R3V0FD3V, 76561198893350931)(<7714.900879, 14.460533, 5750.724121>) requested data for lock!
[15:28:00] Player (R3V0FD3V, 76561198893350931)(<7709.200195, 14.460329, 5740.092285>) requested data for lock!
[15:28:01] Player (R3V0FD3V, 76561198893350931)(<7705.694824, 11.241705, 5742.292969>) requested data for lock!
[15:28:01] Player (R3V0FD3V, 76561198893350931)(<7703.081543, 14.460941, 5744.566895>) requested data for lock!
[15:28:01] Player (R3V0FD3V, 76561198893350931)(<7662.363281, 8.976425, 5750.038574>) requested data for lock!
[15:28:01] Player (R3V0FD3V, 76561198893350931)(<7661.620605, 10.065259, 5743.938965>) requested data for lock!
[15:28:01] Player (R3V0FD3V, 76561198893350931)(<7683.447266, 11.242525, 5735.629883>) requested data for lock!
[15:28:01] Player (R3V0FD3V, 76561198893350931)(<7685.414551, 11.242929, 5739.559082>) requested data for lock!
[15:28:01] Player (R3V0FD3V, 76561198893350931)(<7683.068359, 11.242933, 5747.628906>) requested data for lock!
[15:28:01] Player (R3V0FD3V, 76561198893350931)(<7685.389648, 10.064847, 5744.467285>) requested data for lock!
[15:28:01] Player (R3V0FD3V, 76561198893350931)(<7693.318848, 14.071611, 5773.753418>) requested data for lock!
[15:28:02] Player (R3V0FD3V, 76561198893350931)(<7691.411621, 14.460941, 5739.756836>) requested data for lock!
[15:28:02] Player (R3V0FD3V, 76561198893350931)(<7693.700684, 11.240681, 5741.929688>) requested data for lock!
[15:28:02] Player (R3V0FD3V, 76561198893350931)(<7689.023438, 14.242929, 5742.030762>) requested data for lock!
[15:29:48] Player (JakusMallius, 76561198067006084)(<7715.203125, 11.241089, 5740.285156>) requested data for lock!
[15:29:49] Player (JakusMallius, 76561198067006084)(<7698.786133, 10.026342, 5745.388184>) requested data for lock!
[15:29:49] Player (JakusMallius, 76561198067006084)(<7705.879883, 10.027159, 5751.533691>) requested data for lock!
[15:29:50] Player (JakusMallius, 76561198067006084)(<7718.352051, 10.051284, 5744.640625>) requested data for lock!
[15:29:50] Player (JakusMallius, 76561198067006084)(<7711.676758, 13.064227, 5757.290039>) requested data for lock!
[15:29:50] Player (JakusMallius, 76561198067006084)(<7715.110352, 11.241293, 5750.946289>) requested data for lock!
[15:29:50] Player (JakusMallius, 76561198067006084)(<7714.426758, 14.460321, 5758.039551>) requested data for lock!
[15:29:50] Player (JakusMallius, 76561198067006084)(<7718.648926, 11.241293, 5754.739258>) requested data for lock!
[15:29:50] Player (JakusMallius, 76561198067006084)(<7716.231445, 12.100084, 5773.678223>) requested data for lock!
[15:29:50] Player (JakusMallius, 76561198067006084)(<7718.253418, 11.241493, 5760.514160>) requested data for lock!
[15:29:50] Player (JakusMallius, 76561198067006084)(<7702.713867, 14.460730, 5756.341309>) requested data for lock!
[15:29:51] Player (JakusMallius, 76561198067006084)(<7711.328613, 11.241493, 5754.259277>) requested data for lock!
[15:29:51] Player (JakusMallius, 76561198067006084)(<7711.676758, 16.282442, 5757.290039>) requested data for lock!
[15:29:51] Player (JakusMallius, 76561198067006084)(<7718.428711, 14.459305, 5754.732910>) requested data for lock!
[15:29:51] Player (JakusMallius, 76561198067006084)(<7714.900879, 14.460533, 5750.724121>) requested data for lock!
[15:29:51] Player (JakusMallius, 76561198067006084)(<7709.200195, 14.460329, 5740.092285>) requested data for lock!
[15:29:51] Player (JakusMallius, 76561198067006084)(<7705.694824, 11.241705, 5742.292969>) requested data for lock!
[15:29:52] Player (JakusMallius, 76561198067006084)(<7703.081543, 14.460941, 5744.566895>) requested data for lock!
[15:29:52] Player (JakusMallius, 76561198067006084)(<7662.363281, 8.976425, 5750.038574>) requested data for lock!
[15:29:52] Player (JakusMallius, 76561198067006084)(<7661.620605, 10.065259, 5743.938965>) requested data for lock!
[15:29:52] Player (JakusMallius, 76561198067006084)(<7683.447266, 11.242525, 5735.629883>) requested data for lock!
[15:29:52] Player (JakusMallius, 76561198067006084)(<7685.414551, 11.242929, 5739.559082>) requested data for lock!
[15:29:53] Player (JakusMallius, 76561198067006084)(<7683.068359, 11.242933, 5747.628906>) requested data for lock!
[15:29:53] Player (JakusMallius, 76561198067006084)(<7685.389648, 10.064847, 5744.467285>) requested data for lock!
[15:29:53] Player (JakusMallius, 76561198067006084)(<7693.318848, 14.071611, 5773.753418>) requested data for lock!
[15:29:55] Player (JakusMallius, 76561198067006084)(<7691.411621, 14.460941, 5739.756836>) requested data for lock!
[15:29:55] Player (JakusMallius, 76561198067006084)(<7693.700684, 11.240681, 5741.929688>) requested data for lock!
[15:29:55] Player (JakusMallius, 76561198067006084)(<7689.023438, 14.242929, 5742.030762>) requested data for lock!
[15:29:55] Player (JakusMallius, 76561198067006084)(<7694.773438, 13.271531, 5742.550781>) requested data for lock!
[15:29:55] Player (JakusMallius, 76561198067006084)(<7697.197754, 13.268526, 5742.450684>) requested data for lock!
[15:29:55] Player (JakusMallius, 76561198067006084)(<7696.561523, 13.271531, 5742.445801>) requested data for lock!
[15:29:55] Player (JakusMallius, 76561198067006084)(<7695.898926, 13.271531, 5742.437012>) requested data for lock!
[15:29:56] Player (JakusMallius, 76561198067006084)(<7697.863770, 13.269459, 5742.461914>) requested data for lock!
[15:29:56] Player (JakusMallius, 76561198067006084)(<7697.417969, 13.314333, 5747.804688>) requested data for lock!
[15:29:56] Player (JakusMallius, 76561198067006084)(<7685.394531, 10.095829, 5735.137207>) requested data for lock!
[15:29:56] Player (JakusMallius, 76561198067006084)(<7685.410645, 10.816349, 5735.210449>) requested data for lock!
[15:29:57] Player (JakusMallius, 76561198067006084)(<7691.737793, 13.314800, 5742.585449>) requested data for lock!
[15:29:58] Player (JakusMallius, 76561198067006084)(<7702.793945, 13.271327, 5746.936523>) requested data for lock!
[15:30:00] Player (JakusMallius, 76561198067006084)(<7702.797852, 13.271327, 5743.583984>) requested data for lock!
[15:30:02] Player (JakusMallius, 76561198067006084)(<7720.623047, 10.097129, 5748.136719>) requested data for lock!
[15:30:03] Player (JakusMallius, 76561198067006084)(<7715.562500, 10.097129, 5747.966797>) requested data for lock!
[15:30:04] Player (JakusMallius, 76561198067006084)(<7720.982910, 10.050047, 5737.982422>) requested data for lock!
[15:30:04] Player (JakusMallius, 76561198067006084)(<7717.141113, 10.094646, 5737.346680>) requested data for lock!
[15:30:04] Player (JakusMallius, 76561198067006084)(<7720.990723, 10.049141, 5737.335938>) requested data for lock!
[15:30:04] Player (JakusMallius, 76561198067006084)(<7719.535645, 10.094641, 5737.418945>) requested data for lock!
[15:30:05] Player (JakusMallius, 76561198067006084)(<7720.912598, 10.051270, 5741.343750>) requested data for lock!
[15:30:05] Player (JakusMallius, 76561198067006084)(<7720.900391, 10.051270, 5740.673340>) requested data for lock!
[15:30:05] Player (JakusMallius, 76561198067006084)(<7721.246582, 10.096925, 5739.351074>) requested data for lock!
[15:32:48] Player (MRLeok, 76561198829305873)(<7695.473633, 72.137520, 8781.058594>) requested data for lock!
[15:32:48] Player (MRLeok, 76561198829305873)(<7683.026855, 83.966080, 8745.771484>) requested data for lock!
[15:32:48] Player (MRLeok, 76561198829305873)(<7680.255371, 72.015587, 8773.303711>) requested data for lock!
[15:32:48] Player (MRLeok, 76561198829305873)(<7676.613770, 80.001572, 8769.009766>) requested data for lock!
[15:32:48] Player (MRLeok, 76561198829305873)(<7675.137695, 80.001572, 8768.735352>) requested data for lock!
[15:32:48] Player (MRLeok, 76561198829305873)(<7676.165527, 83.987900, 8767.415039>) requested data for lock!
[15:32:48] Player (MRLeok, 76561198829305873)(<7681.902832, 75.988075, 8771.813477>) requested data for lock!
[15:32:48] Player (MRLeok, 76561198829305873)(<7681.709473, 80.001579, 8772.617188>) requested data for lock!
[15:32:48] Player (MRLeok, 76561198829305873)(<7674.046875, 78.006523, 8772.409180>) requested data for lock!
[15:32:49] Player (MRLeok, 76561198829305873)(<7676.849121, 79.988235, 8765.539063>) requested data for lock!
[15:32:49] Player (MRLeok, 76561198829305873)(<7654.759277, 79.972855, 8758.021484>) requested data for lock!
[15:48:38] Player (Frank, 76561199004385675)(<7695.473633, 72.137520, 8781.058594>) requested data for lock!
[15:48:38] Player (Frank, 76561199004385675)(<7683.026855, 83.966080, 8745.771484>) requested data for lock!
[15:48:38] Player (Frank, 76561199004385675)(<7680.255371, 72.015587, 8773.303711>) requested data for lock!
[15:48:38] Player (Frank, 76561199004385675)(<7676.613770, 80.001572, 8769.009766>) requested data for lock!
[15:48:38] Player (Frank, 76561199004385675)(<7675.137695, 80.001572, 8768.735352>) requested data for lock!
[15:48:38] Player (Frank, 76561199004385675)(<7676.165527, 83.987900, 8767.415039>) requested data for lock!
[15:48:38] Player (Frank, 76561199004385675)(<7681.902832, 75.988075, 8771.813477>) requested data for lock!
[15:48:38] Player (Frank, 76561199004385675)(<7681.709473, 80.001579, 8772.617188>) requested data for lock!
[15:48:38] Player (Frank, 76561199004385675)(<7676.849121, 79.988235, 8765.539063>) requested data for lock!
[15:48:38] Player (Frank, 76561199004385675)(<7654.759277, 79.972855, 8758.021484>) requested data for lock!
[15:48:38] Player (Frank, 76561199004385675)(<7674.046875, 78.006523, 8772.409180>) requested data for lock!
[15:58:05] Player (JakusMallius, 76561198067006084)(<7715.203125, 11.241089, 5740.285156>) requested data for lock!
[15:58:05] Player (JakusMallius, 76561198067006084)(<7698.786133, 10.026342, 5745.388184>) requested data for lock!
[15:58:05] Player (JakusMallius, 76561198067006084)(<7705.879883, 10.027159, 5751.533691>) requested data for lock!
[15:58:05] Player (JakusMallius, 76561198067006084)(<7718.352051, 10.051284, 5744.640625>) requested data for lock!
[15:58:05] Player (JakusMallius, 76561198067006084)(<7711.676758, 13.064227, 5757.290039>) requested data for lock!
[15:58:05] Player (JakusMallius, 76561198067006084)(<7715.110352, 11.241293, 5750.946289>) requested data for lock!
[15:58:05] Player (JakusMallius, 76561198067006084)(<7714.426758, 14.460321, 5758.039551>) requested data for lock!
[15:58:05] Player (JakusMallius, 76561198067006084)(<7718.648926, 11.241293, 5754.739258>) requested data for lock!
[15:58:05] Player (JakusMallius, 76561198067006084)(<7716.231445, 12.100084, 5773.678223>) requested data for lock!
[15:58:05] Player (JakusMallius, 76561198067006084)(<7718.253418, 11.241493, 5760.514160>) requested data for lock!
[15:58:05] Player (JakusMallius, 76561198067006084)(<7702.713867, 14.460730, 5756.341309>) requested data for lock!
[15:58:05] Player (JakusMallius, 76561198067006084)(<7711.328613, 11.241493, 5754.259277>) requested data for lock!
[15:58:05] Player (JakusMallius, 76561198067006084)(<7711.676758, 16.282442, 5757.290039>) requested data for lock!
[15:58:05] Player (JakusMallius, 76561198067006084)(<7718.428711, 14.459305, 5754.732910>) requested data for lock!
[15:58:05] Player (JakusMallius, 76561198067006084)(<7714.900879, 14.460533, 5750.724121>) requested data for lock!
[15:58:05] Player (JakusMallius, 76561198067006084)(<7709.200195, 14.460329, 5740.092285>) requested data for lock!
[15:58:05] Player (JakusMallius, 76561198067006084)(<7705.694824, 11.241705, 5742.292969>) requested data for lock!
[15:58:05] Player (JakusMallius, 76561198067006084)(<7703.081543, 14.460941, 5744.566895>) requested data for lock!
[15:58:05] Player (JakusMallius, 76561198067006084)(<7662.363281, 8.976425, 5750.038574>) requested data for lock!
[15:58:05] Player (JakusMallius, 76561198067006084)(<7661.620605, 10.065259, 5743.938965>) requested data for lock!
[15:58:05] Player (JakusMallius, 76561198067006084)(<7683.447266, 11.242525, 5735.629883>) requested data for lock!
[15:58:05] Player (JakusMallius, 76561198067006084)(<7685.414551, 11.242929, 5739.559082>) requested data for lock!
[15:58:05] Player (JakusMallius, 76561198067006084)(<7683.068359, 11.242933, 5747.628906>) requested data for lock!
[15:58:05] Player (JakusMallius, 76561198067006084)(<7685.389648, 10.064847, 5744.467285>) requested data for lock!
[15:58:06] Player (JakusMallius, 76561198067006084)(<7693.318848, 14.071611, 5773.753418>) requested data for lock!
[15:58:06] Player (JakusMallius, 76561198067006084)(<7691.411621, 14.460941, 5739.756836>) requested data for lock!
[15:58:06] Player (JakusMallius, 76561198067006084)(<7693.700684, 11.240681, 5741.929688>) requested data for lock!
[15:58:06] Player (JakusMallius, 76561198067006084)(<7689.023438, 14.242929, 5742.030762>) requested data for lock!
[15:58:06] Player (JakusMallius, 76561198067006084)(<7720.982910, 10.050047, 5737.982422>) requested data for lock!
[15:58:06] Player (JakusMallius, 76561198067006084)(<7717.141113, 10.094646, 5737.346680>) requested data for lock!
[15:58:06] Player (JakusMallius, 76561198067006084)(<7720.990723, 10.049141, 5737.335938>) requested data for lock!
[15:58:07] Player (JakusMallius, 76561198067006084)(<7719.535645, 10.094641, 5737.418945>) requested data for lock!
[15:58:07] Player (JakusMallius, 76561198067006084)(<7720.912598, 10.051270, 5741.343750>) requested data for lock!
[15:58:07] Player (JakusMallius, 76561198067006084)(<7720.900391, 10.051270, 5740.673340>) requested data for lock!
[15:58:07] Player (JakusMallius, 76561198067006084)(<7721.246582, 10.096925, 5739.351074>) requested data for lock!
[15:58:07] Player (JakusMallius, 76561198067006084)(<7694.773438, 13.271531, 5742.550781>) requested data for lock!
[15:58:07] Player (JakusMallius, 76561198067006084)(<7697.197754, 13.268526, 5742.450684>) requested data for lock!
[15:58:07] Player (JakusMallius, 76561198067006084)(<7696.561523, 13.271531, 5742.445801>) requested data for lock!
[15:58:07] Player (JakusMallius, 76561198067006084)(<7695.898926, 13.271531, 5742.437012>) requested data for lock!
[15:58:07] Player (JakusMallius, 76561198067006084)(<7697.863770, 13.269459, 5742.461914>) requested data for lock!
[15:58:08] Player (JakusMallius, 76561198067006084)(<7697.417969, 13.314333, 5747.804688>) requested data for lock!
[15:58:08] Player (JakusMallius, 76561198067006084)(<7685.394531, 10.095829, 5735.137207>) requested data for lock!
[15:58:08] Player (JakusMallius, 76561198067006084)(<7685.410645, 10.816349, 5735.210449>) requested data for lock!
[15:58:08] Player (JakusMallius, 76561198067006084)(<7691.737793, 13.314800, 5742.585449>) requested data for lock!
[15:58:09] Player (JakusMallius, 76561198067006084)(<7702.793945, 13.271327, 5746.936523>) requested data for lock!
[15:58:10] Player (JakusMallius, 76561198067006084)(<7702.797852, 13.271327, 5743.583984>) requested data for lock!
[15:58:10] Player (JakusMallius, 76561198067006084)(<7720.623047, 10.097129, 5748.136719>) requested data for lock!
[15:58:11] Player (JakusMallius, 76561198067006084)(<7715.562500, 10.097129, 5747.966797>) requested data for lock!
[09-12-2022][16.01.25] Log file reloaded ( Server Restart )
[16:08:28] Player (R3V0FD3V, 76561198893350931)(<7683.026855, 83.966080, 8745.771484>) requested data for lock!
[16:08:35] Player (R3V0FD3V, 76561198893350931)(<7680.255371, 72.015587, 8773.303711>) requested data for lock!
[16:08:38] Player (R3V0FD3V, 76561198893350931)(<7695.473633, 72.137520, 8781.058594>) requested data for lock!
[17:22:24] Player (Frank, 76561199004385675)(<7683.026855, 83.966080, 8745.771484>) requested data for lock!
[17:22:24] Player (Frank, 76561199004385675)(<7695.473633, 72.137520, 8781.058594>) requested data for lock!
[17:22:24] Player (Frank, 76561199004385675)(<7680.255371, 72.015587, 8773.303711>) requested data for lock!
[17:22:24] Player (Frank, 76561199004385675)(<7676.613770, 80.001572, 8769.009766>) requested data for lock!
[17:22:24] Player (Frank, 76561199004385675)(<7681.902832, 75.988075, 8771.813477>) requested data for lock!
[17:22:24] Player (Frank, 76561199004385675)(<7675.137695, 80.001572, 8768.735352>) requested data for lock!
[17:22:24] Player (Frank, 76561199004385675)(<7674.046875, 78.006523, 8772.409180>) requested data for lock!
[17:22:24] Player (Frank, 76561199004385675)(<7654.759277, 79.972855, 8758.021484>) requested data for lock!
[17:22:24] Player (Frank, 76561199004385675)(<7676.849121, 79.988235, 8765.539063>) requested data for lock!
[17:22:24] Player (Frank, 76561199004385675)(<7676.165527, 83.987900, 8767.415039>) requested data for lock!
[17:22:24] Player (Frank, 76561199004385675)(<7681.709473, 80.001579, 8772.617188>) requested data for lock!
[17:24:26] Player (THE STITTIES, 76561199206265093)(<7661.620605, 10.065259, 5743.938965>) requested data for lock!
[17:24:26] Player (THE STITTIES, 76561199206265093)(<7662.363281, 8.976425, 5750.038574>) requested data for lock!
[17:24:26] Player (THE STITTIES, 76561199206265093)(<7693.700684, 11.240681, 5741.929688>) requested data for lock!
[17:24:26] Player (THE STITTIES, 76561199206265093)(<7683.068359, 11.242933, 5747.628906>) requested data for lock!
[17:24:26] Player (THE STITTIES, 76561199206265093)(<7685.389648, 10.064847, 5744.467285>) requested data for lock!
[17:24:26] Player (THE STITTIES, 76561199206265093)(<7685.414551, 11.242929, 5739.559082>) requested data for lock!
[17:24:26] Player (THE STITTIES, 76561199206265093)(<7689.023438, 14.242929, 5742.030762>) requested data for lock!
[17:24:26] Player (THE STITTIES, 76561199206265093)(<7691.411621, 14.460941, 5739.756836>) requested data for lock!
[17:24:26] Player (THE STITTIES, 76561199206265093)(<7705.694824, 11.241705, 5742.292969>) requested data for lock!
[17:24:26] Player (THE STITTIES, 76561199206265093)(<7703.081543, 14.460941, 5744.566895>) requested data for lock!
[17:24:26] Player (THE STITTIES, 76561199206265093)(<7711.676758, 16.282442, 5757.290039>) requested data for lock!
[17:24:26] Player (THE STITTIES, 76561199206265093)(<7711.676758, 13.064227, 5757.290039>) requested data for lock!
[17:24:26] Player (THE STITTIES, 76561199206265093)(<7683.447266, 11.242525, 5735.629883>) requested data for lock!
[17:24:26] Player (THE STITTIES, 76561199206265093)(<7715.203125, 11.241089, 5740.285156>) requested data for lock!
[17:24:26] Player (THE STITTIES, 76561199206265093)(<7715.110352, 11.241293, 5750.946289>) requested data for lock!
[17:24:26] Player (THE STITTIES, 76561199206265093)(<7709.200195, 14.460329, 5740.092285>) requested data for lock!
[17:24:26] Player (THE STITTIES, 76561199206265093)(<7714.426758, 14.460321, 5758.039551>) requested data for lock!
[17:24:26] Player (THE STITTIES, 76561199206265093)(<7716.231445, 12.100084, 5773.678223>) requested data for lock!
[17:24:26] Player (THE STITTIES, 76561199206265093)(<7718.253418, 11.241493, 5760.514160>) requested data for lock!
[17:24:26] Player (THE STITTIES, 76561199206265093)(<7698.786133, 10.026342, 5745.388184>) requested data for lock!
[17:24:26] Player (THE STITTIES, 76561199206265093)(<7693.318848, 14.071611, 5773.753418>) requested data for lock!
[17:24:26] Player (THE STITTIES, 76561199206265093)(<7711.328613, 11.241493, 5754.259277>) requested data for lock!
[17:24:26] Player (THE STITTIES, 76561199206265093)(<7705.879883, 10.027159, 5751.533691>) requested data for lock!
[17:24:26] Player (THE STITTIES, 76561199206265093)(<7714.900879, 14.460533, 5750.724121>) requested data for lock!
[17:24:26] Player (THE STITTIES, 76561199206265093)(<7718.648926, 11.241293, 5754.739258>) requested data for lock!
[17:24:26] Player (THE STITTIES, 76561199206265093)(<7718.428711, 14.459305, 5754.732910>) requested data for lock!
[17:24:26] Player (THE STITTIES, 76561199206265093)(<7718.352051, 10.051284, 5744.640625>) requested data for lock!
[17:24:26] Player (THE STITTIES, 76561199206265093)(<7702.713867, 14.460730, 5756.341309>) requested data for lock!
[17:24:26] Player (THE STITTIES, 76561199206265093)(<7717.141113, 10.094646, 5737.346680>) requested data for lock!
[17:24:27] Player (THE STITTIES, 76561199206265093)(<7720.900391, 10.051270, 5740.673340>) requested data for lock!
[17:24:27] Player (THE STITTIES, 76561199206265093)(<7720.990723, 10.049141, 5737.335938>) requested data for lock!
[17:24:27] Player (THE STITTIES, 76561199206265093)(<7721.246582, 10.096925, 5739.351074>) requested data for lock!
[17:24:27] Player (THE STITTIES, 76561199206265093)(<7720.912598, 10.051270, 5741.343750>) requested data for lock!
[17:24:27] Player (THE STITTIES, 76561199206265093)(<7720.982910, 10.050047, 5737.982422>) requested data for lock!
[17:24:28] Player (THE STITTIES, 76561199206265093)(<7719.535645, 10.094641, 5737.418945>) requested data for lock!
[17:24:28] Player (THE STITTIES, 76561199206265093)(<7697.863770, 13.269459, 5742.461914>) requested data for lock!
[17:24:28] Player (THE STITTIES, 76561199206265093)(<7702.797852, 13.271327, 5743.583984>) requested data for lock!
[17:24:29] Player (THE STITTIES, 76561199206265093)(<7702.793945, 13.271327, 5746.936523>) requested data for lock!
[17:24:29] Player (THE STITTIES, 76561199206265093)(<7691.737793, 13.314800, 5742.585449>) requested data for lock!
[17:24:29] Player (THE STITTIES, 76561199206265093)(<7695.898926, 13.271531, 5742.437012>) requested data for lock!
[17:24:29] Player (THE STITTIES, 76561199206265093)(<7697.197754, 13.268526, 5742.450684>) requested data for lock!
[17:24:29] Player (THE STITTIES, 76561199206265093)(<7696.561523, 13.271531, 5742.445801>) requested data for lock!
[17:24:29] Player (THE STITTIES, 76561199206265093)(<7694.773438, 13.271531, 5742.550781>) requested data for lock!
[17:24:29] Player (THE STITTIES, 76561199206265093)(<7685.410645, 10.816349, 5735.210449>) requested data for lock!
[17:24:29] Player (THE STITTIES, 76561199206265093)(<7685.394531, 10.095829, 5735.137207>) requested data for lock!
[17:24:30] Player (THE STITTIES, 76561199206265093)(<7697.417969, 13.314333, 5747.804688>) requested data for lock!
[17:24:30] Player (THE STITTIES, 76561199206265093)(<7720.623047, 10.097129, 5748.136719>) requested data for lock!
[17:24:31] Player (THE STITTIES, 76561199206265093)(<7715.562500, 10.097129, 5747.966797>) requested data for lock!
[17:34:56] Player (R3V0FD3V, 76561198893350931)(<7683.026855, 83.966080, 8745.771484>) requested data for lock!
[17:34:56] Player (R3V0FD3V, 76561198893350931)(<7680.255371, 72.015587, 8773.303711>) requested data for lock!
[17:34:56] Player (R3V0FD3V, 76561198893350931)(<7695.473633, 72.137520, 8781.058594>) requested data for lock!
[17:46:58] Player (Frank, 76561199004385675)(<7683.026855, 83.966080, 8745.771484>) requested data for lock!
[17:51:46] Player (Frank, 76561199004385675)(<7683.026855, 83.966080, 8745.771484>) requested data for lock!
[17:54:08] Player (Frank, 76561199004385675)(<7680.255371, 72.015587, 8773.303711>) requested data for lock!
[17:54:10] Player (Frank, 76561199004385675)(<7695.473633, 72.137520, 8781.058594>) requested data for lock!
[17:56:22] Player (Frank, 76561199004385675)(<7654.759277, 79.972855, 8758.021484>) requested data for lock!
[17:56:24] Player (Frank, 76561199004385675)(<7675.137695, 80.001572, 8768.735352>) requested data for lock!
[17:56:25] Player (Frank, 76561199004385675)(<7676.613770, 80.001572, 8769.009766>) requested data for lock!
[17:56:27] Player (Frank, 76561199004385675)(<7676.849121, 79.988235, 8765.539063>) requested data for lock!
[17:56:27] Player (Frank, 76561199004385675)(<7676.165527, 83.987900, 8767.415039>) requested data for lock!
[17:56:28] Player (Frank, 76561199004385675)(<7674.046875, 78.006523, 8772.409180>) requested data for lock!
[17:56:28] Player (Frank, 76561199004385675)(<7681.902832, 75.988075, 8771.813477>) requested data for lock!
[17:56:28] Player (Frank, 76561199004385675)(<7681.709473, 80.001579, 8772.617188>) requested data for lock!
[17:57:48] Player (xXxPorkxXxSodaxXx, 76561198095923512)(<7661.620605, 10.065259, 5743.938965>) requested data for lock!
[17:57:48] Player (xXxPorkxXxSodaxXx, 76561198095923512)(<7662.363281, 8.976425, 5750.038574>) requested data for lock!
[17:57:48] Player (xXxPorkxXxSodaxXx, 76561198095923512)(<7693.700684, 11.240681, 5741.929688>) requested data for lock!
[17:57:48] Player (xXxPorkxXxSodaxXx, 76561198095923512)(<7683.068359, 11.242933, 5747.628906>) requested data for lock!
[17:57:48] Player (xXxPorkxXxSodaxXx, 76561198095923512)(<7685.389648, 10.064847, 5744.467285>) requested data for lock!
[17:57:48] Player (xXxPorkxXxSodaxXx, 76561198095923512)(<7685.414551, 11.242929, 5739.559082>) requested data for lock!
[17:57:48] Player (xXxPorkxXxSodaxXx, 76561198095923512)(<7689.023438, 14.242929, 5742.030762>) requested data for lock!
[17:57:48] Player (xXxPorkxXxSodaxXx, 76561198095923512)(<7691.411621, 14.460941, 5739.756836>) requested data for lock!
[17:57:48] Player (xXxPorkxXxSodaxXx, 76561198095923512)(<7705.694824, 11.241705, 5742.292969>) requested data for lock!
[17:57:48] Player (xXxPorkxXxSodaxXx, 76561198095923512)(<7703.081543, 14.460941, 5744.566895>) requested data for lock!
[17:57:48] Player (xXxPorkxXxSodaxXx, 76561198095923512)(<7711.676758, 16.282442, 5757.290039>) requested data for lock!
[17:57:48] Player (xXxPorkxXxSodaxXx, 76561198095923512)(<7711.676758, 13.064227, 5757.290039>) requested data for lock!
[17:57:48] Player (xXxPorkxXxSodaxXx, 76561198095923512)(<7683.447266, 11.242525, 5735.629883>) requested data for lock!
[17:57:48] Player (xXxPorkxXxSodaxXx, 76561198095923512)(<7715.203125, 11.241089, 5740.285156>) requested data for lock!
[17:57:48] Player (xXxPorkxXxSodaxXx, 76561198095923512)(<7715.110352, 11.241293, 5750.946289>) requested data for lock!
[17:57:48] Player (xXxPorkxXxSodaxXx, 76561198095923512)(<7709.200195, 14.460329, 5740.092285>) requested data for lock!
[17:57:48] Player (xXxPorkxXxSodaxXx, 76561198095923512)(<7714.426758, 14.460321, 5758.039551>) requested data for lock!
[17:57:48] Player (xXxPorkxXxSodaxXx, 76561198095923512)(<7716.231445, 12.100084, 5773.678223>) requested data for lock!
[17:57:48] Player (xXxPorkxXxSodaxXx, 76561198095923512)(<7718.253418, 11.241493, 5760.514160>) requested data for lock!
[17:57:48] Player (xXxPorkxXxSodaxXx, 76561198095923512)(<7698.786133, 10.026342, 5745.388184>) requested data for lock!
[17:57:48] Player (xXxPorkxXxSodaxXx, 76561198095923512)(<7693.318848, 14.071611, 5773.753418>) requested data for lock!
[17:57:48] Player (xXxPorkxXxSodaxXx, 76561198095923512)(<7711.328613, 11.241493, 5754.259277>) requested data for lock!
[17:57:48] Player (xXxPorkxXxSodaxXx, 76561198095923512)(<7705.879883, 10.027159, 5751.533691>) requested data for lock!
[17:57:48] Player (xXxPorkxXxSodaxXx, 76561198095923512)(<7714.900879, 14.460533, 5750.724121>) requested data for lock!
[17:57:48] Player (xXxPorkxXxSodaxXx, 76561198095923512)(<7718.648926, 11.241293, 5754.739258>) requested data for lock!
[17:57:48] Player (xXxPorkxXxSodaxXx, 76561198095923512)(<7718.428711, 14.459305, 5754.732910>) requested data for lock!
[17:57:48] Player (xXxPorkxXxSodaxXx, 76561198095923512)(<7718.352051, 10.051284, 5744.640625>) requested data for lock!
[17:57:48] Player (xXxPorkxXxSodaxXx, 76561198095923512)(<7702.713867, 14.460730, 5756.341309>) requested data for lock!
[17:57:48] Player (xXxPorkxXxSodaxXx, 76561198095923512)(<7717.141113, 10.094646, 5737.346680>) requested data for lock!
[17:57:49] Player (xXxPorkxXxSodaxXx, 76561198095923512)(<7720.900391, 10.051270, 5740.673340>) requested data for lock!
[17:57:49] Player (xXxPorkxXxSodaxXx, 76561198095923512)(<7720.990723, 10.049141, 5737.335938>) requested data for lock!
[17:57:49] Player (xXxPorkxXxSodaxXx, 76561198095923512)(<7721.246582, 10.096925, 5739.351074>) requested data for lock!
[17:57:49] Player (xXxPorkxXxSodaxXx, 76561198095923512)(<7720.912598, 10.051270, 5741.343750>) requested data for lock!
[17:57:50] Player (xXxPorkxXxSodaxXx, 76561198095923512)(<7720.982910, 10.050047, 5737.982422>) requested data for lock!
[17:57:50] Player (xXxPorkxXxSodaxXx, 76561198095923512)(<7719.535645, 10.094641, 5737.418945>) requested data for lock!
[17:57:51] Player (xXxPorkxXxSodaxXx, 76561198095923512)(<7697.863770, 13.269459, 5742.461914>) requested data for lock!
[17:57:51] Player (xXxPorkxXxSodaxXx, 76561198095923512)(<7702.797852, 13.271327, 5743.583984>) requested data for lock!
[17:57:52] Player (xXxPorkxXxSodaxXx, 76561198095923512)(<7702.793945, 13.271327, 5746.936523>) requested data for lock!
[17:57:52] Player (xXxPorkxXxSodaxXx, 76561198095923512)(<7691.737793, 13.314800, 5742.585449>) requested data for lock!
[17:57:52] Player (xXxPorkxXxSodaxXx, 76561198095923512)(<7695.898926, 13.271531, 5742.437012>) requested data for lock!
[17:57:52] Player (xXxPorkxXxSodaxXx, 76561198095923512)(<7697.197754, 13.268526, 5742.450684>) requested data for lock!
[17:57:52] Player (xXxPorkxXxSodaxXx, 76561198095923512)(<7696.561523, 13.271531, 5742.445801>) requested data for lock!
[17:57:52] Player (xXxPorkxXxSodaxXx, 76561198095923512)(<7694.773438, 13.271531, 5742.550781>) requested data for lock!
[17:57:52] Player (xXxPorkxXxSodaxXx, 76561198095923512)(<7685.410645, 10.816349, 5735.210449>) requested data for lock!
[17:57:52] Player (xXxPorkxXxSodaxXx, 76561198095923512)(<7685.394531, 10.095829, 5735.137207>) requested data for lock!
[17:57:53] Player (xXxPorkxXxSodaxXx, 76561198095923512)(<7697.417969, 13.314333, 5747.804688>) requested data for lock!
[17:57:54] Player (xXxPorkxXxSodaxXx, 76561198095923512)(<7720.623047, 10.097129, 5748.136719>) requested data for lock!
[17:57:54] Player (xXxPorkxXxSodaxXx, 76561198095923512)(<7715.562500, 10.097129, 5747.966797>) requested data for lock!
[18:39:30] Player (MRLeok, 76561198829305873)(<7680.255371, 72.015587, 8773.303711>) requested data for lock!
[18:39:31] Player (MRLeok, 76561198829305873)(<7683.026855, 83.966080, 8745.771484>) requested data for lock!
[18:39:32] Player (Frank , 76561199004385675)(<7680.255371, 72.015587, 8773.303711>) requested data for lock!
[18:39:32] Player (MRLeok, 76561198829305873)(<7695.473633, 72.137520, 8781.058594>) requested data for lock!
[18:39:32] Player (Frank , 76561199004385675)(<7683.026855, 83.966080, 8745.771484>) requested data for lock!
[18:39:34] Player (Frank , 76561199004385675)(<7695.473633, 72.137520, 8781.058594>) requested data for lock!
[18:41:43] Player (MRLeok, 76561198829305873)(<7654.759277, 79.972855, 8758.021484>) requested data for lock!
[18:41:45] Player (Frank , 76561199004385675)(<7654.759277, 79.972855, 8758.021484>) requested data for lock!
[18:41:47] Player (MRLeok, 76561198829305873)(<7675.137695, 80.001572, 8768.735352>) requested data for lock!
[18:41:49] Player (Frank , 76561199004385675)(<7675.137695, 80.001572, 8768.735352>) requested data for lock!
[18:41:49] Player (MRLeok, 76561198829305873)(<7674.046875, 78.006523, 8772.409180>) requested data for lock!
[18:41:50] Player (MRLeok, 76561198829305873)(<7676.613770, 80.001572, 8769.009766>) requested data for lock!
[18:41:51] Player (Frank , 76561199004385675)(<7674.046875, 78.006523, 8772.409180>) requested data for lock!
[18:41:52] Player (Frank , 76561199004385675)(<7676.613770, 80.001572, 8769.009766>) requested data for lock!
[18:41:53] Player (MRLeok, 76561198829305873)(<7676.849121, 79.988235, 8765.539063>) requested data for lock!
[18:41:53] Player (MRLeok, 76561198829305873)(<7676.165527, 83.987900, 8767.415039>) requested data for lock!
[18:41:54] Player (Frank , 76561199004385675)(<7681.902832, 75.988075, 8771.813477>) requested data for lock!
[18:41:54] Player (MRLeok, 76561198829305873)(<7681.902832, 75.988075, 8771.813477>) requested data for lock!
[18:41:54] Player (MRLeok, 76561198829305873)(<7681.709473, 80.001579, 8772.617188>) requested data for lock!
[18:41:54] Player (Frank , 76561199004385675)(<7681.709473, 80.001579, 8772.617188>) requested data for lock!
[18:41:55] Player (Frank , 76561199004385675)(<7676.849121, 79.988235, 8765.539063>) requested data for lock!
[18:41:55] Player (Frank , 76561199004385675)(<7676.165527, 83.987900, 8767.415039>) requested data for lock!
[18:42:32] Player (Frank , 76561199004385675)(<7683.026855, 83.966080, 8745.771484>) requested data for lock!
[18:42:32] Player (Frank , 76561199004385675)(<7680.255371, 72.015587, 8773.303711>) requested data for lock!
[18:42:32] Player (Frank , 76561199004385675)(<7695.473633, 72.137520, 8781.058594>) requested data for lock!
[18:42:32] Player (Frank , 76561199004385675)(<7675.137695, 80.001572, 8768.735352>) requested data for lock!
[18:42:32] Player (Frank , 76561199004385675)(<7674.046875, 78.006523, 8772.409180>) requested data for lock!
[18:42:32] Player (Frank , 76561199004385675)(<7676.613770, 80.001572, 8769.009766>) requested data for lock!
[18:42:33] Player (Frank , 76561199004385675)(<7681.902832, 75.988075, 8771.813477>) requested data for lock!
[18:42:34] Player (Frank , 76561199004385675)(<7681.709473, 80.001579, 8772.617188>) requested data for lock!
[18:42:34] Player (Frank , 76561199004385675)(<7654.759277, 79.972855, 8758.021484>) requested data for lock!
[18:42:34] Player (Frank , 76561199004385675)(<7676.849121, 79.988235, 8765.539063>) requested data for lock!
[18:42:34] Player (Frank , 76561199004385675)(<7676.165527, 83.987900, 8767.415039>) requested data for lock!
[19:08:39] Player (Frank, 76561199004385675)(<7683.026855, 83.966080, 8745.771484>) requested data for lock!
[19:08:39] Player (Frank, 76561199004385675)(<7695.473633, 72.137520, 8781.058594>) requested data for lock!
[19:08:39] Player (Frank, 76561199004385675)(<7680.255371, 72.015587, 8773.303711>) requested data for lock!
[19:08:39] Player (Frank, 76561199004385675)(<7675.137695, 80.001572, 8768.735352>) requested data for lock!
[19:08:39] Player (Frank, 76561199004385675)(<7676.613770, 80.001572, 8769.009766>) requested data for lock!
[19:08:39] Player (Frank, 76561199004385675)(<7681.902832, 75.988075, 8771.813477>) requested data for lock!
[19:08:39] Player (Frank, 76561199004385675)(<7674.046875, 78.006523, 8772.409180>) requested data for lock!
[19:08:39] Player (Frank, 76561199004385675)(<7681.709473, 80.001579, 8772.617188>) requested data for lock!
[19:08:39] Player (Frank, 76561199004385675)(<7654.759277, 79.972855, 8758.021484>) requested data for lock!
[19:08:39] Player (Frank, 76561199004385675)(<7676.849121, 79.988235, 8765.539063>) requested data for lock!
[19:08:39] Player (Frank, 76561199004385675)(<7676.165527, 83.987900, 8767.415039>) requested data for lock!
[19:32:38] Player (MRLeok, 76561198829305873)(<7683.026855, 83.966080, 8745.771484>) requested data for lock!
[19:32:38] Player (MRLeok, 76561198829305873)(<7695.473633, 72.137520, 8781.058594>) requested data for lock!
[19:32:38] Player (MRLeok, 76561198829305873)(<7680.255371, 72.015587, 8773.303711>) requested data for lock!
[19:32:38] Player (MRLeok, 76561198829305873)(<7676.613770, 80.001572, 8769.009766>) requested data for lock!
[19:32:38] Player (MRLeok, 76561198829305873)(<7681.902832, 75.988075, 8771.813477>) requested data for lock!
[19:32:38] Player (MRLeok, 76561198829305873)(<7675.137695, 80.001572, 8768.735352>) requested data for lock!
[19:32:38] Player (MRLeok, 76561198829305873)(<7674.046875, 78.006523, 8772.409180>) requested data for lock!
[19:32:39] Player (MRLeok, 76561198829305873)(<7681.709473, 80.001579, 8772.617188>) requested data for lock!
[19:32:39] Player (MRLeok, 76561198829305873)(<7654.759277, 79.972855, 8758.021484>) requested data for lock!
[19:32:39] Player (MRLeok, 76561198829305873)(<7676.849121, 79.988235, 8765.539063>) requested data for lock!
[19:32:39] Player (MRLeok, 76561198829305873)(<7676.165527, 83.987900, 8767.415039>) requested data for lock!
[19:33:33] Player (MRLeok, 76561198829305873)(<7705.694824, 11.241705, 5742.292969>) requested data for lock!
[19:33:33] Player (MRLeok, 76561198829305873)(<7703.081543, 14.460941, 5744.566895>) requested data for lock!
[19:33:33] Player (MRLeok, 76561198829305873)(<7711.676758, 16.282442, 5757.290039>) requested data for lock!
[19:33:33] Player (MRLeok, 76561198829305873)(<7711.676758, 13.064227, 5757.290039>) requested data for lock!
[19:33:33] Player (MRLeok, 76561198829305873)(<7715.203125, 11.241089, 5740.285156>) requested data for lock!
[19:33:33] Player (MRLeok, 76561198829305873)(<7715.110352, 11.241293, 5750.946289>) requested data for lock!
[19:33:33] Player (MRLeok, 76561198829305873)(<7709.200195, 14.460329, 5740.092285>) requested data for lock!
[19:33:33] Player (MRLeok, 76561198829305873)(<7711.328613, 11.241493, 5754.259277>) requested data for lock!
[19:33:33] Player (MRLeok, 76561198829305873)(<7705.879883, 10.027159, 5751.533691>) requested data for lock!
[19:33:33] Player (MRLeok, 76561198829305873)(<7714.900879, 14.460533, 5750.724121>) requested data for lock!
[19:33:33] Player (MRLeok, 76561198829305873)(<7718.648926, 11.241293, 5754.739258>) requested data for lock!
[19:33:33] Player (MRLeok, 76561198829305873)(<7718.428711, 14.459305, 5754.732910>) requested data for lock!
[19:33:33] Player (MRLeok, 76561198829305873)(<7718.352051, 10.051284, 5744.640625>) requested data for lock!
[19:33:33] Player (MRLeok, 76561198829305873)(<7702.713867, 14.460730, 5756.341309>) requested data for lock!
[19:33:33] Player (MRLeok, 76561198829305873)(<7693.700684, 11.240681, 5741.929688>) requested data for lock!
[19:33:33] Player (MRLeok, 76561198829305873)(<7683.068359, 11.242933, 5747.628906>) requested data for lock!
[19:33:33] Player (MRLeok, 76561198829305873)(<7685.389648, 10.064847, 5744.467285>) requested data for lock!
[19:33:33] Player (MRLeok, 76561198829305873)(<7685.414551, 11.242929, 5739.559082>) requested data for lock!
[19:33:33] Player (MRLeok, 76561198829305873)(<7689.023438, 14.242929, 5742.030762>) requested data for lock!
[19:33:33] Player (MRLeok, 76561198829305873)(<7691.411621, 14.460941, 5739.756836>) requested data for lock!
[19:33:34] Player (MRLeok, 76561198829305873)(<7683.447266, 11.242525, 5735.629883>) requested data for lock!
[19:33:34] Player (MRLeok, 76561198829305873)(<7714.426758, 14.460321, 5758.039551>) requested data for lock!
[19:33:34] Player (MRLeok, 76561198829305873)(<7716.231445, 12.100084, 5773.678223>) requested data for lock!
[19:33:34] Player (MRLeok, 76561198829305873)(<7718.253418, 11.241493, 5760.514160>) requested data for lock!
[19:33:34] Player (MRLeok, 76561198829305873)(<7698.786133, 10.026342, 5745.388184>) requested data for lock!
[19:33:34] Player (MRLeok, 76561198829305873)(<7693.318848, 14.071611, 5773.753418>) requested data for lock!
[19:33:34] Player (MRLeok, 76561198829305873)(<7662.363281, 8.976425, 5750.038574>) requested data for lock!
[19:33:34] Player (MRLeok, 76561198829305873)(<7661.620605, 10.065259, 5743.938965>) requested data for lock!
[19:37:02] Player (MRLeok, 76561198829305873)(<7683.026855, 83.966080, 8745.771484>) requested data for lock!
[19:37:07] Player (MRLeok, 76561198829305873)(<7680.255371, 72.015587, 8773.303711>) requested data for lock!
[19:37:08] Player (MRLeok, 76561198829305873)(<7695.473633, 72.137520, 8781.058594>) requested data for lock!
[19:39:37] Player (MRLeok, 76561198829305873)(<7654.759277, 79.972855, 8758.021484>) requested data for lock!
[19:39:38] Player (MRLeok, 76561198829305873)(<7676.613770, 80.001572, 8769.009766>) requested data for lock!
[19:39:39] Player (MRLeok, 76561198829305873)(<7676.849121, 79.988235, 8765.539063>) requested data for lock!
[19:39:39] Player (MRLeok, 76561198829305873)(<7676.165527, 83.987900, 8767.415039>) requested data for lock!
[19:39:39] Player (MRLeok, 76561198829305873)(<7675.137695, 80.001572, 8768.735352>) requested data for lock!
[19:39:40] Player (MRLeok, 76561198829305873)(<7681.902832, 75.988075, 8771.813477>) requested data for lock!
[19:39:40] Player (MRLeok, 76561198829305873)(<7674.046875, 78.006523, 8772.409180>) requested data for lock!
[19:39:40] Player (MRLeok, 76561198829305873)(<7681.709473, 80.001579, 8772.617188>) requested data for lock!
[19:40:53] Player (Frank, 76561199004385675)(<7683.026855, 83.966080, 8745.771484>) requested data for lock!
[19:40:57] Player (Frank, 76561199004385675)(<7680.255371, 72.015587, 8773.303711>) requested data for lock!
[19:40:59] Player (Frank, 76561199004385675)(<7695.473633, 72.137520, 8781.058594>) requested data for lock!
[19:43:04] Player (Frank, 76561199004385675)(<7654.759277, 79.972855, 8758.021484>) requested data for lock!
[19:43:06] Player (Frank, 76561199004385675)(<7676.613770, 80.001572, 8769.009766>) requested data for lock!
[19:43:08] Player (Frank, 76561199004385675)(<7676.849121, 79.988235, 8765.539063>) requested data for lock!
[19:43:09] Player (Frank, 76561199004385675)(<7681.902832, 75.988075, 8771.813477>) requested data for lock!
[19:43:09] Player (Frank, 76561199004385675)(<7676.165527, 83.987900, 8767.415039>) requested data for lock!
[19:43:10] Player (Frank, 76561199004385675)(<7675.137695, 80.001572, 8768.735352>) requested data for lock!
[19:43:11] Player (Frank, 76561199004385675)(<7674.046875, 78.006523, 8772.409180>) requested data for lock!
[19:43:11] Player (Frank, 76561199004385675)(<7681.709473, 80.001579, 8772.617188>) requested data for lock!
[20:16:03] Player (Frank, 76561199004385675)(<7683.026855, 83.966080, 8745.771484>) requested data for lock!
[20:16:03] Player (Frank, 76561199004385675)(<7695.473633, 72.137520, 8781.058594>) requested data for lock!
[20:16:03] Player (Frank, 76561199004385675)(<7680.255371, 72.015587, 8773.303711>) requested data for lock!
[20:16:03] Player (Frank, 76561199004385675)(<7676.613770, 80.001572, 8769.009766>) requested data for lock!
[20:16:03] Player (Frank, 76561199004385675)(<7676.849121, 79.988235, 8765.539063>) requested data for lock!
[20:16:03] Player (Frank, 76561199004385675)(<7681.902832, 75.988075, 8771.813477>) requested data for lock!
[20:16:03] Player (Frank, 76561199004385675)(<7681.709473, 80.001579, 8772.617188>) requested data for lock!
[20:16:03] Player (Frank, 76561199004385675)(<7654.759277, 79.972855, 8758.021484>) requested data for lock!
[20:16:03] Player (Frank, 76561199004385675)(<7676.165527, 83.987900, 8767.415039>) requested data for lock!
[20:16:03] Player (Frank, 76561199004385675)(<7675.137695, 80.001572, 8768.735352>) requested data for lock!
[20:16:03] Player (Frank, 76561199004385675)(<7674.046875, 78.006523, 8772.409180>) requested data for lock!
[20:24:29] Player (MRLeok, 76561198829305873)(<7683.026855, 83.966080, 8745.771484>) requested data for lock!
[20:24:29] Player (MRLeok, 76561198829305873)(<7695.473633, 72.137520, 8781.058594>) requested data for lock!
[20:24:29] Player (MRLeok, 76561198829305873)(<7680.255371, 72.015587, 8773.303711>) requested data for lock!
[20:24:29] Player (MRLeok, 76561198829305873)(<7676.613770, 80.001572, 8769.009766>) requested data for lock!
[20:24:29] Player (MRLeok, 76561198829305873)(<7676.849121, 79.988235, 8765.539063>) requested data for lock!
[20:24:29] Player (MRLeok, 76561198829305873)(<7681.902832, 75.988075, 8771.813477>) requested data for lock!
[20:24:29] Player (MRLeok, 76561198829305873)(<7681.709473, 80.001579, 8772.617188>) requested data for lock!
[20:24:29] Player (MRLeok, 76561198829305873)(<7654.759277, 79.972855, 8758.021484>) requested data for lock!
[20:24:29] Player (MRLeok, 76561198829305873)(<7676.165527, 83.987900, 8767.415039>) requested data for lock!
[20:24:29] Player (MRLeok, 76561198829305873)(<7675.137695, 80.001572, 8768.735352>) requested data for lock!
[20:24:29] Player (MRLeok, 76561198829305873)(<7674.046875, 78.006523, 8772.409180>) requested data for lock!
[20:37:28] Player (Alzbob, 76561198303394031)(<7705.694824, 11.241705, 5742.292969>) requested data for lock!
[20:37:28] Player (Alzbob, 76561198303394031)(<7703.081543, 14.460941, 5744.566895>) requested data for lock!
[20:37:28] Player (Alzbob, 76561198303394031)(<7711.676758, 16.282442, 5757.290039>) requested data for lock!
[20:37:28] Player (Alzbob, 76561198303394031)(<7711.676758, 13.064227, 5757.290039>) requested data for lock!
[20:37:28] Player (Alzbob, 76561198303394031)(<7715.203125, 11.241089, 5740.285156>) requested data for lock!
[20:37:28] Player (Alzbob, 76561198303394031)(<7715.110352, 11.241293, 5750.946289>) requested data for lock!
[20:37:28] Player (Alzbob, 76561198303394031)(<7709.200195, 14.460329, 5740.092285>) requested data for lock!
[20:37:28] Player (Alzbob, 76561198303394031)(<7711.328613, 11.241493, 5754.259277>) requested data for lock!
[20:37:28] Player (Alzbob, 76561198303394031)(<7705.879883, 10.027159, 5751.533691>) requested data for lock!
[20:37:28] Player (Alzbob, 76561198303394031)(<7714.900879, 14.460533, 5750.724121>) requested data for lock!
[20:37:28] Player (Alzbob, 76561198303394031)(<7718.648926, 11.241293, 5754.739258>) requested data for lock!
[20:37:28] Player (Alzbob, 76561198303394031)(<7718.428711, 14.459305, 5754.732910>) requested data for lock!
[20:37:29] Player (Alzbob, 76561198303394031)(<7718.352051, 10.051284, 5744.640625>) requested data for lock!
[20:37:29] Player (Alzbob, 76561198303394031)(<7702.713867, 14.460730, 5756.341309>) requested data for lock!
[20:37:29] Player (Alzbob, 76561198303394031)(<7693.700684, 11.240681, 5741.929688>) requested data for lock!
[20:37:29] Player (Alzbob, 76561198303394031)(<7683.068359, 11.242933, 5747.628906>) requested data for lock!
[20:37:29] Player (Alzbob, 76561198303394031)(<7685.389648, 10.064847, 5744.467285>) requested data for lock!
[20:37:29] Player (Alzbob, 76561198303394031)(<7685.414551, 11.242929, 5739.559082>) requested data for lock!
[20:37:29] Player (Alzbob, 76561198303394031)(<7689.023438, 14.242929, 5742.030762>) requested data for lock!
[20:37:29] Player (Alzbob, 76561198303394031)(<7691.411621, 14.460941, 5739.756836>) requested data for lock!
[20:37:29] Player (Alzbob, 76561198303394031)(<7683.447266, 11.242525, 5735.629883>) requested data for lock!
[20:37:29] Player (Alzbob, 76561198303394031)(<7714.426758, 14.460321, 5758.039551>) requested data for lock!
[20:37:29] Player (Alzbob, 76561198303394031)(<7716.231445, 12.100084, 5773.678223>) requested data for lock!
[20:37:29] Player (Alzbob, 76561198303394031)(<7718.253418, 11.241493, 5760.514160>) requested data for lock!
[20:37:29] Player (Alzbob, 76561198303394031)(<7698.786133, 10.026342, 5745.388184>) requested data for lock!
[20:37:30] Player (Alzbob, 76561198303394031)(<7693.318848, 14.071611, 5773.753418>) requested data for lock!
[20:37:30] Player (Alzbob, 76561198303394031)(<7662.363281, 8.976425, 5750.038574>) requested data for lock!
[20:37:30] Player (Alzbob, 76561198303394031)(<7661.620605, 10.065259, 5743.938965>) requested data for lock!
[09-12-2022][21.05.13] Log file reloaded ( Server Restart )
[21:42:09] Player (Frank, 76561199004385675)(<7695.473633, 72.137520, 8781.058594>) requested data for lock!
[21:42:09] Player (Frank, 76561199004385675)(<7680.255371, 72.015587, 8773.303711>) requested data for lock!
[21:42:10] Player (Frank, 76561199004385675)(<7683.026855, 83.966080, 8745.771484>) requested data for lock!
[21:42:32] Player (Frank, 76561199004385675)(<7681.902832, 75.988075, 8771.813477>) requested data for lock!
[21:42:33] Player (Frank, 76561199004385675)(<7681.709473, 80.001579, 8772.617188>) requested data for lock!
[21:42:33] Player (Frank, 76561199004385675)(<7676.849121, 79.988235, 8765.539063>) requested data for lock!
[21:42:34] Player (Frank, 76561199004385675)(<7676.165527, 83.987900, 8767.415039>) requested data for lock!
[21:42:35] Player (Frank, 76561199004385675)(<7676.613770, 80.001572, 8769.009766>) requested data for lock!
[21:42:36] Player (Frank, 76561199004385675)(<7675.137695, 80.001572, 8768.735352>) requested data for lock!
[21:42:36] Player (Frank, 76561199004385675)(<7674.046875, 78.006523, 8772.409180>) requested data for lock!
[21:42:37] Player (Frank, 76561199004385675)(<7654.759277, 79.972855, 8758.021484>) requested data for lock!
[21:52:52] Player (MRLeok, 76561198829305873)(<7680.255371, 72.015587, 8773.303711>) requested data for lock!
[21:52:53] Player (MRLeok, 76561198829305873)(<7683.026855, 83.966080, 8745.771484>) requested data for lock!
[21:52:53] Player (MRLeok, 76561198829305873)(<7695.473633, 72.137520, 8781.058594>) requested data for lock!
[21:53:06] Player (Frank, 76561199004385675)(<7678.140625, 80.001579, 8768.454102>) requested data for lock!
[21:53:06] Player (MRLeok, 76561198829305873)(<7678.140625, 80.001579, 8768.454102>) requested data for lock!
[21:53:35] Player (MRLeok, 76561198829305873)(<7681.902832, 75.988075, 8771.813477>) requested data for lock!
[21:54:27] Player (MRLeok, 76561198829305873)(<7681.902832, 75.988075, 8771.813477>) requested data for lock!
[21:54:43] Player (MRLeok, 76561198829305873)(<7676.849121, 79.988235, 8765.539063>) requested data for lock!
[21:55:14] Player (MRLeok, 76561198829305873)(<7654.759277, 79.972855, 8758.021484>) requested data for lock!
[21:55:17] Player (MRLeok, 76561198829305873)(<7678.140625, 80.001579, 8768.454102>) requested data for lock!
[21:55:17] Player (MRLeok, 76561198829305873)(<7676.165527, 83.987900, 8767.415039>) requested data for lock!
[21:55:18] Player (MRLeok, 76561198829305873)(<7676.613770, 80.001572, 8769.009766>) requested data for lock!
[21:55:19] Player (MRLeok, 76561198829305873)(<7675.137695, 80.001572, 8768.735352>) requested data for lock!
[21:55:20] Player (MRLeok, 76561198829305873)(<7681.902832, 75.988075, 8771.813477>) requested data for lock!
[21:55:20] Player (MRLeok, 76561198829305873)(<7681.709473, 80.001579, 8772.617188>) requested data for lock!
[21:55:20] Player (MRLeok, 76561198829305873)(<7674.046875, 78.006523, 8772.409180>) requested data for lock!
[09-12-2022][23.00.53] Log file reloaded ( Server Restart )
