[09-11-2022][05.04.19] New Access Log File Created!
[07:10:36] Player (Frank, 76561199004385675)(<7676.613770, 80.001572, 8769.009766>) quick accessed a lock!
[07:21:47] Player (Frank, 76561199004385675)(<7681.709473, 80.001579, 8772.617188>) quick accessed a lock!
[07:22:09] Player (Frank, 76561199004385675)(<7676.958984, 75.988075, 8766.182617>) quick accessed a lock!
[07:22:45] Player (Frank, 76561199004385675)(<7681.902832, 75.988075, 8771.813477>) quick accessed a lock!
[07:22:58] Player (Frank, 76561199004385675)(<7674.046875, 78.006523, 8772.409180>) quick accessed a lock!
[07:25:19] Player (Frank, 76561199004385675)(<7676.613770, 80.001572, 8769.009766>) quick accessed a lock!
[07:25:28] Player (Frank, 76561199004385675)(<7675.137695, 80.001572, 8768.735352>) quick accessed a lock!
[07:28:18] Player (Frank, 76561199004385675)(<7676.958984, 75.988075, 8766.182617>) quick accessed a lock!
[07:28:39] Player (Frank, 76561199004385675)(<7681.902832, 75.988075, 8771.813477>) quick accessed a lock!
[07:28:52] Player (Frank, 76561199004385675)(<7674.046875, 78.006523, 8772.409180>) quick accessed a lock!
[07:29:00] Player (Frank, 76561199004385675)(<7676.613770, 80.001572, 8769.009766>) quick accessed a lock!
[07:29:24] Player (Frank, 76561199004385675)(<7674.046875, 78.006523, 8772.409180>) quick accessed a lock!
[07:29:26] Player (Frank, 76561199004385675)(<7674.046875, 78.006523, 8772.409180>) quick accessed a lock!
[07:30:15] Player (Frank, 76561199004385675)(<7676.613770, 80.001572, 8769.009766>) quick accessed a lock!
[07:30:25] Player (Frank, 76561199004385675)(<7676.165527, 83.987900, 8767.415039>) quick accessed a lock!
[07:31:12] Player (Frank, 76561199004385675)(<7676.165527, 83.987900, 8767.415039>) quick accessed a lock!
[07:34:29] Player (Frank, 76561199004385675)(<7676.613770, 80.001572, 8769.009766>) quick accessed a lock!
[07:37:43] Player (Frank, 76561199004385675)(<7676.613770, 80.001572, 8769.009766>) quick accessed a lock!
[07:58:07] Player (Frank, 76561199004385675)(<7680.255371, 72.015587, 8773.303711>) quick accessed a lock!
[07:58:27] Player (Frank, 76561199004385675)(<7695.473633, 72.137520, 8781.058594>) quick accessed a lock!
[08:34:03] Player (Frank, 76561199004385675)(<7695.473633, 72.137520, 8781.058594>) quick accessed a lock!
[08:35:46] Player (Frank, 76561199004385675)(<7680.255371, 72.015587, 8773.303711>) quick accessed a lock!
[08:36:11] Player (Frank, 76561199004385675)(<7674.046875, 78.006523, 8772.409180>) quick accessed a lock!
[08:37:15] Player (Frank, 76561199004385675)(<7676.613770, 80.001572, 8769.009766>) quick accessed a lock!
[08:38:47] Player (Frank, 76561199004385675)(<7676.613770, 80.001572, 8769.009766>) quick accessed a lock!
[08:39:24] Player (Frank, 76561199004385675)(<7676.613770, 80.001572, 8769.009766>) quick accessed a lock!
[08:41:34] Player (Frank, 76561199004385675)(<7676.613770, 80.001572, 8769.009766>) quick accessed a lock!
[09-11-2022][09.52.08] Log file reloaded ( Server Restart )
[10:30:00] Player (Frank, 76561199004385675)(<7676.958984, 75.988075, 8766.182617>) quick accessed a lock!
[10:49:14] Player (MRLeok, 76561198829305873)(<7681.902832, 75.988075, 8771.813477>) quick accessed a lock!
[10:49:29] Player (MRLeok, 76561198829305873)(<7681.902832, 75.988075, 8771.813477>) quick accessed a lock!
[10:49:48] Player (MRLeok, 76561198829305873)(<7680.255371, 72.015587, 8773.303711>) quick accessed a lock!
[10:49:56] Player (Frank, 76561199004385675)(<7681.902832, 75.988075, 8771.813477>) quick accessed a lock!
[10:51:18] Player (Frank, 76561199004385675)(<7680.255371, 72.015587, 8773.303711>) quick accessed a lock!
[10:51:21] Player (Frank, 76561199004385675)(<7695.473633, 72.137520, 8781.058594>) quick accessed a lock!
[10:52:44] Player (Frank, 76561199004385675)(<7680.255371, 72.015587, 8773.303711>) quick accessed a lock!
[10:52:50] Player (Frank, 76561199004385675)(<7681.902832, 75.988075, 8771.813477>) quick accessed a lock!
[10:52:53] Player (Frank, 76561199004385675)(<7681.902832, 75.988075, 8771.813477>) quick accessed a lock!
[10:53:08] Player (Frank, 76561199004385675)(<7676.613770, 80.001572, 8769.009766>) quick accessed a lock!
[10:54:18] Player (Frank, 76561199004385675)(<7676.613770, 80.001572, 8769.009766>) quick accessed a lock!
[10:54:42] Player (Frank, 76561199004385675)(<7675.137695, 80.001572, 8768.735352>) quick accessed a lock!
[10:54:48] Player (MRLeok, 76561198829305873)(<7680.255371, 72.015587, 8773.303711>) quick accessed a lock!
[10:57:55] Player (Frank, 76561199004385675)(<7676.165527, 83.987900, 8767.415039>) quick accessed a lock!
[11:17:57] Player (Frank, 76561199004385675)(<7680.255371, 72.015587, 8773.303711>) quick accessed a lock!
[11:18:05] Player (Frank, 76561199004385675)(<7695.473633, 72.137520, 8781.058594>) quick accessed a lock!
[11:27:58] Player (Frank, 76561199004385675)(<7695.473633, 72.137520, 8781.058594>) quick accessed a lock!
[12:00:08] Player (Frank, 76561199004385675)(<7680.255371, 72.015587, 8773.303711>) quick accessed a lock!
[12:01:17] Player (Frank, 76561199004385675)(<7676.613770, 80.001572, 8769.009766>) quick accessed a lock!
[12:02:19] Player (MRLeok, 76561198829305873)(<7681.709473, 80.001579, 8772.617188>) quick accessed a lock!
[12:02:36] Player (MRLeok, 76561198829305873)(<7675.137695, 80.001572, 8768.735352>) quick accessed a lock!
[12:03:26] Player (MRLeok, 76561198829305873)(<7676.958984, 75.988075, 8766.182617>) quick accessed a lock!
[12:04:18] Player (Frank, 76561199004385675)(<7676.613770, 80.001572, 8769.009766>) quick accessed a lock!
[12:06:55] Player (Frank, 76561199004385675)(<7676.613770, 80.001572, 8769.009766>) quick accessed a lock!
[12:07:03] Player (MRLeok, 76561198829305873)(<7680.255371, 72.015587, 8773.303711>) quick accessed a lock!
[12:10:59] Player (MRLeok, 76561198829305873)(<7676.165527, 83.987900, 8767.415039>) quick accessed a lock!
[12:11:23] Player (MRLeok, 76561198829305873)(<7680.255371, 72.015587, 8773.303711>) quick accessed a lock!
[12:12:17] Player (MRLeok, 76561198829305873)(<7695.473633, 72.137520, 8781.058594>) quick accessed a lock!
[12:14:52] Player (MRLeok, 76561198829305873)(<7676.165527, 83.987900, 8767.415039>) quick accessed a lock!
[12:25:27] Player (MRLeok, 76561198829305873)(<7680.255371, 72.015587, 8773.303711>) quick accessed a lock!
[12:26:24] Player (MRLeok, 76561198829305873)(<7680.255371, 72.015587, 8773.303711>) quick accessed a lock!
[09-11-2022][14.49.32] Log file reloaded ( Server Restart )
[09-11-2022][14.58.35] Log file reloaded ( Server Restart )
[15:00:03] Player (BeefySTi, 76561198095923512)(<7694.773438, 13.271531, 5742.550781>) quick accessed a lock!
[15:11:36] Player (MRLeok, 76561198829305873)(<7680.255371, 72.015587, 8773.303711>) quick accessed a lock!
[15:15:54] Player (THE STITTIES, 76561199206265093)(<7715.203125, 11.241089, 5740.285156>) quick accessed a lock!
[15:22:25] Player (Frank, 76561199004385675)(<7676.613770, 80.001572, 8769.009766>) quick accessed a lock!
[15:22:45] Player (Frank, 76561199004385675)(<7675.137695, 80.001572, 8768.735352>) quick accessed a lock!
[15:23:28] Player (Frank, 76561199004385675)(<7676.613770, 80.001572, 8769.009766>) quick accessed a lock!
[15:25:02] Player (Frank, 76561199004385675)(<7676.613770, 80.001572, 8769.009766>) quick accessed a lock!
[15:25:27] Player (Frank, 76561199004385675)(<7676.613770, 80.001572, 8769.009766>) quick accessed a lock!
[15:26:24] Player (Frank, 76561199004385675)(<7676.613770, 80.001572, 8769.009766>) quick accessed a lock!
[15:26:45] Player (Frank, 76561199004385675)(<7674.046875, 78.006523, 8772.409180>) quick accessed a lock!
[15:26:47] Player (Frank, 76561199004385675)(<7681.902832, 75.988075, 8771.813477>) quick accessed a lock!
[15:26:58] Player (Magick, 76561198797376439)(<7698.786133, 10.026342, 5745.388184>) quick accessed a lock!
[15:28:16] Player (Magick, 76561198797376439)(<7693.700684, 11.240681, 5741.929688>) quick accessed a lock!
[15:32:11] Player (Frank, 76561199004385675)(<7676.613770, 80.001572, 8769.009766>) quick accessed a lock!
[15:32:18] Player (Frank, 76561199004385675)(<7675.137695, 80.001572, 8768.735352>) quick accessed a lock!
[15:35:01] Player (Frank, 76561199004385675)(<7680.255371, 72.015587, 8773.303711>) quick accessed a lock!
[15:35:24] Player (Frank, 76561199004385675)(<7695.473633, 72.137520, 8781.058594>) quick accessed a lock!
[15:35:43] Player (Magick, 76561198797376439)(<7691.488770, 11.242929, 5738.411621>) quick accessed a lock!
[15:36:03] Player (Magick, 76561198797376439)(<7661.620605, 10.065259, 5743.938965>) quick accessed a lock!
[15:36:15] Player (Magick, 76561198797376439)(<7662.363281, 8.976425, 5750.038574>) quick accessed a lock!
[15:46:37] Player (BeefySTi, 76561198095923512)(<7693.318848, 14.071611, 5773.753418>) quick accessed a lock!
[15:46:47] Player (BeefySTi, 76561198095923512)(<7718.253418, 11.241493, 5760.514160>) quick accessed a lock!
[15:46:50] Player (BeefySTi, 76561198095923512)(<7718.648926, 11.241293, 5754.739258>) quick accessed a lock!
[15:46:55] Player (BeefySTi, 76561198095923512)(<7715.110352, 11.241293, 5750.946289>) quick accessed a lock!
[15:47:00] Player (BeefySTi, 76561198095923512)(<7711.328613, 11.241493, 5754.259277>) quick accessed a lock!
[15:47:02] Player (BeefySTi, 76561198095923512)(<7711.676758, 13.064227, 5757.290039>) quick accessed a lock!
[15:47:06] Player (BeefySTi, 76561198095923512)(<7714.426758, 14.460321, 5758.039551>) quick accessed a lock!
[15:47:08] Player (BeefySTi, 76561198095923512)(<7718.428711, 14.459305, 5754.732910>) quick accessed a lock!
[15:47:10] Player (BeefySTi, 76561198095923512)(<7714.900879, 14.460533, 5750.724121>) quick accessed a lock!
[15:47:26] Player (Mr Tugboi, 76561199206265093)(<7716.231445, 12.100084, 5773.678223>) quick accessed a lock!
[15:47:31] Player (Mr Tugboi, 76561199206265093)(<7718.253418, 11.241493, 5760.514160>) quick accessed a lock!
[15:47:34] Player (Mr Tugboi, 76561199206265093)(<7718.648926, 11.241293, 5754.739258>) quick accessed a lock!
[15:47:38] Player (Mr Tugboi, 76561199206265093)(<7715.110352, 11.241293, 5750.946289>) quick accessed a lock!
[15:47:47] Player (BeefySTi, 76561198095923512)(<7703.081543, 14.460941, 5744.566895>) quick accessed a lock!
[15:48:09] Player (BeefySTi, 76561198095923512)(<7703.081543, 14.460941, 5744.566895>) quick accessed a lock!
[15:48:12] Player (Mr Tugboi, 76561199206265093)(<7715.203125, 11.241089, 5740.285156>) quick accessed a lock!
[15:48:14] Player (BeefySTi, 76561198095923512)(<7703.081543, 14.460941, 5744.566895>) quick accessed a lock!
[15:48:17] Player (Mr Tugboi, 76561199206265093)(<7718.352051, 10.051284, 5744.640625>) quick accessed a lock!
[15:49:26] Player (Mr Tugboi, 76561199206265093)(<7721.246582, 10.096925, 5739.351074>) quick accessed a lock!
[15:50:51] Player (BeefySTi, 76561198095923512)(<7691.411621, 14.460941, 5739.756836>) quick accessed a lock!
[15:50:54] Player (BeefySTi, 76561198095923512)(<7689.023438, 14.242929, 5742.030762>) quick accessed a lock!
[15:51:09] Player (BeefySTi, 76561198095923512)(<7689.023438, 14.242929, 5742.030762>) quick accessed a lock!
[15:51:14] Player (BeefySTi, 76561198095923512)(<7689.023438, 14.242929, 5742.030762>) quick accessed a lock!
[15:51:16] Player (BeefySTi, 76561198095923512)(<7691.411621, 14.460941, 5739.756836>) quick accessed a lock!
[15:51:19] Player (Mr Tugboi, 76561199206265093)(<7715.203125, 11.241089, 5740.285156>) quick accessed a lock!
[15:51:22] Player (BeefySTi, 76561198095923512)(<7703.081543, 14.460941, 5744.566895>) quick accessed a lock!
[15:52:13] Player (BeefySTi, 76561198095923512)(<7714.900879, 14.460533, 5750.724121>) quick accessed a lock!
[15:52:16] Player (BeefySTi, 76561198095923512)(<7718.428711, 14.459305, 5754.732910>) quick accessed a lock!
[15:52:19] Player (BeefySTi, 76561198095923512)(<7714.426758, 14.460321, 5758.039551>) quick accessed a lock!
[15:52:29] Player (BeefySTi, 76561198095923512)(<7711.676758, 13.064227, 5757.290039>) quick accessed a lock!
[15:52:32] Player (BeefySTi, 76561198095923512)(<7711.328613, 11.241493, 5754.259277>) quick accessed a lock!
[15:52:38] Player (BeefySTi, 76561198095923512)(<7718.648926, 11.241293, 5754.739258>) quick accessed a lock!
[15:52:43] Player (BeefySTi, 76561198095923512)(<7718.253418, 11.241493, 5760.514160>) quick accessed a lock!
[15:52:53] Player (BeefySTi, 76561198095923512)(<7662.363281, 8.976425, 5750.038574>) quick accessed a lock!
[15:54:01] Player (Magick, 76561198797376439)(<7716.231445, 12.100084, 5773.678223>) quick accessed a lock!
[15:54:48] Player (Magick, 76561198797376439)(<7718.253418, 11.241493, 5760.514160>) quick accessed a lock!
[15:54:51] Player (Magick, 76561198797376439)(<7718.648926, 11.241293, 5754.739258>) quick accessed a lock!
[15:54:53] Player (Magick, 76561198797376439)(<7715.110352, 11.241293, 5750.946289>) quick accessed a lock!
[15:55:02] Player (Magick, 76561198797376439)(<7693.700684, 11.240681, 5741.929688>) quick accessed a lock!
[15:55:12] Player (Magick, 76561198797376439)(<7698.786133, 10.026342, 5745.388184>) quick accessed a lock!
[15:55:30] Player (Mr Tugboi, 76561199206265093)(<7715.562500, 10.097129, 5747.966797>) quick accessed a lock!
[15:55:56] Player (Mr Tugboi, 76561199206265093)(<7720.623047, 10.097129, 5748.136719>) quick accessed a lock!
[15:56:28] Player (BeefySTi, 76561198095923512)(<7716.231445, 12.100084, 5773.678223>) quick accessed a lock!
[15:57:58] Player (BeefySTi, 76561198095923512)(<7718.253418, 11.241493, 5760.514160>) quick accessed a lock!
[15:58:00] Player (BeefySTi, 76561198095923512)(<7718.648926, 11.241293, 5754.739258>) quick accessed a lock!
[15:58:03] Player (BeefySTi, 76561198095923512)(<7715.110352, 11.241293, 5750.946289>) quick accessed a lock!
[16:03:03] Player (Alzbob, 76561198303394031)(<7716.231445, 12.100084, 5773.678223>) quick accessed a lock!
[16:03:07] Player (Alzbob, 76561198303394031)(<7718.253418, 11.241493, 5760.514160>) quick accessed a lock!
[16:03:09] Player (Alzbob, 76561198303394031)(<7718.648926, 11.241293, 5754.739258>) quick accessed a lock!
[16:03:12] Player (Alzbob, 76561198303394031)(<7715.110352, 11.241293, 5750.946289>) quick accessed a lock!
[16:03:17] Player (Alzbob, 76561198303394031)(<7705.694824, 11.241705, 5742.292969>) quick accessed a lock!
[16:03:21] Player (Alzbob, 76561198303394031)(<7705.879883, 10.027159, 5751.533691>) quick accessed a lock!
[16:04:12] Player (Alzbob, 76561198303394031)(<7705.879883, 10.027159, 5751.533691>) quick accessed a lock!
[16:04:21] Player (Alzbob, 76561198303394031)(<7705.694824, 11.241705, 5742.292969>) quick accessed a lock!
[16:04:54] Player (Mr Tugboi, 76561199206265093)(<7721.246582, 10.096925, 5739.351074>) quick accessed a lock!
[16:05:00] Player (Mr Tugboi, 76561199206265093)(<7720.900391, 10.051270, 5740.673340>) quick accessed a lock!
[16:06:11] Player (Mr Tugboi, 76561199206265093)(<7719.535645, 10.094641, 5737.418945>) quick accessed a lock!
[16:06:21] Player (Alzbob, 76561198303394031)(<7705.694824, 11.241705, 5742.292969>) quick accessed a lock!
[16:07:12] Player (Alzbob, 76561198303394031)(<7705.694824, 11.241705, 5742.292969>) quick accessed a lock!
[16:07:37] Player (Mr Tugboi, 76561199206265093)(<7715.203125, 11.241089, 5740.285156>) quick accessed a lock!
[16:08:13] Player (JakusMallius, 76561198067006084)(<7711.676758, 16.282442, 5757.290039>) quick accessed a lock!
[16:08:16] Player (JakusMallius, 76561198067006084)(<7711.676758, 16.282442, 5757.290039>) quick accessed a lock!
[16:08:19] Player (JakusMallius, 76561198067006084)(<7714.426758, 14.460321, 5758.039551>) quick accessed a lock!
[16:08:22] Player (JakusMallius, 76561198067006084)(<7718.428711, 14.459305, 5754.732910>) quick accessed a lock!
[16:08:25] Player (JakusMallius, 76561198067006084)(<7714.900879, 14.460533, 5750.724121>) quick accessed a lock!
[16:08:29] Player (JakusMallius, 76561198067006084)(<7702.713867, 14.460730, 5756.341309>) quick accessed a lock!
[16:08:41] Player (JakusMallius, 76561198067006084)(<7691.411621, 14.460941, 5739.756836>) quick accessed a lock!
[16:08:44] Player (JakusMallius, 76561198067006084)(<7689.023438, 14.242929, 5742.030762>) quick accessed a lock!
[16:08:48] Player (Mr Tugboi, 76561199206265093)(<7718.352051, 10.051284, 5744.640625>) quick accessed a lock!
[16:08:49] Player (JakusMallius, 76561198067006084)(<7685.389648, 10.064847, 5744.467285>) quick accessed a lock!
[16:09:35] Player (JakusMallius, 76561198067006084)(<7685.414551, 11.242929, 5739.559082>) quick accessed a lock!
[16:10:01] Player (Mr Tugboi, 76561199206265093)(<7718.352051, 10.051284, 5744.640625>) quick accessed a lock!
[16:10:05] Player (BeefySTi, 76561198095923512)(<7715.110352, 11.241293, 5750.946289>) quick accessed a lock!
[16:10:07] Player (BeefySTi, 76561198095923512)(<7718.648926, 11.241293, 5754.739258>) quick accessed a lock!
[16:10:14] Player (BeefySTi, 76561198095923512)(<7711.328613, 11.241493, 5754.259277>) quick accessed a lock!
[16:10:17] Player (BeefySTi, 76561198095923512)(<7711.676758, 13.064227, 5757.290039>) quick accessed a lock!
[16:10:21] Player (Alzbob, 76561198303394031)(<7705.694824, 11.241705, 5742.292969>) quick accessed a lock!
[16:10:23] Player (BeefySTi, 76561198095923512)(<7714.426758, 14.460321, 5758.039551>) quick accessed a lock!
[16:10:24] Player (JakusMallius, 76561198067006084)(<7711.328613, 11.241493, 5754.259277>) quick accessed a lock!
[16:10:26] Player (BeefySTi, 76561198095923512)(<7718.428711, 14.459305, 5754.732910>) quick accessed a lock!
[16:10:27] Player (JakusMallius, 76561198067006084)(<7711.676758, 13.064227, 5757.290039>) quick accessed a lock!
[16:10:29] Player (BeefySTi, 76561198095923512)(<7714.900879, 14.460533, 5750.724121>) quick accessed a lock!
[16:10:32] Player (Alzbob, 76561198303394031)(<7705.694824, 11.241705, 5742.292969>) quick accessed a lock!
[16:10:35] Player (JakusMallius, 76561198067006084)(<7714.426758, 14.460321, 5758.039551>) quick accessed a lock!
[16:10:38] Player (JakusMallius, 76561198067006084)(<7718.428711, 14.459305, 5754.732910>) quick accessed a lock!
[16:10:41] Player (JakusMallius, 76561198067006084)(<7714.900879, 14.460533, 5750.724121>) quick accessed a lock!
[16:10:45] Player (JakusMallius, 76561198067006084)(<7702.713867, 14.460730, 5756.341309>) quick accessed a lock!
[16:10:47] Player (Mr Tugboi, 76561199206265093)(<7715.203125, 11.241089, 5740.285156>) quick accessed a lock!
[16:10:52] Player (Magick, 76561198797376439)(<7693.700684, 11.240681, 5741.929688>) quick accessed a lock!
[16:10:57] Player (Magick, 76561198797376439)(<7698.786133, 10.026342, 5745.388184>) quick accessed a lock!
[16:11:32] Player (Alzbob, 76561198303394031)(<7705.694824, 11.241705, 5742.292969>) quick accessed a lock!
[16:11:37] Player (Alzbob, 76561198303394031)(<7705.879883, 10.027159, 5751.533691>) quick accessed a lock!
[16:12:06] Player (Alzbob, 76561198303394031)(<7705.694824, 11.241705, 5742.292969>) quick accessed a lock!
[16:12:14] Player (Mr Tugboi, 76561199206265093)(<7720.912598, 10.051270, 5741.343750>) quick accessed a lock!
[16:12:14] Player (Alzbob, 76561198303394031)(<7705.694824, 11.241705, 5742.292969>) quick accessed a lock!
[16:12:16] Player (Magick, 76561198797376439)(<7698.786133, 10.026342, 5745.388184>) quick accessed a lock!
[16:12:25] Player (Mr Tugboi, 76561199206265093)(<7720.623047, 10.097129, 5748.136719>) quick accessed a lock!
[16:13:25] Player (JakusMallius, 76561198067006084)(<7702.713867, 14.460730, 5756.341309>) quick accessed a lock!
[16:13:47] Player (JakusMallius, 76561198067006084)(<7714.900879, 14.460533, 5750.724121>) quick accessed a lock!
[16:13:51] Player (JakusMallius, 76561198067006084)(<7718.428711, 14.459305, 5754.732910>) quick accessed a lock!
[16:13:55] Player (JakusMallius, 76561198067006084)(<7714.426758, 14.460321, 5758.039551>) quick accessed a lock!
[16:14:03] Player (JakusMallius, 76561198067006084)(<7711.676758, 13.064227, 5757.290039>) quick accessed a lock!
[16:14:11] Player (JakusMallius, 76561198067006084)(<7711.328613, 11.241493, 5754.259277>) quick accessed a lock!
[16:14:30] Player (Mr Tugboi, 76561199206265093)(<7721.246582, 10.096925, 5739.351074>) quick accessed a lock!
[16:14:35] Player (Magick, 76561198797376439)(<7715.110352, 11.241293, 5750.946289>) quick accessed a lock!
[16:14:38] Player (Magick, 76561198797376439)(<7711.328613, 11.241493, 5754.259277>) quick accessed a lock!
[16:14:40] Player (Magick, 76561198797376439)(<7711.676758, 13.064227, 5757.290039>) quick accessed a lock!
[16:14:42] Player (Magick, 76561198797376439)(<7714.426758, 14.460321, 5758.039551>) quick accessed a lock!
[16:14:44] Player (Magick, 76561198797376439)(<7718.428711, 14.459305, 5754.732910>) quick accessed a lock!
[16:14:46] Player (Magick, 76561198797376439)(<7714.900879, 14.460533, 5750.724121>) quick accessed a lock!
[16:17:35] Player (BeefySTi, 76561198095923512)(<7703.081543, 14.460941, 5744.566895>) quick accessed a lock!
[16:17:42] Player (JakusMallius, 76561198067006084)(<7702.713867, 14.460730, 5756.341309>) quick accessed a lock!
[16:18:03] Player (Magick, 76561198797376439)(<7691.488770, 11.242929, 5738.411621>) quick accessed a lock!
[16:18:05] Player (Magick, 76561198797376439)(<7685.414551, 11.242929, 5739.559082>) quick accessed a lock!
[16:18:06] Player (BeefySTi, 76561198095923512)(<7691.411621, 14.460941, 5739.756836>) quick accessed a lock!
[16:18:31] Player (Magick, 76561198797376439)(<7683.068359, 11.242933, 5747.628906>) quick accessed a lock!
[16:18:37] Player (Magick, 76561198797376439)(<7683.068359, 11.242933, 5747.628906>) quick accessed a lock!
[16:18:42] Player (Magick, 76561198797376439)(<7693.700684, 11.240681, 5741.929688>) quick accessed a lock!
[16:19:06] Player (Magick, 76561198797376439)(<7683.068359, 11.242933, 5747.628906>) quick accessed a lock!
[16:19:27] Player (JakusMallius, 76561198067006084)(<7702.713867, 14.460730, 5756.341309>) quick accessed a lock!
[16:19:39] Player (JakusMallius, 76561198067006084)(<7691.411621, 14.460941, 5739.756836>) quick accessed a lock!
[16:19:45] Player (JakusMallius, 76561198067006084)(<7689.023438, 14.242929, 5742.030762>) quick accessed a lock!
[16:19:49] Player (JakusMallius, 76561198067006084)(<7685.389648, 10.064847, 5744.467285>) quick accessed a lock!
[16:20:48] Player (Mr Tugboi, 76561199206265093)(<7715.203125, 11.241089, 5740.285156>) quick accessed a lock!
[16:21:17] Player (BeefySTi, 76561198095923512)(<7691.411621, 14.460941, 5739.756836>) quick accessed a lock!
[16:21:26] Player (Magick, 76561198797376439)(<7683.068359, 11.242933, 5747.628906>) quick accessed a lock!
[16:21:28] Player (Magick, 76561198797376439)(<7685.414551, 11.242929, 5739.559082>) quick accessed a lock!
[16:21:29] Player (BeefySTi, 76561198095923512)(<7689.023438, 14.242929, 5742.030762>) quick accessed a lock!
[16:21:33] Player (JakusMallius, 76561198067006084)(<7691.488770, 11.242929, 5738.411621>) quick accessed a lock!
[16:21:37] Player (BeefySTi, 76561198095923512)(<7685.389648, 10.064847, 5744.467285>) quick accessed a lock!
[16:21:39] Player (JakusMallius, 76561198067006084)(<7685.389648, 10.064847, 5744.467285>) quick accessed a lock!
[16:21:42] Player (JakusMallius, 76561198067006084)(<7689.023438, 14.242929, 5742.030762>) quick accessed a lock!
[16:21:45] Player (JakusMallius, 76561198067006084)(<7691.411621, 14.460941, 5739.756836>) quick accessed a lock!
[16:21:48] Player (BeefySTi, 76561198095923512)(<7683.068359, 11.242933, 5747.628906>) quick accessed a lock!
[16:21:50] Player (BeefySTi, 76561198095923512)(<7683.068359, 11.242933, 5747.628906>) quick accessed a lock!
[16:21:54] Player (JakusMallius, 76561198067006084)(<7702.713867, 14.460730, 5756.341309>) quick accessed a lock!
[16:22:30] Player (BeefySTi, 76561198095923512)(<7662.363281, 8.976425, 5750.038574>) quick accessed a lock!
[16:23:28] Player (BeefySTi, 76561198095923512)(<7662.363281, 8.976425, 5750.038574>) quick accessed a lock!
[16:23:50] Player (BeefySTi, 76561198095923512)(<7662.363281, 8.976425, 5750.038574>) quick accessed a lock!
[16:24:49] Player (JakusMallius, 76561198067006084)(<7702.713867, 14.460730, 5756.341309>) quick accessed a lock!
[16:25:22] Player (JakusMallius, 76561198067006084)(<7691.411621, 14.460941, 5739.756836>) quick accessed a lock!
[16:25:25] Player (JakusMallius, 76561198067006084)(<7689.023438, 14.242929, 5742.030762>) quick accessed a lock!
[16:25:28] Player (JakusMallius, 76561198067006084)(<7685.389648, 10.064847, 5744.467285>) quick accessed a lock!
[16:30:35] Player (Mr Tugboi, 76561199206265093)(<7716.231445, 12.100084, 5773.678223>) quick accessed a lock!
[16:30:42] Player (Mr Tugboi, 76561199206265093)(<7718.253418, 11.241493, 5760.514160>) quick accessed a lock!
[16:30:45] Player (Mr Tugboi, 76561199206265093)(<7718.648926, 11.241293, 5754.739258>) quick accessed a lock!
[16:30:47] Player (Mr Tugboi, 76561199206265093)(<7715.110352, 11.241293, 5750.946289>) quick accessed a lock!
[16:31:01] Player (Alzbob, 76561198303394031)(<7685.389648, 10.064847, 5744.467285>) quick accessed a lock!
[16:31:03] Player (Alzbob, 76561198303394031)(<7689.023438, 14.242929, 5742.030762>) quick accessed a lock!
[16:31:22] Player (BeefySTi, 76561198095923512)(<7661.620605, 10.065259, 5743.938965>) quick accessed a lock!
[16:32:06] Player (Mr Tugboi, 76561199206265093)(<7715.203125, 11.241089, 5740.285156>) quick accessed a lock!
[16:34:30] Player (BeefySTi, 76561198095923512)(<7683.447266, 11.242525, 5735.629883>) set a new passcode on lock!
[16:34:30] Player (BeefySTi, 76561198095923512)(<7683.447266, 11.242525, 5735.629883>) claimed ownership of a lock!
[16:34:31] Player (BeefySTi, 76561198095923512)(<7683.447266, 11.242525, 5735.629883>) quick accessed a lock!
[16:36:47] Player (Alzbob, 76561198303394031)(<7685.389648, 10.064847, 5744.467285>) quick accessed a lock!
[16:38:26] Player (BeefySTi, 76561198095923512)(<7685.389648, 10.064847, 5744.467285>) quick accessed a lock!
[16:38:29] Player (BeefySTi, 76561198095923512)(<7689.023438, 14.242929, 5742.030762>) quick accessed a lock!
[16:38:34] Player (JakusMallius, 76561198067006084)(<7689.023438, 14.242929, 5742.030762>) quick accessed a lock!
[16:38:41] Player (BeefySTi, 76561198095923512)(<7718.253418, 11.241493, 5760.514160>) quick accessed a lock!
[16:38:44] Player (BeefySTi, 76561198095923512)(<7718.648926, 11.241293, 5754.739258>) quick accessed a lock!
[16:38:46] Player (BeefySTi, 76561198095923512)(<7715.110352, 11.241293, 5750.946289>) quick accessed a lock!
[16:38:51] Player (BeefySTi, 76561198095923512)(<7711.328613, 11.241493, 5754.259277>) quick accessed a lock!
[16:38:53] Player (BeefySTi, 76561198095923512)(<7711.676758, 13.064227, 5757.290039>) quick accessed a lock!
[16:38:59] Player (BeefySTi, 76561198095923512)(<7711.676758, 16.282442, 5757.290039>) quick accessed a lock!
[16:39:08] Player (JakusMallius, 76561198067006084)(<7711.328613, 11.241493, 5754.259277>) quick accessed a lock!
[16:39:13] Player (JakusMallius, 76561198067006084)(<7711.328613, 11.241493, 5754.259277>) quick accessed a lock!
[16:39:44] Player (Alzbob, 76561198303394031)(<7705.694824, 11.241705, 5742.292969>) quick accessed a lock!
[16:40:23] Player (Magick, 76561198797376439)(<7693.700684, 11.240681, 5741.929688>) quick accessed a lock!
[16:52:22] Player (JakusMallius, 76561198067006084)(<7661.620605, 10.065259, 5743.938965>) quick accessed a lock!
[16:55:52] Player (Alzbob, 76561198303394031)(<7661.620605, 10.065259, 5743.938965>) quick accessed a lock!
[16:55:56] Player (Mr Tugboi, 76561199206265093)(<7661.620605, 10.065259, 5743.938965>) accessed a lock!
[16:55:56] Player (Mr Tugboi, 76561199206265093)(<7661.620605, 10.065259, 5743.938965>) was added as a guest of a lock!
[16:55:59] Player (Mr Tugboi, 76561199206265093)(<7661.620605, 10.065259, 5743.938965>) quick accessed a lock!
[16:56:21] Player (Alzbob, 76561198303394031)(<7685.389648, 10.064847, 5744.467285>) quick accessed a lock!
[16:56:23] Player (Alzbob, 76561198303394031)(<7689.023438, 14.242929, 5742.030762>) quick accessed a lock!
[16:56:28] Player (JakusMallius, 76561198067006084)(<7661.620605, 10.065259, 5743.938965>) quick accessed a lock!
[16:56:41] Player (Alzbob, 76561198303394031)(<7691.411621, 14.460941, 5739.756836>) quick accessed a lock!
[16:57:00] Player (Magick, 76561198797376439)(<7698.786133, 10.026342, 5745.388184>) quick accessed a lock!
[16:57:54] Player (Magick, 76561198797376439)(<7683.447266, 11.242525, 5735.629883>) accessed a lock!
[16:57:54] Player (Magick, 76561198797376439)(<7683.447266, 11.242525, 5735.629883>) was added as a guest of a lock!
[16:59:08] Player (BeefySTi, 76561198095923512)(<7661.620605, 10.065259, 5743.938965>) quick accessed a lock!
[16:59:11] Player (Magick, 76561198797376439)(<7683.068359, 11.242933, 5747.628906>) quick accessed a lock!
[16:59:16] Player (Mr Tugboi, 76561199206265093)(<7715.203125, 11.241089, 5740.285156>) quick accessed a lock!
[16:59:22] Player (Magick, 76561198797376439)(<7685.389648, 10.064847, 5744.467285>) quick accessed a lock!
[16:59:22] Player (Mr Tugboi, 76561199206265093)(<7718.352051, 10.051284, 5744.640625>) quick accessed a lock!
[16:59:29] Player (JakusMallius, 76561198067006084)(<7689.023438, 14.242929, 5742.030762>) quick accessed a lock!
[16:59:37] Player (JakusMallius, 76561198067006084)(<7702.713867, 14.460730, 5756.341309>) quick accessed a lock!
[17:03:12] Player (JakusMallius, 76561198067006084)(<7661.620605, 10.065259, 5743.938965>) quick accessed a lock!
[17:05:27] Player (Alzbob, 76561198303394031)(<7685.389648, 10.064847, 5744.467285>) quick accessed a lock!
[17:05:41] Player (Alzbob, 76561198303394031)(<7685.414551, 11.242929, 5739.559082>) quick accessed a lock!
[17:06:11] Player (Alzbob, 76561198303394031)(<7705.694824, 11.241705, 5742.292969>) quick accessed a lock!
[17:06:22] Player (BeefySTi, 76561198095923512)(<7716.231445, 12.100084, 5773.678223>) quick accessed a lock!
[17:06:29] Player (Alzbob, 76561198303394031)(<7705.694824, 11.241705, 5742.292969>) quick accessed a lock!
[17:07:03] Player (JakusMallius, 76561198067006084)(<7683.068359, 11.242933, 5747.628906>) quick accessed a lock!
[17:07:43] Player (JakusMallius, 76561198067006084)(<7685.389648, 10.064847, 5744.467285>) quick accessed a lock!
[17:07:46] Player (JakusMallius, 76561198067006084)(<7689.023438, 14.242929, 5742.030762>) quick accessed a lock!
[17:07:49] Player (JakusMallius, 76561198067006084)(<7691.411621, 14.460941, 5739.756836>) quick accessed a lock!
[17:07:55] Player (JakusMallius, 76561198067006084)(<7714.900879, 14.460533, 5750.724121>) quick accessed a lock!
[17:07:58] Player (JakusMallius, 76561198067006084)(<7718.428711, 14.459305, 5754.732910>) quick accessed a lock!
[17:08:01] Player (JakusMallius, 76561198067006084)(<7714.426758, 14.460321, 5758.039551>) quick accessed a lock!
[17:08:03] Player (JakusMallius, 76561198067006084)(<7711.676758, 16.282442, 5757.290039>) quick accessed a lock!
[17:08:55] Player (BeefySTi, 76561198095923512)(<7685.389648, 10.064847, 5744.467285>) quick accessed a lock!
[17:09:04] Player (BeefySTi, 76561198095923512)(<7689.023438, 14.242929, 5742.030762>) quick accessed a lock!
[17:09:07] Player (BeefySTi, 76561198095923512)(<7691.411621, 14.460941, 5739.756836>) quick accessed a lock!
[17:09:16] Player (BeefySTi, 76561198095923512)(<7714.900879, 14.460533, 5750.724121>) quick accessed a lock!
[17:09:18] Player (BeefySTi, 76561198095923512)(<7718.428711, 14.459305, 5754.732910>) quick accessed a lock!
[17:09:20] Player (BeefySTi, 76561198095923512)(<7714.426758, 14.460321, 5758.039551>) quick accessed a lock!
[17:09:23] Player (BeefySTi, 76561198095923512)(<7711.676758, 16.282442, 5757.290039>) quick accessed a lock!
[17:22:36] Player (Frank, 76561199004385675)(<7680.255371, 72.015587, 8773.303711>) quick accessed a lock!
[17:23:13] Player (Frank, 76561199004385675)(<7676.165527, 83.987900, 8767.415039>) quick accessed a lock!
[17:23:36] Player (MRLeok, 76561198829305873)(<7675.137695, 80.001572, 8768.735352>) quick accessed a lock!
[17:24:14] Player (MRLeok, 76561198829305873)(<7674.046875, 78.006523, 8772.409180>) quick accessed a lock!
[17:26:17] Player (MRLeok, 76561198829305873)(<7680.255371, 72.015587, 8773.303711>) quick accessed a lock!
[17:26:20] Player (MRLeok, 76561198829305873)(<7695.473633, 72.137520, 8781.058594>) quick accessed a lock!
[17:26:57] Player (MRLeok, 76561198829305873)(<7680.255371, 72.015587, 8773.303711>) quick accessed a lock!
[17:39:56] Player (Alzbob, 76561198303394031)(<7716.231445, 12.100084, 5773.678223>) quick accessed a lock!
[17:40:01] Player (Alzbob, 76561198303394031)(<7718.253418, 11.241493, 5760.514160>) quick accessed a lock!
[17:40:03] Player (Alzbob, 76561198303394031)(<7718.648926, 11.241293, 5754.739258>) quick accessed a lock!
[17:40:06] Player (Alzbob, 76561198303394031)(<7715.110352, 11.241293, 5750.946289>) quick accessed a lock!
[17:40:11] Player (Alzbob, 76561198303394031)(<7705.694824, 11.241705, 5742.292969>) quick accessed a lock!
[17:40:20] Player (Mr Tugboi, 76561199206265093)(<7718.253418, 11.241493, 5760.514160>) quick accessed a lock!
[17:40:23] Player (Mr Tugboi, 76561199206265093)(<7718.648926, 11.241293, 5754.739258>) quick accessed a lock!
[17:40:25] Player (Mr Tugboi, 76561199206265093)(<7715.110352, 11.241293, 5750.946289>) quick accessed a lock!
[17:40:30] Player (JakusMallius, 76561198067006084)(<7693.318848, 14.071611, 5773.753418>) quick accessed a lock!
[17:40:35] Player (Alzbob, 76561198303394031)(<7705.694824, 11.241705, 5742.292969>) quick accessed a lock!
[17:41:28] Player (JakusMallius, 76561198067006084)(<7683.068359, 11.242933, 5747.628906>) quick accessed a lock!
[17:41:49] Player (Alzbob, 76561198303394031)(<7705.694824, 11.241705, 5742.292969>) quick accessed a lock!
[17:42:49] Player (BeefySTi, 76561198095923512)(<7711.676758, 16.282442, 5757.290039>) quick accessed a lock!
[17:42:51] Player (BeefySTi, 76561198095923512)(<7714.426758, 14.460321, 5758.039551>) quick accessed a lock!
[17:42:52] Player (Alzbob, 76561198303394031)(<7683.447266, 11.242525, 5735.629883>) accessed a lock!
[17:42:52] Player (Alzbob, 76561198303394031)(<7683.447266, 11.242525, 5735.629883>) was added as a guest of a lock!
[17:42:55] Player (BeefySTi, 76561198095923512)(<7718.428711, 14.459305, 5754.732910>) quick accessed a lock!
[17:42:57] Player (BeefySTi, 76561198095923512)(<7714.900879, 14.460533, 5750.724121>) quick accessed a lock!
[17:43:03] Player (Alzbob, 76561198303394031)(<7661.620605, 10.065259, 5743.938965>) quick accessed a lock!
[17:43:05] Player (BeefySTi, 76561198095923512)(<7691.411621, 14.460941, 5739.756836>) quick accessed a lock!
[17:43:12] Player (BeefySTi, 76561198095923512)(<7689.023438, 14.242929, 5742.030762>) quick accessed a lock!
[17:43:21] Player (Mr Tugboi, 76561199206265093)(<7715.203125, 11.241089, 5740.285156>) quick accessed a lock!
[17:43:26] Player (Mr Tugboi, 76561199206265093)(<7718.352051, 10.051284, 5744.640625>) quick accessed a lock!
[17:43:30] Player (BeefySTi, 76561198095923512)(<7689.023438, 14.242929, 5742.030762>) quick accessed a lock!
[17:43:34] Player (BeefySTi, 76561198095923512)(<7685.389648, 10.064847, 5744.467285>) quick accessed a lock!
[17:43:39] Player (BeefySTi, 76561198095923512)(<7685.389648, 10.064847, 5744.467285>) quick accessed a lock!
[17:45:27] Player (BeefySTi, 76561198095923512)(<7685.394531, 10.095829, 5735.137207>) set a new passcode on lock!
[17:45:27] Player (BeefySTi, 76561198095923512)(<7685.394531, 10.095829, 5735.137207>) claimed ownership of a lock!
[17:45:30] Player (JakusMallius, 76561198067006084)(<7715.110352, 11.241293, 5750.946289>) quick accessed a lock!
[17:45:56] Player (BeefySTi, 76561198095923512)(<7683.068359, 11.242933, 5747.628906>) quick accessed a lock!
[17:46:02] Player (BeefySTi, 76561198095923512)(<7693.318848, 14.071611, 5773.753418>) quick accessed a lock!
[17:47:38] Player (Mr Tugboi, 76561199206265093)(<7715.203125, 11.241089, 5740.285156>) quick accessed a lock!
[17:48:32] Player (Magick, 76561198797376439)(<7685.394531, 10.095829, 5735.137207>) accessed a lock!
[17:48:32] Player (Magick, 76561198797376439)(<7685.394531, 10.095829, 5735.137207>) was added as a guest of a lock!
[17:50:09] Player (Frank, 76561199004385675)(<7676.613770, 80.001572, 8769.009766>) quick accessed a lock!
[17:50:21] Player (Frank, 76561199004385675)(<7675.137695, 80.001572, 8768.735352>) quick accessed a lock!
[17:50:35] Player (Frank, 76561199004385675)(<7681.902832, 75.988075, 8771.813477>) quick accessed a lock!
[17:51:27] Player (Frank, 76561199004385675)(<7674.046875, 78.006523, 8772.409180>) quick accessed a lock!
[17:52:10] Player (JakusMallius, 76561198067006084)(<7702.713867, 14.460730, 5756.341309>) quick accessed a lock!
[17:54:29] Player (BeefySTi, 76561198095923512)(<7716.231445, 12.100084, 5773.678223>) quick accessed a lock!
[17:54:40] Player (BeefySTi, 76561198095923512)(<7718.253418, 11.241493, 5760.514160>) quick accessed a lock!
[17:54:44] Player (BeefySTi, 76561198095923512)(<7718.648926, 11.241293, 5754.739258>) quick accessed a lock!
[17:54:46] Player (BeefySTi, 76561198095923512)(<7715.110352, 11.241293, 5750.946289>) quick accessed a lock!
[17:56:01] Player (Mr Tugboi, 76561199206265093)(<7720.912598, 10.051270, 5741.343750>) quick accessed a lock!
[17:56:09] Player (Mr Tugboi, 76561199206265093)(<7720.982910, 10.050047, 5737.982422>) quick accessed a lock!
[17:57:15] Player (Mr Tugboi, 76561199206265093)(<7718.352051, 10.051284, 5744.640625>) quick accessed a lock!
[17:57:29] Player (Frank, 76561199004385675)(<7680.255371, 72.015587, 8773.303711>) quick accessed a lock!
[17:57:33] Player (Magick, 76561198797376439)(<7683.068359, 11.242933, 5747.628906>) quick accessed a lock!
[17:59:54] Player (Mr Tugboi, 76561199206265093)(<7715.203125, 11.241089, 5740.285156>) quick accessed a lock!
[18:00:00] Player (Mr Tugboi, 76561199206265093)(<7715.110352, 11.241293, 5750.946289>) quick accessed a lock!
[18:00:02] Player (Mr Tugboi, 76561199206265093)(<7718.648926, 11.241293, 5754.739258>) quick accessed a lock!
[18:00:05] Player (Mr Tugboi, 76561199206265093)(<7718.253418, 11.241493, 5760.514160>) quick accessed a lock!
[18:00:09] Player (Mr Tugboi, 76561199206265093)(<7716.231445, 12.100084, 5773.678223>) quick accessed a lock!
[18:00:41] Player (Mr Tugboi, 76561199206265093)(<7683.068359, 11.242933, 5747.628906>) quick accessed a lock!
[18:01:30] Player (BeefySTi, 76561198095923512)(<7711.328613, 11.241493, 5754.259277>) quick accessed a lock!
[18:01:32] Player (BeefySTi, 76561198095923512)(<7711.676758, 13.064227, 5757.290039>) quick accessed a lock!
[18:01:34] Player (BeefySTi, 76561198095923512)(<7714.426758, 14.460321, 5758.039551>) quick accessed a lock!
[18:01:36] Player (BeefySTi, 76561198095923512)(<7718.428711, 14.459305, 5754.732910>) quick accessed a lock!
[18:01:38] Player (BeefySTi, 76561198095923512)(<7714.900879, 14.460533, 5750.724121>) quick accessed a lock!
[18:01:41] Player (BeefySTi, 76561198095923512)(<7703.081543, 14.460941, 5744.566895>) quick accessed a lock!
[18:01:44] Player (Mr Tugboi, 76561199206265093)(<7683.068359, 11.242933, 5747.628906>) quick accessed a lock!
[18:01:47] Player (BeefySTi, 76561198095923512)(<7694.773438, 13.271531, 5742.550781>) quick accessed a lock!
[18:02:07] Player (Magick, 76561198797376439)(<7685.414551, 11.242929, 5739.559082>) quick accessed a lock!
[18:02:09] Player (BeefySTi, 76561198095923512)(<7702.793945, 13.271327, 5746.936523>) quick accessed a lock!
[18:02:13] Player (JakusMallius, 76561198067006084)(<7691.411621, 14.460941, 5739.756836>) quick accessed a lock!
[18:02:16] Player (JakusMallius, 76561198067006084)(<7689.023438, 14.242929, 5742.030762>) quick accessed a lock!
[18:02:22] Player (Alzbob, 76561198303394031)(<7705.694824, 11.241705, 5742.292969>) quick accessed a lock!
[18:02:24] Player (JakusMallius, 76561198067006084)(<7685.389648, 10.064847, 5744.467285>) quick accessed a lock!
[18:02:27] Player (BeefySTi, 76561198095923512)(<7714.426758, 14.460321, 5758.039551>) quick accessed a lock!
[18:02:32] Player (Alzbob, 76561198303394031)(<7705.879883, 10.027159, 5751.533691>) quick accessed a lock!
[18:02:40] Player (BeefySTi, 76561198095923512)(<7711.328613, 11.241493, 5754.259277>) quick accessed a lock!
[18:02:54] Player (JakusMallius, 76561198067006084)(<7685.389648, 10.064847, 5744.467285>) quick accessed a lock!
[18:02:56] Player (JakusMallius, 76561198067006084)(<7685.389648, 10.064847, 5744.467285>) quick accessed a lock!
[18:02:59] Player (Alzbob, 76561198303394031)(<7705.694824, 11.241705, 5742.292969>) quick accessed a lock!
[18:03:05] Player (JakusMallius, 76561198067006084)(<7689.023438, 14.242929, 5742.030762>) quick accessed a lock!
[18:03:13] Player (JakusMallius, 76561198067006084)(<7691.411621, 14.460941, 5739.756836>) quick accessed a lock!
[18:03:46] Player (Alzbob, 76561198303394031)(<7705.694824, 11.241705, 5742.292969>) quick accessed a lock!
[18:03:55] Player (Alzbob, 76561198303394031)(<7705.694824, 11.241705, 5742.292969>) quick accessed a lock!
[18:04:04] Player (Magick, 76561198797376439)(<7698.786133, 10.026342, 5745.388184>) quick accessed a lock!
[18:04:17] Player (JakusMallius, 76561198067006084)(<7702.713867, 14.460730, 5756.341309>) quick accessed a lock!
[18:04:41] Player (Magick, 76561198797376439)(<7685.394531, 10.095829, 5735.137207>) quick accessed a lock!
[18:04:42] Player (JakusMallius, 76561198067006084)(<7691.411621, 14.460941, 5739.756836>) quick accessed a lock!
[18:04:45] Player (JakusMallius, 76561198067006084)(<7689.023438, 14.242929, 5742.030762>) quick accessed a lock!
[18:04:49] Player (JakusMallius, 76561198067006084)(<7685.389648, 10.064847, 5744.467285>) quick accessed a lock!
[18:05:29] Player (BeefySTi, 76561198095923512)(<7683.447266, 11.242525, 5735.629883>) quick accessed a lock!
[18:06:23] Player (Frank, 76561199004385675)(<7680.255371, 72.015587, 8773.303711>) quick accessed a lock!
[18:06:40] Player (Magick, 76561198797376439)(<7683.447266, 11.242525, 5735.629883>) quick accessed a lock!
[18:07:05] Player (BeefySTi, 76561198095923512)(<7683.447266, 11.242525, 5735.629883>) quick accessed a lock!
[18:07:14] Player (JakusMallius, 76561198067006084)(<7683.447266, 11.242525, 5735.629883>) accessed a lock!
[18:07:14] Player (JakusMallius, 76561198067006084)(<7683.447266, 11.242525, 5735.629883>) was added as a guest of a lock!
[18:07:31] Player (JakusMallius, 76561198067006084)(<7685.394531, 10.095829, 5735.137207>) accessed a lock!
[18:07:31] Player (JakusMallius, 76561198067006084)(<7685.394531, 10.095829, 5735.137207>) was added as a guest of a lock!
[18:07:45] Player (JakusMallius, 76561198067006084)(<7685.389648, 10.064847, 5744.467285>) quick accessed a lock!
[18:07:50] Player (JakusMallius, 76561198067006084)(<7689.023438, 14.242929, 5742.030762>) quick accessed a lock!
[18:07:53] Player (JakusMallius, 76561198067006084)(<7691.411621, 14.460941, 5739.756836>) quick accessed a lock!
[18:08:45] Player (Frank, 76561199004385675)(<7676.613770, 80.001572, 8769.009766>) quick accessed a lock!
[18:08:55] Player (Frank, 76561199004385675)(<7676.849121, 79.988235, 8765.539063>) set a new passcode on lock!
[18:08:55] Player (Frank, 76561199004385675)(<7676.849121, 79.988235, 8765.539063>) claimed ownership of a lock!
[18:09:16] Player (Magick, 76561198797376439)(<7685.410645, 10.816349, 5735.210449>) set a new passcode on lock!
[18:09:16] Player (Magick, 76561198797376439)(<7685.410645, 10.816349, 5735.210449>) claimed ownership of a lock!
[18:09:51] Player (Frank, 76561199004385675)(<7681.709473, 80.001579, 8772.617188>) quick accessed a lock!
[18:13:17] Player (Frank, 76561199004385675)(<7676.613770, 80.001572, 8769.009766>) quick accessed a lock!
[18:16:29] Player (Mr Tugboi, 76561199206265093)(<7715.203125, 11.241089, 5740.285156>) quick accessed a lock!
[18:17:05] Player (BeefySTi, 76561198095923512)(<7683.068359, 11.242933, 5747.628906>) quick accessed a lock!
[18:17:09] Player (Frank, 76561199004385675)(<7680.255371, 72.015587, 8773.303711>) quick accessed a lock!
[18:17:37] Player (Magick, 76561198797376439)(<7693.700684, 11.240681, 5741.929688>) quick accessed a lock!
[18:18:55] Player (Mr Tugboi, 76561199206265093)(<7715.203125, 11.241089, 5740.285156>) quick accessed a lock!
[18:19:15] Player (Mr Tugboi, 76561199206265093)(<7717.141113, 10.094646, 5737.346680>) set a new passcode on lock!
[18:19:15] Player (Mr Tugboi, 76561199206265093)(<7717.141113, 10.094646, 5737.346680>) claimed ownership of a lock!
[18:19:33] Player (Magick, 76561198797376439)(<7685.410645, 10.816349, 5735.210449>) quick accessed a lock!
[18:25:29] Player (Mr Tugboi, 76561199206265093)(<7685.389648, 10.064847, 5744.467285>) quick accessed a lock!
[18:25:32] Player (JakusMallius, 76561198067006084)(<7702.713867, 14.460730, 5756.341309>) quick accessed a lock!
[18:25:34] Player (Magick, 76561198797376439)(<7689.023438, 14.242929, 5742.030762>) quick accessed a lock!
[18:25:37] Player (Magick, 76561198797376439)(<7691.411621, 14.460941, 5739.756836>) quick accessed a lock!
[18:25:52] Player (JakusMallius, 76561198067006084)(<7702.713867, 14.460730, 5756.341309>) quick accessed a lock!
[18:26:08] Player (Magick, 76561198797376439)(<7689.023438, 14.242929, 5742.030762>) quick accessed a lock!
[18:26:19] Player (Mr Tugboi, 76561199206265093)(<7685.414551, 11.242929, 5739.559082>) quick accessed a lock!
[18:27:50] Player (BeefySTi, 76561198095923512)(<7693.318848, 14.071611, 5773.753418>) quick accessed a lock!
[18:27:58] Player (Mr Tugboi, 76561199206265093)(<7715.203125, 11.241089, 5740.285156>) quick accessed a lock!
[18:27:59] Player (BeefySTi, 76561198095923512)(<7718.253418, 11.241493, 5760.514160>) quick accessed a lock!
[18:28:02] Player (BeefySTi, 76561198095923512)(<7718.648926, 11.241293, 5754.739258>) quick accessed a lock!
[18:28:04] Player (BeefySTi, 76561198095923512)(<7715.110352, 11.241293, 5750.946289>) quick accessed a lock!
[18:28:55] Player (Mr Tugboi, 76561199206265093)(<7685.414551, 11.242929, 5739.559082>) quick accessed a lock!
[18:29:53] Player (Magick, 76561198797376439)(<7685.414551, 11.242929, 5739.559082>) quick accessed a lock!
[18:29:56] Player (Magick, 76561198797376439)(<7693.700684, 11.240681, 5741.929688>) quick accessed a lock!
[18:30:14] Player (Mr Tugboi, 76561199206265093)(<7717.141113, 10.094646, 5737.346680>) quick accessed a lock!
[18:31:18] Player (BeefySTi, 76561198095923512)(<7715.110352, 11.241293, 5750.946289>) quick accessed a lock!
[18:31:20] Player (BeefySTi, 76561198095923512)(<7718.648926, 11.241293, 5754.739258>) quick accessed a lock!
[18:31:22] Player (BeefySTi, 76561198095923512)(<7718.253418, 11.241493, 5760.514160>) quick accessed a lock!
[18:31:24] Player (BeefySTi, 76561198095923512)(<7716.231445, 12.100084, 5773.678223>) quick accessed a lock!
[18:31:44] Player (Mr Tugboi, 76561199206265093)(<7715.203125, 11.241089, 5740.285156>) quick accessed a lock!
[18:31:59] Player (JakusMallius, 76561198067006084)(<7685.389648, 10.064847, 5744.467285>) quick accessed a lock!
[18:34:13] Player (Mr Tugboi, 76561199206265093)(<7717.141113, 10.094646, 5737.346680>) quick accessed a lock!
[18:35:50] Player (Mr Tugboi, 76561199206265093)(<7715.203125, 11.241089, 5740.285156>) quick accessed a lock!
[18:35:51] Player (Magick, 76561198797376439)(<7693.700684, 11.240681, 5741.929688>) quick accessed a lock!
[18:36:05] Player (Magick, 76561198797376439)(<7698.786133, 10.026342, 5745.388184>) quick accessed a lock!
[09-11-2022][18.38.41] Log file reloaded ( Server Restart )
[09-11-2022][19.01.01] Log file reloaded ( Server Restart )
[19:17:06] Player (Frank, 76561199004385675)(<7680.255371, 72.015587, 8773.303711>) quick accessed a lock!
[19:19:27] Player (Frank, 76561199004385675)(<7681.709473, 80.001579, 8772.617188>) quick accessed a lock!
[19:21:29] Player (Frank, 76561199004385675)(<7680.255371, 72.015587, 8773.303711>) quick accessed a lock!
[19:21:33] Player (Frank, 76561199004385675)(<7695.473633, 72.137520, 8781.058594>) quick accessed a lock!
[19:22:06] Player (Frank, 76561199004385675)(<7680.255371, 72.015587, 8773.303711>) quick accessed a lock!
[19:23:02] Player (Frank, 76561199004385675)(<7674.046875, 78.006523, 8772.409180>) quick accessed a lock!
[19:23:16] Player (Frank, 76561199004385675)(<7674.046875, 78.006523, 8772.409180>) quick accessed a lock!
[19:23:34] Player (Frank, 76561199004385675)(<7680.255371, 72.015587, 8773.303711>) quick accessed a lock!
[19:27:54] Player (Frank, 76561199004385675)(<7680.255371, 72.015587, 8773.303711>) quick accessed a lock!
[19:29:34] Player (Frank, 76561199004385675)(<7680.255371, 72.015587, 8773.303711>) quick accessed a lock!
[19:45:25] Player (Frank, 76561199004385675)(<7680.255371, 72.015587, 8773.303711>) quick accessed a lock!
[20:08:30] Player (Frank, 76561199004385675)(<7680.255371, 72.015587, 8773.303711>) quick accessed a lock!
[20:12:17] Player (Frank, 76561199004385675)(<7680.255371, 72.015587, 8773.303711>) quick accessed a lock!
[20:19:26] Player (Frank, 76561199004385675)(<7680.255371, 72.015587, 8773.303711>) quick accessed a lock!
[20:22:48] Player (Frank, 76561199004385675)(<7681.709473, 80.001579, 8772.617188>) quick accessed a lock!
[20:22:51] Player (Frank, 76561199004385675)(<7676.849121, 79.988235, 8765.539063>) quick accessed a lock!
[20:22:54] Player (Frank, 76561199004385675)(<7676.849121, 79.988235, 8765.539063>) quick accessed a lock!
[20:22:57] Player (Frank, 76561199004385675)(<7676.613770, 80.001572, 8769.009766>) quick accessed a lock!
[20:23:02] Player (Frank, 76561199004385675)(<7675.137695, 80.001572, 8768.735352>) quick accessed a lock!
[20:23:13] Player (Frank, 76561199004385675)(<7681.902832, 75.988075, 8771.813477>) quick accessed a lock!
[20:32:03] Player (Frank, 76561199004385675)(<7680.255371, 72.015587, 8773.303711>) quick accessed a lock!
[20:33:24] Player (Frank, 76561199004385675)(<7680.255371, 72.015587, 8773.303711>) quick accessed a lock!
[20:38:22] Player (Frank, 76561199004385675)(<7680.255371, 72.015587, 8773.303711>) quick accessed a lock!
[20:39:17] Player (Frank, 76561199004385675)(<7680.255371, 72.015587, 8773.303711>) quick accessed a lock!
[20:49:52] Player (Frank, 76561199004385675)(<7676.165527, 83.987900, 8767.415039>) quick accessed a lock!
[20:50:52] Player (Frank, 76561199004385675)(<7674.046875, 78.006523, 8772.409180>) quick accessed a lock!
[20:50:55] Player (Frank, 76561199004385675)(<7674.046875, 78.006523, 8772.409180>) quick accessed a lock!
[20:52:03] Player (Frank, 76561199004385675)(<7680.255371, 72.015587, 8773.303711>) quick accessed a lock!
[21:28:33] Player (Frank, 76561199004385675)(<7695.473633, 72.137520, 8781.058594>) quick accessed a lock!
[21:29:10] Player (Frank, 76561199004385675)(<7680.255371, 72.015587, 8773.303711>) quick accessed a lock!
[21:34:45] Player (Frank, 76561199004385675)(<7674.046875, 78.006523, 8772.409180>) quick accessed a lock!
[21:36:08] Player (Frank, 76561199004385675)(<7676.165527, 83.987900, 8767.415039>) quick accessed a lock!
[21:39:08] Player (Frank, 76561199004385675)(<7676.165527, 83.987900, 8767.415039>) quick accessed a lock!
[21:40:28] Player (Frank, 76561199004385675)(<7676.849121, 79.988235, 8765.539063>) quick accessed a lock!
[21:40:52] Player (Frank, 76561199004385675)(<7676.613770, 80.001572, 8769.009766>) quick accessed a lock!
[21:40:53] Player (Frank, 76561199004385675)(<7676.613770, 80.001572, 8769.009766>) quick accessed a lock!
[21:40:58] Player (Frank, 76561199004385675)(<7675.137695, 80.001572, 8768.735352>) quick accessed a lock!
[21:41:14] Player (Frank, 76561199004385675)(<7674.046875, 78.006523, 8772.409180>) quick accessed a lock!
[21:42:14] Player (Frank, 76561199004385675)(<7676.165527, 83.987900, 8767.415039>) quick accessed a lock!
[21:45:03] Player (Frank, 76561199004385675)(<7676.165527, 83.987900, 8767.415039>) quick accessed a lock!
[21:45:56] Player (Frank, 76561199004385675)(<7676.849121, 79.988235, 8765.539063>) quick accessed a lock!
[09-11-2022][23.01.00] Log file reloaded ( Server Restart )
