[09-13-2022][05.04.01] New Access Log File Created!
[08:13:37] Player (Frank, 76561199004385675)(<7680.255371, 72.015587, 8773.303711>) quick accessed a lock!
[08:18:23] Player (Frank, 76561199004385675)(<7695.473633, 72.137520, 8781.058594>) quick accessed a lock!
[08:19:00] Player (Frank, 76561199004385675)(<7680.255371, 72.015587, 8773.303711>) quick accessed a lock!
[08:19:34] Player (Frank, 76561199004385675)(<7680.255371, 72.015587, 8773.303711>) quick accessed a lock!
[08:36:33] Player (Frank, 76561199004385675)(<7680.255371, 72.015587, 8773.303711>) quick accessed a lock!
[08:37:20] Player (Frank, 76561199004385675)(<7674.046875, 78.006523, 8772.409180>) quick accessed a lock!
[08:37:24] Player (Frank, 76561199004385675)(<7674.046875, 78.006523, 8772.409180>) quick accessed a lock!
[08:38:39] Player (Frank, 76561199004385675)(<7674.046875, 78.006523, 8772.409180>) quick accessed a lock!
[08:38:50] Player (Frank, 76561199004385675)(<7676.613770, 80.001572, 8769.009766>) quick accessed a lock!
[08:39:26] Player (Frank, 76561199004385675)(<7678.140625, 80.001579, 8768.454102>) quick accessed a lock!
[08:39:51] Player (Frank, 76561199004385675)(<7676.613770, 80.001572, 8769.009766>) quick accessed a lock!
[08:40:06] Player (Frank, 76561199004385675)(<7676.613770, 80.001572, 8769.009766>) quick accessed a lock!
[08:40:07] Player (Frank, 76561199004385675)(<7676.613770, 80.001572, 8769.009766>) quick accessed a lock!
[08:40:11] Player (Frank, 76561199004385675)(<7676.613770, 80.001572, 8769.009766>) quick accessed a lock!
[08:40:14] Player (Frank, 76561199004385675)(<7676.613770, 80.001572, 8769.009766>) quick accessed a lock!
[08:40:20] Player (Frank, 76561199004385675)(<7676.849121, 79.988235, 8765.539063>) quick accessed a lock!
[08:42:19] Player (Frank, 76561199004385675)(<7676.613770, 80.001572, 8769.009766>) quick accessed a lock!
[08:42:23] Player (Frank, 76561199004385675)(<7676.613770, 80.001572, 8769.009766>) quick accessed a lock!
[08:45:06] Player (Frank, 76561199004385675)(<7678.140625, 80.001579, 8768.454102>) quick accessed a lock!
[08:54:16] Player (Frank, 76561199004385675)(<7676.613770, 80.001572, 8769.009766>) quick accessed a lock!
[08:54:25] Player (Frank, 76561199004385675)(<7675.137695, 80.001572, 8768.735352>) quick accessed a lock!
[08:55:38] Player (Frank, 76561199004385675)(<7678.140625, 80.001579, 8768.454102>) quick accessed a lock!
[08:57:41] Player (Frank, 76561199004385675)(<7674.046875, 78.006523, 8772.409180>) quick accessed a lock!
[08:59:13] Player (Frank, 76561199004385675)(<7674.046875, 78.006523, 8772.409180>) quick accessed a lock!
[09:15:27] Player (Frank, 76561199004385675)(<7674.046875, 78.006523, 8772.409180>) quick accessed a lock!
[09:16:03] Player (Frank, 76561199004385675)(<7676.849121, 79.988235, 8765.539063>) quick accessed a lock!
[09:18:02] Player (Frank, 76561199004385675)(<7676.613770, 80.001572, 8769.009766>) quick accessed a lock!
[09:19:04] Player (Frank, 76561199004385675)(<7676.613770, 80.001572, 8769.009766>) quick accessed a lock!
[09:19:05] Player (Frank, 76561199004385675)(<7675.137695, 80.001572, 8768.735352>) quick accessed a lock!
[09:24:05] Player (Frank, 76561199004385675)(<7676.613770, 80.001572, 8769.009766>) quick accessed a lock!
[09:24:08] Player (Frank, 76561199004385675)(<7678.140625, 80.001579, 8768.454102>) quick accessed a lock!
[09:24:40] Player (Frank, 76561199004385675)(<7678.140625, 80.001579, 8768.454102>) quick accessed a lock!
[09:24:45] Player (Frank, 76561199004385675)(<7676.613770, 80.001572, 8769.009766>) quick accessed a lock!
[09:25:24] Player (Frank, 76561199004385675)(<7676.613770, 80.001572, 8769.009766>) quick accessed a lock!
[09:25:35] Player (Frank, 76561199004385675)(<7678.140625, 80.001579, 8768.454102>) quick accessed a lock!
[09:25:39] Player (Frank, 76561199004385675)(<7676.613770, 80.001572, 8769.009766>) quick accessed a lock!
[09:26:02] Player (Frank, 76561199004385675)(<7676.165527, 83.987900, 8767.415039>) quick accessed a lock!
[09:27:00] Player (Frank, 76561199004385675)(<7681.709473, 80.001579, 8772.617188>) quick accessed a lock!
[09:27:16] Player (Frank, 76561199004385675)(<7674.046875, 78.006523, 8772.409180>) quick accessed a lock!
[09:27:22] Player (Frank, 76561199004385675)(<7681.902832, 75.988075, 8771.813477>) quick accessed a lock!
[09:33:09] Player (Frank, 76561199004385675)(<7676.849121, 79.988235, 8765.539063>) quick accessed a lock!
[09:33:14] Player (Frank, 76561199004385675)(<7676.613770, 80.001572, 8769.009766>) quick accessed a lock!
[09:33:44] Player (Frank, 76561199004385675)(<7676.165527, 83.987900, 8767.415039>) quick accessed a lock!
[09:36:21] Player (Frank, 76561199004385675)(<7676.165527, 83.987900, 8767.415039>) quick accessed a lock!
[09:37:10] Player (Frank, 76561199004385675)(<7676.165527, 83.987900, 8767.415039>) quick accessed a lock!
[09:37:36] Player (Frank, 76561199004385675)(<7676.165527, 83.987900, 8767.415039>) quick accessed a lock!
[09:37:55] Player (Frank, 76561199004385675)(<7676.165527, 83.987900, 8767.415039>) quick accessed a lock!
[10:04:16] Player (Frank, 76561199004385675)(<7680.255371, 72.015587, 8773.303711>) quick accessed a lock!
[10:04:27] Player (Frank, 76561199004385675)(<7695.473633, 72.137520, 8781.058594>) quick accessed a lock!
[10:20:10] Player (Frank, 76561199004385675)(<7680.255371, 72.015587, 8773.303711>) quick accessed a lock!
[10:21:52] Player (Frank, 76561199004385675)(<7676.165527, 83.987900, 8767.415039>) quick accessed a lock!
[10:22:45] Player (Frank, 76561199004385675)(<7676.165527, 83.987900, 8767.415039>) quick accessed a lock!
[10:24:16] Player (Frank, 76561199004385675)(<7676.165527, 83.987900, 8767.415039>) quick accessed a lock!
[10:33:01] Player (MRLeok, 76561198829305873)(<7676.165527, 83.987900, 8767.415039>) quick accessed a lock!
[10:37:51] Player (MRLeok, 76561198829305873)(<7678.140625, 80.001579, 8768.454102>) accessed a lock!
[10:37:51] Player (MRLeok, 76561198829305873)(<7678.140625, 80.001579, 8768.454102>) was added as a guest of a lock!
[09-13-2022][11.07.05] Log file reloaded ( Server Restart )
[12:36:43] Player (MRLeok, 76561198829305873)(<7680.255371, 72.015587, 8773.303711>) quick accessed a lock!
[12:46:07] Player (MRLeok, 76561198829305873)(<7680.255371, 72.015587, 8773.303711>) quick accessed a lock!
[12:48:31] Player (MRLeok, 76561198829305873)(<7675.137695, 80.001572, 8768.735352>) quick accessed a lock!
[12:57:09] Player (Survivor, 76561199004385675)(<7676.613770, 80.001572, 8769.009766>) quick accessed a lock!
[12:57:26] Player (MRLeok, 76561198829305873)(<7675.137695, 80.001572, 8768.735352>) quick accessed a lock!
[12:57:27] Player (Survivor, 76561199004385675)(<7675.137695, 80.001572, 8768.735352>) quick accessed a lock!
[12:57:30] Player (Survivor, 76561199004385675)(<7676.613770, 80.001572, 8769.009766>) quick accessed a lock!
[12:57:45] Player (Survivor, 76561199004385675)(<7676.849121, 79.988235, 8765.539063>) quick accessed a lock!
[12:57:56] Player (Survivor, 76561199004385675)(<7678.140625, 80.001579, 8768.454102>) quick accessed a lock!
[12:58:20] Player (MRLeok, 76561198829305873)(<7681.709473, 80.001579, 8772.617188>) quick accessed a lock!
[12:58:23] Player (Survivor, 76561199004385675)(<7674.046875, 78.006523, 8772.409180>) quick accessed a lock!
[13:31:20] Player (Frank, 76561199004385675)(<7676.613770, 80.001572, 8769.009766>) quick accessed a lock!
[13:31:27] Player (Frank, 76561199004385675)(<7676.849121, 79.988235, 8765.539063>) quick accessed a lock!
[13:31:36] Player (Frank, 76561199004385675)(<7675.137695, 80.001572, 8768.735352>) quick accessed a lock!
[13:31:44] Player (Frank, 76561199004385675)(<7678.140625, 80.001579, 8768.454102>) quick accessed a lock!
[13:31:57] Player (Frank, 76561199004385675)(<7676.165527, 83.987900, 8767.415039>) quick accessed a lock!
[13:32:06] Player (Frank, 76561199004385675)(<7681.709473, 80.001579, 8772.617188>) quick accessed a lock!
[13:32:14] Player (Frank, 76561199004385675)(<7676.849121, 79.988235, 8765.539063>) quick accessed a lock!
[13:33:29] Player (Frank, 76561199004385675)(<7676.849121, 79.988235, 8765.539063>) quick accessed a lock!
[14:16:21] Player (MRLeok, 76561198829305873)(<7676.613770, 80.001572, 8769.009766>) quick accessed a lock!
[14:17:09] Player (MRLeok, 76561198829305873)(<7676.613770, 80.001572, 8769.009766>) quick accessed a lock!
[14:17:21] Player (MRLeok, 76561198829305873)(<7681.902832, 75.988075, 8771.813477>) quick accessed a lock!
[14:18:24] Player (Frank, 76561199004385675)(<7676.165527, 83.987900, 8767.415039>) quick accessed a lock!
[14:18:25] Player (MRLeok, 76561198829305873)(<7680.255371, 72.015587, 8773.303711>) quick accessed a lock!
[14:18:53] Player (Frank, 76561199004385675)(<7676.165527, 83.987900, 8767.415039>) quick accessed a lock!
[14:21:34] Player (MRLeok, 76561198829305873)(<7695.473633, 72.137520, 8781.058594>) quick accessed a lock!
[14:23:18] Player (MRLeok, 76561198829305873)(<7680.255371, 72.015587, 8773.303711>) quick accessed a lock!
[14:44:04] Player (Frank, 76561199004385675)(<7676.165527, 83.987900, 8767.415039>) quick accessed a lock!
[14:44:47] Player (Frank, 76561199004385675)(<7676.165527, 83.987900, 8767.415039>) quick accessed a lock!
[14:44:48] Player (Frank, 76561199004385675)(<7676.165527, 83.987900, 8767.415039>) quick accessed a lock!
[14:45:08] Player (Frank, 76561199004385675)(<7676.165527, 83.987900, 8767.415039>) quick accessed a lock!
[14:47:09] Player (Frank, 76561199004385675)(<7676.165527, 83.987900, 8767.415039>) quick accessed a lock!
[15:00:08] Player (MRLeok, 76561198829305873)(<7680.255371, 72.015587, 8773.303711>) quick accessed a lock!
[15:01:34] Player (MRLeok, 76561198829305873)(<7680.255371, 72.015587, 8773.303711>) quick accessed a lock!
[15:12:23] Player (MRLeok, 76561198829305873)(<7676.165527, 83.987900, 8767.415039>) quick accessed a lock!
[15:17:08] Player (MRLeok, 76561198829305873)(<7681.709473, 80.001579, 8772.617188>) quick accessed a lock!
[15:17:31] Player (MRLeok, 76561198829305873)(<7675.137695, 80.001572, 8768.735352>) quick accessed a lock!
[15:17:34] Player (MRLeok, 76561198829305873)(<7676.613770, 80.001572, 8769.009766>) quick accessed a lock!
[15:19:42] Player (MRLeok, 76561198829305873)(<7676.165527, 83.987900, 8767.415039>) quick accessed a lock!
[15:56:29] Player (Frank, 76561199004385675)(<7676.165527, 83.987900, 8767.415039>) quick accessed a lock!
[15:59:59] Player (Frank, 76561199004385675)(<7676.165527, 83.987900, 8767.415039>) quick accessed a lock!
[16:27:27] Player (Frank, 76561199004385675)(<7680.255371, 72.015587, 8773.303711>) quick accessed a lock!
[16:35:19] Player (Frank, 76561199004385675)(<7676.613770, 80.001572, 8769.009766>) quick accessed a lock!
[16:36:32] Player (Frank, 76561199004385675)(<7676.613770, 80.001572, 8769.009766>) quick accessed a lock!
[16:38:47] Player (Frank, 76561199004385675)(<7681.902832, 75.988075, 8771.813477>) quick accessed a lock!
[16:39:41] Player (Frank, 76561199004385675)(<7674.046875, 78.006523, 8772.409180>) quick accessed a lock!
[16:41:05] Player (Frank, 76561199004385675)(<7678.140625, 80.001579, 8768.454102>) quick accessed a lock!
[16:41:23] Player (Frank, 76561199004385675)(<7676.849121, 79.988235, 8765.539063>) quick accessed a lock!
[16:41:34] Player (Frank, 76561199004385675)(<7678.140625, 80.001579, 8768.454102>) quick accessed a lock!
[09-13-2022][17.10.15] Log file reloaded ( Server Restart )
[17:18:30] Player (JakusMallius, 76561198067006084)(<7661.620605, 10.065259, 5743.938965>) quick accessed a lock!
[17:20:31] Player (JakusMallius, 76561198067006084)(<7685.389648, 10.064847, 5744.467285>) quick accessed a lock!
[17:20:41] Player (JakusMallius, 76561198067006084)(<7689.023438, 14.242929, 5742.030762>) quick accessed a lock!
[17:20:44] Player (JakusMallius, 76561198067006084)(<7691.411621, 14.460941, 5739.756836>) quick accessed a lock!
[17:21:46] Player (JakusMallius, 76561198067006084)(<7702.713867, 14.460730, 5756.341309>) quick accessed a lock!
[18:06:45] Player (MRLeok, 76561198829305873)(<7676.165527, 83.987900, 8767.415039>) quick accessed a lock!
[18:09:02] Player (MRLeok, 76561198829305873)(<7676.165527, 83.987900, 8767.415039>) quick accessed a lock!
[09-13-2022][19.01.07] Log file reloaded ( Server Restart )
[19:45:00] Player (THE STITTIES, 76561199206265093)(<7715.203125, 11.241089, 5740.285156>) quick accessed a lock!
[19:45:06] Player (THE STITTIES, 76561199206265093)(<7715.110352, 11.241293, 5750.946289>) quick accessed a lock!
[19:45:08] Player (THE STITTIES, 76561199206265093)(<7718.648926, 11.241293, 5754.739258>) quick accessed a lock!
[19:45:17] Player (THE STITTIES, 76561199206265093)(<7685.414551, 11.242929, 5739.559082>) quick accessed a lock!
[19:45:25] Player (THE STITTIES, 76561199206265093)(<7683.068359, 11.242933, 5747.628906>) quick accessed a lock!
[19:45:38] Player (THE STITTIES, 76561199206265093)(<7683.447266, 11.242525, 5735.629883>) accessed a lock!
[19:45:39] Player (THE STITTIES, 76561199206265093)(<7683.447266, 11.242525, 5735.629883>) was added as a guest of a lock!
[09-13-2022][20.35.12] Log file reloaded ( Server Restart )
[09-13-2022][20.36.46] Log file reloaded ( Server Restart )
[09-13-2022][20.43.26] Log file reloaded ( Server Restart )
[21:14:53] Player (BeefySTi, 76561198095923512)(<7716.231445, 12.100084, 5773.678223>) quick accessed a lock!
[21:14:59] Player (BeefySTi, 76561198095923512)(<7718.253418, 11.241493, 5760.514160>) quick accessed a lock!
[21:15:01] Player (BeefySTi, 76561198095923512)(<7718.648926, 11.241293, 5754.739258>) quick accessed a lock!
[21:15:07] Player (BeefySTi, 76561198095923512)(<7715.110352, 11.241293, 5750.946289>) quick accessed a lock!
[21:15:12] Player (BeefySTi, 76561198095923512)(<7711.328613, 11.241493, 5754.259277>) quick accessed a lock!
[21:15:14] Player (BeefySTi, 76561198095923512)(<7711.676758, 13.064227, 5757.290039>) quick accessed a lock!
[21:15:18] Player (BeefySTi, 76561198095923512)(<7718.428711, 14.459305, 5754.732910>) quick accessed a lock!
[21:15:21] Player (BeefySTi, 76561198095923512)(<7714.900879, 14.460533, 5750.724121>) quick accessed a lock!
[21:15:25] Player (BeefySTi, 76561198095923512)(<7703.081543, 14.460941, 5744.566895>) quick accessed a lock!
[21:15:38] Player (BeefySTi, 76561198095923512)(<7697.417969, 13.314333, 5747.804688>) quick accessed a lock!
