[09-12-2022][05.04.13] New Access Log File Created!
[07:12:14] Player (Frank, 76561199004385675)(<7680.255371, 72.015587, 8773.303711>) quick accessed a lock!
[07:17:47] Player (Frank, 76561199004385675)(<7680.255371, 72.015587, 8773.303711>) quick accessed a lock!
[07:17:52] Player (Frank, 76561199004385675)(<7680.255371, 72.015587, 8773.303711>) quick accessed a lock!
[07:18:01] Player (Frank, 76561199004385675)(<7681.902832, 75.988075, 8771.813477>) quick accessed a lock!
[07:20:13] Player (Frank, 76561199004385675)(<7676.613770, 80.001572, 8769.009766>) quick accessed a lock!
[07:21:12] Player (Frank, 76561199004385675)(<7676.849121, 79.988235, 8765.539063>) quick accessed a lock!
[07:21:19] Player (Frank, 76561199004385675)(<7675.137695, 80.001572, 8768.735352>) quick accessed a lock!
[07:21:31] Player (Frank, 76561199004385675)(<7681.902832, 75.988075, 8771.813477>) quick accessed a lock!
[07:21:57] Player (Frank, 76561199004385675)(<7674.046875, 78.006523, 8772.409180>) quick accessed a lock!
[07:27:14] Player (Frank, 76561199004385675)(<7676.613770, 80.001572, 8769.009766>) quick accessed a lock!
[07:27:32] Player (Frank, 76561199004385675)(<7681.709473, 80.001579, 8772.617188>) quick accessed a lock!
[07:28:23] Player (Frank, 76561199004385675)(<7681.709473, 80.001579, 8772.617188>) quick accessed a lock!
[07:29:17] Player (Frank, 76561199004385675)(<7676.849121, 79.988235, 8765.539063>) quick accessed a lock!
[07:29:37] Player (Frank, 76561199004385675)(<7683.026855, 83.966080, 8745.771484>) quick accessed a lock!
[07:33:29] Player (Frank, 76561199004385675)(<7676.165527, 83.987900, 8767.415039>) quick accessed a lock!
[07:36:08] Player (Frank, 76561199004385675)(<7676.165527, 83.987900, 8767.415039>) quick accessed a lock!
[07:36:14] Player (Frank, 76561199004385675)(<7676.165527, 83.987900, 8767.415039>) quick accessed a lock!
[07:36:48] Player (Frank, 76561199004385675)(<7680.255371, 72.015587, 8773.303711>) quick accessed a lock!
[07:37:00] Player (Frank, 76561199004385675)(<7695.473633, 72.137520, 8781.058594>) quick accessed a lock!
[07:59:59] Player (Frank, 76561199004385675)(<7680.255371, 72.015587, 8773.303711>) quick accessed a lock!
[08:00:13] Player (Frank, 76561199004385675)(<7680.255371, 72.015587, 8773.303711>) quick accessed a lock!
[08:00:32] Player (Frank, 76561199004385675)(<7680.255371, 72.015587, 8773.303711>) quick accessed a lock!
[08:00:41] Player (Frank, 76561199004385675)(<7680.255371, 72.015587, 8773.303711>) quick accessed a lock!
[08:00:51] Player (Frank, 76561199004385675)(<7680.255371, 72.015587, 8773.303711>) quick accessed a lock!
[08:18:17] Player (Frank, 76561199004385675)(<7680.255371, 72.015587, 8773.303711>) quick accessed a lock!
[08:19:07] Player (Frank, 76561199004385675)(<7680.255371, 72.015587, 8773.303711>) quick accessed a lock!
[08:21:58] Player (Frank, 76561199004385675)(<7680.255371, 72.015587, 8773.303711>) quick accessed a lock!
[09:00:24] Player (Frank, 76561199004385675)(<7680.255371, 72.015587, 8773.303711>) quick accessed a lock!
[09:01:44] Player (Frank, 76561199004385675)(<7680.255371, 72.015587, 8773.303711>) quick accessed a lock!
[09:06:56] Player (Frank, 76561199004385675)(<7680.255371, 72.015587, 8773.303711>) quick accessed a lock!
[09-12-2022][09.58.15] Log file reloaded ( Server Restart )
[10:12:46] Player (Frank, 76561199004385675)(<7680.255371, 72.015587, 8773.303711>) quick accessed a lock!
[10:18:59] Player (Frank, 76561199004385675)(<7681.709473, 80.001579, 8772.617188>) quick accessed a lock!
[10:30:09] Player (Frank, 76561199004385675)(<7674.046875, 78.006523, 8772.409180>) quick accessed a lock!
[10:34:29] Player (Frank, 76561199004385675)(<7680.255371, 72.015587, 8773.303711>) quick accessed a lock!
[10:35:36] Player (Frank, 76561199004385675)(<7680.255371, 72.015587, 8773.303711>) quick accessed a lock!
[10:36:35] Player (Frank, 76561199004385675)(<7680.255371, 72.015587, 8773.303711>) quick accessed a lock!
[11:06:34] Player (MRLeok, 76561198829305873)(<7680.255371, 72.015587, 8773.303711>) quick accessed a lock!
[11:06:40] Player (MRLeok, 76561198829305873)(<7695.473633, 72.137520, 8781.058594>) quick accessed a lock!
[11:09:09] Player (MRLeok, 76561198829305873)(<7680.255371, 72.015587, 8773.303711>) quick accessed a lock!
[11:17:28] Player (MRLeok, 76561198829305873)(<7675.137695, 80.001572, 8768.735352>) quick accessed a lock!
[11:17:39] Player (MRLeok, 76561198829305873)(<7681.709473, 80.001579, 8772.617188>) quick accessed a lock!
[11:18:36] Player (MRLeok, 76561198829305873)(<7680.255371, 72.015587, 8773.303711>) quick accessed a lock!
[11:24:41] Player (Frank, 76561199004385675)(<7680.255371, 72.015587, 8773.303711>) quick accessed a lock!
[11:24:43] Player (Frank, 76561199004385675)(<7680.255371, 72.015587, 8773.303711>) quick accessed a lock!
[11:27:36] Player (MRLeok, 76561198829305873)(<7680.255371, 72.015587, 8773.303711>) quick accessed a lock!
[11:31:01] Player (Frank, 76561199004385675)(<7680.255371, 72.015587, 8773.303711>) quick accessed a lock!
[11:32:44] Player (Frank, 76561199004385675)(<7680.255371, 72.015587, 8773.303711>) quick accessed a lock!
[11:41:14] Player (MRLeok, 76561198829305873)(<7680.255371, 72.015587, 8773.303711>) quick accessed a lock!
[11:46:24] Player (Frank, 76561199004385675)(<7680.255371, 72.015587, 8773.303711>) quick accessed a lock!
[11:58:00] Player (Frank, 76561199004385675)(<7680.255371, 72.015587, 8773.303711>) quick accessed a lock!
[11:58:17] Player (Frank, 76561199004385675)(<7676.165527, 83.987900, 8767.415039>) quick accessed a lock!
[11:59:04] Player (Frank, 76561199004385675)(<7676.165527, 83.987900, 8767.415039>) quick accessed a lock!
[11:59:34] Player (Frank, 76561199004385675)(<7676.165527, 83.987900, 8767.415039>) quick accessed a lock!
[12:24:15] Player (Frank, 76561199004385675)(<7680.255371, 72.015587, 8773.303711>) quick accessed a lock!
[12:24:22] Player (Frank, 76561199004385675)(<7680.255371, 72.015587, 8773.303711>) quick accessed a lock!
[12:25:32] Player (Frank, 76561199004385675)(<7680.255371, 72.015587, 8773.303711>) quick accessed a lock!
[14:24:01] Player (Frank, 76561199004385675)(<7680.255371, 72.015587, 8773.303711>) quick accessed a lock!
[14:26:43] Player (Frank, 76561199004385675)(<7680.255371, 72.015587, 8773.303711>) quick accessed a lock!
[14:26:49] Player (Frank, 76561199004385675)(<7695.473633, 72.137520, 8781.058594>) quick accessed a lock!
[14:30:45] Player (Frank, 76561199004385675)(<7680.255371, 72.015587, 8773.303711>) quick accessed a lock!
[14:31:29] Player (Frank, 76561199004385675)(<7654.759277, 79.972855, 8758.021484>) set a new passcode on lock!
[14:31:29] Player (Frank, 76561199004385675)(<7654.759277, 79.972855, 8758.021484>) claimed ownership of a lock!
[14:32:45] Player (Frank, 76561199004385675)(<7680.255371, 72.015587, 8773.303711>) quick accessed a lock!
[14:34:25] Player (MRLeok, 76561198829305873)(<7680.255371, 72.015587, 8773.303711>) quick accessed a lock!
[14:34:35] Player (Frank, 76561199004385675)(<7676.849121, 79.988235, 8765.539063>) quick accessed a lock!
[14:34:44] Player (Frank, 76561199004385675)(<7676.613770, 80.001572, 8769.009766>) quick accessed a lock!
[14:36:11] Player (MRLeok, 76561198829305873)(<7680.255371, 72.015587, 8773.303711>) quick accessed a lock!
[14:36:24] Player (Frank, 76561199004385675)(<7676.165527, 83.987900, 8767.415039>) quick accessed a lock!
[14:37:01] Player (MRLeok, 76561198829305873)(<7674.046875, 78.006523, 8772.409180>) quick accessed a lock!
[14:37:13] Player (Frank, 76561199004385675)(<7681.902832, 75.988075, 8771.813477>) quick accessed a lock!
[14:37:34] Player (Frank, 76561199004385675)(<7676.849121, 79.988235, 8765.539063>) quick accessed a lock!
[14:37:46] Player (Frank, 76561199004385675)(<7675.137695, 80.001572, 8768.735352>) quick accessed a lock!
[14:37:54] Player (MRLeok, 76561198829305873)(<7676.613770, 80.001572, 8769.009766>) quick accessed a lock!
[14:37:59] Player (Frank, 76561199004385675)(<7681.709473, 80.001579, 8772.617188>) quick accessed a lock!
[14:38:04] Player (MRLeok, 76561198829305873)(<7675.137695, 80.001572, 8768.735352>) quick accessed a lock!
[14:38:12] Player (MRLeok, 76561198829305873)(<7676.849121, 79.988235, 8765.539063>) accessed a lock!
[14:38:12] Player (MRLeok, 76561198829305873)(<7676.849121, 79.988235, 8765.539063>) was added as a guest of a lock!
[14:38:18] Player (Frank, 76561199004385675)(<7681.709473, 80.001579, 8772.617188>) quick accessed a lock!
[14:41:00] Player (MRLeok, 76561198829305873)(<7674.046875, 78.006523, 8772.409180>) quick accessed a lock!
[14:41:15] Player (MRLeok, 76561198829305873)(<7681.902832, 75.988075, 8771.813477>) quick accessed a lock!
[14:42:11] Player (MRLeok, 76561198829305873)(<7676.849121, 79.988235, 8765.539063>) quick accessed a lock!
[14:42:33] Player (Frank, 76561199004385675)(<7683.026855, 83.966080, 8745.771484>) quick accessed a lock!
[14:45:43] Player (MRLeok, 76561198829305873)(<7676.849121, 79.988235, 8765.539063>) quick accessed a lock!
[14:46:38] Player (MRLeok, 76561198829305873)(<7680.255371, 72.015587, 8773.303711>) quick accessed a lock!
[14:47:00] Player (MRLeok, 76561198829305873)(<7695.473633, 72.137520, 8781.058594>) quick accessed a lock!
[14:50:01] Player (MRLeok, 76561198829305873)(<7680.255371, 72.015587, 8773.303711>) quick accessed a lock!
[14:50:15] Player (MRLeok, 76561198829305873)(<7681.902832, 75.988075, 8771.813477>) quick accessed a lock!
[14:50:32] Player (MRLeok, 76561198829305873)(<7674.046875, 78.006523, 8772.409180>) quick accessed a lock!
[14:51:25] Player (MRLeok, 76561198829305873)(<7681.709473, 80.001579, 8772.617188>) quick accessed a lock!
[14:51:32] Player (MRLeok, 76561198829305873)(<7676.849121, 79.988235, 8765.539063>) quick accessed a lock!
[14:51:52] Player (MRLeok, 76561198829305873)(<7675.137695, 80.001572, 8768.735352>) quick accessed a lock!
[14:51:59] Player (MRLeok, 76561198829305873)(<7676.613770, 80.001572, 8769.009766>) quick accessed a lock!
[14:52:22] Player (MRLeok, 76561198829305873)(<7683.026855, 83.966080, 8745.771484>) quick accessed a lock!
[14:59:51] Player (MRLeok, 76561198829305873)(<7680.255371, 72.015587, 8773.303711>) quick accessed a lock!
[15:06:39] Player (JakusMallius, 76561198067006084)(<7702.713867, 14.460730, 5756.341309>) quick accessed a lock!
[15:08:25] Player (MRLeok, 76561198829305873)(<7680.255371, 72.015587, 8773.303711>) quick accessed a lock!
[15:08:28] Player (MRLeok, 76561198829305873)(<7680.255371, 72.015587, 8773.303711>) quick accessed a lock!
[15:08:47] Player (MRLeok, 76561198829305873)(<7676.849121, 79.988235, 8765.539063>) quick accessed a lock!
[15:30:08] Player (JakusMallius, 76561198067006084)(<7693.318848, 14.071611, 5773.753418>) quick accessed a lock!
[15:30:22] Player (JakusMallius, 76561198067006084)(<7683.068359, 11.242933, 5747.628906>) quick accessed a lock!
[15:31:14] Player (JakusMallius, 76561198067006084)(<7715.110352, 11.241293, 5750.946289>) quick accessed a lock!
[15:31:18] Player (JakusMallius, 76561198067006084)(<7718.648926, 11.241293, 5754.739258>) quick accessed a lock!
[15:31:21] Player (JakusMallius, 76561198067006084)(<7718.253418, 11.241493, 5760.514160>) quick accessed a lock!
[15:31:24] Player (JakusMallius, 76561198067006084)(<7718.648926, 11.241293, 5754.739258>) quick accessed a lock!
[15:31:27] Player (JakusMallius, 76561198067006084)(<7715.110352, 11.241293, 5750.946289>) quick accessed a lock!
[15:31:30] Player (JakusMallius, 76561198067006084)(<7711.328613, 11.241493, 5754.259277>) quick accessed a lock!
[15:31:32] Player (JakusMallius, 76561198067006084)(<7711.676758, 13.064227, 5757.290039>) quick accessed a lock!
[15:31:36] Player (JakusMallius, 76561198067006084)(<7714.426758, 14.460321, 5758.039551>) quick accessed a lock!
[15:31:41] Player (JakusMallius, 76561198067006084)(<7718.428711, 14.459305, 5754.732910>) quick accessed a lock!
[15:31:43] Player (JakusMallius, 76561198067006084)(<7714.900879, 14.460533, 5750.724121>) quick accessed a lock!
[15:31:47] Player (JakusMallius, 76561198067006084)(<7702.713867, 14.460730, 5756.341309>) quick accessed a lock!
[15:33:35] Player (MRLeok, 76561198829305873)(<7680.255371, 72.015587, 8773.303711>) quick accessed a lock!
[15:34:33] Player (JakusMallius, 76561198067006084)(<7702.713867, 14.460730, 5756.341309>) quick accessed a lock!
[15:50:16] Player (Frank, 76561199004385675)(<7674.046875, 78.006523, 8772.409180>) quick accessed a lock!
[15:58:20] Player (Frank, 76561199004385675)(<7676.849121, 79.988235, 8765.539063>) quick accessed a lock!
[15:59:13] Player (Frank, 76561199004385675)(<7676.613770, 80.001572, 8769.009766>) quick accessed a lock!
[09-12-2022][16.01.25] Log file reloaded ( Server Restart )
[17:23:16] Player (Frank, 76561199004385675)(<7676.165527, 83.987900, 8767.415039>) quick accessed a lock!
[17:24:52] Player (Frank, 76561199004385675)(<7676.165527, 83.987900, 8767.415039>) quick accessed a lock!
[17:26:59] Player (Frank, 76561199004385675)(<7680.255371, 72.015587, 8773.303711>) quick accessed a lock!
[17:27:04] Player (Frank, 76561199004385675)(<7695.473633, 72.137520, 8781.058594>) quick accessed a lock!
[17:27:33] Player (Frank, 76561199004385675)(<7680.255371, 72.015587, 8773.303711>) quick accessed a lock!
[17:27:49] Player (Frank, 76561199004385675)(<7674.046875, 78.006523, 8772.409180>) quick accessed a lock!
[17:29:42] Player (Frank, 76561199004385675)(<7680.255371, 72.015587, 8773.303711>) quick accessed a lock!
[17:39:43] Player (Frank, 76561199004385675)(<7680.255371, 72.015587, 8773.303711>) quick accessed a lock!
[17:40:23] Player (Frank, 76561199004385675)(<7680.255371, 72.015587, 8773.303711>) quick accessed a lock!
[17:57:08] Player (Frank, 76561199004385675)(<7695.473633, 72.137520, 8781.058594>) quick accessed a lock!
[17:58:34] Player (xXxPorkxXxSodaxXx, 76561198095923512)(<7711.328613, 11.241493, 5754.259277>) quick accessed a lock!
[17:58:37] Player (Frank, 76561199004385675)(<7680.255371, 72.015587, 8773.303711>) quick accessed a lock!
[17:58:52] Player (Frank, 76561199004385675)(<7674.046875, 78.006523, 8772.409180>) quick accessed a lock!
[17:58:55] Player (xXxPorkxXxSodaxXx, 76561198095923512)(<7711.676758, 13.064227, 5757.290039>) quick accessed a lock!
[17:59:01] Player (xXxPorkxXxSodaxXx, 76561198095923512)(<7714.426758, 14.460321, 5758.039551>) quick accessed a lock!
[17:59:03] Player (xXxPorkxXxSodaxXx, 76561198095923512)(<7718.428711, 14.459305, 5754.732910>) quick accessed a lock!
[17:59:06] Player (xXxPorkxXxSodaxXx, 76561198095923512)(<7714.900879, 14.460533, 5750.724121>) quick accessed a lock!
[17:59:13] Player (Frank, 76561199004385675)(<7680.255371, 72.015587, 8773.303711>) quick accessed a lock!
[18:00:15] Player (xXxPorkxXxSodaxXx, 76561198095923512)(<7703.081543, 14.460941, 5744.566895>) quick accessed a lock!
[18:03:18] Player (xXxPorkxXxSodaxXx, 76561198095923512)(<7703.081543, 14.460941, 5744.566895>) quick accessed a lock!
[18:03:30] Player (xXxPorkxXxSodaxXx, 76561198095923512)(<7714.900879, 14.460533, 5750.724121>) quick accessed a lock!
[18:03:32] Player (xXxPorkxXxSodaxXx, 76561198095923512)(<7718.428711, 14.459305, 5754.732910>) quick accessed a lock!
[18:03:36] Player (xXxPorkxXxSodaxXx, 76561198095923512)(<7714.426758, 14.460321, 5758.039551>) quick accessed a lock!
[18:03:39] Player (xXxPorkxXxSodaxXx, 76561198095923512)(<7711.676758, 16.282442, 5757.290039>) quick accessed a lock!
[18:42:56] Player (Frank , 76561199004385675)(<7680.255371, 72.015587, 8773.303711>) quick accessed a lock!
[18:43:35] Player (Frank , 76561199004385675)(<7676.849121, 79.988235, 8765.539063>) quick accessed a lock!
[18:43:44] Player (Frank , 76561199004385675)(<7676.613770, 80.001572, 8769.009766>) quick accessed a lock!
[19:17:41] Player (Frank, 76561199004385675)(<7675.137695, 80.001572, 8768.735352>) quick accessed a lock!
[19:18:05] Player (Frank, 76561199004385675)(<7681.709473, 80.001579, 8772.617188>) quick accessed a lock!
[19:18:22] Player (Frank, 76561199004385675)(<7675.137695, 80.001572, 8768.735352>) quick accessed a lock!
[19:18:55] Player (Frank, 76561199004385675)(<7681.709473, 80.001579, 8772.617188>) quick accessed a lock!
[19:20:07] Player (Frank, 76561199004385675)(<7676.613770, 80.001572, 8769.009766>) quick accessed a lock!
[19:22:44] Player (Frank, 76561199004385675)(<7676.849121, 79.988235, 8765.539063>) quick accessed a lock!
[19:23:07] Player (Frank, 76561199004385675)(<7676.849121, 79.988235, 8765.539063>) quick accessed a lock!
[19:23:17] Player (Frank, 76561199004385675)(<7676.613770, 80.001572, 8769.009766>) quick accessed a lock!
[19:27:03] Player (Frank, 76561199004385675)(<7676.613770, 80.001572, 8769.009766>) quick accessed a lock!
[19:27:32] Player (Frank, 76561199004385675)(<7676.849121, 79.988235, 8765.539063>) quick accessed a lock!
[19:27:34] Player (Frank, 76561199004385675)(<7676.849121, 79.988235, 8765.539063>) quick accessed a lock!
[19:28:43] Player (Frank, 76561199004385675)(<7676.613770, 80.001572, 8769.009766>) quick accessed a lock!
[19:34:11] Player (Frank, 76561199004385675)(<7680.255371, 72.015587, 8773.303711>) quick accessed a lock!
[19:42:59] Player (MRLeok, 76561198829305873)(<7680.255371, 72.015587, 8773.303711>) quick accessed a lock!
[19:44:14] Player (Frank, 76561199004385675)(<7680.255371, 72.015587, 8773.303711>) quick accessed a lock!
[19:44:41] Player (Frank, 76561199004385675)(<7676.849121, 79.988235, 8765.539063>) quick accessed a lock!
[19:45:27] Player (Frank, 76561199004385675)(<7676.613770, 80.001572, 8769.009766>) quick accessed a lock!
[19:46:55] Player (MRLeok, 76561198829305873)(<7681.709473, 80.001579, 8772.617188>) quick accessed a lock!
[19:47:34] Player (MRLeok, 76561198829305873)(<7674.046875, 78.006523, 8772.409180>) quick accessed a lock!
[19:48:21] Player (MRLeok, 76561198829305873)(<7676.613770, 80.001572, 8769.009766>) quick accessed a lock!
[19:49:00] Player (MRLeok, 76561198829305873)(<7676.849121, 79.988235, 8765.539063>) quick accessed a lock!
[19:49:12] Player (Frank, 76561199004385675)(<7681.902832, 75.988075, 8771.813477>) quick accessed a lock!
[19:49:33] Player (Frank, 76561199004385675)(<7675.137695, 80.001572, 8768.735352>) quick accessed a lock!
[19:49:43] Player (Frank, 76561199004385675)(<7676.849121, 79.988235, 8765.539063>) quick accessed a lock!
[19:49:45] Player (MRLeok, 76561198829305873)(<7676.613770, 80.001572, 8769.009766>) quick accessed a lock!
[19:49:46] Player (MRLeok, 76561198829305873)(<7675.137695, 80.001572, 8768.735352>) quick accessed a lock!
[19:50:07] Player (Frank, 76561199004385675)(<7681.709473, 80.001579, 8772.617188>) quick accessed a lock!
[19:51:50] Player (MRLeok, 76561198829305873)(<7681.902832, 75.988075, 8771.813477>) quick accessed a lock!
[19:52:46] Player (Frank, 76561199004385675)(<7676.613770, 80.001572, 8769.009766>) quick accessed a lock!
[19:52:50] Player (MRLeok, 76561198829305873)(<7676.165527, 83.987900, 8767.415039>) quick accessed a lock!
[19:56:30] Player (Frank, 76561199004385675)(<7676.613770, 80.001572, 8769.009766>) quick accessed a lock!
[19:57:41] Player (Frank, 76561199004385675)(<7676.613770, 80.001572, 8769.009766>) quick accessed a lock!
[20:17:19] Player (Frank, 76561199004385675)(<7680.255371, 72.015587, 8773.303711>) quick accessed a lock!
[20:20:25] Player (Frank, 76561199004385675)(<7695.473633, 72.137520, 8781.058594>) quick accessed a lock!
[20:21:40] Player (Frank, 76561199004385675)(<7680.255371, 72.015587, 8773.303711>) quick accessed a lock!
[20:22:02] Player (Frank, 76561199004385675)(<7681.709473, 80.001579, 8772.617188>) quick accessed a lock!
[20:25:11] Player (MRLeok, 76561198829305873)(<7680.255371, 72.015587, 8773.303711>) quick accessed a lock!
[20:25:29] Player (Frank, 76561199004385675)(<7680.255371, 72.015587, 8773.303711>) quick accessed a lock!
[09-12-2022][21.05.13] Log file reloaded ( Server Restart )
[21:46:09] Player (Frank, 76561199004385675)(<7676.613770, 80.001572, 8769.009766>) quick accessed a lock!
[21:46:17] Player (Frank, 76561199004385675)(<7676.849121, 79.988235, 8765.539063>) quick accessed a lock!
[21:46:34] Player (Frank, 76561199004385675)(<7681.709473, 80.001579, 8772.617188>) quick accessed a lock!
[21:47:28] Player (Frank, 76561199004385675)(<7674.046875, 78.006523, 8772.409180>) quick accessed a lock!
[21:49:10] Player (Frank, 76561199004385675)(<7674.046875, 78.006523, 8772.409180>) quick accessed a lock!
[21:49:16] Player (Frank, 76561199004385675)(<7681.902832, 75.988075, 8771.813477>) quick accessed a lock!
[21:50:03] Player (Frank, 76561199004385675)(<7676.849121, 79.988235, 8765.539063>) quick accessed a lock!
[21:50:42] Player (Frank, 76561199004385675)(<7676.613770, 80.001572, 8769.009766>) quick accessed a lock!
[21:50:48] Player (Frank, 76561199004385675)(<7675.137695, 80.001572, 8768.735352>) quick accessed a lock!
[21:51:09] Player (Frank, 76561199004385675)(<7676.613770, 80.001572, 8769.009766>) quick accessed a lock!
[21:53:06] Player (Frank, 76561199004385675)(<7678.140625, 80.001579, 8768.454102>) set a new passcode on lock!
[21:53:06] Player (Frank, 76561199004385675)(<7678.140625, 80.001579, 8768.454102>) claimed ownership of a lock!
[21:53:35] Player (Frank, 76561199004385675)(<7681.902832, 75.988075, 8771.813477>) quick accessed a lock!
[21:53:44] Player (Frank, 76561199004385675)(<7680.255371, 72.015587, 8773.303711>) quick accessed a lock!
[21:53:51] Player (Frank, 76561199004385675)(<7695.473633, 72.137520, 8781.058594>) quick accessed a lock!
[21:53:52] Player (Frank, 76561199004385675)(<7695.473633, 72.137520, 8781.058594>) quick accessed a lock!
[21:54:09] Player (Frank, 76561199004385675)(<7695.473633, 72.137520, 8781.058594>) quick accessed a lock!
[21:54:43] Player (Frank, 76561199004385675)(<7676.849121, 79.988235, 8765.539063>) quick accessed a lock!
[21:54:58] Player (Frank, 76561199004385675)(<7676.849121, 79.988235, 8765.539063>) quick accessed a lock!
[21:55:38] Player (Frank, 76561199004385675)(<7676.613770, 80.001572, 8769.009766>) quick accessed a lock!
[21:56:01] Player (Frank, 76561199004385675)(<7680.255371, 72.015587, 8773.303711>) quick accessed a lock!
[21:57:38] Player (Frank, 76561199004385675)(<7676.165527, 83.987900, 8767.415039>) quick accessed a lock!
[21:57:41] Player (Frank, 76561199004385675)(<7676.165527, 83.987900, 8767.415039>) quick accessed a lock!
[22:00:31] Player (Frank, 76561199004385675)(<7674.046875, 78.006523, 8772.409180>) quick accessed a lock!
[22:00:47] Player (Frank, 76561199004385675)(<7681.709473, 80.001579, 8772.617188>) quick accessed a lock!
[22:00:55] Player (Frank, 76561199004385675)(<7675.137695, 80.001572, 8768.735352>) quick accessed a lock!
[22:01:07] Player (MRLeok, 76561198829305873)(<7681.902832, 75.988075, 8771.813477>) quick accessed a lock!
[22:01:15] Player (Frank, 76561199004385675)(<7676.165527, 83.987900, 8767.415039>) quick accessed a lock!
[22:01:36] Player (Frank, 76561199004385675)(<7676.165527, 83.987900, 8767.415039>) quick accessed a lock!
[22:05:27] Player (Frank, 76561199004385675)(<7676.165527, 83.987900, 8767.415039>) quick accessed a lock!
[22:05:37] Player (Frank, 76561199004385675)(<7674.046875, 78.006523, 8772.409180>) quick accessed a lock!
[22:05:54] Player (Frank, 76561199004385675)(<7681.902832, 75.988075, 8771.813477>) quick accessed a lock!
[22:06:11] Player (Frank, 76561199004385675)(<7676.849121, 79.988235, 8765.539063>) quick accessed a lock!
[22:06:24] Player (Frank, 76561199004385675)(<7678.140625, 80.001579, 8768.454102>) quick accessed a lock!
[22:06:26] Player (Frank, 76561199004385675)(<7676.613770, 80.001572, 8769.009766>) quick accessed a lock!
[22:06:33] Player (Frank, 76561199004385675)(<7675.137695, 80.001572, 8768.735352>) quick accessed a lock!
[09-12-2022][23.00.53] Log file reloaded ( Server Restart )
