[09-09-2022][05.04.36] New Access Log File Created!
[07:58:36] Player (Frank, 76561199004385675)(<7674.046875, 78.006523, 8772.409180>) quick accessed a lock!
[07:58:58] Player (Frank, 76561199004385675)(<7681.902832, 75.988075, 8771.813477>) quick accessed a lock!
[07:59:14] Player (Frank, 76561199004385675)(<7680.255371, 72.015587, 8773.303711>) quick accessed a lock!
[07:59:19] Player (Frank, 76561199004385675)(<7695.473633, 72.137520, 8781.058594>) quick accessed a lock!
[08:04:24] Player (Frank, 76561199004385675)(<7680.255371, 72.015587, 8773.303711>) quick accessed a lock!
[08:05:15] Player (Frank, 76561199004385675)(<7676.165527, 83.987900, 8767.415039>) quick accessed a lock!
[08:06:01] Player (Frank, 76561199004385675)(<7676.165527, 83.987900, 8767.415039>) quick accessed a lock!
[08:10:16] Player (Frank, 76561199004385675)(<7674.046875, 78.006523, 8772.409180>) quick accessed a lock!
[08:12:40] Player (Frank, 76561199004385675)(<7680.255371, 72.015587, 8773.303711>) quick accessed a lock!
[08:12:44] Player (Frank, 76561199004385675)(<7695.473633, 72.137520, 8781.058594>) quick accessed a lock!
[08:19:42] Player (JakusMallius, 76561198067006084)(<7718.253418, 11.241493, 5760.514160>) quick accessed a lock!
[08:19:45] Player (JakusMallius, 76561198067006084)(<7718.648926, 11.241293, 5754.739258>) quick accessed a lock!
[08:19:47] Player (JakusMallius, 76561198067006084)(<7715.110352, 11.241293, 5750.946289>) quick accessed a lock!
[08:19:50] Player (JakusMallius, 76561198067006084)(<7715.110352, 11.241293, 5750.946289>) quick accessed a lock!
[08:19:53] Player (JakusMallius, 76561198067006084)(<7711.328613, 11.241493, 5754.259277>) quick accessed a lock!
[08:19:56] Player (JakusMallius, 76561198067006084)(<7711.676758, 13.064227, 5757.290039>) quick accessed a lock!
[08:20:01] Player (JakusMallius, 76561198067006084)(<7714.426758, 14.460321, 5758.039551>) quick accessed a lock!
[08:20:03] Player (JakusMallius, 76561198067006084)(<7718.428711, 14.459305, 5754.732910>) quick accessed a lock!
[08:20:06] Player (JakusMallius, 76561198067006084)(<7714.900879, 14.460533, 5750.724121>) quick accessed a lock!
[08:20:11] Player (JakusMallius, 76561198067006084)(<7702.713867, 14.460730, 5756.341309>) quick accessed a lock!
[08:22:07] Player (Frank, 76561199004385675)(<7676.613770, 80.001572, 8769.009766>) quick accessed a lock!
[08:22:20] Player (Frank, 76561199004385675)(<7675.137695, 80.001572, 8768.735352>) quick accessed a lock!
[08:22:35] Player (Frank, 76561199004385675)(<7681.709473, 80.001579, 8772.617188>) quick accessed a lock!
[08:32:22] Player (Frank, 76561199004385675)(<7674.046875, 78.006523, 8772.409180>) quick accessed a lock!
[08:34:00] Player (Frank, 76561199004385675)(<7676.165527, 83.987900, 8767.415039>) quick accessed a lock!
[08:37:43] Player (Frank, 76561199004385675)(<7676.613770, 80.001572, 8769.009766>) quick accessed a lock!
[09:14:44] Player (Frank, 76561199004385675)(<7680.255371, 72.015587, 8773.303711>) quick accessed a lock!
[09:14:49] Player (Frank, 76561199004385675)(<7674.046875, 78.006523, 8772.409180>) quick accessed a lock!
[09:16:11] Player (Frank, 76561199004385675)(<7680.255371, 72.015587, 8773.303711>) quick accessed a lock!
[09:16:43] Player (Frank, 76561199004385675)(<7680.255371, 72.015587, 8773.303711>) quick accessed a lock!
[09:17:23] Player (Frank, 76561199004385675)(<7680.255371, 72.015587, 8773.303711>) quick accessed a lock!
[09:17:28] Player (Frank, 76561199004385675)(<7680.255371, 72.015587, 8773.303711>) quick accessed a lock!
[09:18:01] Player (Frank, 76561199004385675)(<7680.255371, 72.015587, 8773.303711>) quick accessed a lock!
[09:18:34] Player (Frank, 76561199004385675)(<7680.255371, 72.015587, 8773.303711>) quick accessed a lock!
[09:20:00] Player (Frank, 76561199004385675)(<7695.473633, 72.137520, 8781.058594>) quick accessed a lock!
[09:24:11] Player (Frank, 76561199004385675)(<7695.473633, 72.137520, 8781.058594>) quick accessed a lock!
[09:24:31] Player (Frank, 76561199004385675)(<7695.473633, 72.137520, 8781.058594>) quick accessed a lock!
[10:42:05] Player (MRLeok, 76561198829305873)(<7680.255371, 72.015587, 8773.303711>) quick accessed a lock!
[10:42:53] Player (MRLeok, 76561198829305873)(<7695.473633, 72.137520, 8781.058594>) quick accessed a lock!
[10:42:55] Player (MRLeok, 76561198829305873)(<7695.473633, 72.137520, 8781.058594>) quick accessed a lock!
[10:47:39] Player (MRLeok, 76561198829305873)(<7680.255371, 72.015587, 8773.303711>) quick accessed a lock!
[10:47:46] Player (MRLeok, 76561198829305873)(<7681.902832, 75.988075, 8771.813477>) quick accessed a lock!
[10:48:05] Player (MRLeok, 76561198829305873)(<7680.255371, 72.015587, 8773.303711>) quick accessed a lock!
[10:49:14] Player (Frank, 76561199004385675)(<7680.255371, 72.015587, 8773.303711>) quick accessed a lock!
[09-09-2022][11.07.41] Log file reloaded ( Server Restart )
[11:11:06] Player (Frank, 76561199004385675)(<7676.613770, 80.001572, 8769.009766>) quick accessed a lock!
[11:11:16] Player (Frank, 76561199004385675)(<7681.902832, 75.988075, 8771.813477>) quick accessed a lock!
[11:11:21] Player (Frank, 76561199004385675)(<7674.046875, 78.006523, 8772.409180>) quick accessed a lock!
[11:13:13] Player (Frank, 76561199004385675)(<7676.613770, 80.001572, 8769.009766>) quick accessed a lock!
[11:13:19] Player (Frank, 76561199004385675)(<7675.137695, 80.001572, 8768.735352>) quick accessed a lock!
[11:13:26] Player (Frank, 76561199004385675)(<7675.137695, 80.001572, 8768.735352>) quick accessed a lock!
[11:13:40] Player (Frank, 76561199004385675)(<7676.613770, 80.001572, 8769.009766>) quick accessed a lock!
[11:14:31] Player (Frank, 76561199004385675)(<7674.046875, 78.006523, 8772.409180>) quick accessed a lock!
[11:16:21] Player (Frank, 76561199004385675)(<7676.958984, 75.988075, 8766.182617>) quick accessed a lock!
[11:20:31] Player (Frank, 76561199004385675)(<7680.255371, 72.015587, 8773.303711>) quick accessed a lock!
[11:20:35] Player (Frank, 76561199004385675)(<7695.473633, 72.137520, 8781.058594>) quick accessed a lock!
[11:26:33] Player (Frank, 76561199004385675)(<7680.255371, 72.015587, 8773.303711>) quick accessed a lock!
[11:26:40] Player (Frank, 76561199004385675)(<7681.902832, 75.988075, 8771.813477>) quick accessed a lock!
[11:27:34] Player (Frank, 76561199004385675)(<7674.046875, 78.006523, 8772.409180>) quick accessed a lock!
[11:28:07] Player (Frank, 76561199004385675)(<7676.613770, 80.001572, 8769.009766>) quick accessed a lock!
[11:58:20] Player (Frank, 76561199004385675)(<7676.165527, 83.987900, 8767.415039>) quick accessed a lock!
[11:59:14] Player (MRLeok, 76561198829305873)(<7680.255371, 72.015587, 8773.303711>) quick accessed a lock!
[11:59:47] Player (Frank, 76561199004385675)(<7676.613770, 80.001572, 8769.009766>) quick accessed a lock!
[11:59:57] Player (Frank, 76561199004385675)(<7675.137695, 80.001572, 8768.735352>) quick accessed a lock!
[12:00:00] Player (MRLeok, 76561198829305873)(<7681.709473, 80.001579, 8772.617188>) quick accessed a lock!
[12:00:04] Player (MRLeok, 76561198829305873)(<7681.709473, 80.001579, 8772.617188>) quick accessed a lock!
[12:00:09] Player (MRLeok, 76561198829305873)(<7681.709473, 80.001579, 8772.617188>) quick accessed a lock!
[12:00:20] Player (MRLeok, 76561198829305873)(<7676.613770, 80.001572, 8769.009766>) quick accessed a lock!
[12:00:41] Player (MRLeok, 76561198829305873)(<7675.137695, 80.001572, 8768.735352>) quick accessed a lock!
[12:01:11] Player (MRLeok, 76561198829305873)(<7674.046875, 78.006523, 8772.409180>) quick accessed a lock!
[12:01:13] Player (MRLeok, 76561198829305873)(<7674.046875, 78.006523, 8772.409180>) quick accessed a lock!
[12:01:15] Player (MRLeok, 76561198829305873)(<7674.046875, 78.006523, 8772.409180>) quick accessed a lock!
[12:01:23] Player (MRLeok, 76561198829305873)(<7681.902832, 75.988075, 8771.813477>) quick accessed a lock!
[12:01:51] Player (MRLeok, 76561198829305873)(<7676.958984, 75.988075, 8766.182617>) quick accessed a lock!
[12:02:59] Player (MRLeok, 76561198829305873)(<7681.709473, 80.001579, 8772.617188>) quick accessed a lock!
[12:03:01] Player (MRLeok, 76561198829305873)(<7681.709473, 80.001579, 8772.617188>) quick accessed a lock!
[12:25:54] Player (Frank, 76561199004385675)(<7680.255371, 72.015587, 8773.303711>) quick accessed a lock!
[12:25:58] Player (Frank, 76561199004385675)(<7695.473633, 72.137520, 8781.058594>) quick accessed a lock!
[12:29:20] Player (Frank, 76561199004385675)(<7680.255371, 72.015587, 8773.303711>) quick accessed a lock!
[12:29:25] Player (Frank, 76561199004385675)(<7680.255371, 72.015587, 8773.303711>) quick accessed a lock!
[12:29:33] Player (Frank, 76561199004385675)(<7681.902832, 75.988075, 8771.813477>) quick accessed a lock!
[12:30:04] Player (Frank, 76561199004385675)(<7676.613770, 80.001572, 8769.009766>) quick accessed a lock!
[12:30:58] Player (Frank, 76561199004385675)(<7676.165527, 83.987900, 8767.415039>) quick accessed a lock!
[12:34:35] Player (Frank, 76561199004385675)(<7676.613770, 80.001572, 8769.009766>) quick accessed a lock!
[12:41:29] Player (Frank, 76561199004385675)(<7680.255371, 72.015587, 8773.303711>) quick accessed a lock!
[12:44:48] Player (Frank, 76561199004385675)(<7680.255371, 72.015587, 8773.303711>) quick accessed a lock!
[13:32:42] Player (MRLeok, 76561198829305873)(<7680.255371, 72.015587, 8773.303711>) quick accessed a lock!
[13:33:06] Player (MRLeok, 76561198829305873)(<7681.902832, 75.988075, 8771.813477>) quick accessed a lock!
[13:34:47] Player (MRLeok, 76561198829305873)(<7676.958984, 75.988075, 8766.182617>) quick accessed a lock!
[13:34:54] Player (MRLeok, 76561198829305873)(<7674.046875, 78.006523, 8772.409180>) quick accessed a lock!
[13:35:05] Player (MRLeok, 76561198829305873)(<7681.709473, 80.001579, 8772.617188>) quick accessed a lock!
[13:35:36] Player (MRLeok, 76561198829305873)(<7680.255371, 72.015587, 8773.303711>) quick accessed a lock!
[13:35:39] Player (Frank, 76561199004385675)(<7695.473633, 72.137520, 8781.058594>) quick accessed a lock!
[13:36:15] Player (Frank, 76561199004385675)(<7676.165527, 83.987900, 8767.415039>) quick accessed a lock!
[13:36:33] Player (MRLeok, 76561198829305873)(<7680.255371, 72.015587, 8773.303711>) quick accessed a lock!
[13:36:59] Player (Frank, 76561199004385675)(<7676.165527, 83.987900, 8767.415039>) quick accessed a lock!
[13:40:21] Player (Frank, 76561199004385675)(<7676.165527, 83.987900, 8767.415039>) quick accessed a lock!
[13:41:28] Player (MRLeok, 76561198829305873)(<7674.046875, 78.006523, 8772.409180>) quick accessed a lock!
[13:41:42] Player (MRLeok, 76561198829305873)(<7675.137695, 80.001572, 8768.735352>) quick accessed a lock!
[13:42:12] Player (Frank, 76561199004385675)(<7676.165527, 83.987900, 8767.415039>) quick accessed a lock!
[13:43:56] Player (Frank, 76561199004385675)(<7676.165527, 83.987900, 8767.415039>) quick accessed a lock!
[13:45:26] Player (Frank, 76561199004385675)(<7676.613770, 80.001572, 8769.009766>) quick accessed a lock!
[13:46:45] Player (Frank, 76561199004385675)(<7680.255371, 72.015587, 8773.303711>) quick accessed a lock!
[14:05:02] Player (Frank, 76561199004385675)(<7676.165527, 83.987900, 8767.415039>) quick accessed a lock!
[17:03:51] Player (MRLeok, 76561198829305873)(<7676.613770, 80.001572, 8769.009766>) quick accessed a lock!
[17:04:39] Player (MRLeok, 76561198829305873)(<7676.613770, 80.001572, 8769.009766>) quick accessed a lock!
[17:05:25] Player (MRLeok, 76561198829305873)(<7675.137695, 80.001572, 8768.735352>) quick accessed a lock!
[17:05:28] Player (MRLeok, 76561198829305873)(<7676.613770, 80.001572, 8769.009766>) quick accessed a lock!
[17:06:01] Player (MRLeok, 76561198829305873)(<7680.255371, 72.015587, 8773.303711>) quick accessed a lock!
[17:06:27] Player (MRLeok, 76561198829305873)(<7680.255371, 72.015587, 8773.303711>) quick accessed a lock!
[17:06:33] Player (MRLeok, 76561198829305873)(<7681.902832, 75.988075, 8771.813477>) quick accessed a lock!
[17:06:44] Player (MRLeok, 76561198829305873)(<7674.046875, 78.006523, 8772.409180>) quick accessed a lock!
[17:07:10] Player (MRLeok, 76561198829305873)(<7680.255371, 72.015587, 8773.303711>) quick accessed a lock!
[09-09-2022][17.10.50] Log file reloaded ( Server Restart )
[17:13:54] Player (Frank, 76561199004385675)(<7681.902832, 75.988075, 8771.813477>) quick accessed a lock!
[17:14:00] Player (Frank, 76561199004385675)(<7681.902832, 75.988075, 8771.813477>) quick accessed a lock!
[17:14:50] Player (Frank, 76561199004385675)(<7676.613770, 80.001572, 8769.009766>) quick accessed a lock!
[17:15:05] Player (Frank, 76561199004385675)(<7675.137695, 80.001572, 8768.735352>) quick accessed a lock!
[17:15:29] Player (Frank, 76561199004385675)(<7681.902832, 75.988075, 8771.813477>) quick accessed a lock!
[17:15:42] Player (Frank, 76561199004385675)(<7680.255371, 72.015587, 8773.303711>) quick accessed a lock!
[17:17:58] Player (Frank, 76561199004385675)(<7681.709473, 80.001579, 8772.617188>) quick accessed a lock!
[17:18:00] Player (MRLeok, 76561198829305873)(<7680.255371, 72.015587, 8773.303711>) quick accessed a lock!
[17:18:07] Player (MRLeok, 76561198829305873)(<7681.902832, 75.988075, 8771.813477>) quick accessed a lock!
[17:18:15] Player (Frank, 76561199004385675)(<7676.613770, 80.001572, 8769.009766>) quick accessed a lock!
[17:41:48] Player (MRLeok, 76561198829305873)(<7683.026855, 83.966080, 8745.771484>) quick accessed a lock!
[18:09:40] Player (BeefySTi, 76561198095923512)(<7716.231445, 12.100084, 5773.678223>) quick accessed a lock!
[18:09:45] Player (BeefySTi, 76561198095923512)(<7718.253418, 11.241493, 5760.514160>) quick accessed a lock!
[18:09:48] Player (BeefySTi, 76561198095923512)(<7718.648926, 11.241293, 5754.739258>) quick accessed a lock!
[18:09:50] Player (BeefySTi, 76561198095923512)(<7715.110352, 11.241293, 5750.946289>) quick accessed a lock!
[18:10:03] Player (BeefySTi, 76561198095923512)(<7711.328613, 11.241493, 5754.259277>) quick accessed a lock!
[18:10:05] Player (BeefySTi, 76561198095923512)(<7711.676758, 13.064227, 5757.290039>) quick accessed a lock!
[18:10:10] Player (BeefySTi, 76561198095923512)(<7714.426758, 14.460321, 5758.039551>) quick accessed a lock!
[18:10:11] Player (BeefySTi, 76561198095923512)(<7718.428711, 14.459305, 5754.732910>) quick accessed a lock!
[18:10:14] Player (BeefySTi, 76561198095923512)(<7714.900879, 14.460533, 5750.724121>) quick accessed a lock!
[18:10:17] Player (BeefySTi, 76561198095923512)(<7703.081543, 14.460941, 5744.566895>) quick accessed a lock!
[18:20:26] Player (BeefySTi, 76561198095923512)(<7714.900879, 14.460533, 5750.724121>) quick accessed a lock!
[18:20:27] Player (BeefySTi, 76561198095923512)(<7718.428711, 14.459305, 5754.732910>) quick accessed a lock!
[18:20:29] Player (BeefySTi, 76561198095923512)(<7714.426758, 14.460321, 5758.039551>) quick accessed a lock!
[18:26:46] Player (BeefySTi, 76561198095923512)(<7711.676758, 13.064227, 5757.290039>) quick accessed a lock!
[18:26:48] Player (BeefySTi, 76561198095923512)(<7711.328613, 11.241493, 5754.259277>) quick accessed a lock!
[18:26:50] Player (BeefySTi, 76561198095923512)(<7715.110352, 11.241293, 5750.946289>) quick accessed a lock!
[18:26:52] Player (BeefySTi, 76561198095923512)(<7718.648926, 11.241293, 5754.739258>) quick accessed a lock!
[18:26:53] Player (BeefySTi, 76561198095923512)(<7718.253418, 11.241493, 5760.514160>) quick accessed a lock!
[18:27:03] Player (BeefySTi, 76561198095923512)(<7683.068359, 11.242933, 5747.628906>) quick accessed a lock!
[18:27:05] Player (BeefySTi, 76561198095923512)(<7685.389648, 10.064847, 5744.467285>) quick accessed a lock!
[18:28:05] Player (BeefySTi, 76561198095923512)(<7685.389648, 10.064847, 5744.467285>) quick accessed a lock!
[18:28:08] Player (BeefySTi, 76561198095923512)(<7689.023438, 14.242929, 5742.030762>) quick accessed a lock!
[18:28:10] Player (BeefySTi, 76561198095923512)(<7691.411621, 14.460941, 5739.756836>) quick accessed a lock!
[09-09-2022][19.16.55] Log file reloaded ( Server Restart )
[19:19:09] Player (BeefySTi, 76561198095923512)(<7697.417969, 13.314333, 5747.804688>) quick accessed a lock!
[19:19:24] Player (BeefySTi, 76561198095923512)(<7703.081543, 14.460941, 5744.566895>) quick accessed a lock!
[19:21:31] Player (BeefySTi, 76561198095923512)(<7703.081543, 14.460941, 5744.566895>) quick accessed a lock!
[19:47:41] Player (THE STITTIES, 76561199206265093)(<7718.253418, 11.241493, 5760.514160>) quick accessed a lock!
[19:47:44] Player (THE STITTIES, 76561199206265093)(<7718.648926, 11.241293, 5754.739258>) quick accessed a lock!
[19:47:47] Player (THE STITTIES, 76561199206265093)(<7715.110352, 11.241293, 5750.946289>) quick accessed a lock!
[19:47:53] Player (THE STITTIES, 76561199206265093)(<7715.203125, 11.241089, 5740.285156>) quick accessed a lock!
[19:48:10] Player (THE STITTIES, 76561199206265093)(<7720.982910, 10.050047, 5737.982422>) quick accessed a lock!
[19:48:16] Player (THE STITTIES, 76561199206265093)(<7720.982910, 10.050047, 5737.982422>) quick accessed a lock!
[19:48:22] Player (THE STITTIES, 76561199206265093)(<7721.246582, 10.096925, 5739.351074>) quick accessed a lock!
[19:48:40] Player (THE STITTIES, 76561199206265093)(<7720.942871, 10.051270, 5741.291504>) quick accessed a lock!
[19:48:48] Player (THE STITTIES, 76561199206265093)(<7718.352051, 10.051284, 5744.640625>) quick accessed a lock!
[19:48:52] Player (THE STITTIES, 76561199206265093)(<7715.562500, 10.097129, 5747.966797>) quick accessed a lock!
[19:49:00] Player (THE STITTIES, 76561199206265093)(<7720.627441, 10.051475, 5748.278809>) quick accessed a lock!
[19:54:45] Player (THE STITTIES, 76561199206265093)(<7715.203125, 11.241089, 5740.285156>) quick accessed a lock!
[19:56:39] Player (THE STITTIES, 76561199206265093)(<7715.203125, 11.241089, 5740.285156>) quick accessed a lock!
[20:00:36] Player (THE STITTIES, 76561199206265093)(<7718.352051, 10.051284, 5744.640625>) quick accessed a lock!
[20:00:41] Player (THE STITTIES, 76561199206265093)(<7715.562500, 10.097129, 5747.966797>) quick accessed a lock!
[20:00:51] Player (THE STITTIES, 76561199206265093)(<7715.562500, 10.097129, 5747.966797>) quick accessed a lock!
[20:16:09] Player (Frank, 76561199004385675)(<7680.255371, 72.015587, 8773.303711>) quick accessed a lock!
[20:16:30] Player (Frank, 76561199004385675)(<7681.902832, 75.988075, 8771.813477>) quick accessed a lock!
[20:17:14] Player (Frank, 76561199004385675)(<7675.137695, 80.001572, 8768.735352>) quick accessed a lock!
[20:17:23] Player (Frank, 76561199004385675)(<7676.613770, 80.001572, 8769.009766>) quick accessed a lock!
[20:21:45] Player (Frank, 76561199004385675)(<7681.709473, 80.001579, 8772.617188>) quick accessed a lock!
[20:23:51] Player (Frank, 76561199004385675)(<7680.255371, 72.015587, 8773.303711>) quick accessed a lock!
[20:27:12] Player (Alzbob, 76561198303394031)(<7716.231445, 12.100084, 5773.678223>) quick accessed a lock!
[20:27:17] Player (Alzbob, 76561198303394031)(<7718.253418, 11.241493, 5760.514160>) quick accessed a lock!
[20:27:19] Player (Alzbob, 76561198303394031)(<7718.648926, 11.241293, 5754.739258>) quick accessed a lock!
[20:27:21] Player (Alzbob, 76561198303394031)(<7715.110352, 11.241293, 5750.946289>) quick accessed a lock!
[20:27:25] Player (Alzbob, 76561198303394031)(<7705.694824, 11.241705, 5742.292969>) quick accessed a lock!
[20:43:56] Player (Alzbob, 76561198303394031)(<7716.231445, 12.100084, 5773.678223>) quick accessed a lock!
[20:44:00] Player (Alzbob, 76561198303394031)(<7718.253418, 11.241493, 5760.514160>) quick accessed a lock!
[20:44:05] Player (THE STITTIES, 76561199206265093)(<7716.231445, 12.100084, 5773.678223>) quick accessed a lock!
[20:44:19] Player (THE STITTIES, 76561199206265093)(<7718.648926, 11.241293, 5754.739258>) quick accessed a lock!
[20:44:22] Player (THE STITTIES, 76561199206265093)(<7715.110352, 11.241293, 5750.946289>) quick accessed a lock!
[20:44:26] Player (THE STITTIES, 76561199206265093)(<7715.203125, 11.241089, 5740.285156>) quick accessed a lock!
[20:44:30] Player (THE STITTIES, 76561199206265093)(<7718.352051, 10.051284, 5744.640625>) quick accessed a lock!
[20:44:30] Player (Alzbob, 76561198303394031)(<7718.253418, 11.241493, 5760.514160>) quick accessed a lock!
[20:44:33] Player (Alzbob, 76561198303394031)(<7718.648926, 11.241293, 5754.739258>) quick accessed a lock!
[20:44:35] Player (Alzbob, 76561198303394031)(<7715.110352, 11.241293, 5750.946289>) quick accessed a lock!
[20:47:32] Player (Alzbob, 76561198303394031)(<7691.488770, 11.242929, 5738.411621>) quick accessed a lock!
[20:47:34] Player (Alzbob, 76561198303394031)(<7685.414551, 11.242929, 5739.559082>) quick accessed a lock!
[20:49:38] Player (Magick, 76561198797376439)(<7716.231445, 12.100084, 5773.678223>) quick accessed a lock!
[20:49:53] Player (Magick, 76561198797376439)(<7718.253418, 11.241493, 5760.514160>) quick accessed a lock!
[20:49:58] Player (Magick, 76561198797376439)(<7718.648926, 11.241293, 5754.739258>) quick accessed a lock!
[20:50:01] Player (Magick, 76561198797376439)(<7715.110352, 11.241293, 5750.946289>) quick accessed a lock!
[20:50:09] Player (Alzbob, 76561198303394031)(<7683.068359, 11.242933, 5747.628906>) quick accessed a lock!
[20:50:23] Player (Magick, 76561198797376439)(<7693.700684, 11.240681, 5741.929688>) quick accessed a lock!
[20:52:34] Player (Magick, 76561198797376439)(<7698.786133, 10.026342, 5745.388184>) quick accessed a lock!
[20:53:25] Player (THE STITTIES, 76561199206265093)(<7715.203125, 11.241089, 5740.285156>) quick accessed a lock!
[09-09-2022][20.54.51] Log file reloaded ( Server Restart )
[20:57:30] Player (Alzbob, 76561198303394031)(<7705.879883, 10.027159, 5751.533691>) quick accessed a lock!
[20:57:58] Player (Alzbob, 76561198303394031)(<7705.694824, 11.241705, 5742.292969>) quick accessed a lock!
[20:58:03] Player (Magick, 76561198797376439)(<7693.700684, 11.240681, 5741.929688>) quick accessed a lock!
[21:02:41] Player (Alzbob, 76561198303394031)(<7705.879883, 10.027159, 5751.533691>) quick accessed a lock!
[21:02:49] Player (Alzbob, 76561198303394031)(<7705.879883, 10.027159, 5751.533691>) quick accessed a lock!
[21:04:26] Player (Alzbob, 76561198303394031)(<7705.879883, 10.027159, 5751.533691>) quick accessed a lock!
[21:05:46] Player (Alzbob, 76561198303394031)(<7705.879883, 10.027159, 5751.533691>) quick accessed a lock!
[21:05:57] Player (Alzbob, 76561198303394031)(<7705.879883, 10.027159, 5751.533691>) quick accessed a lock!
[21:07:07] Player (Magick, 76561198797376439)(<7698.786133, 10.026342, 5745.388184>) quick accessed a lock!
[21:09:20] Player (Magick, 76561198797376439)(<7698.786133, 10.026342, 5745.388184>) quick accessed a lock!
[21:10:38] Player (Magick, 76561198797376439)(<7698.786133, 10.026342, 5745.388184>) quick accessed a lock!
[21:12:27] Player (THE STITTIES, 76561199206265093)(<7720.982910, 10.050047, 5737.982422>) quick accessed a lock!
[21:12:42] Player (Magick, 76561198797376439)(<7698.786133, 10.026342, 5745.388184>) quick accessed a lock!
[21:13:36] Player (Magick, 76561198797376439)(<7698.786133, 10.026342, 5745.388184>) quick accessed a lock!
[21:13:38] Player (THE STITTIES, 76561199206265093)(<7715.562500, 10.097129, 5747.966797>) quick accessed a lock!
[21:15:01] Player (THE STITTIES, 76561199206265093)(<7715.562500, 10.097129, 5747.966797>) quick accessed a lock!
[21:15:03] Player (Alzbob, 76561198303394031)(<7705.694824, 11.241705, 5742.292969>) quick accessed a lock!
[21:15:34] Player (THE STITTIES, 76561199206265093)(<7721.246582, 10.096925, 5739.351074>) quick accessed a lock!
[21:15:50] Player (THE STITTIES, 76561199206265093)(<7720.942871, 10.051270, 5741.291504>) quick accessed a lock!
[21:17:50] Player (THE STITTIES, 76561199206265093)(<7721.246582, 10.096925, 5739.351074>) quick accessed a lock!
[21:18:19] Player (THE STITTIES, 76561199206265093)(<7718.352051, 10.051284, 5744.640625>) quick accessed a lock!
[21:19:00] Player (THE STITTIES, 76561199206265093)(<7721.246582, 10.096925, 5739.351074>) quick accessed a lock!
[21:20:08] Player (THE STITTIES, 76561199206265093)(<7720.990723, 10.049141, 5737.335938>) set a new passcode on lock!
[21:20:08] Player (THE STITTIES, 76561199206265093)(<7720.990723, 10.049141, 5737.335938>) claimed ownership of a lock!
[21:22:31] Player (THE STITTIES, 76561199206265093)(<7720.942871, 10.051270, 5741.291504>) quick accessed a lock!
[21:22:46] Player (THE STITTIES, 76561199206265093)(<7720.942871, 10.051270, 5741.291504>) removed a lock!
[21:25:09] Player (THE STITTIES, 76561199206265093)(<7720.912598, 10.051270, 5741.343750>) set a new passcode on lock!
[21:25:09] Player (THE STITTIES, 76561199206265093)(<7720.912598, 10.051270, 5741.343750>) claimed ownership of a lock!
[21:25:51] Player (THE STITTIES, 76561199206265093)(<7720.900391, 10.051270, 5740.673340>) set a new passcode on lock!
[21:25:51] Player (THE STITTIES, 76561199206265093)(<7720.900391, 10.051270, 5740.673340>) claimed ownership of a lock!
[21:26:13] Player (Alzbob, 76561198303394031)(<7705.879883, 10.027159, 5751.533691>) quick accessed a lock!
[21:27:04] Player (THE STITTIES, 76561199206265093)(<7720.623047, 10.097129, 5748.136719>) set a new passcode on lock!
[21:27:04] Player (THE STITTIES, 76561199206265093)(<7720.623047, 10.097129, 5748.136719>) claimed ownership of a lock!
[21:27:30] Player (Magick, 76561198797376439)(<7698.786133, 10.026342, 5745.388184>) quick accessed a lock!
[21:27:36] Player (THE STITTIES, 76561199206265093)(<7718.352051, 10.051284, 5744.640625>) quick accessed a lock!
[21:29:32] Player (Magick, 76561198797376439)(<7698.786133, 10.026342, 5745.388184>) quick accessed a lock!
[21:31:15] Player (THE STITTIES, 76561199206265093)(<7718.352051, 10.051284, 5744.640625>) quick accessed a lock!
[21:32:44] Player (THE STITTIES, 76561199206265093)(<7718.352051, 10.051284, 5744.640625>) quick accessed a lock!
[21:32:53] Player (THE STITTIES, 76561199206265093)(<7718.352051, 10.051284, 5744.640625>) quick accessed a lock!
[21:36:48] Player (THE STITTIES, 76561199206265093)(<7718.352051, 10.051284, 5744.640625>) quick accessed a lock!
[21:37:12] Player (Magick, 76561198797376439)(<7698.786133, 10.026342, 5745.388184>) quick accessed a lock!
[21:38:24] Player (Magick, 76561198797376439)(<7698.786133, 10.026342, 5745.388184>) quick accessed a lock!
[21:39:28] Player (Frank, 76561199004385675)(<7676.613770, 80.001572, 8769.009766>) quick accessed a lock!
[21:39:57] Player (THE STITTIES, 76561199206265093)(<7721.246582, 10.096925, 5739.351074>) quick accessed a lock!
[21:41:20] Player (Frank, 76561199004385675)(<7675.137695, 80.001572, 8768.735352>) quick accessed a lock!
[21:42:03] Player (Magick, 76561198797376439)(<7691.488770, 11.242929, 5738.411621>) quick accessed a lock!
[21:42:06] Player (Magick, 76561198797376439)(<7685.414551, 11.242929, 5739.559082>) quick accessed a lock!
[21:45:50] Player (Frank, 76561199004385675)(<7683.026855, 83.966080, 8745.771484>) quick accessed a lock!
[21:49:11] Player (THE STITTIES, 76561199206265093)(<7718.352051, 10.051284, 5744.640625>) quick accessed a lock!
[21:54:21] Player (THE STITTIES, 76561199206265093)(<7715.203125, 11.241089, 5740.285156>) quick accessed a lock!
[21:54:25] Player (THE STITTIES, 76561199206265093)(<7718.352051, 10.051284, 5744.640625>) quick accessed a lock!
[21:54:55] Player (Magick, 76561198797376439)(<7711.328613, 11.241493, 5754.259277>) quick accessed a lock!
[21:54:57] Player (Magick, 76561198797376439)(<7711.676758, 13.064227, 5757.290039>) quick accessed a lock!
[21:55:12] Player (Magick, 76561198797376439)(<7714.426758, 14.460321, 5758.039551>) quick accessed a lock!
[21:58:16] Player (Magick, 76561198797376439)(<7698.786133, 10.026342, 5745.388184>) quick accessed a lock!
[21:58:48] Player (THE STITTIES, 76561199206265093)(<7718.352051, 10.051284, 5744.640625>) quick accessed a lock!
[21:59:09] Player (Magick, 76561198797376439)(<7691.488770, 11.242929, 5738.411621>) quick accessed a lock!
[21:59:11] Player (Magick, 76561198797376439)(<7685.414551, 11.242929, 5739.559082>) quick accessed a lock!
[21:59:27] Player (Magick, 76561198797376439)(<7685.414551, 11.242929, 5739.559082>) quick accessed a lock!
[21:59:29] Player (Magick, 76561198797376439)(<7691.488770, 11.242929, 5738.411621>) quick accessed a lock!
[22:01:14] Player (THE STITTIES, 76561199206265093)(<7715.203125, 11.241089, 5740.285156>) quick accessed a lock!
[22:01:34] Player (THE STITTIES, 76561199206265093)(<7718.352051, 10.051284, 5744.640625>) quick accessed a lock!
[22:02:06] Player (THE STITTIES, 76561199206265093)(<7718.352051, 10.051284, 5744.640625>) quick accessed a lock!
[22:03:49] Player (THE STITTIES, 76561199206265093)(<7718.352051, 10.051284, 5744.640625>) quick accessed a lock!
[22:08:31] Player (THE STITTIES, 76561199206265093)(<7718.352051, 10.051284, 5744.640625>) quick accessed a lock!
[22:11:45] Player (THE STITTIES, 76561199206265093)(<7720.623047, 10.097129, 5748.136719>) quick accessed a lock!
[22:15:19] Player (THE STITTIES, 76561199206265093)(<7715.203125, 11.241089, 5740.285156>) quick accessed a lock!
[22:15:22] Player (THE STITTIES, 76561199206265093)(<7720.623047, 10.097129, 5748.136719>) quick accessed a lock!
[22:19:19] Player (THE STITTIES, 76561199206265093)(<7720.900391, 10.051270, 5740.673340>) quick accessed a lock!
[22:21:31] Player (Alzbob, 76561198303394031)(<7705.694824, 11.241705, 5742.292969>) quick accessed a lock!
[22:22:07] Player (Magick, 76561198797376439)(<7661.620605, 10.065259, 5743.938965>) quick accessed a lock!
[22:22:07] Player (Alzbob, 76561198303394031)(<7705.694824, 11.241705, 5742.292969>) quick accessed a lock!
[22:22:52] Player (Alzbob, 76561198303394031)(<7711.328613, 11.241493, 5754.259277>) quick accessed a lock!
[22:22:55] Player (Alzbob, 76561198303394031)(<7714.426758, 14.460321, 5758.039551>) quick accessed a lock!
[22:23:10] Player (Alzbob, 76561198303394031)(<7715.110352, 11.241293, 5750.946289>) quick accessed a lock!
[22:23:12] Player (Alzbob, 76561198303394031)(<7718.648926, 11.241293, 5754.739258>) quick accessed a lock!
[22:23:22] Player (Alzbob, 76561198303394031)(<7691.488770, 11.242929, 5738.411621>) quick accessed a lock!
[22:23:25] Player (Alzbob, 76561198303394031)(<7685.414551, 11.242929, 5739.559082>) quick accessed a lock!
[22:23:48] Player (Magick, 76561198797376439)(<7693.700684, 11.240681, 5741.929688>) quick accessed a lock!
[22:24:12] Player (Alzbob, 76561198303394031)(<7705.694824, 11.241705, 5742.292969>) quick accessed a lock!
[22:24:29] Player (Alzbob, 76561198303394031)(<7705.879883, 10.027159, 5751.533691>) quick accessed a lock!
[22:25:08] Player (Magick, 76561198797376439)(<7698.786133, 10.026342, 5745.388184>) quick accessed a lock!
[22:29:10] Player (Magick, 76561198797376439)(<7698.786133, 10.026342, 5745.388184>) quick accessed a lock!
[22:33:36] Player (Magick, 76561198797376439)(<7691.488770, 11.242929, 5738.411621>) quick accessed a lock!
[22:33:38] Player (Magick, 76561198797376439)(<7685.414551, 11.242929, 5739.559082>) quick accessed a lock!
[09-09-2022][23.00.56] Log file reloaded ( Server Restart )
