[09-07-2022][01.04.08] New Access Log File Created!
[09-07-2022][03.00.57] Log file reloaded ( Server Restart )
[09-07-2022][07.01.00] Log file reloaded ( Server Restart )
[09-07-2022][10.12.30] Log file reloaded ( Server Restart )
[09-07-2022][10.14.25] Log file reloaded ( Server Restart )
[09-07-2022][10.16.27] Log file reloaded ( Server Restart )
[09-07-2022][10.18.14] Log file reloaded ( Server Restart )
[10:35:08] Player (Magick, 76561198797376439)(<7693.700684, 11.240681, 5741.929688>) quick accessed a lock!
[10:35:17] Player (Magick, 76561198797376439)(<7691.488770, 11.242929, 5738.411621>) quick accessed a lock!
[10:35:20] Player (Magick, 76561198797376439)(<7685.414551, 11.242929, 5739.559082>) quick accessed a lock!
[10:35:29] Player (Magick, 76561198797376439)(<7661.620605, 10.065259, 5743.938965>) quick accessed a lock!
[10:37:22] Player (Magick, 76561198797376439)(<7662.363281, 8.976425, 5750.038574>) accessed a lock!
[10:37:22] Player (Magick, 76561198797376439)(<7662.363281, 8.976425, 5750.038574>) was added as a guest of a lock!
[10:38:03] Player (Magick, 76561198797376439)(<7716.231445, 12.100084, 5773.678223>) quick accessed a lock!
[10:39:26] Player (Magick, 76561198797376439)(<7693.318848, 14.071611, 5773.753418>) accessed a lock!
[10:39:26] Player (Magick, 76561198797376439)(<7693.318848, 14.071611, 5773.753418>) was added as a guest of a lock!
[10:39:39] Player (Magick, 76561198797376439)(<7683.068359, 11.242933, 5747.628906>) quick accessed a lock!
[10:40:59] Player (Magick, 76561198797376439)(<7683.068359, 11.242933, 5747.628906>) quick accessed a lock!
[09-07-2022][11.01.08] Log file reloaded ( Server Restart )
[11:03:04] Player (Magick, 76561198797376439)(<7716.231445, 12.100084, 5773.678223>) quick accessed a lock!
[11:30:03] Player (MRLeok, 76561198829305873)(<7680.255371, 72.015587, 8773.303711>) quick accessed a lock!
[11:39:42] Player (MRLeok, 76561198829305873)(<7680.255371, 72.015587, 8773.303711>) quick accessed a lock!
[11:39:50] Player (Frank, 76561199004385675)(<7674.046875, 78.006523, 8772.409180>) quick accessed a lock!
[11:40:29] Player (Frank, 76561199004385675)(<7680.255371, 72.015587, 8773.303711>) quick accessed a lock!
[11:40:35] Player (Frank, 76561199004385675)(<7695.473633, 72.137520, 8781.058594>) quick accessed a lock!
[11:40:37] Player (Frank, 76561199004385675)(<7695.473633, 72.137520, 8781.058594>) quick accessed a lock!
[12:03:56] Player (MRLeok, 76561198829305873)(<7680.255371, 72.015587, 8773.303711>) quick accessed a lock!
[12:04:04] Player (MRLeok, 76561198829305873)(<7681.902832, 75.988075, 8771.813477>) quick accessed a lock!
[12:11:15] Player (Frank, 76561199004385675)(<7680.255371, 72.015587, 8773.303711>) quick accessed a lock!
[12:18:46] Player (Frank, 76561199004385675)(<7674.046875, 78.006523, 8772.409180>) quick accessed a lock!
[12:18:53] Player (MRLeok, 76561198829305873)(<7680.255371, 72.015587, 8773.303711>) quick accessed a lock!
[12:19:37] Player (Frank, 76561199004385675)(<7674.046875, 78.006523, 8772.409180>) quick accessed a lock!
[12:20:21] Player (Frank, 76561199004385675)(<7681.902832, 75.988075, 8771.813477>) quick accessed a lock!
[12:28:33] Player (Frank, 76561199004385675)(<7674.046875, 78.006523, 8772.409180>) quick accessed a lock!
[12:28:35] Player (Frank, 76561199004385675)(<7674.046875, 78.006523, 8772.409180>) quick accessed a lock!
[12:43:05] Player (Frank, 76561199004385675)(<7675.859863, 75.988075, 8766.452148>) quick accessed a lock!
[12:43:12] Player (Frank, 76561199004385675)(<7675.859863, 75.988075, 8766.452148>) quick accessed a lock!
[12:45:07] Player (Frank, 76561199004385675)(<7681.902832, 75.988075, 8771.813477>) quick accessed a lock!
[12:45:43] Player (Frank, 76561199004385675)(<7675.859863, 75.988075, 8766.452148>) quick accessed a lock!
[12:45:46] Player (Frank, 76561199004385675)(<7674.197754, 75.988075, 8766.421875>) quick accessed a lock!
[12:49:04] Player (Frank, 76561199004385675)(<7680.255371, 72.015587, 8773.303711>) quick accessed a lock!
[12:50:06] Player (Frank, 76561199004385675)(<7680.255371, 72.015587, 8773.303711>) quick accessed a lock!
[13:32:40] Player (Frank, 76561199004385675)(<7680.255371, 72.015587, 8773.303711>) quick accessed a lock!
[13:48:40] Player (Frank, 76561199004385675)(<7680.255371, 72.015587, 8773.303711>) quick accessed a lock!
[13:49:46] Player (Frank, 76561199004385675)(<7680.255371, 72.015587, 8773.303711>) quick accessed a lock!
[13:54:09] Player (Frank, 76561199004385675)(<7674.046875, 78.006523, 8772.409180>) quick accessed a lock!
[13:58:19] Player (Frank, 76561199004385675)(<7674.046875, 78.006523, 8772.409180>) quick accessed a lock!
[14:09:31] Player (Frank, 76561199004385675)(<7680.255371, 72.015587, 8773.303711>) quick accessed a lock!
[14:19:36] Player (Frank, 76561199004385675)(<7680.255371, 72.015587, 8773.303711>) quick accessed a lock!
[14:26:11] Player (Frank, 76561199004385675)(<7680.255371, 72.015587, 8773.303711>) quick accessed a lock!
[14:30:04] Player (Frank, 76561199004385675)(<7695.473633, 72.137520, 8781.058594>) quick accessed a lock!
[14:30:40] Player (Frank, 76561199004385675)(<7680.255371, 72.015587, 8773.303711>) quick accessed a lock!
[14:33:26] Player (Frank, 76561199004385675)(<7680.255371, 72.015587, 8773.303711>) quick accessed a lock!
[14:37:07] Player (MRLeok, 76561198829305873)(<7680.255371, 72.015587, 8773.303711>) quick accessed a lock!
[14:37:13] Player (MRLeok, 76561198829305873)(<7681.902832, 75.988075, 8771.813477>) quick accessed a lock!
[14:37:19] Player (MRLeok, 76561198829305873)(<7674.046875, 78.006523, 8772.409180>) quick accessed a lock!
[14:37:58] Player (MRLeok, 76561198829305873)(<7674.046875, 78.006523, 8772.409180>) quick accessed a lock!
[14:45:05] Player (MRLeok, 76561198829305873)(<7674.046875, 78.006523, 8772.409180>) quick accessed a lock!
[14:45:28] Player (MRLeok, 76561198829305873)(<7681.902832, 75.988075, 8771.813477>) quick accessed a lock!
[14:46:27] Player (MRLeok, 76561198829305873)(<7681.902832, 75.988075, 8771.813477>) quick accessed a lock!
[14:47:59] Player (MRLeok, 76561198829305873)(<7680.255371, 72.015587, 8773.303711>) quick accessed a lock!
[14:48:01] Player (MRLeok, 76561198829305873)(<7680.255371, 72.015587, 8773.303711>) quick accessed a lock!
[14:48:19] Player (MRLeok, 76561198829305873)(<7675.859863, 75.988075, 8766.452148>) quick accessed a lock!
[14:48:27] Player (MRLeok, 76561198829305873)(<7674.197754, 75.988075, 8766.421875>) accessed a lock!
[14:48:27] Player (MRLeok, 76561198829305873)(<7674.197754, 75.988075, 8766.421875>) was added as a guest of a lock!
[14:48:33] Player (MRLeok, 76561198829305873)(<7674.046875, 78.006523, 8772.409180>) quick accessed a lock!
[14:48:42] Player (MRLeok, 76561198829305873)(<7674.046875, 78.006523, 8772.409180>) quick accessed a lock!
[14:51:04] Player (Frank , 76561199004385675)(<7680.255371, 72.015587, 8773.303711>) quick accessed a lock!
[14:52:22] Player (Frank , 76561199004385675)(<7674.046875, 78.006523, 8772.409180>) quick accessed a lock!
[14:52:22] Player (MRLeok, 76561198829305873)(<7680.255371, 72.015587, 8773.303711>) quick accessed a lock!
[14:52:30] Player (Frank , 76561199004385675)(<7681.902832, 75.988075, 8771.813477>) quick accessed a lock!
[14:52:52] Player (Frank , 76561199004385675)(<7681.902832, 75.988075, 8771.813477>) quick accessed a lock!
[14:53:38] Player (MRLeok, 76561198829305873)(<7680.255371, 72.015587, 8773.303711>) quick accessed a lock!
[14:53:41] Player (Frank , 76561199004385675)(<7676.613770, 80.001572, 8769.009766>) set a new passcode on lock!
[14:53:41] Player (Frank , 76561199004385675)(<7676.613770, 80.001572, 8769.009766>) claimed ownership of a lock!
[14:54:00] Player (Frank , 76561199004385675)(<7683.026855, 83.966080, 8745.771484>) set a new passcode on lock!
[14:54:00] Player (Frank , 76561199004385675)(<7683.026855, 83.966080, 8745.771484>) claimed ownership of a lock!
[14:54:01] Player (Frank , 76561199004385675)(<7683.026855, 83.966080, 8745.771484>) quick accessed a lock!
[14:54:40] Player (MRLeok, 76561198829305873)(<7683.026855, 83.966080, 8745.771484>) accessed a lock!
[14:54:40] Player (MRLeok, 76561198829305873)(<7683.026855, 83.966080, 8745.771484>) was added as a guest of a lock!
[14:54:42] Player (Frank , 76561199004385675)(<7681.709473, 80.001579, 8772.617188>) set a new passcode on lock!
[14:54:42] Player (Frank , 76561199004385675)(<7681.709473, 80.001579, 8772.617188>) claimed ownership of a lock!
[14:54:54] Player (Frank , 76561199004385675)(<7674.197754, 75.988075, 8766.421875>) quick accessed a lock!
[14:54:57] Player (Frank , 76561199004385675)(<7675.859863, 75.988075, 8766.452148>) quick accessed a lock!
[14:55:07] Player (Frank , 76561199004385675)(<7675.859863, 75.988075, 8766.452148>) quick accessed a lock!
[14:55:29] Player (Frank , 76561199004385675)(<7676.958984, 75.988075, 8766.182617>) set a new passcode on lock!
[14:55:29] Player (Frank , 76561199004385675)(<7676.958984, 75.988075, 8766.182617>) claimed ownership of a lock!
[14:56:17] Player (MRLeok, 76561198829305873)(<7680.255371, 72.015587, 8773.303711>) quick accessed a lock!
[14:56:38] Player (Frank , 76561199004385675)(<7681.902832, 75.988075, 8771.813477>) quick accessed a lock!
[14:56:44] Player (Frank , 76561199004385675)(<7674.046875, 78.006523, 8772.409180>) quick accessed a lock!
[14:57:12] Player (MRLeok, 76561198829305873)(<7695.473633, 72.137520, 8781.058594>) quick accessed a lock!
[14:59:21] Player (Frank , 76561199004385675)(<7681.709473, 80.001579, 8772.617188>) quick accessed a lock!
[14:59:30] Player (Frank , 76561199004385675)(<7680.255371, 72.015587, 8773.303711>) quick accessed a lock!
[14:59:34] Player (Frank , 76561199004385675)(<7695.473633, 72.137520, 8781.058594>) quick accessed a lock!
[09-07-2022][15.01.07] Log file reloaded ( Server Restart )
[15:02:40] Player (Frank , 76561199004385675)(<7680.255371, 72.015587, 8773.303711>) quick accessed a lock!
[15:03:29] Player (MRLeok, 76561198829305873)(<7680.255371, 72.015587, 8773.303711>) quick accessed a lock!
[15:04:15] Player (Frank , 76561199004385675)(<7680.255371, 72.015587, 8773.303711>) quick accessed a lock!
[15:05:32] Player (Frank , 76561199004385675)(<7680.255371, 72.015587, 8773.303711>) quick accessed a lock!
[15:05:40] Player (MRLeok, 76561198829305873)(<7680.255371, 72.015587, 8773.303711>) quick accessed a lock!
[15:12:54] Player (MRLeok, 76561198829305873)(<7680.255371, 72.015587, 8773.303711>) quick accessed a lock!
[15:12:57] Player (MRLeok, 76561198829305873)(<7680.255371, 72.015587, 8773.303711>) quick accessed a lock!
[15:13:04] Player (MRLeok, 76561198829305873)(<7681.902832, 75.988075, 8771.813477>) quick accessed a lock!
[15:15:11] Player (MRLeok, 76561198829305873)(<7680.255371, 72.015587, 8773.303711>) quick accessed a lock!
[15:15:16] Player (MRLeok, 76561198829305873)(<7681.902832, 75.988075, 8771.813477>) quick accessed a lock!
[15:15:39] Player (MRLeok, 76561198829305873)(<7674.046875, 78.006523, 8772.409180>) quick accessed a lock!
[17:31:58] Player (Frank , 76561199004385675)(<7680.255371, 72.015587, 8773.303711>) quick accessed a lock!
[17:36:17] Player (Frank , 76561199004385675)(<7681.709473, 80.001579, 8772.617188>) quick accessed a lock!
[17:37:35] Player (Frank , 76561199004385675)(<7681.709473, 80.001579, 8772.617188>) quick accessed a lock!
[17:38:33] Player (Frank , 76561199004385675)(<7680.255371, 72.015587, 8773.303711>) quick accessed a lock!
[17:39:40] Player (Frank , 76561199004385675)(<7681.902832, 75.988075, 8771.813477>) quick accessed a lock!
[17:39:55] Player (Frank , 76561199004385675)(<7675.859863, 75.988075, 8766.452148>) quick accessed a lock!
[17:40:00] Player (Frank , 76561199004385675)(<7674.046875, 78.006523, 8772.409180>) quick accessed a lock!
[17:40:26] Player (Frank , 76561199004385675)(<7675.137695, 80.001572, 8768.735352>) set a new passcode on lock!
[17:40:26] Player (Frank , 76561199004385675)(<7675.137695, 80.001572, 8768.735352>) claimed ownership of a lock!
[17:40:45] Player (Frank , 76561199004385675)(<7676.165527, 83.987900, 8767.415039>) set a new passcode on lock!
[17:40:45] Player (Frank , 76561199004385675)(<7676.165527, 83.987900, 8767.415039>) claimed ownership of a lock!
[17:43:03] Player (Frank , 76561199004385675)(<7674.046875, 78.006523, 8772.409180>) quick accessed a lock!
[17:43:47] Player (Frank , 76561199004385675)(<7675.137695, 80.001572, 8768.735352>) quick accessed a lock!
[17:44:15] Player (Frank , 76561199004385675)(<7681.902832, 75.988075, 8771.813477>) quick accessed a lock!
[17:45:48] Player (MRLeok, 76561198829305873)(<7680.255371, 72.015587, 8773.303711>) quick accessed a lock!
[17:45:56] Player (MRLeok, 76561198829305873)(<7681.902832, 75.988075, 8771.813477>) quick accessed a lock!
[17:46:07] Player (MRLeok, 76561198829305873)(<7681.709473, 80.001579, 8772.617188>) accessed a lock!
[17:46:07] Player (MRLeok, 76561198829305873)(<7681.709473, 80.001579, 8772.617188>) was added as a guest of a lock!
[17:48:31] Player (MRLeok, 76561198829305873)(<7676.613770, 80.001572, 8769.009766>) accessed a lock!
[17:48:31] Player (MRLeok, 76561198829305873)(<7676.613770, 80.001572, 8769.009766>) was added as a guest of a lock!
[17:48:55] Player (MRLeok, 76561198829305873)(<7675.137695, 80.001572, 8768.735352>) accessed a lock!
[17:48:55] Player (MRLeok, 76561198829305873)(<7675.137695, 80.001572, 8768.735352>) was added as a guest of a lock!
[17:48:56] Player (MRLeok, 76561198829305873)(<7675.137695, 80.001572, 8768.735352>) quick accessed a lock!
[17:49:02] Player (MRLeok, 76561198829305873)(<7675.137695, 80.001572, 8768.735352>) quick accessed a lock!
[17:49:15] Player (MRLeok, 76561198829305873)(<7681.709473, 80.001579, 8772.617188>) quick accessed a lock!
[17:49:17] Player (MRLeok, 76561198829305873)(<7681.709473, 80.001579, 8772.617188>) quick accessed a lock!
[17:49:27] Player (MRLeok, 76561198829305873)(<7674.046875, 78.006523, 8772.409180>) quick accessed a lock!
[17:49:34] Player (MRLeok, 76561198829305873)(<7681.902832, 75.988075, 8771.813477>) quick accessed a lock!
[17:49:49] Player (Frank , 76561199004385675)(<7680.255371, 72.015587, 8773.303711>) quick accessed a lock!
[17:51:01] Player (MRLeok, 76561198829305873)(<7675.137695, 80.001572, 8768.735352>) quick accessed a lock!
[17:51:06] Player (MRLeok, 76561198829305873)(<7676.613770, 80.001572, 8769.009766>) quick accessed a lock!
[17:51:14] Player (MRLeok, 76561198829305873)(<7681.709473, 80.001579, 8772.617188>) quick accessed a lock!
[17:53:14] Player (MRLeok, 76561198829305873)(<7680.255371, 72.015587, 8773.303711>) quick accessed a lock!
[18:09:23] Player (Frank, 76561199004385675)(<7695.473633, 72.137520, 8781.058594>) quick accessed a lock!
[18:10:09] Player (THE STITTIES, 76561199206265093)(<7662.363281, 8.976425, 5750.038574>) quick accessed a lock!
[18:10:16] Player (THE STITTIES, 76561199206265093)(<7683.068359, 11.242933, 5747.628906>) quick accessed a lock!
[18:10:19] Player (THE STITTIES, 76561199206265093)(<7683.068359, 11.242933, 5747.628906>) quick accessed a lock!
[18:10:23] Player (THE STITTIES, 76561199206265093)(<7685.414551, 11.242929, 5739.559082>) quick accessed a lock!
[18:10:26] Player (THE STITTIES, 76561199206265093)(<7691.488770, 11.242929, 5738.411621>) quick accessed a lock!
[18:10:33] Player (THE STITTIES, 76561199206265093)(<7715.203125, 11.241089, 5740.285156>) quick accessed a lock!
[18:13:14] Player (Frank, 76561199004385675)(<7680.255371, 72.015587, 8773.303711>) quick accessed a lock!
[18:13:41] Player (Frank, 76561199004385675)(<7681.902832, 75.988075, 8771.813477>) quick accessed a lock!
[18:14:06] Player (Frank, 76561199004385675)(<7676.613770, 80.001572, 8769.009766>) quick accessed a lock!
[18:14:24] Player (Frank, 76561199004385675)(<7675.137695, 80.001572, 8768.735352>) quick accessed a lock!
[18:14:26] Player (Frank, 76561199004385675)(<7675.137695, 80.001572, 8768.735352>) quick accessed a lock!
[18:14:50] Player (THE STITTIES, 76561199206265093)(<7715.203125, 11.241089, 5740.285156>) quick accessed a lock!
[18:15:00] Player (THE STITTIES, 76561199206265093)(<7715.110352, 11.241293, 5750.946289>) quick accessed a lock!
[18:15:17] Player (THE STITTIES, 76561199206265093)(<7718.648926, 11.241293, 5754.739258>) quick accessed a lock!
[18:15:19] Player (THE STITTIES, 76561199206265093)(<7718.253418, 11.241493, 5760.514160>) quick accessed a lock!
[18:15:24] Player (THE STITTIES, 76561199206265093)(<7718.253418, 11.241493, 5760.514160>) quick accessed a lock!
[18:15:27] Player (THE STITTIES, 76561199206265093)(<7718.253418, 11.241493, 5760.514160>) quick accessed a lock!
[18:15:36] Player (THE STITTIES, 76561199206265093)(<7718.648926, 11.241293, 5754.739258>) quick accessed a lock!
[18:15:38] Player (THE STITTIES, 76561199206265093)(<7715.110352, 11.241293, 5750.946289>) quick accessed a lock!
[18:15:41] Player (Frank, 76561199004385675)(<7674.046875, 78.006523, 8772.409180>) quick accessed a lock!
[18:15:42] Player (THE STITTIES, 76561199206265093)(<7715.203125, 11.241089, 5740.285156>) quick accessed a lock!
[18:18:32] Player (THE STITTIES, 76561199206265093)(<7718.352051, 10.051284, 5744.640625>) set a new passcode on lock!
[18:18:32] Player (THE STITTIES, 76561199206265093)(<7718.352051, 10.051284, 5744.640625>) claimed ownership of a lock!
[18:18:35] Player (THE STITTIES, 76561199206265093)(<7718.352051, 10.051284, 5744.640625>) quick accessed a lock!
[18:18:44] Player (Frank, 76561199004385675)(<7675.137695, 80.001572, 8768.735352>) quick accessed a lock!
[18:18:44] Player (THE STITTIES, 76561199206265093)(<7715.203125, 11.241089, 5740.285156>) quick accessed a lock!
[18:18:55] Player (THE STITTIES, 76561199206265093)(<7718.352051, 10.051284, 5744.640625>) quick accessed a lock!
[18:19:18] Player (Frank, 76561199004385675)(<7681.709473, 80.001579, 8772.617188>) quick accessed a lock!
[18:20:29] Player (Frank, 76561199004385675)(<7680.255371, 72.015587, 8773.303711>) quick accessed a lock!
[18:20:58] Player (Frank, 76561199004385675)(<7695.473633, 72.137520, 8781.058594>) quick accessed a lock!
[18:21:47] Player (Frank, 76561199004385675)(<7680.255371, 72.015587, 8773.303711>) quick accessed a lock!
[18:21:56] Player (Frank, 76561199004385675)(<7681.709473, 80.001579, 8772.617188>) quick accessed a lock!
[18:23:19] Player (THE STITTIES, 76561199206265093)(<7718.352051, 10.051284, 5744.640625>) quick accessed a lock!
[18:23:45] Player (THE STITTIES, 76561199206265093)(<7715.562500, 10.097129, 5747.966797>) set a new passcode on lock!
[18:23:45] Player (THE STITTIES, 76561199206265093)(<7715.562500, 10.097129, 5747.966797>) claimed ownership of a lock!
[18:23:59] Player (THE STITTIES, 76561199206265093)(<7720.627441, 10.051475, 5748.278809>) set a new passcode on lock!
[18:23:59] Player (THE STITTIES, 76561199206265093)(<7720.627441, 10.051475, 5748.278809>) claimed ownership of a lock!
[18:24:00] Player (Frank, 76561199004385675)(<7695.473633, 72.137520, 8781.058594>) quick accessed a lock!
[18:24:08] Player (THE STITTIES, 76561199206265093)(<7720.982910, 10.050047, 5737.982422>) quick accessed a lock!
[18:24:26] Player (THE STITTIES, 76561199206265093)(<7715.203125, 11.241089, 5740.285156>) quick accessed a lock!
[18:26:13] Player (MRLeok, 76561198829305873)(<7680.255371, 72.015587, 8773.303711>) quick accessed a lock!
[18:26:28] Player (MRLeok, 76561198829305873)(<7681.902832, 75.988075, 8771.813477>) quick accessed a lock!
[18:27:16] Player (MRLeok, 76561198829305873)(<7681.709473, 80.001579, 8772.617188>) quick accessed a lock!
[18:27:28] Player (MRLeok, 76561198829305873)(<7674.046875, 78.006523, 8772.409180>) quick accessed a lock!
[18:27:39] Player (MRLeok, 76561198829305873)(<7676.958984, 75.988075, 8766.182617>) accessed a lock!
[18:27:39] Player (MRLeok, 76561198829305873)(<7676.958984, 75.988075, 8766.182617>) was added as a guest of a lock!
[18:27:49] Player (MRLeok, 76561198829305873)(<7674.197754, 75.988075, 8766.421875>) quick accessed a lock!
[18:28:20] Player (MRLeok, 76561198829305873)(<7676.165527, 83.987900, 8767.415039>) accessed a lock!
[18:28:20] Player (MRLeok, 76561198829305873)(<7676.165527, 83.987900, 8767.415039>) was added as a guest of a lock!
[18:28:43] Player (MRLeok, 76561198829305873)(<7681.709473, 80.001579, 8772.617188>) quick accessed a lock!
[18:28:57] Player (MRLeok, 76561198829305873)(<7674.046875, 78.006523, 8772.409180>) quick accessed a lock!
[18:29:11] Player (MRLeok, 76561198829305873)(<7680.255371, 72.015587, 8773.303711>) quick accessed a lock!
[18:30:04] Player (MRLeok, 76561198829305873)(<7680.255371, 72.015587, 8773.303711>) quick accessed a lock!
[18:30:06] Player (MRLeok, 76561198829305873)(<7680.255371, 72.015587, 8773.303711>) quick accessed a lock!
[18:30:09] Player (MRLeok, 76561198829305873)(<7680.255371, 72.015587, 8773.303711>) quick accessed a lock!
[18:30:39] Player (MRLeok, 76561198829305873)(<7676.165527, 83.987900, 8767.415039>) quick accessed a lock!
[18:31:29] Player (MRLeok, 76561198829305873)(<7680.255371, 72.015587, 8773.303711>) quick accessed a lock!
[18:32:25] Player (MRLeok, 76561198829305873)(<7680.255371, 72.015587, 8773.303711>) quick accessed a lock!
[18:35:52] Player (MRLeok, 76561198829305873)(<7674.046875, 78.006523, 8772.409180>) quick accessed a lock!
[18:37:24] Player (MRLeok, 76561198829305873)(<7680.255371, 72.015587, 8773.303711>) quick accessed a lock!
[18:38:00] Player (MRLeok, 76561198829305873)(<7680.255371, 72.015587, 8773.303711>) quick accessed a lock!
[18:42:40] Player (MRLeok, 76561198829305873)(<7676.613770, 80.001572, 8769.009766>) quick accessed a lock!
[18:43:07] Player (MRLeok, 76561198829305873)(<7681.902832, 75.988075, 8771.813477>) quick accessed a lock!
[18:44:11] Player (MRLeok, 76561198829305873)(<7676.613770, 80.001572, 8769.009766>) quick accessed a lock!
[18:46:22] Player (MRLeok, 76561198829305873)(<7676.613770, 80.001572, 8769.009766>) quick accessed a lock!
[18:46:41] Player (MRLeok, 76561198829305873)(<7674.046875, 78.006523, 8772.409180>) quick accessed a lock!
[18:47:05] Player (MRLeok, 76561198829305873)(<7681.709473, 80.001579, 8772.617188>) quick accessed a lock!
[18:53:40] Player (MRLeok, 76561198829305873)(<7676.165527, 83.987900, 8767.415039>) quick accessed a lock!
[18:57:08] Player (MRLeok, 76561198829305873)(<7680.255371, 72.015587, 8773.303711>) quick accessed a lock!
[18:59:02] Player (MRLeok, 76561198829305873)(<7680.255371, 72.015587, 8773.303711>) quick accessed a lock!
[18:59:10] Player (MRLeok, 76561198829305873)(<7680.255371, 72.015587, 8773.303711>) quick accessed a lock!
[18:59:46] Player (MRLeok, 76561198829305873)(<7674.046875, 78.006523, 8772.409180>) quick accessed a lock!
[19:00:09] Player (MRLeok, 76561198829305873)(<7681.709473, 80.001579, 8772.617188>) quick accessed a lock!
[09-07-2022][19.01.04] Log file reloaded ( Server Restart )
[19:02:48] Player (MRLeok, 76561198829305873)(<7681.709473, 80.001579, 8772.617188>) quick accessed a lock!
[19:10:25] Player (MRLeok, 76561198829305873)(<7680.255371, 72.015587, 8773.303711>) quick accessed a lock!
[19:10:45] Player (MRLeok, 76561198829305873)(<7680.255371, 72.015587, 8773.303711>) quick accessed a lock!
[19:13:50] Player (MRLeok, 76561198829305873)(<7680.255371, 72.015587, 8773.303711>) quick accessed a lock!
[19:17:42] Player (BeefySTi, 76561198095923512)(<7661.620605, 10.065259, 5743.938965>) quick accessed a lock!
[19:17:49] Player (BeefySTi, 76561198095923512)(<7685.389648, 10.064847, 5744.467285>) quick accessed a lock!
[19:17:53] Player (BeefySTi, 76561198095923512)(<7689.023438, 14.242929, 5742.030762>) quick accessed a lock!
[19:17:56] Player (BeefySTi, 76561198095923512)(<7691.411621, 14.460941, 5739.756836>) quick accessed a lock!
[19:18:00] Player (BeefySTi, 76561198095923512)(<7703.081543, 14.460941, 5744.566895>) quick accessed a lock!
[19:19:08] Player (BeefySTi, 76561198095923512)(<7703.081543, 14.460941, 5744.566895>) quick accessed a lock!
[19:19:57] Player (BeefySTi, 76561198095923512)(<7695.133301, 13.317185, 5742.659180>) quick accessed a lock!
[19:20:05] Player (BeefySTi, 76561198095923512)(<7714.900879, 14.460533, 5750.724121>) quick accessed a lock!
[19:20:07] Player (BeefySTi, 76561198095923512)(<7718.428711, 14.459305, 5754.732910>) quick accessed a lock!
[19:20:09] Player (BeefySTi, 76561198095923512)(<7714.426758, 14.460321, 5758.039551>) quick accessed a lock!
[19:20:10] Player (BeefySTi, 76561198095923512)(<7711.676758, 16.282442, 5757.290039>) quick accessed a lock!
[19:20:59] Player (BeefySTi, 76561198095923512)(<7695.133301, 13.317185, 5742.659180>) quick accessed a lock!
[19:22:00] Player (BeefySTi, 76561198095923512)(<7714.900879, 14.460533, 5750.724121>) quick accessed a lock!
[19:22:07] Player (BeefySTi, 76561198095923512)(<7711.676758, 16.282442, 5757.290039>) quick accessed a lock!
[19:23:06] Player (Alzbob, 76561198303394031)(<7716.231445, 12.100084, 5773.678223>) quick accessed a lock!
[19:23:11] Player (Alzbob, 76561198303394031)(<7718.253418, 11.241493, 5760.514160>) quick accessed a lock!
[19:23:13] Player (Alzbob, 76561198303394031)(<7718.648926, 11.241293, 5754.739258>) quick accessed a lock!
[19:23:15] Player (Alzbob, 76561198303394031)(<7715.110352, 11.241293, 5750.946289>) quick accessed a lock!
[19:23:16] Player (BeefySTi, 76561198095923512)(<7711.676758, 16.282442, 5757.290039>) quick accessed a lock!
[19:23:18] Player (BeefySTi, 76561198095923512)(<7714.426758, 14.460321, 5758.039551>) quick accessed a lock!
[19:23:20] Player (Alzbob, 76561198303394031)(<7705.694824, 11.241705, 5742.292969>) quick accessed a lock!
[19:23:23] Player (BeefySTi, 76561198095923512)(<7718.428711, 14.459305, 5754.732910>) quick accessed a lock!
[19:23:25] Player (Alzbob, 76561198303394031)(<7705.879883, 10.027159, 5751.533691>) quick accessed a lock!
[19:23:25] Player (BeefySTi, 76561198095923512)(<7714.900879, 14.460533, 5750.724121>) quick accessed a lock!
[19:23:29] Player (BeefySTi, 76561198095923512)(<7703.081543, 14.460941, 5744.566895>) quick accessed a lock!
[19:23:52] Player (MRLeok, 76561198829305873)(<7680.255371, 72.015587, 8773.303711>) quick accessed a lock!
[19:23:54] Player (MRLeok, 76561198829305873)(<7680.255371, 72.015587, 8773.303711>) quick accessed a lock!
[19:23:59] Player (MRLeok, 76561198829305873)(<7681.902832, 75.988075, 8771.813477>) quick accessed a lock!
[19:24:09] Player (MRLeok, 76561198829305873)(<7674.046875, 78.006523, 8772.409180>) quick accessed a lock!
[19:25:13] Player (Magick, 76561198797376439)(<7716.231445, 12.100084, 5773.678223>) quick accessed a lock!
[19:25:17] Player (Magick, 76561198797376439)(<7718.253418, 11.241493, 5760.514160>) quick accessed a lock!
[19:25:43] Player (Alzbob, 76561198303394031)(<7705.694824, 11.241705, 5742.292969>) quick accessed a lock!
[19:25:49] Player (Alzbob, 76561198303394031)(<7711.328613, 11.241493, 5754.259277>) quick accessed a lock!
[19:25:51] Player (Alzbob, 76561198303394031)(<7711.676758, 13.064227, 5757.290039>) quick accessed a lock!
[19:25:55] Player (Alzbob, 76561198303394031)(<7714.426758, 14.460321, 5758.039551>) quick accessed a lock!
[19:25:57] Player (Alzbob, 76561198303394031)(<7718.428711, 14.459305, 5754.732910>) quick accessed a lock!
[19:25:58] Player (Alzbob, 76561198303394031)(<7714.900879, 14.460533, 5750.724121>) quick accessed a lock!
[19:26:07] Player (Magick, 76561198797376439)(<7718.648926, 11.241293, 5754.739258>) quick accessed a lock!
[19:26:09] Player (Magick, 76561198797376439)(<7715.110352, 11.241293, 5750.946289>) quick accessed a lock!
[19:27:22] Player (BeefySTi, 76561198095923512)(<7703.081543, 14.460941, 5744.566895>) quick accessed a lock!
[19:28:04] Player (Magick, 76561198797376439)(<7691.411621, 14.460941, 5739.756836>) quick accessed a lock!
[19:28:06] Player (Magick, 76561198797376439)(<7689.023438, 14.242929, 5742.030762>) quick accessed a lock!
[19:28:09] Player (Magick, 76561198797376439)(<7685.389648, 10.064847, 5744.467285>) quick accessed a lock!
[19:28:19] Player (Alzbob, 76561198303394031)(<7718.253418, 11.241493, 5760.514160>) quick accessed a lock!
[19:28:22] Player (Alzbob, 76561198303394031)(<7716.231445, 12.100084, 5773.678223>) quick accessed a lock!
[19:29:17] Player (BeefySTi, 76561198095923512)(<7702.797852, 13.271327, 5743.583984>) quick accessed a lock!
[19:29:39] Player (BeefySTi, 76561198095923512)(<7714.900879, 14.460533, 5750.724121>) quick accessed a lock!
[19:29:42] Player (MRLeok, 76561198829305873)(<7680.255371, 72.015587, 8773.303711>) quick accessed a lock!
[19:29:44] Player (BeefySTi, 76561198095923512)(<7718.428711, 14.459305, 5754.732910>) quick accessed a lock!
[19:29:46] Player (BeefySTi, 76561198095923512)(<7714.426758, 14.460321, 5758.039551>) quick accessed a lock!
[19:29:49] Player (THE STITTIES, 76561199206265093)(<7718.352051, 10.051284, 5744.640625>) quick accessed a lock!
[19:29:52] Player (BeefySTi, 76561198095923512)(<7711.328613, 11.241493, 5754.259277>) quick accessed a lock!
[19:29:54] Player (BeefySTi, 76561198095923512)(<7715.110352, 11.241293, 5750.946289>) quick accessed a lock!
[19:29:56] Player (Magick, 76561198797376439)(<7711.328613, 11.241493, 5754.259277>) quick accessed a lock!
[19:29:57] Player (BeefySTi, 76561198095923512)(<7718.253418, 11.241493, 5760.514160>) quick accessed a lock!
[19:30:59] Player (Frank, 76561199004385675)(<7680.255371, 72.015587, 8773.303711>) quick accessed a lock!
[19:31:03] Player (Frank, 76561199004385675)(<7680.255371, 72.015587, 8773.303711>) quick accessed a lock!
[19:31:20] Player (Frank, 76561199004385675)(<7681.709473, 80.001579, 8772.617188>) quick accessed a lock!
[19:31:40] Player (THE STITTIES, 76561199206265093)(<7718.352051, 10.051284, 5744.640625>) set a new passcode on lock!
[19:31:40] Player (THE STITTIES, 76561199206265093)(<7718.352051, 10.051284, 5744.640625>) claimed ownership of a lock!
[19:31:42] Player (THE STITTIES, 76561199206265093)(<7718.352051, 10.051284, 5744.640625>) quick accessed a lock!
[19:35:34] Player (Frank, 76561199004385675)(<7674.046875, 78.006523, 8772.409180>) quick accessed a lock!
[19:35:53] Player (Magick, 76561198797376439)(<7718.253418, 11.241493, 5760.514160>) quick accessed a lock!
[19:35:56] Player (Magick, 76561198797376439)(<7718.648926, 11.241293, 5754.739258>) quick accessed a lock!
[19:35:57] Player (Magick, 76561198797376439)(<7718.648926, 11.241293, 5754.739258>) quick accessed a lock!
[19:35:59] Player (Magick, 76561198797376439)(<7715.110352, 11.241293, 5750.946289>) quick accessed a lock!
[19:37:46] Player (Magick, 76561198797376439)(<7715.110352, 11.241293, 5750.946289>) quick accessed a lock!
[19:37:48] Player (Magick, 76561198797376439)(<7718.648926, 11.241293, 5754.739258>) quick accessed a lock!
[19:37:50] Player (Magick, 76561198797376439)(<7718.253418, 11.241493, 5760.514160>) quick accessed a lock!
[19:37:54] Player (Magick, 76561198797376439)(<7716.231445, 12.100084, 5773.678223>) quick accessed a lock!
[19:38:23] Player (THE STITTIES, 76561199206265093)(<7718.352051, 10.051284, 5744.640625>) quick accessed a lock!
[19:38:52] Player (Frank, 76561199004385675)(<7681.709473, 80.001579, 8772.617188>) quick accessed a lock!
[19:40:03] Player (THE STITTIES, 76561199206265093)(<7718.352051, 10.051284, 5744.640625>) quick accessed a lock!
[19:41:15] Player (Frank, 76561199004385675)(<7680.255371, 72.015587, 8773.303711>) quick accessed a lock!
[09-07-2022][19.43.06] Log file reloaded ( Server Restart )
[19:46:07] Player (Frank, 76561199004385675)(<7680.255371, 72.015587, 8773.303711>) quick accessed a lock!
[19:46:11] Player (Frank, 76561199004385675)(<7695.473633, 72.137520, 8781.058594>) quick accessed a lock!
[19:47:05] Player (THE STITTIES, 76561199206265093)(<7715.110352, 11.241293, 5750.946289>) quick accessed a lock!
[19:47:07] Player (THE STITTIES, 76561199206265093)(<7718.648926, 11.241293, 5754.739258>) quick accessed a lock!
[19:47:10] Player (THE STITTIES, 76561199206265093)(<7718.253418, 11.241493, 5760.514160>) quick accessed a lock!
[19:47:14] Player (THE STITTIES, 76561199206265093)(<7716.231445, 12.100084, 5773.678223>) quick accessed a lock!
[19:47:44] Player (Frank, 76561199004385675)(<7695.473633, 72.137520, 8781.058594>) quick accessed a lock!
[19:50:16] Player (THE STITTIES, 76561199206265093)(<7716.231445, 12.100084, 5773.678223>) quick accessed a lock!
[19:50:20] Player (THE STITTIES, 76561199206265093)(<7718.253418, 11.241493, 5760.514160>) quick accessed a lock!
[19:50:23] Player (THE STITTIES, 76561199206265093)(<7718.648926, 11.241293, 5754.739258>) quick accessed a lock!
[19:50:25] Player (THE STITTIES, 76561199206265093)(<7715.110352, 11.241293, 5750.946289>) quick accessed a lock!
[19:50:46] Player (THE STITTIES, 76561199206265093)(<7715.203125, 11.241089, 5740.285156>) quick accessed a lock!
[19:54:04] Player (THE STITTIES, 76561199206265093)(<7720.982910, 10.050047, 5737.982422>) quick accessed a lock!
[19:54:16] Player (THE STITTIES, 76561199206265093)(<7721.246582, 10.096925, 5739.351074>) quick accessed a lock!
[19:56:20] Player (MRLeok, 76561198829305873)(<7680.255371, 72.015587, 8773.303711>) quick accessed a lock!
[19:58:57] Player (THE STITTIES, 76561199206265093)(<7721.246582, 10.096925, 5739.351074>) quick accessed a lock!
[19:59:03] Player (MRLeok, 76561198829305873)(<7680.255371, 72.015587, 8773.303711>) quick accessed a lock!
[20:08:52] Player (THE STITTIES, 76561199206265093)(<7721.246582, 10.096925, 5739.351074>) quick accessed a lock!
[20:09:06] Player (THE STITTIES, 76561199206265093)(<7718.352051, 10.051284, 5744.640625>) quick accessed a lock!
[20:09:26] Player (MRLeok, 76561198829305873)(<7680.255371, 72.015587, 8773.303711>) quick accessed a lock!
[20:09:35] Player (MRLeok, 76561198829305873)(<7681.902832, 75.988075, 8771.813477>) quick accessed a lock!
[20:09:42] Player (MRLeok, 76561198829305873)(<7674.046875, 78.006523, 8772.409180>) quick accessed a lock!
[20:10:06] Player (MRLeok, 76561198829305873)(<7681.709473, 80.001579, 8772.617188>) quick accessed a lock!
[20:10:15] Player (MRLeok, 76561198829305873)(<7680.255371, 72.015587, 8773.303711>) quick accessed a lock!
[20:10:19] Player (MRLeok, 76561198829305873)(<7695.473633, 72.137520, 8781.058594>) quick accessed a lock!
[20:12:07] Player (MRLeok, 76561198829305873)(<7680.255371, 72.015587, 8773.303711>) quick accessed a lock!
[20:12:21] Player (MRLeok, 76561198829305873)(<7681.902832, 75.988075, 8771.813477>) quick accessed a lock!
[20:12:25] Player (MRLeok, 76561198829305873)(<7674.046875, 78.006523, 8772.409180>) quick accessed a lock!
[20:12:56] Player (MRLeok, 76561198829305873)(<7681.709473, 80.001579, 8772.617188>) quick accessed a lock!
[20:14:03] Player (MRLeok, 76561198829305873)(<7675.137695, 80.001572, 8768.735352>) quick accessed a lock!
[20:14:07] Player (MRLeok, 76561198829305873)(<7676.613770, 80.001572, 8769.009766>) quick accessed a lock!
[20:14:25] Player (MRLeok, 76561198829305873)(<7676.165527, 83.987900, 8767.415039>) quick accessed a lock!
[20:14:33] Player (MRLeok, 76561198829305873)(<7683.026855, 83.966080, 8745.771484>) quick accessed a lock!
[20:14:40] Player (MRLeok, 76561198829305873)(<7683.026855, 83.966080, 8745.771484>) quick accessed a lock!
[20:15:03] Player (MRLeok, 76561198829305873)(<7680.255371, 72.015587, 8773.303711>) quick accessed a lock!
[20:19:53] Player (THE STITTIES, 76561199206265093)(<7721.246582, 10.096925, 5739.351074>) quick accessed a lock!
[20:20:32] Player (THE STITTIES, 76561199206265093)(<7721.246582, 10.096925, 5739.351074>) quick accessed a lock!
[20:22:41] Player (THE STITTIES, 76561199206265093)(<7720.982910, 10.050047, 5737.982422>) quick accessed a lock!
[20:22:44] Player (THE STITTIES, 76561199206265093)(<7720.792969, 10.049220, 5737.386230>) quick accessed a lock!
[20:25:42] Player (THE STITTIES, 76561199206265093)(<7720.982910, 10.050047, 5737.982422>) quick accessed a lock!
[20:26:34] Player (THE STITTIES, 76561199206265093)(<7721.246582, 10.096925, 5739.351074>) quick accessed a lock!
[20:26:42] Player (Frank, 76561199004385675)(<7680.255371, 72.015587, 8773.303711>) quick accessed a lock!
[20:27:14] Player (Frank, 76561199004385675)(<7680.255371, 72.015587, 8773.303711>) quick accessed a lock!
[20:27:43] Player (Frank, 76561199004385675)(<7680.255371, 72.015587, 8773.303711>) quick accessed a lock!
[20:30:17] Player (MRLeok, 76561198829305873)(<7680.255371, 72.015587, 8773.303711>) quick accessed a lock!
[20:30:40] Player (MRLeok, 76561198829305873)(<7676.165527, 83.987900, 8767.415039>) quick accessed a lock!
[20:31:13] Player (Frank, 76561199004385675)(<7695.473633, 72.137520, 8781.058594>) quick accessed a lock!
[20:31:24] Player (MRLeok, 76561198829305873)(<7680.255371, 72.015587, 8773.303711>) quick accessed a lock!
[20:33:44] Player (THE STITTIES, 76561199206265093)(<7720.982910, 10.050047, 5737.982422>) quick accessed a lock!
[20:34:26] Player (THE STITTIES, 76561199206265093)(<7721.246582, 10.096925, 5739.351074>) quick accessed a lock!
[20:38:24] Player (Frank, 76561199004385675)(<7680.255371, 72.015587, 8773.303711>) quick accessed a lock!
[20:38:35] Player (Frank, 76561199004385675)(<7681.709473, 80.001579, 8772.617188>) quick accessed a lock!
[20:38:40] Player (THE STITTIES, 76561199206265093)(<7721.246582, 10.096925, 5739.351074>) quick accessed a lock!
[20:38:51] Player (Frank, 76561199004385675)(<7680.255371, 72.015587, 8773.303711>) quick accessed a lock!
[20:40:56] Player (THE STITTIES, 76561199206265093)(<7720.792969, 10.049220, 5737.386230>) quick accessed a lock!
[20:41:14] Player (THE STITTIES, 76561199206265093)(<7720.982910, 10.050047, 5737.982422>) quick accessed a lock!
[20:41:25] Player (THE STITTIES, 76561199206265093)(<7721.246582, 10.096925, 5739.351074>) quick accessed a lock!
[20:41:38] Player (BeefySTi, 76561198095923512)(<7718.253418, 11.241493, 5760.514160>) quick accessed a lock!
[20:41:42] Player (BeefySTi, 76561198095923512)(<7718.648926, 11.241293, 5754.739258>) quick accessed a lock!
[20:42:15] Player (BeefySTi, 76561198095923512)(<7715.110352, 11.241293, 5750.946289>) quick accessed a lock!
[20:42:17] Player (BeefySTi, 76561198095923512)(<7711.328613, 11.241493, 5754.259277>) quick accessed a lock!
[20:42:20] Player (BeefySTi, 76561198095923512)(<7711.676758, 13.064227, 5757.290039>) quick accessed a lock!
[20:42:25] Player (BeefySTi, 76561198095923512)(<7714.426758, 14.460321, 5758.039551>) quick accessed a lock!
[20:42:27] Player (BeefySTi, 76561198095923512)(<7718.428711, 14.459305, 5754.732910>) quick accessed a lock!
[20:42:35] Player (BeefySTi, 76561198095923512)(<7703.081543, 14.460941, 5744.566895>) quick accessed a lock!
[20:44:05] Player (THE STITTIES, 76561199206265093)(<7721.246582, 10.096925, 5739.351074>) quick accessed a lock!
[20:46:47] Player (THE STITTIES, 76561199206265093)(<7715.203125, 11.241089, 5740.285156>) quick accessed a lock!
[22:39:33] Player (BeefySTi, 76561198095923512)(<7697.417969, 13.314333, 5747.804688>) set a new passcode on lock!
[22:39:33] Player (BeefySTi, 76561198095923512)(<7697.417969, 13.314333, 5747.804688>) claimed ownership of a lock!
[22:40:03] Player (BeefySTi, 76561198095923512)(<7697.863770, 13.269459, 5742.461914>) set a new passcode on lock!
[22:40:03] Player (BeefySTi, 76561198095923512)(<7697.863770, 13.269459, 5742.461914>) claimed ownership of a lock!
[22:40:15] Player (BeefySTi, 76561198095923512)(<7697.197754, 13.268526, 5742.450684>) set a new passcode on lock!
[22:40:15] Player (BeefySTi, 76561198095923512)(<7697.197754, 13.268526, 5742.450684>) claimed ownership of a lock!
[22:40:29] Player (BeefySTi, 76561198095923512)(<7696.561523, 13.271531, 5742.445801>) set a new passcode on lock!
[22:40:29] Player (BeefySTi, 76561198095923512)(<7696.561523, 13.271531, 5742.445801>) claimed ownership of a lock!
[22:40:38] Player (BeefySTi, 76561198095923512)(<7695.898926, 13.271531, 5742.437012>) set a new passcode on lock!
[22:40:38] Player (BeefySTi, 76561198095923512)(<7695.898926, 13.271531, 5742.437012>) claimed ownership of a lock!
[22:40:50] Player (BeefySTi, 76561198095923512)(<7702.793945, 13.271327, 5746.936523>) set a new passcode on lock!
[22:40:50] Player (BeefySTi, 76561198095923512)(<7702.793945, 13.271327, 5746.936523>) claimed ownership of a lock!
[22:41:02] Player (BeefySTi, 76561198095923512)(<7691.737793, 13.314800, 5742.585449>) set a new passcode on lock!
[22:41:02] Player (BeefySTi, 76561198095923512)(<7691.737793, 13.314800, 5742.585449>) claimed ownership of a lock!
[22:44:04] Player (BeefySTi, 76561198095923512)(<7697.417969, 13.314333, 5747.804688>) quick accessed a lock!
[23:09:38] Player (BeefySTi, 76561198095923512)(<7695.133301, 13.317185, 5742.659180>) quick accessed a lock!
[23:55:39] Player (BeefySTi, 76561198095923512)(<7716.231445, 12.100084, 5773.678223>) quick accessed a lock!
[23:56:47] Player (BeefySTi, 76561198095923512)(<7716.231445, 12.100084, 5773.678223>) quick accessed a lock!
[23:56:54] Player (BeefySTi, 76561198095923512)(<7718.253418, 11.241493, 5760.514160>) quick accessed a lock!
[23:56:56] Player (BeefySTi, 76561198095923512)(<7718.648926, 11.241293, 5754.739258>) quick accessed a lock!
[23:56:59] Player (BeefySTi, 76561198095923512)(<7715.110352, 11.241293, 5750.946289>) quick accessed a lock!
[23:57:03] Player (BeefySTi, 76561198095923512)(<7711.328613, 11.241493, 5754.259277>) quick accessed a lock!
[23:57:08] Player (BeefySTi, 76561198095923512)(<7711.676758, 13.064227, 5757.290039>) quick accessed a lock!
[23:57:19] Player (BeefySTi, 76561198095923512)(<7714.426758, 14.460321, 5758.039551>) quick accessed a lock!
[23:57:21] Player (BeefySTi, 76561198095923512)(<7718.428711, 14.459305, 5754.732910>) quick accessed a lock!
[23:57:24] Player (BeefySTi, 76561198095923512)(<7714.900879, 14.460533, 5750.724121>) quick accessed a lock!
[23:57:28] Player (BeefySTi, 76561198095923512)(<7703.081543, 14.460941, 5744.566895>) quick accessed a lock!
[00:04:37] Player (BeefySTi, 76561198095923512)(<7697.197754, 13.268526, 5742.450684>) quick accessed a lock!
[00:04:40] Player (BeefySTi, 76561198095923512)(<7696.561523, 13.271531, 5742.445801>) quick accessed a lock!
[00:08:39] Player (BeefySTi, 76561198095923512)(<7696.561523, 13.271531, 5742.445801>) quick accessed a lock!
[00:09:14] Player (BeefySTi, 76561198095923512)(<7697.417969, 13.314333, 5747.804688>) quick accessed a lock!
[00:10:24] Player (BeefySTi, 76561198095923512)(<7697.197754, 13.268526, 5742.450684>) quick accessed a lock!
[00:10:27] Player (BeefySTi, 76561198095923512)(<7697.863770, 13.269459, 5742.461914>) quick accessed a lock!
[00:15:44] Player (MRLeok, 76561198829305873)(<7680.255371, 72.015587, 8773.303711>) quick accessed a lock!
[00:15:46] Player (MRLeok, 76561198829305873)(<7680.255371, 72.015587, 8773.303711>) quick accessed a lock!
[00:16:31] Player (MRLeok, 76561198829305873)(<7676.165527, 83.987900, 8767.415039>) quick accessed a lock!
[00:17:26] Player (MRLeok, 76561198829305873)(<7681.709473, 80.001579, 8772.617188>) quick accessed a lock!
[00:19:00] Player (MRLeok, 76561198829305873)(<7676.613770, 80.001572, 8769.009766>) quick accessed a lock!
[00:20:19] Player (Frank, 76561199004385675)(<7676.613770, 80.001572, 8769.009766>) quick accessed a lock!
[00:20:27] Player (Frank, 76561199004385675)(<7675.137695, 80.001572, 8768.735352>) quick accessed a lock!
[00:20:43] Player (Frank, 76561199004385675)(<7681.709473, 80.001579, 8772.617188>) quick accessed a lock!
[00:20:50] Player (Frank, 76561199004385675)(<7676.613770, 80.001572, 8769.009766>) quick accessed a lock!
[00:20:56] Player (Frank, 76561199004385675)(<7676.613770, 80.001572, 8769.009766>) quick accessed a lock!
[00:21:00] Player (Frank, 76561199004385675)(<7676.613770, 80.001572, 8769.009766>) quick accessed a lock!
[00:21:18] Player (Frank, 76561199004385675)(<7675.137695, 80.001572, 8768.735352>) quick accessed a lock!
[00:23:40] Player (Frank, 76561199004385675)(<7681.709473, 80.001579, 8772.617188>) quick accessed a lock!
[00:25:41] Player (Frank, 76561199004385675)(<7681.902832, 75.988075, 8771.813477>) quick accessed a lock!
[00:27:11] Player (Frank, 76561199004385675)(<7674.046875, 78.006523, 8772.409180>) quick accessed a lock!
[00:27:19] Player (Frank, 76561199004385675)(<7681.902832, 75.988075, 8771.813477>) quick accessed a lock!
[00:27:51] Player (Frank, 76561199004385675)(<7680.255371, 72.015587, 8773.303711>) quick accessed a lock!
[00:27:54] Player (Frank, 76561199004385675)(<7695.473633, 72.137520, 8781.058594>) quick accessed a lock!
[00:28:37] Player (Frank, 76561199004385675)(<7680.255371, 72.015587, 8773.303711>) quick accessed a lock!
