[09-08-2022][01.46.13] New Access Log File Created!
[09-08-2022][07.49.23] Log file reloaded ( Server Restart )
[09-08-2022][09.24.51] Log file reloaded ( Server Restart )
[09-08-2022][11.06.20] Log file reloaded ( Server Restart )
[09-08-2022][12.17.19] Log file reloaded ( Server Restart )
[09-08-2022][12.21.07] Log file reloaded ( Server Restart )
[09-08-2022][12.36.24] Log file reloaded ( Server Restart )
[12:47:48] Player (BeefySTi, 76561198095923512)(<7683.068359, 11.242933, 5747.628906>) quick accessed a lock!
[12:47:50] Player (BeefySTi, 76561198095923512)(<7685.389648, 10.064847, 5744.467285>) quick accessed a lock!
[12:47:57] Player (BeefySTi, 76561198095923512)(<7689.023438, 14.242929, 5742.030762>) quick accessed a lock!
[12:48:00] Player (BeefySTi, 76561198095923512)(<7691.411621, 14.460941, 5739.756836>) quick accessed a lock!
[12:48:05] Player (BeefySTi, 76561198095923512)(<7703.081543, 14.460941, 5744.566895>) quick accessed a lock!
[12:48:30] Player (BeefySTi, 76561198095923512)(<7697.863770, 13.269459, 5742.461914>) quick accessed a lock!
[12:48:43] Player (BeefySTi, 76561198095923512)(<7696.561523, 13.271531, 5742.445801>) quick accessed a lock!
[12:49:14] Player (BeefySTi, 76561198095923512)(<7695.133301, 13.317185, 5742.659180>) quick accessed a lock!
[12:52:50] Player (BeefySTi, 76561198095923512)(<7697.417969, 13.314333, 5747.804688>) quick accessed a lock!
[12:53:29] Player (BeefySTi, 76561198095923512)(<7702.793945, 13.271327, 5746.936523>) quick accessed a lock!
[12:53:50] Player (BeefySTi, 76561198095923512)(<7702.797852, 13.271327, 5743.583984>) quick accessed a lock!
[12:54:29] Player (BeefySTi, 76561198095923512)(<7691.737793, 13.314800, 5742.585449>) quick accessed a lock!
[12:54:45] Player (BeefySTi, 76561198095923512)(<7697.417969, 13.314333, 5747.804688>) quick accessed a lock!
[09-08-2022][13.07.59] Log file reloaded ( Server Restart )
[13:23:44] Player (Frank, 76561199004385675)(<7676.613770, 80.001572, 8769.009766>) quick accessed a lock!
[13:23:57] Player (Frank, 76561199004385675)(<7675.137695, 80.001572, 8768.735352>) quick accessed a lock!
[13:24:06] Player (Frank, 76561199004385675)(<7676.613770, 80.001572, 8769.009766>) quick accessed a lock!
[13:24:31] Player (Frank, 76561199004385675)(<7681.709473, 80.001579, 8772.617188>) quick accessed a lock!
[13:24:36] Player (Frank, 76561199004385675)(<7674.046875, 78.006523, 8772.409180>) quick accessed a lock!
[13:24:40] Player (Frank, 76561199004385675)(<7681.902832, 75.988075, 8771.813477>) quick accessed a lock!
[13:25:12] Player (Frank, 76561199004385675)(<7676.613770, 80.001572, 8769.009766>) quick accessed a lock!
[13:25:17] Player (Frank, 76561199004385675)(<7675.137695, 80.001572, 8768.735352>) quick accessed a lock!
[13:25:33] Player (Frank, 76561199004385675)(<7681.709473, 80.001579, 8772.617188>) quick accessed a lock!
[13:31:27] Player (Frank, 76561199004385675)(<7680.255371, 72.015587, 8773.303711>) quick accessed a lock!
[13:31:36] Player (Frank, 76561199004385675)(<7695.473633, 72.137520, 8781.058594>) quick accessed a lock!
[13:31:43] Player (Frank, 76561199004385675)(<7695.473633, 72.137520, 8781.058594>) quick accessed a lock!
[13:31:46] Player (Frank, 76561199004385675)(<7695.473633, 72.137520, 8781.058594>) quick accessed a lock!
[13:34:37] Player (Frank, 76561199004385675)(<7680.255371, 72.015587, 8773.303711>) quick accessed a lock!
[13:35:41] Player (Frank, 76561199004385675)(<7680.255371, 72.015587, 8773.303711>) quick accessed a lock!
[13:42:01] Player (Frank, 76561199004385675)(<7680.255371, 72.015587, 8773.303711>) quick accessed a lock!
[13:54:22] Player (Frank, 76561199004385675)(<7680.255371, 72.015587, 8773.303711>) quick accessed a lock!
[14:05:09] Player (Frank, 76561199004385675)(<7680.255371, 72.015587, 8773.303711>) quick accessed a lock!
[14:05:13] Player (Frank, 76561199004385675)(<7680.255371, 72.015587, 8773.303711>) quick accessed a lock!
[14:19:32] Player (BeefySTi, 76561198095923512)(<7716.231445, 12.100084, 5773.678223>) quick accessed a lock!
[14:29:10] Player (Frank , 76561199004385675)(<7676.613770, 80.001572, 8769.009766>) quick accessed a lock!
[14:32:37] Player (Frank , 76561199004385675)(<7676.165527, 83.987900, 8767.415039>) quick accessed a lock!
[14:36:18] Player (Frank , 76561199004385675)(<7676.165527, 83.987900, 8767.415039>) quick accessed a lock!
[14:37:14] Player (Frank , 76561199004385675)(<7676.165527, 83.987900, 8767.415039>) quick accessed a lock!
[14:39:47] Player (Frank , 76561199004385675)(<7676.165527, 83.987900, 8767.415039>) quick accessed a lock!
[14:59:25] Player (MRLeok, 76561198829305873)(<7676.165527, 83.987900, 8767.415039>) quick accessed a lock!
[14:59:56] Player (MRLeok, 76561198829305873)(<7674.046875, 78.006523, 8772.409180>) quick accessed a lock!
[15:00:40] Player (MRLeok, 76561198829305873)(<7680.255371, 72.015587, 8773.303711>) quick accessed a lock!
[15:02:03] Player (MRLeok, 76561198829305873)(<7680.255371, 72.015587, 8773.303711>) quick accessed a lock!
[15:02:22] Player (MRLeok, 76561198829305873)(<7676.165527, 83.987900, 8767.415039>) quick accessed a lock!
[15:03:08] Player (MRLeok, 76561198829305873)(<7674.046875, 78.006523, 8772.409180>) quick accessed a lock!
[15:07:35] Player (MRLeok, 76561198829305873)(<7680.255371, 72.015587, 8773.303711>) quick accessed a lock!
[15:07:38] Player (MRLeok, 76561198829305873)(<7695.473633, 72.137520, 8781.058594>) quick accessed a lock!
[15:08:52] Player (Frank , 76561199004385675)(<7680.255371, 72.015587, 8773.303711>) quick accessed a lock!
[15:09:02] Player (MRLeok, 76561198829305873)(<7681.902832, 75.988075, 8771.813477>) quick accessed a lock!
[15:09:08] Player (MRLeok, 76561198829305873)(<7674.046875, 78.006523, 8772.409180>) quick accessed a lock!
[15:09:32] Player (MRLeok, 76561198829305873)(<7681.709473, 80.001579, 8772.617188>) quick accessed a lock!
[15:09:44] Player (MRLeok, 76561198829305873)(<7675.137695, 80.001572, 8768.735352>) quick accessed a lock!
[15:16:03] Player (MRLeok, 76561198829305873)(<7680.255371, 72.015587, 8773.303711>) quick accessed a lock!
[15:31:38] Player (MRLeok, 76561198829305873)(<7680.255371, 72.015587, 8773.303711>) quick accessed a lock!
[15:31:40] Player (MRLeok, 76561198829305873)(<7680.255371, 72.015587, 8773.303711>) quick accessed a lock!
[15:34:33] Player (Frank, 76561199004385675)(<7676.165527, 83.987900, 8767.415039>) quick accessed a lock!
[15:34:49] Player (Frank, 76561199004385675)(<7680.255371, 72.015587, 8773.303711>) quick accessed a lock!
[15:35:10] Player (MRLeok, 76561198829305873)(<7680.255371, 72.015587, 8773.303711>) quick accessed a lock!
[16:15:07] Player (JakusMallius, 76561198067006084)(<7702.713867, 14.460730, 5756.341309>) quick accessed a lock!
[09-08-2022][16.25.13] Log file reloaded ( Server Restart )
[09-08-2022][16.34.50] Log file reloaded ( Server Restart )
[17:06:03] Player (Frank, 76561199004385675)(<7680.255371, 72.015587, 8773.303711>) quick accessed a lock!
[17:06:04] Player (Frank, 76561199004385675)(<7680.255371, 72.015587, 8773.303711>) quick accessed a lock!
[17:07:50] Player (Frank, 76561199004385675)(<7683.026855, 83.966080, 8745.771484>) quick accessed a lock!
[17:14:58] Player (Frank, 76561199004385675)(<7674.046875, 78.006523, 8772.409180>) quick accessed a lock!
[17:26:51] Player (MRLeok, 76561198829305873)(<7680.255371, 72.015587, 8773.303711>) quick accessed a lock!
[17:27:29] Player (MRLeok, 76561198829305873)(<7681.902832, 75.988075, 8771.813477>) quick accessed a lock!
[17:30:12] Player (MRLeok, 76561198829305873)(<7675.137695, 80.001572, 8768.735352>) quick accessed a lock!
[17:30:18] Player (MRLeok, 76561198829305873)(<7676.613770, 80.001572, 8769.009766>) quick accessed a lock!
[17:31:01] Player (MRLeok, 76561198829305873)(<7675.137695, 80.001572, 8768.735352>) quick accessed a lock!
[17:40:58] Player (Magick, 76561198797376439)(<7716.231445, 12.100084, 5773.678223>) quick accessed a lock!
[17:41:03] Player (Magick, 76561198797376439)(<7718.253418, 11.241493, 5760.514160>) quick accessed a lock!
[17:41:05] Player (Magick, 76561198797376439)(<7718.648926, 11.241293, 5754.739258>) quick accessed a lock!
[17:41:06] Player (Alzbob, 76561198303394031)(<7716.231445, 12.100084, 5773.678223>) quick accessed a lock!
[17:41:07] Player (Magick, 76561198797376439)(<7715.110352, 11.241293, 5750.946289>) quick accessed a lock!
[17:41:16] Player (Magick, 76561198797376439)(<7693.700684, 11.240681, 5741.929688>) quick accessed a lock!
[17:41:16] Player (Alzbob, 76561198303394031)(<7705.694824, 11.241705, 5742.292969>) quick accessed a lock!
[17:41:23] Player (Magick, 76561198797376439)(<7698.786133, 10.026342, 5745.388184>) quick accessed a lock!
[17:41:23] Player (Alzbob, 76561198303394031)(<7705.879883, 10.027159, 5751.533691>) quick accessed a lock!
[17:42:30] Player (Magick, 76561198797376439)(<7698.786133, 10.026342, 5745.388184>) quick accessed a lock!
[17:43:01] Player (Frank, 76561199004385675)(<7680.255371, 72.015587, 8773.303711>) quick accessed a lock!
[17:43:14] Player (Alzbob, 76561198303394031)(<7705.879883, 10.027159, 5751.533691>) quick accessed a lock!
[17:45:29] Player (Alzbob, 76561198303394031)(<7714.900879, 14.460533, 5750.724121>) quick accessed a lock!
[17:45:31] Player (Alzbob, 76561198303394031)(<7714.900879, 14.460533, 5750.724121>) quick accessed a lock!
[17:45:33] Player (Alzbob, 76561198303394031)(<7718.428711, 14.459305, 5754.732910>) quick accessed a lock!
[17:45:36] Player (Alzbob, 76561198303394031)(<7714.426758, 14.460321, 5758.039551>) quick accessed a lock!
[17:45:37] Player (Magick, 76561198797376439)(<7698.786133, 10.026342, 5745.388184>) quick accessed a lock!
[17:45:38] Player (Alzbob, 76561198303394031)(<7711.676758, 13.064227, 5757.290039>) quick accessed a lock!
[17:45:44] Player (Alzbob, 76561198303394031)(<7711.328613, 11.241493, 5754.259277>) quick accessed a lock!
[17:45:45] Player (Magick, 76561198797376439)(<7698.786133, 10.026342, 5745.388184>) quick accessed a lock!
[17:47:28] Player (Frank, 76561199004385675)(<7674.046875, 78.006523, 8772.409180>) quick accessed a lock!
[17:51:28] Player (Magick, 76561198797376439)(<7714.900879, 14.460533, 5750.724121>) quick accessed a lock!
[17:51:33] Player (Magick, 76561198797376439)(<7718.428711, 14.459305, 5754.732910>) quick accessed a lock!
[17:51:36] Player (Magick, 76561198797376439)(<7714.426758, 14.460321, 5758.039551>) quick accessed a lock!
[17:51:47] Player (Magick, 76561198797376439)(<7711.676758, 13.064227, 5757.290039>) quick accessed a lock!
[17:51:52] Player (Magick, 76561198797376439)(<7711.328613, 11.241493, 5754.259277>) quick accessed a lock!
[17:54:32] Player (Alzbob, 76561198303394031)(<7705.694824, 11.241705, 5742.292969>) quick accessed a lock!
[17:54:36] Player (Alzbob, 76561198303394031)(<7705.879883, 10.027159, 5751.533691>) quick accessed a lock!
[17:54:47] Player (BeefySTi, 76561198095923512)(<7718.253418, 11.241493, 5760.514160>) quick accessed a lock!
[17:54:48] Player (Magick, 76561198797376439)(<7693.700684, 11.240681, 5741.929688>) quick accessed a lock!
[17:54:51] Player (BeefySTi, 76561198095923512)(<7718.648926, 11.241293, 5754.739258>) quick accessed a lock!
[17:54:53] Player (BeefySTi, 76561198095923512)(<7715.110352, 11.241293, 5750.946289>) quick accessed a lock!
[17:54:56] Player (BeefySTi, 76561198095923512)(<7711.328613, 11.241493, 5754.259277>) quick accessed a lock!
[17:55:00] Player (BeefySTi, 76561198095923512)(<7711.676758, 13.064227, 5757.290039>) quick accessed a lock!
[17:55:06] Player (BeefySTi, 76561198095923512)(<7714.426758, 14.460321, 5758.039551>) quick accessed a lock!
[17:55:08] Player (BeefySTi, 76561198095923512)(<7718.428711, 14.459305, 5754.732910>) quick accessed a lock!
[17:55:11] Player (BeefySTi, 76561198095923512)(<7714.900879, 14.460533, 5750.724121>) quick accessed a lock!
[17:55:15] Player (BeefySTi, 76561198095923512)(<7703.081543, 14.460941, 5744.566895>) quick accessed a lock!
[17:55:26] Player (Magick, 76561198797376439)(<7693.700684, 11.240681, 5741.929688>) quick accessed a lock!
[17:55:43] Player (BeefySTi, 76561198095923512)(<7714.900879, 14.460533, 5750.724121>) quick accessed a lock!
[17:55:47] Player (Magick, 76561198797376439)(<7711.328613, 11.241493, 5754.259277>) quick accessed a lock!
[17:55:47] Player (BeefySTi, 76561198095923512)(<7718.428711, 14.459305, 5754.732910>) quick accessed a lock!
[17:55:49] Player (Magick, 76561198797376439)(<7711.676758, 13.064227, 5757.290039>) quick accessed a lock!
[17:55:50] Player (BeefySTi, 76561198095923512)(<7714.426758, 14.460321, 5758.039551>) quick accessed a lock!
[17:56:10] Player (BeefySTi, 76561198095923512)(<7711.328613, 11.241493, 5754.259277>) quick accessed a lock!
[17:56:12] Player (BeefySTi, 76561198095923512)(<7715.110352, 11.241293, 5750.946289>) quick accessed a lock!
[17:56:13] Player (Magick, 76561198797376439)(<7711.676758, 16.282442, 5757.290039>) quick accessed a lock!
[17:56:15] Player (BeefySTi, 76561198095923512)(<7718.648926, 11.241293, 5754.739258>) quick accessed a lock!
[17:56:19] Player (BeefySTi, 76561198095923512)(<7718.253418, 11.241493, 5760.514160>) quick accessed a lock!
[17:56:24] Player (BeefySTi, 76561198095923512)(<7716.231445, 12.100084, 5773.678223>) quick accessed a lock!
[17:57:59] Player (Magick, 76561198797376439)(<7711.676758, 16.282442, 5757.290039>) quick accessed a lock!
[17:58:09] Player (Magick, 76561198797376439)(<7711.676758, 13.064227, 5757.290039>) quick accessed a lock!
[17:58:12] Player (Magick, 76561198797376439)(<7711.328613, 11.241493, 5754.259277>) quick accessed a lock!
[17:58:25] Player (Magick, 76561198797376439)(<7693.700684, 11.240681, 5741.929688>) quick accessed a lock!
[18:03:51] Player (Magick, 76561198797376439)(<7715.110352, 11.241293, 5750.946289>) quick accessed a lock!
[18:03:53] Player (Magick, 76561198797376439)(<7718.648926, 11.241293, 5754.739258>) quick accessed a lock!
[18:03:55] Player (Magick, 76561198797376439)(<7718.253418, 11.241493, 5760.514160>) quick accessed a lock!
[18:03:59] Player (Magick, 76561198797376439)(<7716.231445, 12.100084, 5773.678223>) quick accessed a lock!
[18:04:13] Player (BeefySTi, 76561198095923512)(<7689.023438, 14.242929, 5742.030762>) quick accessed a lock!
[18:04:17] Player (BeefySTi, 76561198095923512)(<7689.023438, 14.242929, 5742.030762>) quick accessed a lock!
[18:04:23] Player (BeefySTi, 76561198095923512)(<7691.411621, 14.460941, 5739.756836>) quick accessed a lock!
[18:04:28] Player (BeefySTi, 76561198095923512)(<7703.081543, 14.460941, 5744.566895>) quick accessed a lock!
[09-08-2022][19.07.55] Log file reloaded ( Server Restart )
[09-08-2022][19.09.34] Log file reloaded ( Server Restart )
[09-08-2022][19.13.06] Log file reloaded ( Server Restart )
[09-08-2022][19.26.28] Log file reloaded ( Server Restart )
[19:59:38] Player (BeefySTi, 76561198095923512)(<7716.231445, 12.100084, 5773.678223>) quick accessed a lock!
[19:59:40] Player (BeefySTi, 76561198095923512)(<7716.231445, 12.100084, 5773.678223>) quick accessed a lock!
[20:53:31] Player (THE STITTIES, 76561199206265093)(<7716.231445, 12.100084, 5773.678223>) quick accessed a lock!
[20:53:35] Player (THE STITTIES, 76561199206265093)(<7718.253418, 11.241493, 5760.514160>) quick accessed a lock!
[20:53:37] Player (THE STITTIES, 76561199206265093)(<7718.648926, 11.241293, 5754.739258>) quick accessed a lock!
[20:53:39] Player (THE STITTIES, 76561199206265093)(<7715.110352, 11.241293, 5750.946289>) quick accessed a lock!
[20:53:43] Player (THE STITTIES, 76561199206265093)(<7715.203125, 11.241089, 5740.285156>) quick accessed a lock!
[20:53:57] Player (BeefySTi, 76561198095923512)(<7718.253418, 11.241493, 5760.514160>) quick accessed a lock!
[20:53:58] Player (THE STITTIES, 76561199206265093)(<7718.352051, 10.051284, 5744.640625>) quick accessed a lock!
[20:54:00] Player (BeefySTi, 76561198095923512)(<7718.648926, 11.241293, 5754.739258>) quick accessed a lock!
[20:54:03] Player (BeefySTi, 76561198095923512)(<7715.110352, 11.241293, 5750.946289>) quick accessed a lock!
[20:54:34] Player (THE STITTIES, 76561199206265093)(<7718.352051, 10.051284, 5744.640625>) quick accessed a lock!
[20:55:16] Player (BeefySTi, 76561198095923512)(<7711.328613, 11.241493, 5754.259277>) quick accessed a lock!
[20:55:18] Player (BeefySTi, 76561198095923512)(<7711.676758, 13.064227, 5757.290039>) quick accessed a lock!
[20:55:29] Player (BeefySTi, 76561198095923512)(<7714.426758, 14.460321, 5758.039551>) quick accessed a lock!
[20:55:31] Player (BeefySTi, 76561198095923512)(<7718.428711, 14.459305, 5754.732910>) quick accessed a lock!
[20:55:33] Player (BeefySTi, 76561198095923512)(<7714.900879, 14.460533, 5750.724121>) quick accessed a lock!
[20:55:37] Player (BeefySTi, 76561198095923512)(<7703.081543, 14.460941, 5744.566895>) quick accessed a lock!
[20:56:44] Player (BeefySTi, 76561198095923512)(<7703.081543, 14.460941, 5744.566895>) quick accessed a lock!
[20:56:57] Player (BeefySTi, 76561198095923512)(<7714.426758, 14.460321, 5758.039551>) quick accessed a lock!
[20:57:04] Player (BeefySTi, 76561198095923512)(<7711.676758, 13.064227, 5757.290039>) quick accessed a lock!
[20:57:05] Player (BeefySTi, 76561198095923512)(<7711.328613, 11.241493, 5754.259277>) quick accessed a lock!
[21:00:08] Player (THE STITTIES, 76561199206265093)(<7718.352051, 10.051284, 5744.640625>) quick accessed a lock!
[21:00:20] Player (BeefySTi, 76561198095923512)(<7711.328613, 11.241493, 5754.259277>) quick accessed a lock!
[21:00:31] Player (BeefySTi, 76561198095923512)(<7691.488770, 11.242929, 5738.411621>) quick accessed a lock!
[21:00:34] Player (BeefySTi, 76561198095923512)(<7685.414551, 11.242929, 5739.559082>) quick accessed a lock!
[21:01:22] Player (THE STITTIES, 76561199206265093)(<7721.246582, 10.096925, 5739.351074>) quick accessed a lock!
[21:01:29] Player (THE STITTIES, 76561199206265093)(<7720.982910, 10.050047, 5737.982422>) quick accessed a lock!
[21:01:39] Player (THE STITTIES, 76561199206265093)(<7721.246582, 10.096925, 5739.351074>) quick accessed a lock!
[21:03:21] Player (THE STITTIES, 76561199206265093)(<7720.982910, 10.050047, 5737.982422>) quick accessed a lock!
[21:03:24] Player (THE STITTIES, 76561199206265093)(<7720.792969, 10.049220, 5737.386230>) quick accessed a lock!
[21:04:00] Player (THE STITTIES, 76561199206265093)(<7718.352051, 10.051284, 5744.640625>) quick accessed a lock!
[21:04:28] Player (THE STITTIES, 76561199206265093)(<7718.352051, 10.051284, 5744.640625>) quick accessed a lock!
[21:09:53] Player (THE STITTIES, 76561199206265093)(<7715.562500, 10.097129, 5747.966797>) quick accessed a lock!
[21:10:19] Player (THE STITTIES, 76561199206265093)(<7718.352051, 10.051284, 5744.640625>) quick accessed a lock!
[21:10:22] Player (THE STITTIES, 76561199206265093)(<7720.982910, 10.050047, 5737.982422>) quick accessed a lock!
[21:13:46] Player (THE STITTIES, 76561199206265093)(<7720.942871, 10.051270, 5741.291504>) set a new passcode on lock!
[21:13:46] Player (THE STITTIES, 76561199206265093)(<7720.942871, 10.051270, 5741.291504>) claimed ownership of a lock!
[21:15:54] Player (THE STITTIES, 76561199206265093)(<7721.246582, 10.096925, 5739.351074>) quick accessed a lock!
[21:16:45] Player (THE STITTIES, 76561199206265093)(<7720.982910, 10.050047, 5737.982422>) quick accessed a lock!
[21:24:00] Player (THE STITTIES, 76561199206265093)(<7691.488770, 11.242929, 5738.411621>) quick accessed a lock!
[21:24:03] Player (THE STITTIES, 76561199206265093)(<7685.414551, 11.242929, 5739.559082>) quick accessed a lock!
[21:24:06] Player (THE STITTIES, 76561199206265093)(<7685.389648, 10.064847, 5744.467285>) quick accessed a lock!
[21:24:11] Player (THE STITTIES, 76561199206265093)(<7689.023438, 14.242929, 5742.030762>) quick accessed a lock!
[21:24:15] Player (THE STITTIES, 76561199206265093)(<7691.411621, 14.460941, 5739.756836>) quick accessed a lock!
[21:24:21] Player (THE STITTIES, 76561199206265093)(<7714.900879, 14.460533, 5750.724121>) quick accessed a lock!
[21:24:26] Player (THE STITTIES, 76561199206265093)(<7718.428711, 14.459305, 5754.732910>) quick accessed a lock!
[21:24:29] Player (THE STITTIES, 76561199206265093)(<7714.426758, 14.460321, 5758.039551>) quick accessed a lock!
[21:24:32] Player (THE STITTIES, 76561199206265093)(<7711.676758, 16.282442, 5757.290039>) quick accessed a lock!
[21:24:39] Player (THE STITTIES, 76561199206265093)(<7711.676758, 16.282442, 5757.290039>) quick accessed a lock!
[21:26:41] Player (BeefySTi, 76561198095923512)(<7716.231445, 12.100084, 5773.678223>) quick accessed a lock!
[21:27:00] Player (BeefySTi, 76561198095923512)(<7716.231445, 12.100084, 5773.678223>) quick accessed a lock!
[21:37:14] Player (Frank, 76561199004385675)(<7680.255371, 72.015587, 8773.303711>) quick accessed a lock!
[21:37:23] Player (Frank, 76561199004385675)(<7680.255371, 72.015587, 8773.303711>) quick accessed a lock!
[21:39:42] Player (MRLeok, 76561198829305873)(<7676.165527, 83.987900, 8767.415039>) quick accessed a lock!
[21:40:17] Player (MRLeok, 76561198829305873)(<7676.165527, 83.987900, 8767.415039>) quick accessed a lock!
[21:41:09] Player (MRLeok, 76561198829305873)(<7680.255371, 72.015587, 8773.303711>) quick accessed a lock!
[21:41:26] Player (Frank, 76561199004385675)(<7695.473633, 72.137520, 8781.058594>) quick accessed a lock!
[21:42:10] Player (Frank, 76561199004385675)(<7680.255371, 72.015587, 8773.303711>) quick accessed a lock!
[21:42:13] Player (Frank, 76561199004385675)(<7680.255371, 72.015587, 8773.303711>) quick accessed a lock!
[21:42:19] Player (Frank, 76561199004385675)(<7674.046875, 78.006523, 8772.409180>) quick accessed a lock!
[21:44:11] Player (MRLeok, 76561198829305873)(<7681.902832, 75.988075, 8771.813477>) quick accessed a lock!
[21:44:35] Player (MRLeok, 76561198829305873)(<7675.137695, 80.001572, 8768.735352>) quick accessed a lock!
[21:45:31] Player (MRLeok, 76561198829305873)(<7676.165527, 83.987900, 8767.415039>) quick accessed a lock!
[21:46:27] Player (Magick, 76561198797376439)(<7716.231445, 12.100084, 5773.678223>) quick accessed a lock!
[21:47:44] Player (MRLeok, 76561198829305873)(<7680.255371, 72.015587, 8773.303711>) quick accessed a lock!
[21:53:36] Player (Alzbob, 76561198303394031)(<7718.253418, 11.241493, 5760.514160>) quick accessed a lock!
[21:53:38] Player (Alzbob, 76561198303394031)(<7718.648926, 11.241293, 5754.739258>) quick accessed a lock!
[21:53:39] Player (Alzbob, 76561198303394031)(<7715.110352, 11.241293, 5750.946289>) quick accessed a lock!
[21:53:44] Player (Alzbob, 76561198303394031)(<7705.694824, 11.241705, 5742.292969>) quick accessed a lock!
[21:54:02] Player (Magick, 76561198797376439)(<7715.110352, 11.241293, 5750.946289>) quick accessed a lock!
[21:54:12] Player (Magick, 76561198797376439)(<7693.700684, 11.240681, 5741.929688>) quick accessed a lock!
[21:54:21] Player (Magick, 76561198797376439)(<7698.786133, 10.026342, 5745.388184>) quick accessed a lock!
[21:54:23] Player (MRLeok, 76561198829305873)(<7680.255371, 72.015587, 8773.303711>) quick accessed a lock!
[21:55:12] Player (MRLeok, 76561198829305873)(<7680.255371, 72.015587, 8773.303711>) quick accessed a lock!
[21:55:32] Player (Alzbob, 76561198303394031)(<7705.694824, 11.241705, 5742.292969>) quick accessed a lock!
[21:56:54] Player (Alzbob, 76561198303394031)(<7705.694824, 11.241705, 5742.292969>) quick accessed a lock!
[21:57:10] Player (Alzbob, 76561198303394031)(<7715.110352, 11.241293, 5750.946289>) quick accessed a lock!
[21:57:11] Player (Alzbob, 76561198303394031)(<7715.110352, 11.241293, 5750.946289>) quick accessed a lock!
[21:57:16] Player (Alzbob, 76561198303394031)(<7718.253418, 11.241493, 5760.514160>) quick accessed a lock!
[21:57:37] Player (MRLeok, 76561198829305873)(<7680.255371, 72.015587, 8773.303711>) quick accessed a lock!
[21:57:39] Player (MRLeok, 76561198829305873)(<7680.255371, 72.015587, 8773.303711>) quick accessed a lock!
[21:57:46] Player (MRLeok, 76561198829305873)(<7680.255371, 72.015587, 8773.303711>) quick accessed a lock!
[21:57:50] Player (MRLeok, 76561198829305873)(<7680.255371, 72.015587, 8773.303711>) quick accessed a lock!
[21:57:56] Player (MRLeok, 76561198829305873)(<7681.902832, 75.988075, 8771.813477>) quick accessed a lock!
[21:58:33] Player (MRLeok, 76561198829305873)(<7676.613770, 80.001572, 8769.009766>) quick accessed a lock!
[21:59:06] Player (MRLeok, 76561198829305873)(<7676.613770, 80.001572, 8769.009766>) quick accessed a lock!
[22:04:28] Player (MRLeok, 76561198829305873)(<7680.255371, 72.015587, 8773.303711>) quick accessed a lock!
[22:06:33] Player (Frank, 76561199004385675)(<7680.255371, 72.015587, 8773.303711>) quick accessed a lock!
[22:06:41] Player (Frank, 76561199004385675)(<7674.046875, 78.006523, 8772.409180>) quick accessed a lock!
[22:06:58] Player (Frank, 76561199004385675)(<7681.709473, 80.001579, 8772.617188>) quick accessed a lock!
[22:07:05] Player (Frank, 76561199004385675)(<7675.137695, 80.001572, 8768.735352>) quick accessed a lock!
[22:07:23] Player (Frank, 76561199004385675)(<7674.046875, 78.006523, 8772.409180>) quick accessed a lock!
[22:07:35] Player (Frank, 76561199004385675)(<7680.255371, 72.015587, 8773.303711>) quick accessed a lock!
[22:10:10] Player (Frank, 76561199004385675)(<7680.255371, 72.015587, 8773.303711>) quick accessed a lock!
[22:10:18] Player (Frank, 76561199004385675)(<7674.046875, 78.006523, 8772.409180>) quick accessed a lock!
[22:10:36] Player (MRLeok, 76561198829305873)(<7680.255371, 72.015587, 8773.303711>) quick accessed a lock!
[22:12:15] Player (MRLeok, 76561198829305873)(<7681.709473, 80.001579, 8772.617188>) quick accessed a lock!
[22:12:28] Player (MRLeok, 76561198829305873)(<7676.613770, 80.001572, 8769.009766>) quick accessed a lock!
[22:12:42] Player (MRLeok, 76561198829305873)(<7675.137695, 80.001572, 8768.735352>) quick accessed a lock!
[22:13:05] Player (MRLeok, 76561198829305873)(<7681.709473, 80.001579, 8772.617188>) quick accessed a lock!
[22:13:56] Player (Frank, 76561199004385675)(<7680.255371, 72.015587, 8773.303711>) quick accessed a lock!
[22:14:29] Player (MRLeok, 76561198829305873)(<7680.255371, 72.015587, 8773.303711>) quick accessed a lock!
[22:17:44] Player (Frank, 76561199004385675)(<7680.255371, 72.015587, 8773.303711>) quick accessed a lock!
[22:17:54] Player (Frank, 76561199004385675)(<7680.255371, 72.015587, 8773.303711>) quick accessed a lock!
[22:18:21] Player (Frank, 76561199004385675)(<7680.255371, 72.015587, 8773.303711>) quick accessed a lock!
[22:42:54] Player (THE STITTIES, 76561199206265093)(<7716.231445, 12.100084, 5773.678223>) quick accessed a lock!
[22:55:20] Player (Alzbob, 76561198303394031)(<7716.231445, 12.100084, 5773.678223>) quick accessed a lock!
[22:55:54] Player (Alzbob, 76561198303394031)(<7661.620605, 10.065259, 5743.938965>) quick accessed a lock!
[09-08-2022][23.01.04] Log file reloaded ( Server Restart )
[00:13:23] Player (Alzbob, 76561198303394031)(<7661.620605, 10.065259, 5743.938965>) quick accessed a lock!
[00:59:18] Player (MRLeok, 76561198829305873)(<7680.255371, 72.015587, 8773.303711>) quick accessed a lock!
[00:59:25] Player (MRLeok, 76561198829305873)(<7681.902832, 75.988075, 8771.813477>) quick accessed a lock!
[01:00:24] Player (MRLeok, 76561198829305873)(<7676.958984, 75.988075, 8766.182617>) quick accessed a lock!
[01:00:27] Player (MRLeok, 76561198829305873)(<7674.197754, 75.988075, 8766.421875>) quick accessed a lock!
[01:00:35] Player (MRLeok, 76561198829305873)(<7676.613770, 80.001572, 8769.009766>) quick accessed a lock!
[01:02:56] Player (MRLeok, 76561198829305873)(<7676.613770, 80.001572, 8769.009766>) quick accessed a lock!
[01:10:17] Player (MRLeok, 76561198829305873)(<7674.046875, 78.006523, 8772.409180>) quick accessed a lock!
[01:16:10] Player (MRLeok, 76561198829305873)(<7680.255371, 72.015587, 8773.303711>) quick accessed a lock!
[01:16:34] Player (MRLeok, 76561198829305873)(<7680.255371, 72.015587, 8773.303711>) quick accessed a lock!
[01:25:07] Player (MRLeok, 76561198829305873)(<7681.709473, 80.001579, 8772.617188>) quick accessed a lock!
[01:30:48] Player (MRLeok, 76561198829305873)(<7680.255371, 72.015587, 8773.303711>) quick accessed a lock!
[01:30:51] Player (MRLeok, 76561198829305873)(<7680.255371, 72.015587, 8773.303711>) quick accessed a lock!
[01:30:53] Player (MRLeok, 76561198829305873)(<7680.255371, 72.015587, 8773.303711>) quick accessed a lock!
[01:32:26] Player (Frank, 76561199004385675)(<7680.255371, 72.015587, 8773.303711>) quick accessed a lock!
[01:32:32] Player (Frank, 76561199004385675)(<7681.902832, 75.988075, 8771.813477>) quick accessed a lock!
[01:37:20] Player (Frank, 76561199004385675)(<7674.046875, 78.006523, 8772.409180>) quick accessed a lock!
[01:38:21] Player (Frank, 76561199004385675)(<7676.613770, 80.001572, 8769.009766>) quick accessed a lock!
[01:38:39] Player (Frank, 76561199004385675)(<7674.046875, 78.006523, 8772.409180>) quick accessed a lock!
[01:39:27] Player (Frank, 76561199004385675)(<7681.709473, 80.001579, 8772.617188>) quick accessed a lock!
[01:39:45] Player (Frank, 76561199004385675)(<7676.613770, 80.001572, 8769.009766>) quick accessed a lock!
[01:41:01] Player (Frank, 76561199004385675)(<7676.613770, 80.001572, 8769.009766>) quick accessed a lock!
[01:41:33] Player (Frank, 76561199004385675)(<7681.709473, 80.001579, 8772.617188>) quick accessed a lock!
[01:41:45] Player (Frank, 76561199004385675)(<7676.613770, 80.001572, 8769.009766>) quick accessed a lock!
[01:42:56] Player (Frank, 76561199004385675)(<7676.613770, 80.001572, 8769.009766>) quick accessed a lock!
