[09-10-2022][05.04.11] New Access Log File Created!
[09:01:37] Player (Frank, 76561199004385675)(<7676.613770, 80.001572, 8769.009766>) quick accessed a lock!
[09:01:58] Player (Frank, 76561199004385675)(<7681.709473, 80.001579, 8772.617188>) quick accessed a lock!
[09:02:11] Player (Frank, 76561199004385675)(<7681.709473, 80.001579, 8772.617188>) quick accessed a lock!
[09:02:24] Player (Frank, 76561199004385675)(<7681.902832, 75.988075, 8771.813477>) quick accessed a lock!
[09:02:47] Player (Frank, 76561199004385675)(<7676.613770, 80.001572, 8769.009766>) quick accessed a lock!
[09:02:56] Player (Frank, 76561199004385675)(<7675.137695, 80.001572, 8768.735352>) quick accessed a lock!
[09:03:05] Player (Frank, 76561199004385675)(<7674.046875, 78.006523, 8772.409180>) quick accessed a lock!
[09:03:19] Player (Frank, 76561199004385675)(<7676.613770, 80.001572, 8769.009766>) quick accessed a lock!
[09:03:30] Player (Frank, 76561199004385675)(<7675.137695, 80.001572, 8768.735352>) quick accessed a lock!
[09:04:17] Player (Frank, 76561199004385675)(<7676.613770, 80.001572, 8769.009766>) quick accessed a lock!
[09:12:35] Player (Frank, 76561199004385675)(<7680.255371, 72.015587, 8773.303711>) quick accessed a lock!
[09:12:42] Player (Frank, 76561199004385675)(<7695.473633, 72.137520, 8781.058594>) quick accessed a lock!
[10:51:36] Player (Frank, 76561199004385675)(<7680.255371, 72.015587, 8773.303711>) quick accessed a lock!
[09-10-2022][11.07.17] Log file reloaded ( Server Restart )
[11:13:41] Player (Frank, 76561199004385675)(<7676.613770, 80.001572, 8769.009766>) quick accessed a lock!
[11:13:50] Player (Frank, 76561199004385675)(<7675.137695, 80.001572, 8768.735352>) quick accessed a lock!
[11:15:37] Player (Frank, 76561199004385675)(<7675.137695, 80.001572, 8768.735352>) quick accessed a lock!
[11:16:41] Player (Frank, 76561199004385675)(<7676.613770, 80.001572, 8769.009766>) quick accessed a lock!
[11:17:46] Player (Frank, 76561199004385675)(<7676.613770, 80.001572, 8769.009766>) quick accessed a lock!
[11:18:17] Player (Frank, 76561199004385675)(<7674.046875, 78.006523, 8772.409180>) quick accessed a lock!
[11:20:47] Player (Frank, 76561199004385675)(<7676.613770, 80.001572, 8769.009766>) quick accessed a lock!
[11:20:55] Player (Frank, 76561199004385675)(<7681.709473, 80.001579, 8772.617188>) quick accessed a lock!
[11:23:17] Player (Frank, 76561199004385675)(<7676.613770, 80.001572, 8769.009766>) quick accessed a lock!
[11:24:42] Player (Frank, 76561199004385675)(<7676.613770, 80.001572, 8769.009766>) quick accessed a lock!
[11:25:15] Player (Frank, 76561199004385675)(<7681.709473, 80.001579, 8772.617188>) quick accessed a lock!
[11:26:17] Player (Frank, 76561199004385675)(<7676.165527, 83.987900, 8767.415039>) quick accessed a lock!
[11:27:41] Player (Frank, 76561199004385675)(<7680.255371, 72.015587, 8773.303711>) quick accessed a lock!
[11:27:47] Player (Frank, 76561199004385675)(<7695.473633, 72.137520, 8781.058594>) quick accessed a lock!
[11:29:09] Player (Frank, 76561199004385675)(<7680.255371, 72.015587, 8773.303711>) quick accessed a lock!
[11:29:13] Player (Frank, 76561199004385675)(<7680.255371, 72.015587, 8773.303711>) quick accessed a lock!
[11:33:09] Player (Frank, 76561199004385675)(<7680.255371, 72.015587, 8773.303711>) quick accessed a lock!
[11:36:54] Player (Frank, 76561199004385675)(<7681.709473, 80.001579, 8772.617188>) quick accessed a lock!
[11:37:59] Player (Frank, 76561199004385675)(<7674.046875, 78.006523, 8772.409180>) quick accessed a lock!
[11:38:31] Player (Frank, 76561199004385675)(<7676.958984, 75.988075, 8766.182617>) quick accessed a lock!
[11:38:52] Player (Frank, 76561199004385675)(<7676.613770, 80.001572, 8769.009766>) quick accessed a lock!
[11:58:25] Player (MRLeok, 76561198829305873)(<7676.165527, 83.987900, 8767.415039>) quick accessed a lock!
[12:02:39] Player (MRLeok, 76561198829305873)(<7681.709473, 80.001579, 8772.617188>) quick accessed a lock!
[12:07:03] Player (MRLeok, 76561198829305873)(<7681.709473, 80.001579, 8772.617188>) quick accessed a lock!
[12:08:07] Player (MRLeok, 76561198829305873)(<7680.255371, 72.015587, 8773.303711>) quick accessed a lock!
[12:08:12] Player (MRLeok, 76561198829305873)(<7695.473633, 72.137520, 8781.058594>) quick accessed a lock!
[12:12:35] Player (MRLeok, 76561198829305873)(<7680.255371, 72.015587, 8773.303711>) quick accessed a lock!
[12:14:06] Player (MRLeok, 76561198829305873)(<7674.046875, 78.006523, 8772.409180>) quick accessed a lock!
[13:27:44] Player (Frank, 76561199004385675)(<7680.255371, 72.015587, 8773.303711>) quick accessed a lock!
[13:34:26] Player (Frank, 76561199004385675)(<7680.255371, 72.015587, 8773.303711>) quick accessed a lock!
[13:34:33] Player (Frank, 76561199004385675)(<7681.902832, 75.988075, 8771.813477>) quick accessed a lock!
[13:35:14] Player (Frank, 76561199004385675)(<7676.958984, 75.988075, 8766.182617>) quick accessed a lock!
[13:35:25] Player (Frank, 76561199004385675)(<7674.046875, 78.006523, 8772.409180>) quick accessed a lock!
[13:35:32] Player (Frank, 76561199004385675)(<7674.046875, 78.006523, 8772.409180>) quick accessed a lock!
[13:35:54] Player (Frank, 76561199004385675)(<7681.709473, 80.001579, 8772.617188>) quick accessed a lock!
[13:36:01] Player (Frank, 76561199004385675)(<7676.613770, 80.001572, 8769.009766>) quick accessed a lock!
[13:36:07] Player (Frank, 76561199004385675)(<7675.137695, 80.001572, 8768.735352>) quick accessed a lock!
[13:36:39] Player (Frank, 76561199004385675)(<7676.165527, 83.987900, 8767.415039>) quick accessed a lock!
[14:06:14] Player (Frank, 76561199004385675)(<7676.613770, 80.001572, 8769.009766>) quick accessed a lock!
[15:36:23] Player (THE STITTIES, 76561199206265093)(<7716.231445, 12.100084, 5773.678223>) quick accessed a lock!
[15:36:27] Player (THE STITTIES, 76561199206265093)(<7718.253418, 11.241493, 5760.514160>) quick accessed a lock!
[15:36:30] Player (THE STITTIES, 76561199206265093)(<7718.648926, 11.241293, 5754.739258>) quick accessed a lock!
[15:36:32] Player (THE STITTIES, 76561199206265093)(<7715.110352, 11.241293, 5750.946289>) quick accessed a lock!
[15:36:37] Player (THE STITTIES, 76561199206265093)(<7715.203125, 11.241089, 5740.285156>) quick accessed a lock!
[15:36:45] Player (THE STITTIES, 76561199206265093)(<7718.352051, 10.051284, 5744.640625>) quick accessed a lock!
[15:37:15] Player (THE STITTIES, 76561199206265093)(<7721.246582, 10.096925, 5739.351074>) quick accessed a lock!
[15:38:55] Player (THE STITTIES, 76561199206265093)(<7719.535645, 10.094641, 5737.418945>) set a new passcode on lock!
[15:38:55] Player (THE STITTIES, 76561199206265093)(<7719.535645, 10.094641, 5737.418945>) claimed ownership of a lock!
[15:39:03] Player (THE STITTIES, 76561199206265093)(<7719.535645, 10.094641, 5737.418945>) quick accessed a lock!
[15:41:48] Player (THE STITTIES, 76561199206265093)(<7715.203125, 11.241089, 5740.285156>) quick accessed a lock!
[15:41:51] Player (THE STITTIES, 76561199206265093)(<7719.535645, 10.094641, 5737.418945>) quick accessed a lock!
[15:55:28] Player (THE STITTIES, 76561199206265093)(<7715.203125, 11.241089, 5740.285156>) quick accessed a lock!
[15:57:27] Player (Frank, 76561199004385675)(<7695.473633, 72.137520, 8781.058594>) quick accessed a lock!
[15:57:56] Player (Frank, 76561199004385675)(<7680.255371, 72.015587, 8773.303711>) quick accessed a lock!
[15:58:19] Player (Frank, 76561199004385675)(<7676.165527, 83.987900, 8767.415039>) quick accessed a lock!
[15:59:49] Player (Frank, 76561199004385675)(<7676.613770, 80.001572, 8769.009766>) quick accessed a lock!
[16:09:53] Player (Frank, 76561199004385675)(<7681.709473, 80.001579, 8772.617188>) quick accessed a lock!
[16:10:35] Player (Frank, 76561199004385675)(<7674.046875, 78.006523, 8772.409180>) quick accessed a lock!
[16:11:33] Player (Frank, 76561199004385675)(<7676.613770, 80.001572, 8769.009766>) quick accessed a lock!
[16:11:41] Player (Frank, 76561199004385675)(<7674.046875, 78.006523, 8772.409180>) quick accessed a lock!
[16:11:47] Player (Frank, 76561199004385675)(<7674.046875, 78.006523, 8772.409180>) quick accessed a lock!
[16:12:58] Player (Frank, 76561199004385675)(<7680.255371, 72.015587, 8773.303711>) quick accessed a lock!
[16:18:59] Player (Frank, 76561199004385675)(<7680.255371, 72.015587, 8773.303711>) quick accessed a lock!
[16:19:13] Player (Frank, 76561199004385675)(<7681.709473, 80.001579, 8772.617188>) quick accessed a lock!
[16:20:04] Player (THE STITTIES, 76561199206265093)(<7716.231445, 12.100084, 5773.678223>) quick accessed a lock!
[16:20:08] Player (THE STITTIES, 76561199206265093)(<7718.253418, 11.241493, 5760.514160>) quick accessed a lock!
[16:20:13] Player (THE STITTIES, 76561199206265093)(<7718.648926, 11.241293, 5754.739258>) quick accessed a lock!
[16:20:16] Player (THE STITTIES, 76561199206265093)(<7715.110352, 11.241293, 5750.946289>) quick accessed a lock!
[16:20:23] Player (THE STITTIES, 76561199206265093)(<7715.203125, 11.241089, 5740.285156>) quick accessed a lock!
[16:21:26] Player (Frank, 76561199004385675)(<7676.165527, 83.987900, 8767.415039>) quick accessed a lock!
[16:21:54] Player (Frank, 76561199004385675)(<7675.137695, 80.001572, 8768.735352>) quick accessed a lock!
[16:21:55] Player (Frank, 76561199004385675)(<7676.613770, 80.001572, 8769.009766>) quick accessed a lock!
[16:22:04] Player (Frank, 76561199004385675)(<7675.137695, 80.001572, 8768.735352>) quick accessed a lock!
[16:23:09] Player (Frank, 76561199004385675)(<7676.165527, 83.987900, 8767.415039>) quick accessed a lock!
[16:23:30] Player (Frank, 76561199004385675)(<7676.165527, 83.987900, 8767.415039>) quick accessed a lock!
[09-10-2022][17.10.29] Log file reloaded ( Server Restart )
[18:17:47] Player (MRLeok, 76561198829305873)(<7695.473633, 72.137520, 8781.058594>) quick accessed a lock!
[18:18:19] Player (MRLeok, 76561198829305873)(<7680.255371, 72.015587, 8773.303711>) quick accessed a lock!
[18:18:23] Player (MRLeok, 76561198829305873)(<7680.255371, 72.015587, 8773.303711>) quick accessed a lock!
[18:18:31] Player (MRLeok, 76561198829305873)(<7681.902832, 75.988075, 8771.813477>) quick accessed a lock!
[18:23:45] Player (MRLeok, 76561198829305873)(<7681.902832, 75.988075, 8771.813477>) quick accessed a lock!
[18:23:58] Player (MRLeok, 76561198829305873)(<7681.902832, 75.988075, 8771.813477>) quick accessed a lock!
[18:39:25] Player (THE STITTIES, 76561199206265093)(<7718.352051, 10.051284, 5744.640625>) quick accessed a lock!
[18:39:37] Player (THE STITTIES, 76561199206265093)(<7715.203125, 11.241089, 5740.285156>) quick accessed a lock!
[18:39:45] Player (THE STITTIES, 76561199206265093)(<7715.203125, 11.241089, 5740.285156>) quick accessed a lock!
[18:40:49] Player (THE STITTIES, 76561199206265093)(<7721.246582, 10.096925, 5739.351074>) quick accessed a lock!
[18:40:56] Player (THE STITTIES, 76561199206265093)(<7720.982910, 10.050047, 5737.982422>) quick accessed a lock!
[18:43:14] Player (Magick, 76561198797376439)(<7693.700684, 11.240681, 5741.929688>) quick accessed a lock!
[18:43:17] Player (Magick, 76561198797376439)(<7693.700684, 11.240681, 5741.929688>) quick accessed a lock!
[18:43:39] Player (Magick, 76561198797376439)(<7693.700684, 11.240681, 5741.929688>) quick accessed a lock!
[18:43:42] Player (Magick, 76561198797376439)(<7698.786133, 10.026342, 5745.388184>) quick accessed a lock!
[18:48:03] Player (Magick, 76561198797376439)(<7698.786133, 10.026342, 5745.388184>) quick accessed a lock!
[18:48:42] Player (Magick, 76561198797376439)(<7693.700684, 11.240681, 5741.929688>) quick accessed a lock!
[18:48:47] Player (Magick, 76561198797376439)(<7691.488770, 11.242929, 5738.411621>) quick accessed a lock!
[18:48:51] Player (Magick, 76561198797376439)(<7685.414551, 11.242929, 5739.559082>) quick accessed a lock!
[18:49:01] Player (Magick, 76561198797376439)(<7685.389648, 10.064847, 5744.467285>) quick accessed a lock!
[18:49:17] Player (Magick, 76561198797376439)(<7714.900879, 14.460533, 5750.724121>) quick accessed a lock!
[18:49:20] Player (Magick, 76561198797376439)(<7718.428711, 14.459305, 5754.732910>) quick accessed a lock!
[18:49:22] Player (Magick, 76561198797376439)(<7714.426758, 14.460321, 5758.039551>) quick accessed a lock!
[18:49:24] Player (Magick, 76561198797376439)(<7711.676758, 16.282442, 5757.290039>) quick accessed a lock!
[18:49:27] Player (Magick, 76561198797376439)(<7711.676758, 16.282442, 5757.290039>) quick accessed a lock!
[18:49:36] Player (Magick, 76561198797376439)(<7711.676758, 16.282442, 5757.290039>) quick accessed a lock!
[19:10:51] Player (BeefySTi, 76561198095923512)(<7716.231445, 12.100084, 5773.678223>) quick accessed a lock!
[19:10:56] Player (BeefySTi, 76561198095923512)(<7718.253418, 11.241493, 5760.514160>) quick accessed a lock!
[19:10:59] Player (BeefySTi, 76561198095923512)(<7718.648926, 11.241293, 5754.739258>) quick accessed a lock!
[19:11:02] Player (BeefySTi, 76561198095923512)(<7715.110352, 11.241293, 5750.946289>) quick accessed a lock!
[19:11:07] Player (BeefySTi, 76561198095923512)(<7711.328613, 11.241493, 5754.259277>) quick accessed a lock!
[19:11:12] Player (BeefySTi, 76561198095923512)(<7711.676758, 13.064227, 5757.290039>) quick accessed a lock!
[19:11:18] Player (BeefySTi, 76561198095923512)(<7714.426758, 14.460321, 5758.039551>) quick accessed a lock!
[19:11:20] Player (BeefySTi, 76561198095923512)(<7718.428711, 14.459305, 5754.732910>) quick accessed a lock!
[19:11:22] Player (BeefySTi, 76561198095923512)(<7714.900879, 14.460533, 5750.724121>) quick accessed a lock!
[19:11:30] Player (BeefySTi, 76561198095923512)(<7703.081543, 14.460941, 5744.566895>) quick accessed a lock!
[19:17:51] Player (BeefySTi, 76561198095923512)(<7694.773438, 13.271531, 5742.550781>) set a new passcode on lock!
[19:17:51] Player (BeefySTi, 76561198095923512)(<7694.773438, 13.271531, 5742.550781>) claimed ownership of a lock!
[19:17:59] Player (BeefySTi, 76561198095923512)(<7697.863770, 13.269459, 5742.461914>) quick accessed a lock!
[19:18:17] Player (BeefySTi, 76561198095923512)(<7696.561523, 13.271531, 5742.445801>) quick accessed a lock!
[19:21:42] Player (BeefySTi, 76561198095923512)(<7703.081543, 14.460941, 5744.566895>) quick accessed a lock!
[19:21:50] Player (BeefySTi, 76561198095923512)(<7714.900879, 14.460533, 5750.724121>) quick accessed a lock!
[19:21:54] Player (BeefySTi, 76561198095923512)(<7714.900879, 14.460533, 5750.724121>) quick accessed a lock!
[19:21:57] Player (BeefySTi, 76561198095923512)(<7718.428711, 14.459305, 5754.732910>) quick accessed a lock!
[19:22:00] Player (BeefySTi, 76561198095923512)(<7714.426758, 14.460321, 5758.039551>) quick accessed a lock!
[19:22:03] Player (BeefySTi, 76561198095923512)(<7711.676758, 16.282442, 5757.290039>) quick accessed a lock!
[20:07:30] Player (MRLeok, 76561198829305873)(<7680.255371, 72.015587, 8773.303711>) quick accessed a lock!
[20:08:04] Player (MRLeok, 76561198829305873)(<7676.613770, 80.001572, 8769.009766>) quick accessed a lock!
[20:08:12] Player (MRLeok, 76561198829305873)(<7675.137695, 80.001572, 8768.735352>) quick accessed a lock!
[20:08:19] Player (MRLeok, 76561198829305873)(<7681.902832, 75.988075, 8771.813477>) quick accessed a lock!
[21:15:51] Player (THE STITTIES, 76561199206265093)(<7662.363281, 8.976425, 5750.038574>) quick accessed a lock!
[21:15:59] Player (THE STITTIES, 76561199206265093)(<7683.068359, 11.242933, 5747.628906>) quick accessed a lock!
[21:16:11] Player (BeefySTi, 76561198095923512)(<7718.253418, 11.241493, 5760.514160>) quick accessed a lock!
[21:16:14] Player (BeefySTi, 76561198095923512)(<7718.648926, 11.241293, 5754.739258>) quick accessed a lock!
[21:16:14] Player (THE STITTIES, 76561199206265093)(<7685.414551, 11.242929, 5739.559082>) quick accessed a lock!
[21:16:17] Player (THE STITTIES, 76561199206265093)(<7691.488770, 11.242929, 5738.411621>) quick accessed a lock!
[21:16:21] Player (BeefySTi, 76561198095923512)(<7715.110352, 11.241293, 5750.946289>) quick accessed a lock!
[21:16:22] Player (THE STITTIES, 76561199206265093)(<7715.203125, 11.241089, 5740.285156>) quick accessed a lock!
[21:16:25] Player (BeefySTi, 76561198095923512)(<7711.328613, 11.241493, 5754.259277>) quick accessed a lock!
[21:16:27] Player (BeefySTi, 76561198095923512)(<7711.676758, 13.064227, 5757.290039>) quick accessed a lock!
[21:16:31] Player (THE STITTIES, 76561199206265093)(<7720.900391, 10.051270, 5740.673340>) quick accessed a lock!
[21:16:32] Player (BeefySTi, 76561198095923512)(<7714.426758, 14.460321, 5758.039551>) quick accessed a lock!
[21:16:35] Player (BeefySTi, 76561198095923512)(<7718.428711, 14.459305, 5754.732910>) quick accessed a lock!
[21:16:37] Player (BeefySTi, 76561198095923512)(<7714.900879, 14.460533, 5750.724121>) quick accessed a lock!
[21:16:40] Player (Magick, 76561198797376439)(<7661.620605, 10.065259, 5743.938965>) quick accessed a lock!
[21:16:43] Player (BeefySTi, 76561198095923512)(<7703.081543, 14.460941, 5744.566895>) quick accessed a lock!
[21:16:49] Player (Magick, 76561198797376439)(<7685.414551, 11.242929, 5739.559082>) quick accessed a lock!
[21:16:55] Player (THE STITTIES, 76561199206265093)(<7718.352051, 10.051284, 5744.640625>) quick accessed a lock!
[21:16:58] Player (Magick, 76561198797376439)(<7691.488770, 11.242929, 5738.411621>) quick accessed a lock!
[21:17:01] Player (THE STITTIES, 76561199206265093)(<7715.562500, 10.097129, 5747.966797>) quick accessed a lock!
[21:17:10] Player (Magick, 76561198797376439)(<7693.700684, 11.240681, 5741.929688>) quick accessed a lock!
[21:17:15] Player (Magick, 76561198797376439)(<7698.786133, 10.026342, 5745.388184>) quick accessed a lock!
[21:17:23] Player (BeefySTi, 76561198095923512)(<7697.417969, 13.314333, 5747.804688>) quick accessed a lock!
[21:17:38] Player (BeefySTi, 76561198095923512)(<7697.863770, 13.269459, 5742.461914>) quick accessed a lock!
[21:18:08] Player (Frank, 76561199004385675)(<7695.473633, 72.137520, 8781.058594>) quick accessed a lock!
[21:18:44] Player (BeefySTi, 76561198095923512)(<7703.081543, 14.460941, 5744.566895>) quick accessed a lock!
[21:18:50] Player (BeefySTi, 76561198095923512)(<7714.900879, 14.460533, 5750.724121>) quick accessed a lock!
[21:18:52] Player (BeefySTi, 76561198095923512)(<7718.428711, 14.459305, 5754.732910>) quick accessed a lock!
[21:18:56] Player (BeefySTi, 76561198095923512)(<7714.426758, 14.460321, 5758.039551>) quick accessed a lock!
[21:18:57] Player (Frank, 76561199004385675)(<7695.473633, 72.137520, 8781.058594>) quick accessed a lock!
[21:18:58] Player (BeefySTi, 76561198095923512)(<7711.676758, 16.282442, 5757.290039>) quick accessed a lock!
[21:19:05] Player (Frank, 76561199004385675)(<7680.255371, 72.015587, 8773.303711>) quick accessed a lock!
[21:20:07] Player (THE STITTIES, 76561199206265093)(<7718.352051, 10.051284, 5744.640625>) quick accessed a lock!
[21:20:09] Player (Frank, 76561199004385675)(<7676.613770, 80.001572, 8769.009766>) quick accessed a lock!
[21:20:17] Player (BeefySTi, 76561198095923512)(<7711.676758, 13.064227, 5757.290039>) quick accessed a lock!
[21:20:18] Player (THE STITTIES, 76561199206265093)(<7715.562500, 10.097129, 5747.966797>) quick accessed a lock!
[21:20:19] Player (BeefySTi, 76561198095923512)(<7711.328613, 11.241493, 5754.259277>) quick accessed a lock!
[21:21:02] Player (Frank, 76561199004385675)(<7676.613770, 80.001572, 8769.009766>) quick accessed a lock!
[21:21:07] Player (THE STITTIES, 76561199206265093)(<7718.352051, 10.051284, 5744.640625>) quick accessed a lock!
[21:21:53] Player (Frank, 76561199004385675)(<7675.137695, 80.001572, 8768.735352>) quick accessed a lock!
[21:22:01] Player (Magick, 76561198797376439)(<7715.110352, 11.241293, 5750.946289>) quick accessed a lock!
[21:22:03] Player (Magick, 76561198797376439)(<7718.648926, 11.241293, 5754.739258>) quick accessed a lock!
[21:22:05] Player (Magick, 76561198797376439)(<7718.648926, 11.241293, 5754.739258>) quick accessed a lock!
[21:22:07] Player (Magick, 76561198797376439)(<7715.110352, 11.241293, 5750.946289>) quick accessed a lock!
[21:22:09] Player (Magick, 76561198797376439)(<7711.328613, 11.241493, 5754.259277>) quick accessed a lock!
[21:22:12] Player (Magick, 76561198797376439)(<7711.676758, 13.064227, 5757.290039>) quick accessed a lock!
[21:22:56] Player (Frank, 76561199004385675)(<7675.137695, 80.001572, 8768.735352>) quick accessed a lock!
[21:24:13] Player (Frank, 76561199004385675)(<7676.613770, 80.001572, 8769.009766>) quick accessed a lock!
[21:25:23] Player (THE STITTIES, 76561199206265093)(<7721.246582, 10.096925, 5739.351074>) quick accessed a lock!
[21:26:36] Player (Frank, 76561199004385675)(<7676.613770, 80.001572, 8769.009766>) quick accessed a lock!
[21:26:50] Player (Frank, 76561199004385675)(<7675.137695, 80.001572, 8768.735352>) quick accessed a lock!
[21:27:55] Player (Frank, 76561199004385675)(<7676.613770, 80.001572, 8769.009766>) quick accessed a lock!
[21:28:07] Player (THE STITTIES, 76561199206265093)(<7721.246582, 10.096925, 5739.351074>) quick accessed a lock!
[21:28:12] Player (THE STITTIES, 76561199206265093)(<7720.900391, 10.051270, 5740.673340>) quick accessed a lock!
[21:28:17] Player (THE STITTIES, 76561199206265093)(<7720.982910, 10.050047, 5737.982422>) quick accessed a lock!
[21:28:18] Player (Frank, 76561199004385675)(<7681.709473, 80.001579, 8772.617188>) quick accessed a lock!
[21:28:23] Player (THE STITTIES, 76561199206265093)(<7720.990723, 10.049141, 5737.335938>) quick accessed a lock!
[21:28:29] Player (THE STITTIES, 76561199206265093)(<7720.912598, 10.051270, 5741.343750>) quick accessed a lock!
[21:29:36] Player (Frank, 76561199004385675)(<7676.958984, 75.988075, 8766.182617>) quick accessed a lock!
[21:29:47] Player (Frank, 76561199004385675)(<7674.046875, 78.006523, 8772.409180>) quick accessed a lock!
[21:29:53] Player (Frank, 76561199004385675)(<7681.709473, 80.001579, 8772.617188>) quick accessed a lock!
[21:30:04] Player (Frank, 76561199004385675)(<7676.165527, 83.987900, 8767.415039>) quick accessed a lock!
[21:30:06] Player (Frank, 76561199004385675)(<7676.165527, 83.987900, 8767.415039>) quick accessed a lock!
[21:30:38] Player (THE STITTIES, 76561199206265093)(<7718.352051, 10.051284, 5744.640625>) quick accessed a lock!
[21:30:40] Player (THE STITTIES, 76561199206265093)(<7715.562500, 10.097129, 5747.966797>) quick accessed a lock!
[21:30:48] Player (Frank, 76561199004385675)(<7680.255371, 72.015587, 8773.303711>) quick accessed a lock!
[21:32:21] Player (Frank, 76561199004385675)(<7680.255371, 72.015587, 8773.303711>) quick accessed a lock!
[21:33:23] Player (Frank, 76561199004385675)(<7680.255371, 72.015587, 8773.303711>) quick accessed a lock!
[21:35:48] Player (THE STITTIES, 76561199206265093)(<7721.246582, 10.096925, 5739.351074>) quick accessed a lock!
[21:36:02] Player (Frank, 76561199004385675)(<7695.473633, 72.137520, 8781.058594>) quick accessed a lock!
[21:36:35] Player (Magick, 76561198797376439)(<7661.620605, 10.065259, 5743.938965>) quick accessed a lock!
[21:36:43] Player (Magick, 76561198797376439)(<7685.414551, 11.242929, 5739.559082>) quick accessed a lock!
[21:36:47] Player (Magick, 76561198797376439)(<7691.488770, 11.242929, 5738.411621>) quick accessed a lock!
[21:36:49] Player (Magick, 76561198797376439)(<7693.700684, 11.240681, 5741.929688>) quick accessed a lock!
[21:39:15] Player (BeefySTi, 76561198095923512)(<7711.676758, 16.282442, 5757.290039>) quick accessed a lock!
[21:39:19] Player (BeefySTi, 76561198095923512)(<7714.426758, 14.460321, 5758.039551>) quick accessed a lock!
[21:39:22] Player (BeefySTi, 76561198095923512)(<7718.428711, 14.459305, 5754.732910>) quick accessed a lock!
[21:39:29] Player (BeefySTi, 76561198095923512)(<7714.900879, 14.460533, 5750.724121>) quick accessed a lock!
[21:39:38] Player (BeefySTi, 76561198095923512)(<7691.411621, 14.460941, 5739.756836>) quick accessed a lock!
[21:39:40] Player (BeefySTi, 76561198095923512)(<7689.023438, 14.242929, 5742.030762>) quick accessed a lock!
[21:39:47] Player (BeefySTi, 76561198095923512)(<7685.389648, 10.064847, 5744.467285>) quick accessed a lock!
[21:41:12] Player (BeefySTi, 76561198095923512)(<7661.620605, 10.065259, 5743.938965>) quick accessed a lock!
[21:51:54] Player (BeefySTi, 76561198095923512)(<7685.414551, 11.242929, 5739.559082>) quick accessed a lock!
[21:52:04] Player (BeefySTi, 76561198095923512)(<7703.081543, 14.460941, 5744.566895>) quick accessed a lock!
[21:52:13] Player (BeefySTi, 76561198095923512)(<7694.773438, 13.271531, 5742.550781>) quick accessed a lock!
[22:01:50] Player (BeefySTi, 76561198095923512)(<7702.797852, 13.271327, 5743.583984>) quick accessed a lock!
[22:02:05] Player (BeefySTi, 76561198095923512)(<7702.793945, 13.271327, 5746.936523>) quick accessed a lock!
[22:02:28] Player (BeefySTi, 76561198095923512)(<7694.773438, 13.271531, 5742.550781>) quick accessed a lock!
[22:02:46] Player (BeefySTi, 76561198095923512)(<7703.081543, 14.460941, 5744.566895>) quick accessed a lock!
[22:02:53] Player (BeefySTi, 76561198095923512)(<7714.900879, 14.460533, 5750.724121>) quick accessed a lock!
[22:02:56] Player (BeefySTi, 76561198095923512)(<7718.428711, 14.459305, 5754.732910>) quick accessed a lock!
[22:02:59] Player (BeefySTi, 76561198095923512)(<7714.426758, 14.460321, 5758.039551>) quick accessed a lock!
[22:03:01] Player (BeefySTi, 76561198095923512)(<7711.676758, 16.282442, 5757.290039>) quick accessed a lock!
[22:18:22] Player (BeefySTi, 76561198095923512)(<7718.253418, 11.241493, 5760.514160>) quick accessed a lock!
[22:18:34] Player (BeefySTi, 76561198095923512)(<7662.363281, 8.976425, 5750.038574>) quick accessed a lock!
[22:19:20] Player (BeefySTi, 76561198095923512)(<7714.900879, 14.460533, 5750.724121>) quick accessed a lock!
[22:19:22] Player (BeefySTi, 76561198095923512)(<7718.428711, 14.459305, 5754.732910>) quick accessed a lock!
[22:19:24] Player (BeefySTi, 76561198095923512)(<7714.426758, 14.460321, 5758.039551>) quick accessed a lock!
[22:19:26] Player (BeefySTi, 76561198095923512)(<7711.676758, 16.282442, 5757.290039>) quick accessed a lock!
[22:26:22] Player (Frank, 76561199004385675)(<7695.473633, 72.137520, 8781.058594>) quick accessed a lock!
[22:28:49] Player (Frank, 76561199004385675)(<7680.255371, 72.015587, 8773.303711>) quick accessed a lock!
[22:30:07] Player (Frank, 76561199004385675)(<7676.165527, 83.987900, 8767.415039>) quick accessed a lock!
[22:32:37] Player (Frank, 76561199004385675)(<7676.165527, 83.987900, 8767.415039>) quick accessed a lock!
[22:36:53] Player (Frank, 76561199004385675)(<7676.165527, 83.987900, 8767.415039>) quick accessed a lock!
[22:54:23] Player (BeefySTi, 76561198095923512)(<7716.231445, 12.100084, 5773.678223>) quick accessed a lock!
[22:54:28] Player (BeefySTi, 76561198095923512)(<7718.253418, 11.241493, 5760.514160>) quick accessed a lock!
[22:54:30] Player (BeefySTi, 76561198095923512)(<7718.648926, 11.241293, 5754.739258>) quick accessed a lock!
[22:54:34] Player (BeefySTi, 76561198095923512)(<7715.110352, 11.241293, 5750.946289>) quick accessed a lock!
[22:54:38] Player (BeefySTi, 76561198095923512)(<7711.328613, 11.241493, 5754.259277>) quick accessed a lock!
[22:54:41] Player (BeefySTi, 76561198095923512)(<7711.676758, 13.064227, 5757.290039>) quick accessed a lock!
[22:54:48] Player (THE STITTIES, 76561199206265093)(<7718.253418, 11.241493, 5760.514160>) quick accessed a lock!
[22:54:50] Player (BeefySTi, 76561198095923512)(<7714.900879, 14.460533, 5750.724121>) quick accessed a lock!
[22:54:50] Player (THE STITTIES, 76561199206265093)(<7718.648926, 11.241293, 5754.739258>) quick accessed a lock!
[22:54:53] Player (THE STITTIES, 76561199206265093)(<7715.110352, 11.241293, 5750.946289>) quick accessed a lock!
[22:54:59] Player (THE STITTIES, 76561199206265093)(<7715.203125, 11.241089, 5740.285156>) quick accessed a lock!
[22:54:59] Player (BeefySTi, 76561198095923512)(<7714.900879, 14.460533, 5750.724121>) quick accessed a lock!
[22:55:00] Player (BeefySTi, 76561198095923512)(<7718.428711, 14.459305, 5754.732910>) quick accessed a lock!
[22:55:02] Player (BeefySTi, 76561198095923512)(<7714.426758, 14.460321, 5758.039551>) quick accessed a lock!
[22:55:08] Player (THE STITTIES, 76561199206265093)(<7718.352051, 10.051284, 5744.640625>) quick accessed a lock!
[22:57:02] Player (Frank, 76561199004385675)(<7676.613770, 80.001572, 8769.009766>) quick accessed a lock!
[22:57:23] Player (BeefySTi, 76561198095923512)(<7711.676758, 16.282442, 5757.290039>) quick accessed a lock!
[22:57:32] Player (BeefySTi, 76561198095923512)(<7703.081543, 14.460941, 5744.566895>) quick accessed a lock!
[09-10-2022][23.01.03] Log file reloaded ( Server Restart )
[23:06:27] Player (Frank, 76561199004385675)(<7676.613770, 80.001572, 8769.009766>) quick accessed a lock!
[23:07:55] Player (Frank, 76561199004385675)(<7675.137695, 80.001572, 8768.735352>) quick accessed a lock!
[23:09:54] Player (Frank, 76561199004385675)(<7676.958984, 75.988075, 8766.182617>) quick accessed a lock!
[23:10:01] Player (Frank, 76561199004385675)(<7681.902832, 75.988075, 8771.813477>) quick accessed a lock!
[23:10:19] Player (Frank, 76561199004385675)(<7681.709473, 80.001579, 8772.617188>) quick accessed a lock!
