[09-06-2022][01.04.18] New Access Log File Created!
[09-06-2022][03.01.05] Log file reloaded ( Server Restart )
[09-06-2022][07.00.54] Log file reloaded ( Server Restart )
[07:35:38] Player (JakusMallius, 76561198067006084)(<7661.620605, 10.065259, 5743.938965>) quick accessed a lock!
[07:36:10] Player (JakusMallius, 76561198067006084)(<7715.110352, 11.241293, 5750.946289>) quick accessed a lock!
[07:36:13] Player (JakusMallius, 76561198067006084)(<7718.648926, 11.241293, 5754.739258>) quick accessed a lock!
[07:36:15] Player (JakusMallius, 76561198067006084)(<7718.253418, 11.241493, 5760.514160>) quick accessed a lock!
[07:36:19] Player (JakusMallius, 76561198067006084)(<7718.648926, 11.241293, 5754.739258>) quick accessed a lock!
[07:36:22] Player (JakusMallius, 76561198067006084)(<7715.110352, 11.241293, 5750.946289>) quick accessed a lock!
[07:36:34] Player (JakusMallius, 76561198067006084)(<7685.389648, 10.064847, 5744.467285>) quick accessed a lock!
[07:36:47] Player (JakusMallius, 76561198067006084)(<7689.023438, 14.242929, 5742.030762>) quick accessed a lock!
[07:36:52] Player (JakusMallius, 76561198067006084)(<7691.411621, 14.460941, 5739.756836>) quick accessed a lock!
[07:36:59] Player (JakusMallius, 76561198067006084)(<7702.713867, 14.460730, 5756.341309>) quick accessed a lock!
[09:46:13] Player (Frank, 76561199004385675)(<7674.197754, 75.988075, 8766.421875>) quick accessed a lock!
[09:48:16] Player (Frank, 76561199004385675)(<7681.902832, 75.988075, 8771.813477>) quick accessed a lock!
[09:51:38] Player (Frank, 76561199004385675)(<7681.902832, 75.988075, 8771.813477>) quick accessed a lock!
[09:58:21] Player (Frank, 76561199004385675)(<7680.255371, 72.015587, 8773.303711>) quick accessed a lock!
[09:59:00] Player (MRLeok, 76561198829305873)(<7680.255371, 72.015587, 8773.303711>) accessed a lock!
[09:59:00] Player (MRLeok, 76561198829305873)(<7680.255371, 72.015587, 8773.303711>) was added as a guest of a lock!
[09:59:15] Player (MRLeok, 76561198829305873)(<7681.902832, 75.988075, 8771.813477>) accessed a lock!
[09:59:15] Player (MRLeok, 76561198829305873)(<7681.902832, 75.988075, 8771.813477>) was added as a guest of a lock!
[09:59:18] Player (Frank, 76561199004385675)(<7680.255371, 72.015587, 8773.303711>) quick accessed a lock!
[10:00:29] Player (Frank, 76561199004385675)(<7681.902832, 75.988075, 8771.813477>) quick accessed a lock!
[10:00:59] Player (MRLeok, 76561198829305873)(<7681.902832, 75.988075, 8771.813477>) quick accessed a lock!
[10:01:18] Player (Frank, 76561199004385675)(<7680.255371, 72.015587, 8773.303711>) quick accessed a lock!
[10:55:15] Player (Survivor, 76561199004385675)(<7680.255371, 72.015587, 8773.303711>) quick accessed a lock!
[09-06-2022][11.01.09] Log file reloaded ( Server Restart )
[11:03:21] Player (Survivor, 76561199004385675)(<7674.046875, 78.006523, 8772.409180>) set a new passcode on lock!
[11:03:21] Player (Survivor, 76561199004385675)(<7674.046875, 78.006523, 8772.409180>) claimed ownership of a lock!
[11:04:18] Player (Survivor, 76561199004385675)(<7674.197754, 75.988075, 8766.421875>) quick accessed a lock!
[11:04:36] Player (Survivor, 76561199004385675)(<7674.197754, 75.988075, 8766.421875>) quick accessed a lock!
[11:04:58] Player (Survivor, 76561199004385675)(<7675.859863, 75.988075, 8766.452148>) set a new passcode on lock!
[11:04:58] Player (Survivor, 76561199004385675)(<7675.859863, 75.988075, 8766.452148>) claimed ownership of a lock!
[11:05:24] Player (Survivor, 76561199004385675)(<7674.197754, 75.988075, 8766.421875>) quick accessed a lock!
[11:05:29] Player (Survivor, 76561199004385675)(<7674.197754, 75.988075, 8766.421875>) quick accessed a lock!
[11:05:43] Player (Survivor, 76561199004385675)(<7680.255371, 72.015587, 8773.303711>) quick accessed a lock!
[11:09:40] Player (MRLeok, 76561198829305873)(<7680.255371, 72.015587, 8773.303711>) quick accessed a lock!
[11:10:45] Player (MRLeok, 76561198829305873)(<7681.902832, 75.988075, 8771.813477>) quick accessed a lock!
[11:13:25] Player (Survivor, 76561199004385675)(<7680.255371, 72.015587, 8773.303711>) quick accessed a lock!
[11:13:33] Player (MRLeok, 76561198829305873)(<7681.902832, 75.988075, 8771.813477>) quick accessed a lock!
[11:15:16] Player (MRLeok, 76561198829305873)(<7674.046875, 78.006523, 8772.409180>) accessed a lock!
[11:15:16] Player (MRLeok, 76561198829305873)(<7674.046875, 78.006523, 8772.409180>) was added as a guest of a lock!
[11:16:34] Player (MRLeok, 76561198829305873)(<7680.255371, 72.015587, 8773.303711>) quick accessed a lock!
[11:22:12] Player (Survivor, 76561199004385675)(<7680.255371, 72.015587, 8773.303711>) quick accessed a lock!
[11:24:54] Player (Survivor, 76561199004385675)(<7680.255371, 72.015587, 8773.303711>) quick accessed a lock!
[11:24:58] Player (Survivor, 76561199004385675)(<7680.255371, 72.015587, 8773.303711>) quick accessed a lock!
[11:28:49] Player (Survivor, 76561199004385675)(<7680.255371, 72.015587, 8773.303711>) quick accessed a lock!
[11:31:14] Player (Survivor, 76561199004385675)(<7680.255371, 72.015587, 8773.303711>) quick accessed a lock!
[11:33:02] Player (Survivor, 76561199004385675)(<7680.255371, 72.015587, 8773.303711>) quick accessed a lock!
[11:34:33] Player (Survivor, 76561199004385675)(<7680.255371, 72.015587, 8773.303711>) quick accessed a lock!
[11:48:52] Player (MRLeok, 76561198829305873)(<7680.255371, 72.015587, 8773.303711>) quick accessed a lock!
[11:52:11] Player (MRLeok, 76561198829305873)(<7680.255371, 72.015587, 8773.303711>) quick accessed a lock!
[11:52:15] Player (MRLeok, 76561198829305873)(<7680.255371, 72.015587, 8773.303711>) quick accessed a lock!
[11:52:23] Player (MRLeok, 76561198829305873)(<7681.902832, 75.988075, 8771.813477>) quick accessed a lock!
[11:52:45] Player (MRLeok, 76561198829305873)(<7674.046875, 78.006523, 8772.409180>) quick accessed a lock!
[11:58:30] Player (MRLeok, 76561198829305873)(<7680.255371, 72.015587, 8773.303711>) quick accessed a lock!
[11:58:42] Player (MRLeok, 76561198829305873)(<7681.902832, 75.988075, 8771.813477>) quick accessed a lock!
[11:59:03] Player (MRLeok, 76561198829305873)(<7680.255371, 72.015587, 8773.303711>) quick accessed a lock!
[09-06-2022][12.23.56] Log file reloaded ( Server Restart )
[12:28:50] Player (JakusMallius, 76561198067006084)(<7702.713867, 14.460730, 5756.341309>) quick accessed a lock!
[12:34:22] Player (JakusMallius, 76561198067006084)(<7714.900879, 14.460533, 5750.724121>) quick accessed a lock!
[12:34:24] Player (JakusMallius, 76561198067006084)(<7718.428711, 14.459305, 5754.732910>) quick accessed a lock!
[12:34:27] Player (JakusMallius, 76561198067006084)(<7714.426758, 14.460321, 5758.039551>) quick accessed a lock!
[12:34:31] Player (JakusMallius, 76561198067006084)(<7711.676758, 16.282442, 5757.290039>) quick accessed a lock!
[12:39:00] Player (JakusMallius, 76561198067006084)(<7702.713867, 14.460730, 5756.341309>) quick accessed a lock!
[12:42:41] Player (JakusMallius, 76561198067006084)(<7702.713867, 14.460730, 5756.341309>) quick accessed a lock!
[12:42:44] Player (JakusMallius, 76561198067006084)(<7702.713867, 14.460730, 5756.341309>) quick accessed a lock!
[12:47:41] Player (Frank, 76561199004385675)(<7681.902832, 75.988075, 8771.813477>) quick accessed a lock!
[12:47:50] Player (Frank, 76561199004385675)(<7674.046875, 78.006523, 8772.409180>) quick accessed a lock!
[12:48:19] Player (Frank, 76561199004385675)(<7674.046875, 78.006523, 8772.409180>) quick accessed a lock!
[12:48:23] Player (Frank, 76561199004385675)(<7681.902832, 75.988075, 8771.813477>) quick accessed a lock!
[12:48:29] Player (Frank, 76561199004385675)(<7674.046875, 78.006523, 8772.409180>) quick accessed a lock!
[12:48:44] Player (Frank, 76561199004385675)(<7680.255371, 72.015587, 8773.303711>) quick accessed a lock!
[12:48:53] Player (Frank, 76561199004385675)(<7675.859863, 75.988075, 8766.452148>) quick accessed a lock!
[12:48:56] Player (Frank, 76561199004385675)(<7674.197754, 75.988075, 8766.421875>) quick accessed a lock!
[12:59:50] Player (Frank, 76561199004385675)(<7680.255371, 72.015587, 8773.303711>) quick accessed a lock!
[13:04:15] Player (Frank, 76561199004385675)(<7680.255371, 72.015587, 8773.303711>) quick accessed a lock!
[13:05:39] Player (Frank, 76561199004385675)(<7680.255371, 72.015587, 8773.303711>) quick accessed a lock!
[13:08:07] Player (Frank, 76561199004385675)(<7680.255371, 72.015587, 8773.303711>) quick accessed a lock!
[13:10:31] Player (Frank, 76561199004385675)(<7680.255371, 72.015587, 8773.303711>) quick accessed a lock!
[13:12:29] Player (Frank, 76561199004385675)(<7680.255371, 72.015587, 8773.303711>) quick accessed a lock!
[13:18:58] Player (Frank, 76561199004385675)(<7680.255371, 72.015587, 8773.303711>) quick accessed a lock!
[13:21:52] Player (Frank, 76561199004385675)(<7680.255371, 72.015587, 8773.303711>) quick accessed a lock!
[13:22:30] Player (Frank, 76561199004385675)(<7680.255371, 72.015587, 8773.303711>) quick accessed a lock!
[13:22:41] Player (Frank, 76561199004385675)(<7680.255371, 72.015587, 8773.303711>) quick accessed a lock!
[13:23:13] Player (Frank, 76561199004385675)(<7680.255371, 72.015587, 8773.303711>) quick accessed a lock!
[13:25:20] Player (Frank, 76561199004385675)(<7680.255371, 72.015587, 8773.303711>) quick accessed a lock!
[13:25:24] Player (Frank, 76561199004385675)(<7680.255371, 72.015587, 8773.303711>) quick accessed a lock!
[13:25:26] Player (Frank, 76561199004385675)(<7680.255371, 72.015587, 8773.303711>) quick accessed a lock!
[13:27:45] Player (Frank, 76561199004385675)(<7674.046875, 78.006523, 8772.409180>) quick accessed a lock!
[13:28:15] Player (Frank, 76561199004385675)(<7680.255371, 72.015587, 8773.303711>) quick accessed a lock!
[14:09:03] Player (Magick, 76561198797376439)(<7716.260742, 12.267399, 5773.627441>) accessed a lock!
[14:09:03] Player (Magick, 76561198797376439)(<7716.260742, 12.267399, 5773.627441>) was added as a guest of a lock!
[14:09:11] Player (Magick, 76561198797376439)(<7718.253418, 11.241493, 5760.514160>) quick accessed a lock!
[14:09:15] Player (THE STITTIES, 76561199206265093)(<7716.260742, 12.267399, 5773.627441>) accessed a lock!
[14:09:15] Player (THE STITTIES, 76561199206265093)(<7716.260742, 12.267399, 5773.627441>) was added as a guest of a lock!
[14:09:22] Player (Magick, 76561198797376439)(<7718.648926, 11.241293, 5754.739258>) quick accessed a lock!
[14:09:30] Player (THE STITTIES, 76561199206265093)(<7718.253418, 11.241493, 5760.514160>) accessed a lock!
[14:09:30] Player (THE STITTIES, 76561199206265093)(<7718.253418, 11.241493, 5760.514160>) was added as a guest of a lock!
[14:09:41] Player (THE STITTIES, 76561199206265093)(<7718.648926, 11.241293, 5754.739258>) accessed a lock!
[14:09:41] Player (THE STITTIES, 76561199206265093)(<7718.648926, 11.241293, 5754.739258>) was added as a guest of a lock!
[14:09:47] Player (THE STITTIES, 76561199206265093)(<7715.110352, 11.241293, 5750.946289>) accessed a lock!
[14:09:47] Player (THE STITTIES, 76561199206265093)(<7715.110352, 11.241293, 5750.946289>) was added as a guest of a lock!
[14:10:11] Player (THE STITTIES, 76561199206265093)(<7691.488770, 11.242929, 5738.411621>) accessed a lock!
[14:10:11] Player (THE STITTIES, 76561199206265093)(<7691.488770, 11.242929, 5738.411621>) was added as a guest of a lock!
[14:10:19] Player (THE STITTIES, 76561199206265093)(<7685.414551, 11.242929, 5739.559082>) accessed a lock!
[14:10:19] Player (THE STITTIES, 76561199206265093)(<7685.414551, 11.242929, 5739.559082>) was added as a guest of a lock!
[14:10:33] Player (THE STITTIES, 76561199206265093)(<7683.068359, 11.242933, 5747.628906>) accessed a lock!
[14:10:33] Player (THE STITTIES, 76561199206265093)(<7683.068359, 11.242933, 5747.628906>) was added as a guest of a lock!
[14:10:43] Player (THE STITTIES, 76561199206265093)(<7685.389648, 10.064847, 5744.467285>) accessed a lock!
[14:10:43] Player (THE STITTIES, 76561199206265093)(<7685.389648, 10.064847, 5744.467285>) was added as a guest of a lock!
[14:10:47] Player (Magick, 76561198797376439)(<7685.414551, 11.242929, 5739.559082>) quick accessed a lock!
[14:10:50] Player (THE STITTIES, 76561199206265093)(<7689.023438, 14.242929, 5742.030762>) accessed a lock!
[14:10:50] Player (THE STITTIES, 76561199206265093)(<7689.023438, 14.242929, 5742.030762>) was added as a guest of a lock!
[14:10:56] Player (THE STITTIES, 76561199206265093)(<7691.411621, 14.460941, 5739.756836>) accessed a lock!
[14:10:56] Player (THE STITTIES, 76561199206265093)(<7691.411621, 14.460941, 5739.756836>) was added as a guest of a lock!
[14:11:25] Player (THE STITTIES, 76561199206265093)(<7714.900879, 14.460533, 5750.724121>) accessed a lock!
[14:11:25] Player (THE STITTIES, 76561199206265093)(<7714.900879, 14.460533, 5750.724121>) was added as a guest of a lock!
[14:11:31] Player (THE STITTIES, 76561199206265093)(<7718.428711, 14.459305, 5754.732910>) accessed a lock!
[14:11:31] Player (THE STITTIES, 76561199206265093)(<7718.428711, 14.459305, 5754.732910>) was added as a guest of a lock!
[14:11:36] Player (THE STITTIES, 76561199206265093)(<7714.426758, 14.460321, 5758.039551>) accessed a lock!
[14:11:36] Player (THE STITTIES, 76561199206265093)(<7714.426758, 14.460321, 5758.039551>) was added as a guest of a lock!
[14:11:37] Player (Alzbob, 76561198303394031)(<7718.428711, 14.459305, 5754.732910>) quick accessed a lock!
[14:11:49] Player (Magick, 76561198797376439)(<7711.676758, 16.282442, 5757.290039>) quick accessed a lock!
[14:11:54] Player (THE STITTIES, 76561199206265093)(<7711.676758, 13.064227, 5757.290039>) accessed a lock!
[14:11:54] Player (THE STITTIES, 76561199206265093)(<7711.676758, 13.064227, 5757.290039>) was added as a guest of a lock!
[14:12:05] Player (Magick, 76561198797376439)(<7714.426758, 14.460321, 5758.039551>) quick accessed a lock!
[14:12:05] Player (THE STITTIES, 76561199206265093)(<7711.676758, 16.282442, 5757.290039>) accessed a lock!
[14:12:05] Player (THE STITTIES, 76561199206265093)(<7711.676758, 16.282442, 5757.290039>) was added as a guest of a lock!
[14:13:08] Player (THE STITTIES, 76561199206265093)(<7714.426758, 14.460321, 5758.039551>) quick accessed a lock!
[14:13:10] Player (THE STITTIES, 76561199206265093)(<7718.428711, 14.459305, 5754.732910>) quick accessed a lock!
[14:13:13] Player (THE STITTIES, 76561199206265093)(<7714.900879, 14.460533, 5750.724121>) quick accessed a lock!
[14:13:21] Player (Alzbob, 76561198303394031)(<7718.253418, 11.241493, 5760.514160>) quick accessed a lock!
[14:13:24] Player (Alzbob, 76561198303394031)(<7718.648926, 11.241293, 5754.739258>) quick accessed a lock!
[14:13:26] Player (Alzbob, 76561198303394031)(<7715.110352, 11.241293, 5750.946289>) quick accessed a lock!
[14:13:51] Player (Magick, 76561198797376439)(<7711.676758, 16.282442, 5757.290039>) quick accessed a lock!
[14:13:53] Player (Magick, 76561198797376439)(<7711.676758, 13.064227, 5757.290039>) quick accessed a lock!
[14:13:57] Player (Magick, 76561198797376439)(<7711.328613, 11.241493, 5754.259277>) quick accessed a lock!
[14:14:04] Player (THE STITTIES, 76561199206265093)(<7711.676758, 16.282442, 5757.290039>) quick accessed a lock!
[14:14:17] Player (THE STITTIES, 76561199206265093)(<7715.110352, 11.241293, 5750.946289>) quick accessed a lock!
[14:14:36] Player (Alzbob, 76561198303394031)(<7705.694824, 11.241705, 5742.292969>) quick accessed a lock!
[14:14:36] Player (Magick, 76561198797376439)(<7693.700684, 11.240681, 5741.929688>) quick accessed a lock!
[14:14:51] Player (Alzbob, 76561198303394031)(<7705.879883, 10.027159, 5751.533691>) quick accessed a lock!
[14:15:09] Player (Alzbob, 76561198303394031)(<7705.879883, 10.027159, 5751.533691>) quick accessed a lock!
[14:17:09] Player (THE STITTIES, 76561199206265093)(<7715.203125, 11.241089, 5740.285156>) set a new passcode on lock!
[14:17:09] Player (THE STITTIES, 76561199206265093)(<7715.203125, 11.241089, 5740.285156>) claimed ownership of a lock!
[14:19:43] Player (JakusMallius, 76561198067006084)(<7711.328613, 11.241493, 5754.259277>) quick accessed a lock!
[14:19:47] Player (JakusMallius, 76561198067006084)(<7711.676758, 13.064227, 5757.290039>) quick accessed a lock!
[14:19:53] Player (JakusMallius, 76561198067006084)(<7714.426758, 14.460321, 5758.039551>) quick accessed a lock!
[14:19:56] Player (JakusMallius, 76561198067006084)(<7718.428711, 14.459305, 5754.732910>) quick accessed a lock!
[14:20:36] Player (JakusMallius, 76561198067006084)(<7702.713867, 14.460730, 5756.341309>) quick accessed a lock!
[14:20:48] Player (JakusMallius, 76561198067006084)(<7702.713867, 14.460730, 5756.341309>) quick accessed a lock!
[14:20:59] Player (JakusMallius, 76561198067006084)(<7691.411621, 14.460941, 5739.756836>) quick accessed a lock!
[14:21:01] Player (JakusMallius, 76561198067006084)(<7689.023438, 14.242929, 5742.030762>) quick accessed a lock!
[14:21:06] Player (JakusMallius, 76561198067006084)(<7689.023438, 14.242929, 5742.030762>) quick accessed a lock!
[14:21:09] Player (JakusMallius, 76561198067006084)(<7691.411621, 14.460941, 5739.756836>) quick accessed a lock!
[14:21:14] Player (Frank, 76561199004385675)(<7680.255371, 72.015587, 8773.303711>) quick accessed a lock!
[14:22:17] Player (Frank, 76561199004385675)(<7680.255371, 72.015587, 8773.303711>) quick accessed a lock!
[14:24:27] Player (Magick, 76561198797376439)(<7691.488770, 11.242929, 5738.411621>) quick accessed a lock!
[14:24:56] Player (JakusMallius, 76561198067006084)(<7711.676758, 16.282442, 5757.290039>) quick accessed a lock!
[14:25:02] Player (JakusMallius, 76561198067006084)(<7714.426758, 14.460321, 5758.039551>) quick accessed a lock!
[14:25:06] Player (JakusMallius, 76561198067006084)(<7718.428711, 14.459305, 5754.732910>) quick accessed a lock!
[14:25:10] Player (JakusMallius, 76561198067006084)(<7714.900879, 14.460533, 5750.724121>) quick accessed a lock!
[14:25:16] Player (JakusMallius, 76561198067006084)(<7702.713867, 14.460730, 5756.341309>) quick accessed a lock!
[14:27:28] Player (Frank, 76561199004385675)(<7680.255371, 72.015587, 8773.303711>) quick accessed a lock!
[14:27:51] Player (Frank, 76561199004385675)(<7681.902832, 75.988075, 8771.813477>) quick accessed a lock!
[14:28:01] Player (Frank, 76561199004385675)(<7681.902832, 75.988075, 8771.813477>) quick accessed a lock!
[14:28:07] Player (Frank, 76561199004385675)(<7680.255371, 72.015587, 8773.303711>) quick accessed a lock!
[14:33:37] Player (Frank, 76561199004385675)(<7680.255371, 72.015587, 8773.303711>) quick accessed a lock!
[14:34:08] Player (Frank, 76561199004385675)(<7674.046875, 78.006523, 8772.409180>) quick accessed a lock!
[14:36:04] Player (Frank, 76561199004385675)(<7681.902832, 75.988075, 8771.813477>) quick accessed a lock!
[14:36:23] Player (MRLeok, 76561198829305873)(<7680.255371, 72.015587, 8773.303711>) quick accessed a lock!
[14:36:27] Player (Frank, 76561199004385675)(<7675.859863, 75.988075, 8766.452148>) quick accessed a lock!
[14:41:03] Player (Frank, 76561199004385675)(<7674.046875, 78.006523, 8772.409180>) quick accessed a lock!
[14:41:05] Player (Frank, 76561199004385675)(<7674.046875, 78.006523, 8772.409180>) quick accessed a lock!
[09-06-2022][15.00.54] Log file reloaded ( Server Restart )
[15:04:00] Player (Frank, 76561199004385675)(<7674.046875, 78.006523, 8772.409180>) quick accessed a lock!
[15:04:27] Player (Frank, 76561199004385675)(<7674.046875, 78.006523, 8772.409180>) quick accessed a lock!
[15:05:04] Player (Frank, 76561199004385675)(<7680.255371, 72.015587, 8773.303711>) quick accessed a lock!
[15:06:16] Player (Frank, 76561199004385675)(<7680.255371, 72.015587, 8773.303711>) quick accessed a lock!
[15:07:30] Player (Frank, 76561199004385675)(<7680.255371, 72.015587, 8773.303711>) quick accessed a lock!
[15:08:14] Player (Frank, 76561199004385675)(<7680.255371, 72.015587, 8773.303711>) quick accessed a lock!
[15:11:33] Player (Frank, 76561199004385675)(<7680.255371, 72.015587, 8773.303711>) quick accessed a lock!
[15:12:21] Player (Frank, 76561199004385675)(<7680.255371, 72.015587, 8773.303711>) quick accessed a lock!
[15:49:48] Player (MRLeok, 76561198829305873)(<7680.255371, 72.015587, 8773.303711>) quick accessed a lock!
[15:49:53] Player (MRLeok, 76561198829305873)(<7681.902832, 75.988075, 8771.813477>) quick accessed a lock!
[16:11:37] Player (JakusMallius, 76561198067006084)(<7693.318848, 14.071611, 5773.753418>) accessed a lock!
[16:11:37] Player (JakusMallius, 76561198067006084)(<7693.318848, 14.071611, 5773.753418>) was added as a guest of a lock!
[16:11:55] Player (JakusMallius, 76561198067006084)(<7718.253418, 11.241493, 5760.514160>) quick accessed a lock!
[16:11:58] Player (JakusMallius, 76561198067006084)(<7718.648926, 11.241293, 5754.739258>) quick accessed a lock!
[16:12:02] Player (JakusMallius, 76561198067006084)(<7715.110352, 11.241293, 5750.946289>) quick accessed a lock!
[16:12:04] Player (JakusMallius, 76561198067006084)(<7711.328613, 11.241493, 5754.259277>) quick accessed a lock!
[16:12:07] Player (JakusMallius, 76561198067006084)(<7711.676758, 13.064227, 5757.290039>) quick accessed a lock!
[16:12:14] Player (JakusMallius, 76561198067006084)(<7714.426758, 14.460321, 5758.039551>) quick accessed a lock!
[16:12:16] Player (JakusMallius, 76561198067006084)(<7718.428711, 14.459305, 5754.732910>) quick accessed a lock!
[16:12:20] Player (JakusMallius, 76561198067006084)(<7714.900879, 14.460533, 5750.724121>) quick accessed a lock!
[16:12:25] Player (JakusMallius, 76561198067006084)(<7702.713867, 14.460730, 5756.341309>) quick accessed a lock!
[16:14:26] Player (Magick, 76561198797376439)(<7718.253418, 11.241493, 5760.514160>) quick accessed a lock!
[16:14:28] Player (Magick, 76561198797376439)(<7718.648926, 11.241293, 5754.739258>) quick accessed a lock!
[16:14:33] Player (Magick, 76561198797376439)(<7715.110352, 11.241293, 5750.946289>) quick accessed a lock!
[16:14:38] Player (Alzbob, 76561198303394031)(<7718.253418, 11.241493, 5760.514160>) quick accessed a lock!
[16:14:41] Player (Alzbob, 76561198303394031)(<7718.648926, 11.241293, 5754.739258>) quick accessed a lock!
[16:14:43] Player (Alzbob, 76561198303394031)(<7715.110352, 11.241293, 5750.946289>) quick accessed a lock!
[16:14:53] Player (Alzbob, 76561198303394031)(<7705.694824, 11.241705, 5742.292969>) quick accessed a lock!
[16:14:55] Player (Magick, 76561198797376439)(<7693.700684, 11.240681, 5741.929688>) quick accessed a lock!
[16:15:15] Player (Magick, 76561198797376439)(<7698.786133, 10.026342, 5745.388184>) set a new passcode on lock!
[16:15:15] Player (Magick, 76561198797376439)(<7698.786133, 10.026342, 5745.388184>) claimed ownership of a lock!
[16:15:17] Player (Magick, 76561198797376439)(<7698.786133, 10.026342, 5745.388184>) quick accessed a lock!
[16:16:11] Player (Magick, 76561198797376439)(<7691.488770, 11.242929, 5738.411621>) quick accessed a lock!
[16:16:13] Player (Magick, 76561198797376439)(<7685.414551, 11.242929, 5739.559082>) quick accessed a lock!
[16:16:29] Player (Magick, 76561198797376439)(<7683.068359, 11.242933, 5747.628906>) quick accessed a lock!
[16:17:28] Player (JakusMallius, 76561198067006084)(<7702.713867, 14.460730, 5756.341309>) quick accessed a lock!
[16:17:34] Player (JakusMallius, 76561198067006084)(<7702.713867, 14.460730, 5756.341309>) quick accessed a lock!
[16:17:37] Player (Magick, 76561198797376439)(<7718.253418, 11.241493, 5760.514160>) quick accessed a lock!
[16:17:40] Player (Magick, 76561198797376439)(<7718.648926, 11.241293, 5754.739258>) quick accessed a lock!
[16:17:42] Player (Magick, 76561198797376439)(<7715.110352, 11.241293, 5750.946289>) quick accessed a lock!
[16:17:56] Player (Magick, 76561198797376439)(<7693.700684, 11.240681, 5741.929688>) quick accessed a lock!
[16:18:11] Player (JakusMallius, 76561198067006084)(<7702.713867, 14.460730, 5756.341309>) quick accessed a lock!
[16:23:10] Player (Alzbob, 76561198303394031)(<7705.694824, 11.241705, 5742.292969>) quick accessed a lock!
[16:23:18] Player (Alzbob, 76561198303394031)(<7705.879883, 10.027159, 5751.533691>) quick accessed a lock!
[16:25:34] Player (Alzbob, 76561198303394031)(<7705.694824, 11.241705, 5742.292969>) quick accessed a lock!
[16:25:46] Player (JakusMallius, 76561198067006084)(<7702.713867, 14.460730, 5756.341309>) quick accessed a lock!
[16:25:53] Player (THE STITTIES, 76561199206265093)(<7715.203125, 11.241089, 5740.285156>) quick accessed a lock!
[16:25:54] Player (Alzbob, 76561198303394031)(<7705.694824, 11.241705, 5742.292969>) quick accessed a lock!
[16:25:59] Player (Alzbob, 76561198303394031)(<7705.694824, 11.241705, 5742.292969>) quick accessed a lock!
[16:26:15] Player (Alzbob, 76561198303394031)(<7705.694824, 11.241705, 5742.292969>) quick accessed a lock!
[16:26:24] Player (THE STITTIES, 76561199206265093)(<7715.203125, 11.241089, 5740.285156>) quick accessed a lock!
[16:29:45] Player (Magick, 76561198797376439)(<7698.786133, 10.026342, 5745.388184>) quick accessed a lock!
[16:30:42] Player (Alzbob, 76561198303394031)(<7705.694824, 11.241705, 5742.292969>) quick accessed a lock!
[16:31:20] Player (Alzbob, 76561198303394031)(<7705.694824, 11.241705, 5742.292969>) quick accessed a lock!
[16:31:28] Player (Alzbob, 76561198303394031)(<7705.694824, 11.241705, 5742.292969>) quick accessed a lock!
[16:31:52] Player (Alzbob, 76561198303394031)(<7705.694824, 11.241705, 5742.292969>) quick accessed a lock!
[16:32:49] Player (Magick, 76561198797376439)(<7698.786133, 10.026342, 5745.388184>) quick accessed a lock!
[16:33:32] Player (Magick, 76561198797376439)(<7691.490234, 10.096721, 5747.439941>) set a new passcode on lock!
[16:33:32] Player (Magick, 76561198797376439)(<7691.490234, 10.096721, 5747.439941>) claimed ownership of a lock!
[16:33:37] Player (Magick, 76561198797376439)(<7691.490234, 10.096721, 5747.439941>) quick accessed a lock!
[16:34:15] Player (Alzbob, 76561198303394031)(<7703.440430, 10.097129, 5747.878418>) quick accessed a lock!
[16:34:34] Player (Alzbob, 76561198303394031)(<7703.440430, 10.097129, 5747.878418>) removed a lock!
[16:34:36] Player (Magick, 76561198797376439)(<7698.786133, 10.026342, 5745.388184>) quick accessed a lock!
[16:37:46] Player (Alzbob, 76561198303394031)(<7705.879883, 10.027159, 5751.533691>) quick accessed a lock!
[16:37:48] Player (Alzbob, 76561198303394031)(<7705.694824, 11.241705, 5742.292969>) quick accessed a lock!
[16:43:16] Player (Alzbob, 76561198303394031)(<7703.588867, 10.095260, 5752.885254>) set a new passcode on lock!
[16:43:16] Player (Alzbob, 76561198303394031)(<7703.588867, 10.095260, 5752.885254>) claimed ownership of a lock!
[16:45:17] Player (THE STITTIES, 76561199206265093)(<7720.982910, 10.050047, 5737.982422>) set a new passcode on lock!
[16:45:17] Player (THE STITTIES, 76561199206265093)(<7720.982910, 10.050047, 5737.982422>) claimed ownership of a lock!
[16:45:32] Player (THE STITTIES, 76561199206265093)(<7721.246582, 10.096925, 5739.351074>) set a new passcode on lock!
[16:45:32] Player (THE STITTIES, 76561199206265093)(<7721.246582, 10.096925, 5739.351074>) claimed ownership of a lock!
[16:45:50] Player (THE STITTIES, 76561199206265093)(<7720.792969, 10.049220, 5737.386230>) set a new passcode on lock!
[16:45:50] Player (THE STITTIES, 76561199206265093)(<7720.792969, 10.049220, 5737.386230>) claimed ownership of a lock!
[16:53:05] Player (Alzbob, 76561198303394031)(<7703.353027, 10.027159, 5750.373535>) quick accessed a lock!
[16:57:00] Player (Alzbob, 76561198303394031)(<7705.694824, 11.241705, 5742.292969>) quick accessed a lock!
[16:57:19] Player (Alzbob, 76561198303394031)(<7705.694824, 11.241705, 5742.292969>) quick accessed a lock!
[16:58:13] Player (Alzbob, 76561198303394031)(<7703.588867, 10.095260, 5752.885254>) quick accessed a lock!
[16:58:15] Player (Alzbob, 76561198303394031)(<7703.588867, 10.095260, 5752.885254>) quick accessed a lock!
[09-06-2022][17.05.38] Log file reloaded ( Server Restart )
[17:17:06] Player (Alzbob, 76561198303394031)(<7703.588867, 10.095260, 5752.885254>) quick accessed a lock!
[17:17:22] Player (Alzbob, 76561198303394031)(<7705.879883, 10.027159, 5751.533691>) quick accessed a lock!
[17:22:18] Player (Alzbob, 76561198303394031)(<7705.694824, 11.241705, 5742.292969>) quick accessed a lock!
[17:22:22] Player (Alzbob, 76561198303394031)(<7715.110352, 11.241293, 5750.946289>) quick accessed a lock!
[17:22:27] Player (Alzbob, 76561198303394031)(<7715.110352, 11.241293, 5750.946289>) quick accessed a lock!
[17:31:53] Player (Magick, 76561198797376439)(<7691.488770, 11.242929, 5738.411621>) quick accessed a lock!
[17:32:00] Player (Magick, 76561198797376439)(<7685.414551, 11.242929, 5739.559082>) quick accessed a lock!
[17:32:18] Player (Magick, 76561198797376439)(<7685.414551, 11.242929, 5739.559082>) quick accessed a lock!
[17:32:21] Player (Magick, 76561198797376439)(<7685.389648, 10.064847, 5744.467285>) quick accessed a lock!
[17:32:28] Player (Magick, 76561198797376439)(<7689.023438, 14.242929, 5742.030762>) quick accessed a lock!
[17:32:30] Player (Magick, 76561198797376439)(<7691.411621, 14.460941, 5739.756836>) quick accessed a lock!
[17:32:39] Player (Magick, 76561198797376439)(<7714.900879, 14.460533, 5750.724121>) quick accessed a lock!
[17:32:42] Player (Magick, 76561198797376439)(<7718.428711, 14.459305, 5754.732910>) quick accessed a lock!
[17:32:45] Player (Magick, 76561198797376439)(<7714.426758, 14.460321, 5758.039551>) quick accessed a lock!
[17:32:48] Player (Magick, 76561198797376439)(<7711.676758, 16.282442, 5757.290039>) quick accessed a lock!
[18:15:59] Player (Frank, 76561199004385675)(<7680.255371, 72.015587, 8773.303711>) quick accessed a lock!
[18:17:40] Player (Frank, 76561199004385675)(<7680.255371, 72.015587, 8773.303711>) quick accessed a lock!
[18:21:47] Player (Frank, 76561199004385675)(<7681.902832, 75.988075, 8771.813477>) quick accessed a lock!
[18:21:57] Player (Frank, 76561199004385675)(<7674.046875, 78.006523, 8772.409180>) quick accessed a lock!
[18:21:59] Player (BeefySTi, 76561198095923512)(<7716.260742, 12.267399, 5773.627441>) quick accessed a lock!
[18:25:06] Player (BeefySTi, 76561198095923512)(<7716.260742, 12.267399, 5773.627441>) quick accessed a lock!
[18:25:31] Player (Magick, 76561198797376439)(<7662.359863, 9.110071, 5749.989746>) accessed a lock!
[18:25:31] Player (Magick, 76561198797376439)(<7662.359863, 9.110071, 5749.989746>) was added as a guest of a lock!
[18:26:21] Player (Frank, 76561199004385675)(<7674.046875, 78.006523, 8772.409180>) quick accessed a lock!
[18:26:26] Player (Frank, 76561199004385675)(<7681.902832, 75.988075, 8771.813477>) quick accessed a lock!
[18:27:51] Player (Frank, 76561199004385675)(<7680.255371, 72.015587, 8773.303711>) quick accessed a lock!
[18:28:00] Player (THE STITTIES, 76561199206265093)(<7718.253418, 11.241493, 5760.514160>) quick accessed a lock!
[18:28:02] Player (THE STITTIES, 76561199206265093)(<7718.648926, 11.241293, 5754.739258>) quick accessed a lock!
[18:28:05] Player (THE STITTIES, 76561199206265093)(<7715.110352, 11.241293, 5750.946289>) quick accessed a lock!
[18:28:09] Player (THE STITTIES, 76561199206265093)(<7715.203125, 11.241089, 5740.285156>) quick accessed a lock!
[18:28:41] Player (THE STITTIES, 76561199206265093)(<7720.982910, 10.050047, 5737.982422>) quick accessed a lock!
[18:28:55] Player (Alzbob, 76561198303394031)(<7721.397461, 5.455216, 5745.811035>) accessed a lock!
[18:28:55] Player (Alzbob, 76561198303394031)(<7721.397461, 5.455216, 5745.811035>) was added as a guest of a lock!
[18:29:05] Player (THE STITTIES, 76561199206265093)(<7721.246582, 10.096925, 5739.351074>) quick accessed a lock!
[18:29:59] Player (BeefySTi, 76561198095923512)(<7716.231445, 12.100084, 5773.678223>) set a new passcode on lock!
[18:29:59] Player (BeefySTi, 76561198095923512)(<7716.231445, 12.100084, 5773.678223>) claimed ownership of a lock!
[18:30:00] Player (THE STITTIES, 76561199206265093)(<7715.110352, 11.241293, 5750.946289>) quick accessed a lock!
[18:30:00] Player (BeefySTi, 76561198095923512)(<7716.231445, 12.100084, 5773.678223>) quick accessed a lock!
[18:30:02] Player (THE STITTIES, 76561199206265093)(<7718.648926, 11.241293, 5754.739258>) quick accessed a lock!
[18:30:05] Player (THE STITTIES, 76561199206265093)(<7718.253418, 11.241493, 5760.514160>) quick accessed a lock!
[18:30:31] Player (BeefySTi, 76561198095923512)(<7662.363281, 8.976425, 5750.038574>) set a new passcode on lock!
[18:30:31] Player (BeefySTi, 76561198095923512)(<7662.363281, 8.976425, 5750.038574>) claimed ownership of a lock!
[18:30:34] Player (Magick, 76561198797376439)(<7683.068359, 11.242933, 5747.628906>) quick accessed a lock!
[18:30:38] Player (Magick, 76561198797376439)(<7685.414551, 11.242929, 5739.559082>) quick accessed a lock!
[18:30:41] Player (Magick, 76561198797376439)(<7693.700684, 11.240681, 5741.929688>) quick accessed a lock!
[18:30:43] Player (THE STITTIES, 76561199206265093)(<7662.363281, 8.976425, 5750.038574>) accessed a lock!
[18:30:43] Player (THE STITTIES, 76561199206265093)(<7662.363281, 8.976425, 5750.038574>) was added as a guest of a lock!
[18:30:56] Player (Magick, 76561198797376439)(<7683.068359, 11.242933, 5747.628906>) quick accessed a lock!
[18:31:29] Player (Alzbob, 76561198303394031)(<7716.231445, 12.100084, 5773.678223>) accessed a lock!
[18:31:29] Player (Alzbob, 76561198303394031)(<7716.231445, 12.100084, 5773.678223>) was added as a guest of a lock!
[18:32:04] Player (Frank, 76561199004385675)(<7681.902832, 75.988075, 8771.813477>) quick accessed a lock!
[18:32:11] Player (Frank, 76561199004385675)(<7674.046875, 78.006523, 8772.409180>) quick accessed a lock!
[18:32:44] Player (Alzbob, 76561198303394031)(<7716.231445, 12.100084, 5773.678223>) quick accessed a lock!
[18:33:41] Player (THE STITTIES, 76561199206265093)(<7718.253418, 11.241493, 5760.514160>) quick accessed a lock!
[18:33:43] Player (THE STITTIES, 76561199206265093)(<7718.648926, 11.241293, 5754.739258>) quick accessed a lock!
[18:33:45] Player (THE STITTIES, 76561199206265093)(<7715.110352, 11.241293, 5750.946289>) quick accessed a lock!
[18:33:48] Player (BeefySTi, 76561198095923512)(<7711.328613, 11.241493, 5754.259277>) quick accessed a lock!
[18:33:54] Player (BeefySTi, 76561198095923512)(<7711.676758, 13.064227, 5757.290039>) quick accessed a lock!
[18:33:57] Player (Magick, 76561198797376439)(<7711.676758, 16.282442, 5757.290039>) quick accessed a lock!
[18:33:59] Player (Magick, 76561198797376439)(<7714.426758, 14.460321, 5758.039551>) quick accessed a lock!
[18:34:03] Player (Magick, 76561198797376439)(<7718.428711, 14.459305, 5754.732910>) quick accessed a lock!
[18:34:05] Player (Magick, 76561198797376439)(<7714.900879, 14.460533, 5750.724121>) quick accessed a lock!
[18:34:12] Player (Magick, 76561198797376439)(<7691.411621, 14.460941, 5739.756836>) quick accessed a lock!
[18:34:14] Player (Magick, 76561198797376439)(<7689.023438, 14.242929, 5742.030762>) quick accessed a lock!
[18:34:18] Player (Magick, 76561198797376439)(<7685.389648, 10.064847, 5744.467285>) quick accessed a lock!
[18:34:29] Player (Magick, 76561198797376439)(<7685.389648, 10.064847, 5744.467285>) quick accessed a lock!
[18:34:32] Player (Magick, 76561198797376439)(<7689.023438, 14.242929, 5742.030762>) quick accessed a lock!
[18:34:33] Player (BeefySTi, 76561198095923512)(<7718.428711, 14.459305, 5754.732910>) quick accessed a lock!
[18:34:35] Player (BeefySTi, 76561198095923512)(<7714.900879, 14.460533, 5750.724121>) quick accessed a lock!
[18:34:38] Player (BeefySTi, 76561198095923512)(<7703.081543, 14.460941, 5744.566895>) quick accessed a lock!
[18:34:44] Player (BeefySTi, 76561198095923512)(<7695.133301, 13.317185, 5742.659180>) quick accessed a lock!
[18:35:08] Player (Frank, 76561199004385675)(<7695.473633, 72.137520, 8781.058594>) set a new passcode on lock!
[18:35:08] Player (Frank, 76561199004385675)(<7695.473633, 72.137520, 8781.058594>) claimed ownership of a lock!
[18:36:05] Player (Frank, 76561199004385675)(<7674.046875, 78.006523, 8772.409180>) quick accessed a lock!
[18:36:42] Player (THE STITTIES, 76561199206265093)(<7718.253418, 11.241493, 5760.514160>) quick accessed a lock!
[18:36:47] Player (THE STITTIES, 76561199206265093)(<7718.648926, 11.241293, 5754.739258>) quick accessed a lock!
[18:36:50] Player (THE STITTIES, 76561199206265093)(<7715.110352, 11.241293, 5750.946289>) quick accessed a lock!
[18:39:03] Player (Magick, 76561198797376439)(<7711.676758, 16.282442, 5757.290039>) quick accessed a lock!
[18:39:13] Player (Magick, 76561198797376439)(<7711.328613, 11.241493, 5754.259277>) quick accessed a lock!
[18:39:36] Player (Magick, 76561198797376439)(<7698.786133, 10.026342, 5745.388184>) quick accessed a lock!
[18:41:36] Player (BeefySTi, 76561198095923512)(<7715.110352, 11.241293, 5750.946289>) quick accessed a lock!
[18:41:38] Player (BeefySTi, 76561198095923512)(<7718.648926, 11.241293, 5754.739258>) quick accessed a lock!
[18:41:39] Player (BeefySTi, 76561198095923512)(<7718.253418, 11.241493, 5760.514160>) quick accessed a lock!
[18:41:40] Player (THE STITTIES, 76561199206265093)(<7715.203125, 11.241089, 5740.285156>) quick accessed a lock!
[18:41:42] Player (BeefySTi, 76561198095923512)(<7716.231445, 12.100084, 5773.678223>) quick accessed a lock!
[18:41:43] Player (THE STITTIES, 76561199206265093)(<7721.246582, 10.096925, 5739.351074>) quick accessed a lock!
[18:44:47] Player (THE STITTIES, 76561199206265093)(<7720.792969, 10.049220, 5737.386230>) quick accessed a lock!
[18:44:58] Player (Magick, 76561198797376439)(<7716.231445, 12.100084, 5773.678223>) accessed a lock!
[18:44:58] Player (Magick, 76561198797376439)(<7716.231445, 12.100084, 5773.678223>) was added as a guest of a lock!
[18:45:05] Player (BeefySTi, 76561198095923512)(<7718.253418, 11.241493, 5760.514160>) quick accessed a lock!
[18:45:14] Player (Magick, 76561198797376439)(<7693.700684, 11.240681, 5741.929688>) quick accessed a lock!
[18:46:14] Player (MRLeok, 76561198829305873)(<7695.473633, 72.137520, 8781.058594>) accessed a lock!
[18:46:14] Player (MRLeok, 76561198829305873)(<7695.473633, 72.137520, 8781.058594>) was added as a guest of a lock!
[18:46:46] Player (BeefySTi, 76561198095923512)(<7714.426758, 14.460321, 5758.039551>) quick accessed a lock!
[18:46:56] Player (BeefySTi, 76561198095923512)(<7703.081543, 14.460941, 5744.566895>) quick accessed a lock!
[18:48:03] Player (MRLeok, 76561198829305873)(<7695.473633, 72.137520, 8781.058594>) quick accessed a lock!
[18:48:12] Player (MRLeok, 76561198829305873)(<7695.473633, 72.137520, 8781.058594>) quick accessed a lock!
[18:48:12] Player (BeefySTi, 76561198095923512)(<7703.081543, 14.460941, 5744.566895>) quick accessed a lock!
[18:48:21] Player (BeefySTi, 76561198095923512)(<7714.900879, 14.460533, 5750.724121>) quick accessed a lock!
[18:48:23] Player (BeefySTi, 76561198095923512)(<7718.428711, 14.459305, 5754.732910>) quick accessed a lock!
[18:48:25] Player (BeefySTi, 76561198095923512)(<7718.428711, 14.459305, 5754.732910>) quick accessed a lock!
[18:48:25] Player (MRLeok, 76561198829305873)(<7680.255371, 72.015587, 8773.303711>) quick accessed a lock!
[18:48:32] Player (BeefySTi, 76561198095923512)(<7703.081543, 14.460941, 5744.566895>) quick accessed a lock!
[18:49:07] Player (THE STITTIES, 76561199206265093)(<7720.982910, 10.050047, 5737.982422>) quick accessed a lock!
[18:49:54] Player (THE STITTIES, 76561199206265093)(<7721.246582, 10.096925, 5739.351074>) quick accessed a lock!
[18:49:59] Player (THE STITTIES, 76561199206265093)(<7721.246582, 10.096925, 5739.351074>) quick accessed a lock!
[18:51:15] Player (Magick, 76561198797376439)(<7698.786133, 10.026342, 5745.388184>) quick accessed a lock!
[18:51:23] Player (MRLeok, 76561198829305873)(<7674.046875, 78.006523, 8772.409180>) quick accessed a lock!
[18:51:32] Player (MRLeok, 76561198829305873)(<7681.902832, 75.988075, 8771.813477>) quick accessed a lock!
[18:52:42] Player (Magick, 76561198797376439)(<7715.110352, 11.241293, 5750.946289>) quick accessed a lock!
[18:52:44] Player (Magick, 76561198797376439)(<7718.648926, 11.241293, 5754.739258>) quick accessed a lock!
[18:52:47] Player (Magick, 76561198797376439)(<7718.253418, 11.241493, 5760.514160>) quick accessed a lock!
[18:52:52] Player (Magick, 76561198797376439)(<7716.231445, 12.100084, 5773.678223>) quick accessed a lock!
[18:53:20] Player (BeefySTi, 76561198095923512)(<7703.081543, 14.460941, 5744.566895>) quick accessed a lock!
[18:53:23] Player (BeefySTi, 76561198095923512)(<7714.900879, 14.460533, 5750.724121>) quick accessed a lock!
[18:53:28] Player (BeefySTi, 76561198095923512)(<7718.428711, 14.459305, 5754.732910>) quick accessed a lock!
[18:54:55] Player (Magick, 76561198797376439)(<7716.231445, 12.100084, 5773.678223>) quick accessed a lock!
[18:55:02] Player (Magick, 76561198797376439)(<7718.253418, 11.241493, 5760.514160>) quick accessed a lock!
[18:55:05] Player (Magick, 76561198797376439)(<7718.648926, 11.241293, 5754.739258>) quick accessed a lock!
[18:55:21] Player (Magick, 76561198797376439)(<7698.786133, 10.026342, 5745.388184>) quick accessed a lock!
[18:55:23] Player (THE STITTIES, 76561199206265093)(<7721.246582, 10.096925, 5739.351074>) quick accessed a lock!
[18:58:09] Player (Magick, 76561198797376439)(<7698.786133, 10.026342, 5745.388184>) quick accessed a lock!
[18:58:49] Player (Magick, 76561198797376439)(<7698.786133, 10.026342, 5745.388184>) quick accessed a lock!
[18:59:56] Player (BeefySTi, 76561198095923512)(<7716.231445, 12.100084, 5773.678223>) quick accessed a lock!
[09-06-2022][19.00.57] Log file reloaded ( Server Restart )
[20:05:26] Player (BeefySTi, 76561198095923512)(<7716.231445, 12.100084, 5773.678223>) quick accessed a lock!
[20:05:35] Player (BeefySTi, 76561198095923512)(<7718.253418, 11.241493, 5760.514160>) quick accessed a lock!
[20:05:37] Player (BeefySTi, 76561198095923512)(<7718.648926, 11.241293, 5754.739258>) quick accessed a lock!
[20:05:40] Player (BeefySTi, 76561198095923512)(<7715.110352, 11.241293, 5750.946289>) quick accessed a lock!
[20:05:44] Player (BeefySTi, 76561198095923512)(<7711.328613, 11.241493, 5754.259277>) quick accessed a lock!
[20:05:46] Player (BeefySTi, 76561198095923512)(<7711.676758, 13.064227, 5757.290039>) quick accessed a lock!
[20:05:53] Player (BeefySTi, 76561198095923512)(<7714.426758, 14.460321, 5758.039551>) quick accessed a lock!
[20:05:55] Player (BeefySTi, 76561198095923512)(<7718.428711, 14.459305, 5754.732910>) quick accessed a lock!
[20:05:58] Player (BeefySTi, 76561198095923512)(<7714.900879, 14.460533, 5750.724121>) quick accessed a lock!
[20:06:08] Player (BeefySTi, 76561198095923512)(<7703.081543, 14.460941, 5744.566895>) quick accessed a lock!
[20:06:22] Player (BeefySTi, 76561198095923512)(<7697.368652, 13.269001, 5747.784668>) quick accessed a lock!
[20:08:04] Player (BeefySTi, 76561198095923512)(<7702.797852, 13.271327, 5743.583984>) quick accessed a lock!
[20:10:34] Player (BeefySTi, 76561198095923512)(<7695.133301, 13.317185, 5742.659180>) quick accessed a lock!
[20:18:20] Player (Frank, 76561199004385675)(<7674.046875, 78.006523, 8772.409180>) quick accessed a lock!
[20:18:31] Player (Frank, 76561199004385675)(<7674.046875, 78.006523, 8772.409180>) quick accessed a lock!
[20:21:42] Player (Frank, 76561199004385675)(<7681.902832, 75.988075, 8771.813477>) quick accessed a lock!
[20:44:19] Player (Frank, 76561199004385675)(<7674.197754, 75.988075, 8766.421875>) quick accessed a lock!
[20:44:35] Player (MRLeok, 76561198829305873)(<7680.255371, 72.015587, 8773.303711>) quick accessed a lock!
[20:45:04] Player (Frank, 76561199004385675)(<7675.859863, 75.988075, 8766.452148>) quick accessed a lock!
[20:45:38] Player (Frank, 76561199004385675)(<7680.255371, 72.015587, 8773.303711>) quick accessed a lock!
[20:46:33] Player (Frank, 76561199004385675)(<7695.473633, 72.137520, 8781.058594>) quick accessed a lock!
[20:53:05] Player (MRLeok, 76561198829305873)(<7680.255371, 72.015587, 8773.303711>) quick accessed a lock!
[20:53:17] Player (MRLeok, 76561198829305873)(<7680.255371, 72.015587, 8773.303711>) quick accessed a lock!
[20:55:07] Player (MRLeok, 76561198829305873)(<7680.255371, 72.015587, 8773.303711>) quick accessed a lock!
[20:59:13] Player (MRLeok, 76561198829305873)(<7674.046875, 78.006523, 8772.409180>) quick accessed a lock!
[20:59:36] Player (Frank, 76561199004385675)(<7680.255371, 72.015587, 8773.303711>) quick accessed a lock!
[21:00:24] Player (Frank, 76561199004385675)(<7680.255371, 72.015587, 8773.303711>) quick accessed a lock!
[21:01:12] Player (MRLeok, 76561198829305873)(<7680.255371, 72.015587, 8773.303711>) quick accessed a lock!
[21:01:42] Player (MRLeok, 76561198829305873)(<7680.255371, 72.015587, 8773.303711>) quick accessed a lock!
[21:03:30] Player (Frank, 76561199004385675)(<7680.255371, 72.015587, 8773.303711>) quick accessed a lock!
[21:04:40] Player (Frank, 76561199004385675)(<7680.255371, 72.015587, 8773.303711>) quick accessed a lock!
[21:04:46] Player (Frank, 76561199004385675)(<7681.902832, 75.988075, 8771.813477>) quick accessed a lock!
[21:17:33] Player (MRLeok, 76561198829305873)(<7680.255371, 72.015587, 8773.303711>) quick accessed a lock!
[21:17:42] Player (MRLeok, 76561198829305873)(<7681.902832, 75.988075, 8771.813477>) quick accessed a lock!
[21:17:54] Player (MRLeok, 76561198829305873)(<7675.859863, 75.988075, 8766.452148>) accessed a lock!
[21:17:54] Player (MRLeok, 76561198829305873)(<7675.859863, 75.988075, 8766.452148>) was added as a guest of a lock!
[21:18:00] Player (MRLeok, 76561198829305873)(<7674.046875, 78.006523, 8772.409180>) quick accessed a lock!
[21:20:14] Player (MRLeok, 76561198829305873)(<7680.255371, 72.015587, 8773.303711>) quick accessed a lock!
[21:29:42] Player (THE STITTIES, 76561199206265093)(<7691.488770, 11.242929, 5738.411621>) quick accessed a lock!
[21:29:49] Player (THE STITTIES, 76561199206265093)(<7715.110352, 11.241293, 5750.946289>) quick accessed a lock!
[21:29:52] Player (THE STITTIES, 76561199206265093)(<7718.648926, 11.241293, 5754.739258>) quick accessed a lock!
[21:29:56] Player (THE STITTIES, 76561199206265093)(<7718.253418, 11.241493, 5760.514160>) quick accessed a lock!
[21:33:07] Player (Frank , 76561199004385675)(<7681.902832, 75.988075, 8771.813477>) quick accessed a lock!
[21:33:51] Player (Frank , 76561199004385675)(<7680.255371, 72.015587, 8773.303711>) quick accessed a lock!
[21:35:52] Player (Frank , 76561199004385675)(<7680.255371, 72.015587, 8773.303711>) quick accessed a lock!
[21:35:55] Player (Frank , 76561199004385675)(<7680.255371, 72.015587, 8773.303711>) quick accessed a lock!
[21:36:43] Player (Frank , 76561199004385675)(<7680.255371, 72.015587, 8773.303711>) quick accessed a lock!
[21:38:19] Player (Frank , 76561199004385675)(<7680.255371, 72.015587, 8773.303711>) quick accessed a lock!
[21:38:56] Player (Frank , 76561199004385675)(<7681.902832, 75.988075, 8771.813477>) quick accessed a lock!
[21:39:00] Player (Frank , 76561199004385675)(<7674.046875, 78.006523, 8772.409180>) quick accessed a lock!
[21:41:29] Player (Frank , 76561199004385675)(<7681.902832, 75.988075, 8771.813477>) quick accessed a lock!
[21:47:31] Player (Frank , 76561199004385675)(<7680.255371, 72.015587, 8773.303711>) quick accessed a lock!
[21:48:07] Player (Frank , 76561199004385675)(<7680.255371, 72.015587, 8773.303711>) quick accessed a lock!
[21:49:07] Player (Frank , 76561199004385675)(<7680.255371, 72.015587, 8773.303711>) quick accessed a lock!
[22:03:49] Player (THE STITTIES, 76561199206265093)(<7716.231445, 12.100084, 5773.678223>) accessed a lock!
[22:03:49] Player (THE STITTIES, 76561199206265093)(<7716.231445, 12.100084, 5773.678223>) was added as a guest of a lock!
[22:03:58] Player (THE STITTIES, 76561199206265093)(<7718.253418, 11.241493, 5760.514160>) quick accessed a lock!
[22:04:01] Player (THE STITTIES, 76561199206265093)(<7718.648926, 11.241293, 5754.739258>) quick accessed a lock!
[22:04:04] Player (THE STITTIES, 76561199206265093)(<7715.110352, 11.241293, 5750.946289>) quick accessed a lock!
[22:04:09] Player (THE STITTIES, 76561199206265093)(<7715.203125, 11.241089, 5740.285156>) quick accessed a lock!
[22:04:11] Player (THE STITTIES, 76561199206265093)(<7721.246582, 10.096925, 5739.351074>) quick accessed a lock!
[22:58:56] Player (Frank, 76561199004385675)(<7680.255371, 72.015587, 8773.303711>) quick accessed a lock!
[23:00:13] Player (Frank, 76561199004385675)(<7674.046875, 78.006523, 8772.409180>) quick accessed a lock!
[23:00:25] Player (Frank, 76561199004385675)(<7681.902832, 75.988075, 8771.813477>) quick accessed a lock!
[23:13:23] Player (Frank, 76561199004385675)(<7674.046875, 78.006523, 8772.409180>) quick accessed a lock!
[23:13:28] Player (Frank, 76561199004385675)(<7681.902832, 75.988075, 8771.813477>) quick accessed a lock!
[23:13:35] Player (Frank, 76561199004385675)(<7674.197754, 75.988075, 8766.421875>) quick accessed a lock!
[23:13:38] Player (Frank, 76561199004385675)(<7675.859863, 75.988075, 8766.452148>) quick accessed a lock!
[23:14:44] Player (Frank, 76561199004385675)(<7674.046875, 78.006523, 8772.409180>) quick accessed a lock!
[23:15:11] Player (Frank, 76561199004385675)(<7680.255371, 72.015587, 8773.303711>) quick accessed a lock!
[23:44:35] Player (Frank, 76561199004385675)(<7680.255371, 72.015587, 8773.303711>) quick accessed a lock!
[23:58:58] Player (Frank, 76561199004385675)(<7680.255371, 72.015587, 8773.303711>) quick accessed a lock!
[00:02:41] Player (Frank, 76561199004385675)(<7680.255371, 72.015587, 8773.303711>) quick accessed a lock!
[00:10:00] Player (Frank, 76561199004385675)(<7674.046875, 78.006523, 8772.409180>) quick accessed a lock!
[00:12:55] Player (Frank, 76561199004385675)(<7681.902832, 75.988075, 8771.813477>) quick accessed a lock!
[00:20:37] Player (Frank, 76561199004385675)(<7680.255371, 72.015587, 8773.303711>) quick accessed a lock!
[00:24:35] Player (Frank, 76561199004385675)(<7680.255371, 72.015587, 8773.303711>) quick accessed a lock!
[00:24:44] Player (Frank, 76561199004385675)(<7675.859863, 75.988075, 8766.452148>) quick accessed a lock!
[00:24:51] Player (Frank, 76561199004385675)(<7674.197754, 75.988075, 8766.421875>) quick accessed a lock!
[00:30:11] Player (Frank, 76561199004385675)(<7674.046875, 78.006523, 8772.409180>) quick accessed a lock!
[00:31:57] Player (Frank, 76561199004385675)(<7675.859863, 75.988075, 8766.452148>) quick accessed a lock!
