[09-07-2022][01.04.08] New Attach Log File Created!
[09-07-2022][03.00.57] Log file reloaded ( Server Restart )
[09-07-2022][07.01.00] Log file reloaded ( Server Restart )
[09-07-2022][10.12.30] Log file reloaded ( Server Restart )
[09-07-2022][10.14.25] Log file reloaded ( Server Restart )
[09-07-2022][10.16.27] Log file reloaded ( Server Restart )
[09-07-2022][10.18.14] Log file reloaded ( Server Restart )
[09-07-2022][11.01.08] Log file reloaded ( Server Restart )
[14:53:04] Player (Frank , 76561199004385675)(<7674.356934, 78.006516, 8770.031250>) attached a lock!
[14:53:18] Player (Frank , 76561199004385675)(<7681.695313, 80.001579, 8771.619141>) attached a lock!
[14:53:36] Player (Frank , 76561199004385675)(<7676.613770, 80.001572, 8769.009766>) attached a lock!
[14:53:54] Player (Frank , 76561199004385675)(<7683.026855, 83.966080, 8745.771484>) attached a lock!
[14:54:39] Player (Frank , 76561199004385675)(<7681.709473, 80.001579, 8772.617188>) attached a lock!
[14:55:03] Player (Frank , 76561199004385675)(<7676.958984, 75.988075, 8766.182617>) attached a lock!
[09-07-2022][15.01.07] Log file reloaded ( Server Restart )
[17:40:22] Player (Frank , 76561199004385675)(<7675.137695, 80.001572, 8768.735352>) attached a lock!
[17:40:41] Player (Frank , 76561199004385675)(<7676.165527, 83.987900, 8767.415039>) attached a lock!
[18:18:23] Player (THE STITTIES, 76561199206265093)(<7718.352051, 10.051284, 5744.640625>) attached a lock!
[18:23:38] Player (THE STITTIES, 76561199206265093)(<7715.562500, 10.097129, 5747.966797>) attached a lock!
[18:23:54] Player (THE STITTIES, 76561199206265093)(<7720.627441, 10.051475, 5748.278809>) attached a lock!
[09-07-2022][19.01.04] Log file reloaded ( Server Restart )
[19:31:30] Player (THE STITTIES, 76561199206265093)(<7718.352051, 10.051284, 5744.640625>) attached a lock!
[09-07-2022][19.43.06] Log file reloaded ( Server Restart )
[22:39:28] Player (BeefySTi, 76561198095923512)(<7697.417969, 13.314333, 5747.804688>) attached a lock!
[22:39:59] Player (BeefySTi, 76561198095923512)(<7697.863770, 13.269459, 5742.461914>) attached a lock!
[22:40:10] Player (BeefySTi, 76561198095923512)(<7697.197754, 13.268526, 5742.450684>) attached a lock!
[22:40:21] Player (BeefySTi, 76561198095923512)(<7696.561523, 13.271531, 5742.445801>) attached a lock!
[22:40:35] Player (BeefySTi, 76561198095923512)(<7695.898926, 13.271531, 5742.437012>) attached a lock!
[22:40:46] Player (BeefySTi, 76561198095923512)(<7702.793945, 13.271327, 5746.936523>) attached a lock!
[22:40:58] Player (BeefySTi, 76561198095923512)(<7691.737793, 13.314800, 5742.585449>) attached a lock!
