28.08.2022 15:51:20 [CarCover] 'CarCover.json' found, loading existing config
28.08.2022 15:52:50 [CarCover] 'CarCover.json' found, loading existing config
28.08.2022 15:56:26 [CarCover] Player BeefySTi (76561198095923512) covered ExpansionMerlin at <8596.791016, 18.545151, 10504.984375>
28.08.2022 16:41:32 [CarCover] 'CarCover.json' found, loading existing config
28.08.2022 17:58:30 [CarCover] 'CarCover.json' found, loading existing config
28.08.2022 19:01:01 [CarCover] 'CarCover.json' found, loading existing config
28.08.2022 23:00:58 [CarCover] 'CarCover.json' found, loading existing config
29.08.2022 03:00:58 [CarCover] 'CarCover.json' found, loading existing config
29.08.2022 07:01:00 [CarCover] 'CarCover.json' found, loading existing config
29.08.2022 11:00:43 [CarCover] 'CarCover.json' found, loading existing config
29.08.2022 15:01:02 [CarCover] 'CarCover.json' found, loading existing config
29.08.2022 19:00:56 [CarCover] 'CarCover.json' found, loading existing config
29.08.2022 22:54:09 [CarCover] 'CarCover.json' found, loading existing config
30.08.2022 03:01:01 [CarCover] 'CarCover.json' found, loading existing config
30.08.2022 07:01:06 [CarCover] 'CarCover.json' found, loading existing config
30.08.2022 11:01:05 [CarCover] 'CarCover.json' found, loading existing config
30.08.2022 15:00:53 [CarCover] 'CarCover.json' found, loading existing config
30.08.2022 19:01:00 [CarCover] 'CarCover.json' found, loading existing config
30.08.2022 20:27:52 [CarCover] 'CarCover.json' found, loading existing config
30.08.2022 20:35:20 [CarCover] 'CarCover.json' found, loading existing config
30.08.2022 20:54:05 [CarCover] 'CarCover.json' found, loading existing config
30.08.2022 21:01:37 [CarCover] 'CarCover.json' found, loading existing config
30.08.2022 21:18:20 [CarCover] 'CarCover.json' found, loading existing config
30.08.2022 21:33:40 [CarCover] 'CarCover.json' found, loading existing config
30.08.2022 21:51:31 [CarCover] 'CarCover.json' found, loading existing config
31.08.2022 03:00:52 [CarCover] 'CarCover.json' found, loading existing config
31.08.2022 07:01:08 [CarCover] 'CarCover.json' found, loading existing config
31.08.2022 11:01:07 [CarCover] 'CarCover.json' found, loading existing config
31.08.2022 15:00:59 [CarCover] 'CarCover.json' found, loading existing config
31.08.2022 18:08:57 [CarCover] 'CarCover.json' found, loading existing config
31.08.2022 18:28:59 [CarCover] 'CarCover.json' found, loading existing config
31.08.2022 18:48:45 [CarCover] 'CarCover.json' found, loading existing config
31.08.2022 19:00:55 [CarCover] 'CarCover.json' found, loading existing config
31.08.2022 19:13:53 [CarCover] 'CarCover.json' found, loading existing config
31.08.2022 19:46:04 [CarCover] 'CarCover.json' found, loading existing config
31.08.2022 19:50:23 [CarCover] 'CarCover.json' found, loading existing config
31.08.2022 19:55:57 [CarCover] 'CarCover.json' found, loading existing config
31.08.2022 20:04:18 [CarCover] 'CarCover.json' found, loading existing config
31.08.2022 20:13:08 [CarCover] 'CarCover.json' found, loading existing config
31.08.2022 22:59:54 [CarCover] 'CarCover.json' found, loading existing config
01.09.2022 03:00:55 [CarCover] 'CarCover.json' found, loading existing config
01.09.2022 07:00:57 [CarCover] 'CarCover.json' found, loading existing config
01.09.2022 11:00:55 [CarCover] 'CarCover.json' found, loading existing config
01.09.2022 12:37:42 [CarCover] 'CarCover.json' found, loading existing config
01.09.2022 14:46:20 [CarCover] 'CarCover.json' found, loading existing config
01.09.2022 15:00:56 [CarCover] 'CarCover.json' found, loading existing config
01.09.2022 17:35:58 [CarCover] 'CarCover.json' found, loading existing config
01.09.2022 17:43:11 [CarCover] 'CarCover.json' found, loading existing config
01.09.2022 19:00:55 [CarCover] 'CarCover.json' found, loading existing config
01.09.2022 22:05:49 [CarCover] Player BeefySTi (76561198095923512) covered Expansion_Landrover_Green at <7667.143066, 10.064483, 5737.524414>
01.09.2022 22:06:04 [CarCover] Player BeefySTi (76561198095923512) uncovered Expansion_Landrover_Green at <7667.143066, 10.064483, 5737.524414>
01.09.2022 22:11:15 [CarCover] Player BeefySTi (76561198095923512) covered Expansion_Landrover_Green at <7667.208008, 10.065128, 5737.373047>
02.09.2022 01:04:05 [CarCover] 'CarCover.json' found, loading existing config
02.09.2022 03:00:57 [CarCover] 'CarCover.json' found, loading existing config
02.09.2022 07:01:01 [CarCover] 'CarCover.json' found, loading existing config
02.09.2022 10:46:41 [CarCover] 'CarCover.json' found, loading existing config
02.09.2022 11:00:52 [CarCover] 'CarCover.json' found, loading existing config
02.09.2022 12:46:24 [CarCover] 'CarCover.json' found, loading existing config
02.09.2022 15:00:59 [CarCover] 'CarCover.json' found, loading existing config
02.09.2022 18:51:55 [CarCover] 'CarCover.json' found, loading existing config
02.09.2022 19:00:58 [CarCover] 'CarCover.json' found, loading existing config
02.09.2022 19:33:13 [CarCover] 'CarCover.json' found, loading existing config
02.09.2022 19:38:12 [CarCover] 'CarCover.json' found, loading existing config
02.09.2022 19:47:32 [CarCover] 'CarCover.json' found, loading existing config
02.09.2022 20:15:45 [CarCover] 'CarCover.json' found, loading existing config
02.09.2022 21:11:58 [CarCover] 'CarCover.json' found, loading existing config
02.09.2022 23:06:39 [CarCover] 'CarCover.json' found, loading existing config
02.09.2022 23:18:10 [CarCover] 'CarCover.json' found, loading existing config
02.09.2022 23:51:59 [CarCover] 'CarCover.json' found, loading existing config
03.09.2022 00:01:25 [CarCover] 'CarCover.json' found, loading existing config
03.09.2022 00:11:21 [CarCover] 'CarCover.json' found, loading existing config
03.09.2022 00:21:20 [CarCover] 'CarCover.json' found, loading existing config
03.09.2022 00:28:28 [CarCover] 'CarCover.json' found, loading existing config
03.09.2022 00:44:04 [CarCover] 'CarCover.json' found, loading existing config
03.09.2022 01:13:04 [CarCover] 'CarCover.json' found, loading existing config
03.09.2022 01:15:49 [CarCover] 'CarCover.json' found, loading existing config
03.09.2022 01:18:02 [CarCover] 'CarCover.json' found, loading existing config
03.09.2022 01:19:57 [CarCover] 'CarCover.json' found, loading existing config
03.09.2022 02:01:36 [CarCover] 'CarCover.json' found, loading existing config
03.09.2022 02:11:42 [CarCover] 'CarCover.json' found, loading existing config
03.09.2022 03:00:53 [CarCover] 'CarCover.json' found, loading existing config
03.09.2022 07:00:58 [CarCover] 'CarCover.json' found, loading existing config
03.09.2022 11:00:55 [CarCover] 'CarCover.json' found, loading existing config
03.09.2022 11:08:19 [CarCover] 'CarCover.json' found, loading existing config
03.09.2022 11:14:31 [CarCover] 'CarCover.json' found, loading existing config
03.09.2022 11:20:09 [CarCover] 'CarCover.json' found, loading existing config
03.09.2022 11:26:43 [CarCover] 'CarCover.json' found, loading existing config
03.09.2022 11:49:35 [CarCover] 'CarCover.json' found, loading existing config
03.09.2022 11:54:02 [CarCover] 'CarCover.json' found, loading existing config
03.09.2022 14:20:00 [CarCover] 'CarCover.json' found, loading existing config
03.09.2022 15:01:02 [CarCover] 'CarCover.json' found, loading existing config
03.09.2022 17:18:26 [CarCover] 'CarCover.json' found, loading existing config
03.09.2022 17:27:16 [CarCover] 'CarCover.json' found, loading existing config
03.09.2022 17:30:50 [CarCover] Player BeefySTi (76561198095923512) covered RFFSHeli_CH53e at <7711.067383, 16.507784, 5742.548340>
03.09.2022 17:35:29 [CarCover] Player Alzbob (76561198303394031) covered RFFSHeli_LittleBird_Desert at <7678.991699, 16.335442, 5743.161133>
03.09.2022 17:48:24 [CarCover] 'CarCover.json' found, loading existing config
03.09.2022 19:01:02 [CarCover] 'CarCover.json' found, loading existing config
03.09.2022 20:35:28 [CarCover] Player BeefySTi (76561198095923512) uncovered RFFSHeli_CH53e at <7711.067383, 16.507784, 5742.548340>
03.09.2022 21:29:08 [CarCover] Player BeefySTi (76561198095923512) covered RFFSHeli_CH53e at <7710.511719, 16.507515, 5744.216797>
03.09.2022 21:30:37 [CarCover] Player BeefySTi (76561198095923512) uncovered Expansion_Landrover_Green at <7667.208008, 10.065128, 5737.373047>
03.09.2022 22:26:39 [CarCover] 'CarCover.json' found, loading existing config
03.09.2022 22:36:54 [CarCover] 'CarCover.json' found, loading existing config
03.09.2022 22:42:13 [CarCover] Player BeefySTi (76561198095923512) covered RFFSHeli_CH53e at <7712.703125, 16.506351, 5746.094727>
04.09.2022 00:51:32 [CarCover] 'CarCover.json' found, loading existing config
04.09.2022 03:01:05 [CarCover] 'CarCover.json' found, loading existing config
04.09.2022 07:00:59 [CarCover] 'CarCover.json' found, loading existing config
04.09.2022 11:01:02 [CarCover] 'CarCover.json' found, loading existing config
04.09.2022 15:01:08 [CarCover] 'CarCover.json' found, loading existing config
04.09.2022 16:20:00 [CarCover] 'CarCover.json' found, loading existing config
04.09.2022 18:06:45 [CarCover] 'CarCover.json' found, loading existing config
04.09.2022 18:47:59 [CarCover] 'CarCover.json' found, loading existing config
04.09.2022 19:01:02 [CarCover] 'CarCover.json' found, loading existing config
04.09.2022 21:35:23 [CarCover] 'CarCover.json' found, loading existing config
04.09.2022 22:19:07 [CarCover] Player BeefySTi (76561198095923512) uncovered RFFSHeli_CH53e at <7712.703125, 16.506351, 5746.094727>
04.09.2022 22:19:43 [CarCover] Player BeefySTi (76561198095923512) covered RFFSHeli_CH53e at <7712.703125, 16.507311, 5746.094238>
05.09.2022 03:01:03 [CarCover] 'CarCover.json' found, loading existing config
05.09.2022 05:21:29 [CarCover] 'CarCover.json' found, loading existing config
05.09.2022 07:00:55 [CarCover] 'CarCover.json' found, loading existing config
05.09.2022 11:00:56 [CarCover] 'CarCover.json' found, loading existing config
05.09.2022 15:01:06 [CarCover] 'CarCover.json' found, loading existing config
05.09.2022 19:01:12 [CarCover] 'CarCover.json' found, loading existing config
05.09.2022 19:37:18 [CarCover] Player BeefySTi (76561198095923512) covered RFFSHeli_LittleBird_Camo at <7672.118652, 16.336082, 5741.657715>
06.09.2022 01:04:19 [CarCover] 'CarCover.json' found, loading existing config
06.09.2022 03:01:05 [CarCover] 'CarCover.json' found, loading existing config
06.09.2022 07:00:54 [CarCover] 'CarCover.json' found, loading existing config
06.09.2022 11:01:09 [CarCover] 'CarCover.json' found, loading existing config
06.09.2022 12:23:57 [CarCover] 'CarCover.json' found, loading existing config
06.09.2022 15:00:55 [CarCover] 'CarCover.json' found, loading existing config
06.09.2022 16:10:27 [CarCover] Player MRLeok (76561198829305873) covered OffroadHatchback at <8582.635742, 14.792062, 10485.465820>
06.09.2022 17:05:39 [CarCover] 'CarCover.json' found, loading existing config
06.09.2022 18:15:52 [CarCover] Player Frank (76561199004385675) covered OffroadHatchback at <7694.013672, 71.907188, 8773.239258>
06.09.2022 18:17:52 [CarCover] Player Frank (76561199004385675) uncovered OffroadHatchback at <7694.013672, 71.907188, 8773.239258>
06.09.2022 18:21:26 [CarCover] Player Frank (76561199004385675) covered OffroadHatchback at <7695.522949, 72.038193, 8786.866211>
06.09.2022 18:27:45 [CarCover] Player THE STITTIES (76561199206265093) covered RFFSHeli_Apache_Winter at <7690.653320, 16.368174, 5741.417480>
06.09.2022 18:28:05 [CarCover] Player Frank (76561199004385675) uncovered OffroadHatchback at <7695.522949, 72.038193, 8786.866211>
06.09.2022 18:30:58 [CarCover] Player Frank (76561199004385675) covered OffroadHatchback at <7695.522949, 72.038216, 8786.866211>
06.09.2022 18:34:17 [CarCover] Player BeefySTi (76561198095923512) uncovered RFFSHeli_CH53e at <7712.703125, 16.507311, 5746.094238>
06.09.2022 18:38:16 [CarCover] Player BeefySTi (76561198095923512) uncovered RFFSHeli_LittleBird_Camo at <7672.118652, 16.336082, 5741.657715>
06.09.2022 18:40:44 [CarCover] Player BeefySTi (76561198095923512) covered RFFSHeli_LittleBird_Camo at <7672.117188, 16.340721, 5741.658203>
06.09.2022 18:45:34 [CarCover] Player BeefySTi (76561198095923512) covered RFFSHeli_CH53e at <7712.703125, 16.507738, 5746.094238>
06.09.2022 18:46:32 [CarCover] Player MRLeok (76561198829305873) uncovered OffroadHatchback at <7695.522949, 72.038216, 8786.866211>
06.09.2022 18:48:00 [CarCover] Player MRLeok (76561198829305873) covered OffroadHatchback at <7695.521973, 72.032898, 8786.866211>
06.09.2022 19:00:58 [CarCover] 'CarCover.json' found, loading existing config
06.09.2022 21:03:18 [CarCover] Player MRLeok (76561198829305873) uncovered OffroadHatchback at <7695.521973, 72.032898, 8786.866211>
06.09.2022 21:08:19 [CarCover] Player MRLeok (76561198829305873) covered OffroadHatchback at <7345.456055, 84.396851, 7943.501465>
06.09.2022 22:25:51 [CarCover] Player MRLeok (76561198829305873) uncovered OffroadHatchback at <7345.456055, 84.396851, 7943.501465>
06.09.2022 22:28:04 [CarCover] Player MRLeok (76561198829305873) covered OffroadHatchback at <7345.456055, 84.396790, 7943.501465>
06.09.2022 22:54:52 [CarCover] Player MRLeok (76561198829305873) uncovered OffroadHatchback at <7345.456055, 84.396790, 7943.501465>
06.09.2022 22:55:04 [CarCover] Player MRLeok (76561198829305873) covered OffroadHatchback at <7345.455566, 84.396828, 7943.501465>
06.09.2022 22:57:02 [CarCover] Player MRLeok (76561198829305873) uncovered OffroadHatchback at <7345.455566, 84.396828, 7943.501465>
06.09.2022 23:04:24 [CarCover] Player MRLeok (76561198829305873) covered OffroadHatchback at <7951.119629, 9.670240, 7614.871582>
06.09.2022 23:06:52 [CarCover] Player MRLeok (76561198829305873) uncovered OffroadHatchback at <7951.119629, 9.670240, 7614.871582>
06.09.2022 23:07:27 [CarCover] Player MRLeok (76561198829305873) covered OffroadHatchback at <7951.119629, 9.670241, 7614.871582>
06.09.2022 23:09:36 [CarCover] Player MRLeok (76561198829305873) uncovered OffroadHatchback at <7951.119629, 9.670241, 7614.871582>
06.09.2022 23:13:38 [CarCover] Player MRLeok (76561198829305873) covered OffroadHatchback at <7951.119629, 9.670246, 7614.871582>
06.09.2022 23:22:41 [CarCover] Player MRLeok (76561198829305873) uncovered OffroadHatchback at <7951.119629, 9.670246, 7614.871582>
06.09.2022 23:24:00 [CarCover] Player MRLeok (76561198829305873) covered OffroadHatchback at <7951.119629, 9.670239, 7614.871582>
07.09.2022 01:04:09 [CarCover] 'CarCover.json' found, loading existing config
07.09.2022 03:00:58 [CarCover] 'CarCover.json' found, loading existing config
07.09.2022 07:01:01 [CarCover] 'CarCover.json' found, loading existing config
07.09.2022 10:12:30 [CarCover] 'CarCover.json' found, loading existing config
07.09.2022 10:14:26 [CarCover] 'CarCover.json' found, loading existing config
07.09.2022 10:16:28 [CarCover] 'CarCover.json' found, loading existing config
07.09.2022 10:18:15 [CarCover] 'CarCover.json' found, loading existing config
07.09.2022 11:01:09 [CarCover] 'CarCover.json' found, loading existing config
07.09.2022 14:21:01 [CarCover] Player MRLeok (76561198829305873) uncovered OffroadHatchback at <7951.119629, 9.670239, 7614.871582>
07.09.2022 14:37:49 [CarCover] Player Frank (76561199004385675) covered OffroadHatchback at <7687.880371, 71.907219, 8775.526367>
07.09.2022 14:46:54 [CarCover] Player MRLeok (76561198829305873) uncovered OffroadHatchback at <7687.880371, 71.907219, 8775.526367>
07.09.2022 14:47:55 [CarCover] Player MRLeok (76561198829305873) covered OffroadHatchback at <7687.880371, 71.907196, 8775.526367>
07.09.2022 14:52:45 [CarCover] Player MRLeok (76561198829305873) uncovered OffroadHatchback at <7687.880371, 71.907196, 8775.526367>
07.09.2022 14:53:30 [CarCover] Player MRLeok (76561198829305873) covered OffroadHatchback at <7687.879883, 71.907204, 8775.526367>
07.09.2022 15:01:07 [CarCover] 'CarCover.json' found, loading existing config
07.09.2022 15:06:18 [CarCover] Player Frank  (76561199004385675) uncovered OffroadHatchback at <7687.879883, 71.907204, 8775.526367>
07.09.2022 15:40:43 [CarCover] Player Frank  (76561199004385675) covered OffroadHatchback at <1922.039917, 2.035790, 6044.827637>
07.09.2022 15:46:38 [CarCover] Player MRLeok (76561198829305873) uncovered OffroadHatchback at <1922.039917, 2.035790, 6044.827637>
07.09.2022 15:47:08 [CarCover] Player MRLeok (76561198829305873) covered OffroadHatchback at <1922.039795, 2.035738, 6044.827637>
07.09.2022 16:00:35 [CarCover] Player Frank (76561199004385675) uncovered OffroadHatchback at <1922.039795, 2.035738, 6044.827637>
07.09.2022 16:29:18 [CarCover] Player MRLeok (76561198829305873) covered ExpansionVodnik at <8579.331055, 14.698986, 10504.458008>
07.09.2022 18:24:18 [CarCover] Player Frank (76561199004385675) covered ExpansionVodnik at <7695.114258, 71.963409, 8785.235352>
07.09.2022 19:01:05 [CarCover] 'CarCover.json' found, loading existing config
07.09.2022 19:11:06 [CarCover] Player Alzbob (76561198303394031) covered ExpansionVodnik at <8097.428711, 14.974527, 10588.206055>
07.09.2022 19:11:31 [CarCover] Player Alzbob (76561198303394031) uncovered ExpansionVodnik at <8097.428711, 14.974527, 10588.206055>
07.09.2022 19:12:24 [CarCover] Player Alzbob (76561198303394031) covered ExpansionVodnik at <8097.428223, 14.974578, 10588.206055>
07.09.2022 19:18:01 [CarCover] Player Alzbob (76561198303394031) uncovered ExpansionVodnik at <8097.428223, 14.974577, 10588.206055>
07.09.2022 19:20:30 [CarCover] Player BeefySTi (76561198095923512) uncovered RFFSHeli_CH53e at <7712.703125, 16.507738, 5746.094238>
07.09.2022 19:20:59 [CarCover] Player Alzbob (76561198303394031) covered ExpansionVodnik at <7689.627441, 71.832420, 8769.828125>
07.09.2022 19:21:26 [CarCover] Player MRLeok (76561198829305873) uncovered ExpansionVodnik at <7689.627441, 71.832420, 8769.828125>
07.09.2022 19:21:28 [CarCover] Player BeefySTi (76561198095923512) covered RFFSHeli_CH53e at <7712.703125, 16.507271, 5746.094238>
07.09.2022 19:22:48 [CarCover] Player Frank (76561199004385675) covered ExpansionVodnik at <7689.627441, 71.832344, 8769.828125>
07.09.2022 19:23:09 [CarCover] Player Magick (76561198797376439) uncovered ExpansionVodnik at <7689.627441, 71.832344, 8769.828125>
07.09.2022 19:30:13 [CarCover] Player Alzbob (76561198303394031) covered ExpansionVodnik_Camo at <7709.446777, 12.399741, 5790.792969>
07.09.2022 19:30:28 [CarCover] Player Alzbob (76561198303394031) uncovered ExpansionVodnik_Camo at <7709.446777, 12.399740, 5790.792969>
07.09.2022 19:30:45 [CarCover] Player Alzbob (76561198303394031) covered OffroadHatchback at <7717.160645, 12.548459, 5790.518555>
07.09.2022 19:31:07 [CarCover] Player Alzbob (76561198303394031) uncovered OffroadHatchback at <7717.160645, 12.548459, 5790.518555>
07.09.2022 19:31:30 [CarCover] Player Alzbob (76561198303394031) covered ExpansionBus_Weeb at <7706.962402, 12.609544, 5791.343750>
07.09.2022 19:31:58 [CarCover] Player Alzbob (76561198303394031) uncovered ExpansionBus_Weeb at <7706.962402, 12.609544, 5791.343750>
07.09.2022 19:33:18 [CarCover] Player Alzbob (76561198303394031) covered ExpansionMerlin_Ion at <7716.607910, 1.599725, 5937.611816>
07.09.2022 19:34:38 [CarCover] Player Alzbob (76561198303394031) uncovered ExpansionMerlin_Ion at <7716.607910, 1.599725, 5937.611816>
07.09.2022 19:35:05 [CarCover] Player Alzbob (76561198797376439) covered ExpansionUAZ at <7709.929199, 12.141459, 5805.864258>
07.09.2022 19:35:48 [CarCover] Player Alzbob (76561198303394031) uncovered ExpansionUAZ at <7709.929199, 12.141459, 5805.864258>
07.09.2022 19:38:08 [CarCover] Player Alzbob (76561198303394031) covered ExpansionTractor_Blue at <7707.962402, 12.311784, 5795.396973>
07.09.2022 19:38:21 [CarCover] Player Alzbob (76561198303394031) uncovered ExpansionTractor_Blue at <7707.962402, 12.311784, 5795.396973>
07.09.2022 19:43:07 [CarCover] 'CarCover.json' found, loading existing config
07.09.2022 19:45:57 [CarCover] Player BeefySTi (76561198095923512) covered ExpansionVodnik at <7703.919922, 12.287265, 5796.382324>
07.09.2022 19:47:02 [CarCover] Player BeefySTi (76561198095923512) uncovered ExpansionVodnik at <7703.919922, 12.287264, 5796.382324>
07.09.2022 19:47:16 [CarCover] Player BeefySTi (76561198095923512) covered ExpansionVodnik at <7703.919434, 12.287050, 5796.382813>
07.09.2022 19:48:10 [CarCover] Player Alzbob (76561198303394031) covered ExpansionVodnik at <7695.267578, 71.958702, 8786.915039>
07.09.2022 19:48:58 [CarCover] Player Frank (76561199004385675) uncovered ExpansionVodnik at <7695.267578, 71.958702, 8786.915039>
08.09.2022 01:46:14 [CarCover] 'CarCover.json' found, loading existing config
08.09.2022 07:49:24 [CarCover] 'CarCover.json' found, loading existing config
08.09.2022 09:24:52 [CarCover] 'CarCover.json' found, loading existing config
08.09.2022 11:06:21 [CarCover] 'CarCover.json' found, loading existing config
08.09.2022 12:17:19 [CarCover] 'CarCover.json' found, loading existing config
08.09.2022 12:21:08 [CarCover] 'CarCover.json' found, loading existing config
08.09.2022 12:36:25 [CarCover] 'CarCover.json' found, loading existing config
08.09.2022 13:08:00 [CarCover] 'CarCover.json' found, loading existing config
08.09.2022 16:25:14 [CarCover] 'CarCover.json' found, loading existing config
08.09.2022 16:34:51 [CarCover] 'CarCover.json' found, loading existing config
08.09.2022 19:07:55 [CarCover] 'CarCover.json' found, loading existing config
08.09.2022 19:09:35 [CarCover] 'CarCover.json' found, loading existing config
08.09.2022 19:13:06 [CarCover] 'CarCover.json' found, loading existing config
08.09.2022 19:26:28 [CarCover] 'CarCover.json' found, loading existing config
08.09.2022 21:24:59 [CarCover] Player THE STITTIES (76561199206265093) uncovered RFFSHeli_Apache_Winter at <7690.653320, 16.368174, 5741.417480>
08.09.2022 21:25:27 [CarCover] Player THE STITTIES (76561199206265093) covered RFFSHeli_Apache_Winter at <7690.653320, 16.368198, 5741.438965>
08.09.2022 22:46:00 [CarCover] Player Frank (76561199004385675) covered ExpansionVodnik at <8197.786133, 14.960828, 10605.126953>
08.09.2022 23:01:05 [CarCover] 'CarCover.json' found, loading existing config
08.09.2022 23:33:36 [CarCover] Player Frank (76561199004385675) uncovered ExpansionVodnik at <8197.786133, 14.960828, 10605.126953>
09.09.2022 05:04:37 [CarCover] 'CarCover.json' found, loading existing config
09.09.2022 11:07:42 [CarCover] 'CarCover.json' found, loading existing config
09.09.2022 17:10:51 [CarCover] 'CarCover.json' found, loading existing config
09.09.2022 19:16:55 [CarCover] 'CarCover.json' found, loading existing config
09.09.2022 20:54:52 [CarCover] 'CarCover.json' found, loading existing config
09.09.2022 23:00:57 [CarCover] 'CarCover.json' found, loading existing config
10.09.2022 05:04:12 [CarCover] 'CarCover.json' found, loading existing config
10.09.2022 09:28:15 [CarCover] Player Frank (76561199004385675) covered ExpansionVodnik at <7133.396973, 21.198629, 10683.214844>
10.09.2022 09:38:39 [CarCover] Player Frank (76561199004385675) uncovered ExpansionVodnik at <7133.396973, 21.198629, 10683.214844>
10.09.2022 09:43:09 [CarCover] Player Frank (76561199004385675) covered ExpansionVodnik at <8185.537109, 14.871773, 10593.056641>
10.09.2022 10:38:02 [CarCover] Player Frank (76561199004385675) uncovered ExpansionVodnik at <8185.537109, 14.871773, 10593.056641>
10.09.2022 11:07:18 [CarCover] 'CarCover.json' found, loading existing config
10.09.2022 17:10:30 [CarCover] 'CarCover.json' found, loading existing config
10.09.2022 21:19:14 [CarCover] Player BeefySTi (76561198095923512) uncovered RFFSHeli_CH53e at <7712.703125, 16.507271, 5746.094238>
10.09.2022 21:21:22 [CarCover] Player BeefySTi (76561198095923512) covered RFFSHeli_CH53e at <7712.703125, 16.507133, 5746.094238>
10.09.2022 21:21:40 [CarCover] Player BeefySTi (76561198095923512) uncovered RFFSHeli_LittleBird_Camo at <7672.117188, 16.340721, 5741.658203>
10.09.2022 21:37:50 [CarCover] Player BeefySTi (76561198095923512) covered RFFSHeli_LittleBird_Camo at <7670.858398, 16.336025, 5738.994629>
10.09.2022 21:38:22 [CarCover] Player BeefySTi (76561198095923512) uncovered RFFSHeli_CH53e at <7712.703125, 16.507133, 5746.094238>
10.09.2022 21:39:11 [CarCover] Player BeefySTi (76561198095923512) covered RFFSHeli_CH53e at <7712.703125, 16.507149, 5746.094238>
10.09.2022 21:46:17 [CarCover] Player Frank (76561199004385675) covered ExpansionVodnik at <8219.643555, 14.968120, 10604.456055>
10.09.2022 21:56:48 [CarCover] Player Frank (76561199004385675) uncovered ExpansionVodnik at <8219.643555, 14.968120, 10604.456055>
10.09.2022 22:03:19 [CarCover] Player BeefySTi (76561198095923512) uncovered RFFSHeli_LittleBird_Camo at <7670.858398, 16.336025, 5738.994629>
10.09.2022 22:04:16 [CarCover] Player Frank (76561199004385675) covered ExpansionVodnik at <6285.852051, 9.386848, 8684.405273>
10.09.2022 22:19:21 [CarCover] Player Frank (76561199004385675) uncovered ExpansionVodnik at <6285.852051, 9.386848, 8684.405273>
10.09.2022 22:57:09 [CarCover] Player BeefySTi (76561198095923512) covered RFFSHeli_LittleBird_Camo at <7670.664063, 16.335691, 5741.688477>
10.09.2022 23:01:04 [CarCover] 'CarCover.json' found, loading existing config
11.09.2022 05:04:20 [CarCover] 'CarCover.json' found, loading existing config
11.09.2022 08:35:26 [CarCover] Player Frank (76561199004385675) covered ExpansionVodnik at <7695.545410, 71.958672, 8786.469727>
11.09.2022 09:52:09 [CarCover] 'CarCover.json' found, loading existing config
11.09.2022 10:51:40 [CarCover] Player Frank (76561199004385675) uncovered ExpansionVodnik at <7695.545410, 71.958672, 8786.469727>
11.09.2022 14:49:33 [CarCover] 'CarCover.json' found, loading existing config
11.09.2022 14:58:36 [CarCover] 'CarCover.json' found, loading existing config
11.09.2022 15:44:52 [CarCover] Player Alzbob (76561198303394031) uncovered RFFSHeli_Apache_Winter at <7690.653320, 16.368198, 5741.438965>
11.09.2022 15:45:37 [CarCover] Player Alzbob (76561198303394031) covered RFFSHeli_Apache_Winter at <7690.653320, 16.368153, 5741.461426>
11.09.2022 17:09:42 [CarCover] Player BeefySTi (76561198095923512) uncovered RFFSHeli_LittleBird_Camo at <7670.664063, 16.335691, 5741.688477>
11.09.2022 17:21:58 [CarCover] Player Frank (76561199004385675) covered ExpansionVodnik at <7689.738770, 71.832420, 8773.330078>
11.09.2022 17:41:52 [CarCover] Player BeefySTi (76561198095923512) covered RFFSHeli_LittleBird_Camo at <7666.600586, 16.335987, 5741.862305>
11.09.2022 18:38:41 [CarCover] 'CarCover.json' found, loading existing config
11.09.2022 19:01:02 [CarCover] 'CarCover.json' found, loading existing config
11.09.2022 23:01:01 [CarCover] 'CarCover.json' found, loading existing config
12.09.2022 05:04:14 [CarCover] 'CarCover.json' found, loading existing config
12.09.2022 07:17:06 [CarCover] Player Frank (76561199004385675) uncovered ExpansionVodnik at <7689.738770, 71.832420, 8773.330078>
12.09.2022 07:59:53 [CarCover] Player Frank (76561199004385675) covered ExpansionVodnik at <7689.061035, 71.832413, 8773.528320>
12.09.2022 08:22:49 [CarCover] Player Frank (76561199004385675) uncovered ExpansionVodnik at <7689.061035, 71.832413, 8773.528320>
12.09.2022 09:07:11 [CarCover] Player Frank (76561199004385675) covered ExpansionVodnik at <7689.319824, 71.832420, 8773.661133>
12.09.2022 09:58:16 [CarCover] 'CarCover.json' found, loading existing config
12.09.2022 12:25:48 [CarCover] Player Frank (76561199004385675) uncovered ExpansionVodnik at <7689.319824, 71.832420, 8773.661133>
12.09.2022 12:55:38 [CarCover] Player Frank (76561199004385675) covered ExpansionVodnik at <8182.338379, 14.964044, 10601.877930>
12.09.2022 14:13:18 [CarCover] Player Frank (76561199004385675) uncovered ExpansionVodnik at <8182.338379, 14.964044, 10601.877930>
12.09.2022 14:36:30 [CarCover] Player MRLeok (76561198829305873) covered ExpansionVodnik at <7690.421387, 71.832413, 8772.065430>
12.09.2022 16:01:26 [CarCover] 'CarCover.json' found, loading existing config
12.09.2022 17:29:54 [CarCover] Player Frank (76561199004385675) uncovered ExpansionVodnik at <7690.421387, 71.832413, 8772.065430>
12.09.2022 17:58:27 [CarCover] Player Frank (76561199004385675) covered ExpansionVodnik at <7690.421875, 71.846222, 8772.065430>
12.09.2022 20:25:39 [CarCover] Player Frank (76561199004385675) uncovered ExpansionVodnik at <7690.421875, 71.846222, 8772.065430>
12.09.2022 20:41:17 [CarCover] Player Frank (76561199004385675) covered ExpansionVodnik at <8181.695313, 14.960719, 10602.791016>
12.09.2022 21:05:13 [CarCover] 'CarCover.json' found, loading existing config
12.09.2022 21:42:12 [CarCover] Player MRLeok (76561198829305873) uncovered ExpansionVodnik at <8181.695313, 14.960719, 10602.791016>
12.09.2022 21:57:29 [CarCover] Player MRLeok (76561198829305873) covered ExpansionVodnik at <7685.146973, 71.832420, 8781.871094>
12.09.2022 23:00:54 [CarCover] 'CarCover.json' found, loading existing config
13.09.2022 05:04:02 [CarCover] 'CarCover.json' found, loading existing config
13.09.2022 11:07:06 [CarCover] 'CarCover.json' found, loading existing config
13.09.2022 17:10:16 [CarCover] 'CarCover.json' found, loading existing config
13.09.2022 19:01:08 [CarCover] 'CarCover.json' found, loading existing config
13.09.2022 20:35:13 [CarCover] 'CarCover.json' found, loading existing config
13.09.2022 20:36:46 [CarCover] 'CarCover.json' found, loading existing config
13.09.2022 20:43:27 [CarCover] 'CarCover.json' found, loading existing config
